[0.020s] Invoking command in '/home/mete/catkin_ws/build/pcl': CMAKE_PREFIX_PATH=${CMAKE_PREFIX_PATH}:/opt/ros/foxy /usr/bin/cmake --build /home/mete/catkin_ws/build/pcl -- -j12 -l12
[0.059s] [35m[1mScanning dependencies of target pcd_read[0m
[0.100s] [ 50%] [32mBuilding CXX object CMakeFiles/pcd_read.dir/src/pcd_read.cpp.o[0m
[4.504s] [01m[K/home/mete/catkin_ws/src/pcl/src/pcd_read.cpp:[m[K In constructor ‘[01m[KMinimalPublisher::MinimalPublisher()[m[K’:
[4.504s] [01m[K/home/mete/catkin_ws/src/pcl/src/pcd_read.cpp:21:34:[m[K [01;31m[Kerror: [m[Kclass ‘[01m[KMinimalPublisher[m[K’ does not have any field named ‘[01m[Kcount_[m[K’
[4.504s]    21 |     : Node("minimal_publisher"), [01;31m[Kcount_[m[K(0)
[4.504s]       |                                  [01;31m[K^~~~~~[m[K
[4.509s] [01m[K/home/mete/catkin_ws/src/pcl/src/pcd_read.cpp:23:7:[m[K [01;31m[Kerror: [m[K‘[01m[Kpublisher_[m[K’ was not declared in this scope; did you mean ‘[01m[Krcl_publisher_t[m[K’?
[4.509s]    23 |       [01;31m[Kpublisher_[m[K = this->create_publisher<std_msgs::msg::PointCloud2>("topic", 10);
[4.509s]       |       [01;31m[K^~~~~~~~~~[m[K
[4.509s]       |       [32m[Krcl_publisher_t[m[K
[4.509s] [01m[K/home/mete/catkin_ws/src/pcl/src/pcd_read.cpp:23:58:[m[K [01;31m[Kerror: [m[K‘[01m[KPointCloud2[m[K’ is not a member of ‘[01m[Kstd_msgs::msg[m[K’; did you mean ‘[01m[Ksensor_msgs::msg::PointCloud2[m[K’?
[4.509s]    23 |       publisher_ = this->create_publisher<std_msgs::msg::[01;31m[KPointCloud2[m[K>("topic", 10);
[4.510s]       |                                                          [01;31m[K^~~~~~~~~~~[m[K
[4.510s] In file included from [01m[K/opt/ros/foxy/include/sensor_msgs/msg/point_cloud2.hpp:7[m[K,
[4.510s]                  from [01m[K/opt/ros/foxy/include/pcl_conversions/pcl_conversions.h:58[m[K,
[4.510s]                  from [01m[K/home/mete/catkin_ws/src/pcl/src/pcd_read.cpp:10[m[K:
[4.510s] [01m[K/opt/ros/foxy/include/sensor_msgs/msg/detail/point_cloud2__struct.hpp:234:7:[m[K [01;36m[Knote: [m[K‘[01m[Ksensor_msgs::msg::PointCloud2[m[K’ declared here
[4.510s]   234 | using [01;36m[KPointCloud2[m[K =
[4.510s]       |       [01;36m[K^~~~~~~~~~~[m[K
[4.510s] [01m[K/home/mete/catkin_ws/src/pcl/src/pcd_read.cpp:23:58:[m[K [01;31m[Kerror: [m[K‘[01m[KPointCloud2[m[K’ is not a member of ‘[01m[Kstd_msgs::msg[m[K’; did you mean ‘[01m[Ksensor_msgs::msg::PointCloud2[m[K’?
[4.510s]    23 |       publisher_ = this->create_publisher<std_msgs::msg::[01;31m[KPointCloud2[m[K>("topic", 10);
[4.510s]       |                                                          [01;31m[K^~~~~~~~~~~[m[K
[4.510s] In file included from [01m[K/opt/ros/foxy/include/sensor_msgs/msg/point_cloud2.hpp:7[m[K,
[4.510s]                  from [01m[K/opt/ros/foxy/include/pcl_conversions/pcl_conversions.h:58[m[K,
[4.511s]                  from [01m[K/home/mete/catkin_ws/src/pcl/src/pcd_read.cpp:10[m[K:
[4.511s] [01m[K/opt/ros/foxy/include/sensor_msgs/msg/detail/point_cloud2__struct.hpp:234:7:[m[K [01;36m[Knote: [m[K‘[01m[Ksensor_msgs::msg::PointCloud2[m[K’ declared here
[4.511s]   234 | using [01;36m[KPointCloud2[m[K =
[4.511s]       |       [01;36m[K^~~~~~~~~~~[m[K
[4.511s] [01m[K/home/mete/catkin_ws/src/pcl/src/pcd_read.cpp:23:82:[m[K [01;31m[Kerror: [m[Kno matching function for call to ‘[01m[KMinimalPublisher::create_publisher<<expression error> >(const char [6], int)[m[K’
[4.511s]    23 | his->create_publisher<std_msgs::msg::PointCloud2>("topic", 10[01;31m[K)[m[K;
[4.511s]       |                                                              [01;31m[K^[m[K
[4.511s] 
[4.511s] In file included from [01m[K/opt/ros/foxy/include/rclcpp/executors/single_threaded_executor.hpp:28[m[K,
[4.511s]                  from [01m[K/opt/ros/foxy/include/rclcpp/executors.hpp:22[m[K,
[4.511s]                  from [01m[K/opt/ros/foxy/include/rclcpp/rclcpp.hpp:146[m[K,
[4.511s]                  from [01m[K/opt/ros/foxy/include/pcl_conversions/pcl_conversions.h:42[m[K,
[4.511s]                  from [01m[K/home/mete/catkin_ws/src/pcl/src/pcd_read.cpp:10[m[K:
[4.511s] [01m[K/opt/ros/foxy/include/rclcpp/node.hpp:184:3:[m[K [01;36m[Knote: [m[Kcandidate: ‘[01m[Ktemplate<class MessageT, class AllocatorT, class PublisherT> std::shared_ptr<PublisherT> rclcpp::Node::create_publisher(const string&, const rclcpp::QoS&, const rclcpp::PublisherOptionsWithAllocator<AllocatorT>&)[m[K’
[4.511s]   184 |   [01;36m[Kcreate_publisher[m[K(
[4.511s]       |   [01;36m[K^~~~~~~~~~~~~~~~[m[K
[4.511s] [01m[K/opt/ros/foxy/include/rclcpp/node.hpp:184:3:[m[K [01;36m[Knote: [m[K  template argument deduction/substitution failed:
[4.512s] [01m[K/home/mete/catkin_ws/src/pcl/src/pcd_read.cpp:23:82:[m[K [01;31m[Kerror: [m[Ktemplate argument 1 is invalid
[4.512s]    23 | his->create_publisher<std_msgs::msg::PointCloud2>("topic", 10[01;31m[K)[m[K;
[4.512s]       |                                                              [01;31m[K^[m[K
[4.512s] 
[4.512s] [01m[K/home/mete/catkin_ws/src/pcl/src/pcd_read.cpp:24:7:[m[K [01;31m[Kerror: [m[K‘[01m[Ktimer_[m[K’ was not declared in this scope; did you mean ‘[01m[Ktimer_t[m[K’?
[4.512s]    24 |       [01;31m[Ktimer_[m[K = this->create_wall_timer(
[4.512s]       |       [01;31m[K^~~~~~[m[K
[4.512s]       |       [32m[Ktimer_t[m[K
[4.512s] [01m[K/home/mete/catkin_ws/src/pcl/src/pcd_read.cpp:25:7:[m[K [01;31m[Kerror: [m[Kunable to find numeric literal operator ‘[01m[Koperator""ms[m[K’
[4.512s]    25 |       [01;31m[K500ms[m[K, std::bind(&MinimalPublisher::timer_callback, this));
[4.512s]       |       [01;31m[K^~~~~[m[K
[4.512s] [01m[K/home/mete/catkin_ws/src/pcl/src/pcd_read.cpp:25:43:[m[K [01;31m[Kerror: [m[K‘[01m[Ktimer_callback[m[K’ is not a member of ‘[01m[KMinimalPublisher[m[K’
[4.513s]    25 |       500ms, std::bind(&MinimalPublisher::[01;31m[Ktimer_callback[m[K, this));
[4.513s]       |                                           [01;31m[K^~~~~~~~~~~~~~[m[K
[5.423s] make[2]: *** [CMakeFiles/pcd_read.dir/build.make:63: CMakeFiles/pcd_read.dir/src/pcd_read.cpp.o] Error 1
[5.423s] make[1]: *** [CMakeFiles/Makefile2:105: CMakeFiles/pcd_read.dir/all] Error 2
[5.423s] make: *** [Makefile:141: all] Error 2
[5.425s] Invoked command in '/home/mete/catkin_ws/build/pcl' returned '2': CMAKE_PREFIX_PATH=${CMAKE_PREFIX_PATH}:/opt/ros/foxy /usr/bin/cmake --build /home/mete/catkin_ws/build/pcl -- -j12 -l12
