[0.016s] Invoking command in '/home/mete/catkin_ws/build/pcl_ros': CMAKE_PREFIX_PATH=/home/mete/catkin_ws/install/pcl_conversions:/home/mete/catkin_ws/install/pcl:/home/mete/catkin_ws/install/localization:/opt/ros/foxy /usr/bin/cmake --build /home/mete/catkin_ws/build/pcl_ros -- -j12 -l12
[0.050s] [35m[1mScanning dependencies of target pcd_to_pointcloud_lib[0m
[0.063s] [ 33%] Built target pcd_to_pointcloud
[0.065s] [ 66%] Built target pcl_ros_tf
[0.083s] [ 83%] [32mBuilding CXX object CMakeFiles/pcd_to_pointcloud_lib.dir/tools/pcd_to_pointcloud.cpp.o[0m
[5.397s] [100%] [32m[1mLinking CXX shared library libpcd_to_pointcloud_lib.so[0m
[5.751s] [100%] Built target pcd_to_pointcloud_lib
[5.759s] Invoked command in '/home/mete/catkin_ws/build/pcl_ros' returned '0': CMAKE_PREFIX_PATH=/home/mete/catkin_ws/install/pcl_conversions:/home/mete/catkin_ws/install/pcl:/home/mete/catkin_ws/install/localization:/opt/ros/foxy /usr/bin/cmake --build /home/mete/catkin_ws/build/pcl_ros -- -j12 -l12
[5.782s] Invoking command in '/home/mete/catkin_ws/build/pcl_ros': CMAKE_PREFIX_PATH=/home/mete/catkin_ws/install/pcl_conversions:/home/mete/catkin_ws/install/pcl:/home/mete/catkin_ws/install/localization:/opt/ros/foxy /usr/bin/cmake --install /home/mete/catkin_ws/build/pcl_ros
[5.789s] -- Install configuration: ""
[5.789s] -- Installing: /home/mete/catkin_ws/install/pcl_ros/lib/pcl_ros/pcd_to_pointcloud
[5.789s] -- Set runtime path of "/home/mete/catkin_ws/install/pcl_ros/lib/pcl_ros/pcd_to_pointcloud" to ""
[5.790s] -- Installing: /home/mete/catkin_ws/install/pcl_ros/include/pcl_ros
[5.790s] -- Installing: /home/mete/catkin_ws/install/pcl_ros/include/pcl_ros/pcl_ros
[5.790s] -- Installing: /home/mete/catkin_ws/install/pcl_ros/include/pcl_ros/pcl_ros/segmentation
[5.790s] -- Installing: /home/mete/catkin_ws/install/pcl_ros/include/pcl_ros/pcl_ros/segmentation/extract_clusters.hpp
[5.790s] -- Installing: /home/mete/catkin_ws/install/pcl_ros/include/pcl_ros/pcl_ros/segmentation/extract_polygonal_prism_data.hpp
[5.790s] -- Installing: /home/mete/catkin_ws/install/pcl_ros/include/pcl_ros/pcl_ros/segmentation/sac_segmentation.hpp
[5.790s] -- Installing: /home/mete/catkin_ws/install/pcl_ros/include/pcl_ros/pcl_ros/segmentation/segment_differences.hpp
[5.790s] -- Installing: /home/mete/catkin_ws/install/pcl_ros/include/pcl_ros/pcl_ros/publisher.hpp
[5.790s] -- Installing: /home/mete/catkin_ws/install/pcl_ros/include/pcl_ros/pcl_ros/features
[5.790s] -- Installing: /home/mete/catkin_ws/install/pcl_ros/include/pcl_ros/pcl_ros/features/shot.hpp
[5.790s] -- Installing: /home/mete/catkin_ws/install/pcl_ros/include/pcl_ros/pcl_ros/features/boundary.hpp
[5.790s] -- Installing: /home/mete/catkin_ws/install/pcl_ros/include/pcl_ros/pcl_ros/features/vfh.hpp
[5.791s] -- Installing: /home/mete/catkin_ws/install/pcl_ros/include/pcl_ros/pcl_ros/features/normal_3d_tbb.hpp
[5.791s] -- Installing: /home/mete/catkin_ws/install/pcl_ros/include/pcl_ros/pcl_ros/features/fpfh_omp.hpp
[5.791s] -- Installing: /home/mete/catkin_ws/install/pcl_ros/include/pcl_ros/pcl_ros/features/pfh.hpp
[5.791s] -- Installing: /home/mete/catkin_ws/install/pcl_ros/include/pcl_ros/pcl_ros/features/normal_3d_omp.hpp
[5.791s] -- Installing: /home/mete/catkin_ws/install/pcl_ros/include/pcl_ros/pcl_ros/features/principal_curvatures.hpp
[5.791s] -- Installing: /home/mete/catkin_ws/install/pcl_ros/include/pcl_ros/pcl_ros/features/shot_omp.hpp
[5.791s] -- Installing: /home/mete/catkin_ws/install/pcl_ros/include/pcl_ros/pcl_ros/features/fpfh.hpp
[5.791s] -- Installing: /home/mete/catkin_ws/install/pcl_ros/include/pcl_ros/pcl_ros/features/moment_invariants.hpp
[5.791s] -- Installing: /home/mete/catkin_ws/install/pcl_ros/include/pcl_ros/pcl_ros/features/feature.hpp
[5.791s] -- Installing: /home/mete/catkin_ws/install/pcl_ros/include/pcl_ros/pcl_ros/features/normal_3d.hpp
[5.791s] -- Installing: /home/mete/catkin_ws/install/pcl_ros/include/pcl_ros/pcl_ros/transforms.hpp
[5.791s] -- Installing: /home/mete/catkin_ws/install/pcl_ros/include/pcl_ros/pcl_ros/pcl_nodelet.hpp
[5.791s] -- Installing: /home/mete/catkin_ws/install/pcl_ros/include/pcl_ros/pcl_ros/surface
[5.791s] -- Installing: /home/mete/catkin_ws/install/pcl_ros/include/pcl_ros/pcl_ros/surface/convex_hull.hpp
[5.792s] -- Installing: /home/mete/catkin_ws/install/pcl_ros/include/pcl_ros/pcl_ros/surface/moving_least_squares.hpp
[5.792s] -- Installing: /home/mete/catkin_ws/install/pcl_ros/include/pcl_ros/pcl_ros/filters
[5.792s] -- Installing: /home/mete/catkin_ws/install/pcl_ros/include/pcl_ros/pcl_ros/filters/passthrough.hpp
[5.792s] -- Installing: /home/mete/catkin_ws/install/pcl_ros/include/pcl_ros/pcl_ros/filters/project_inliers.hpp
[5.792s] -- Installing: /home/mete/catkin_ws/install/pcl_ros/include/pcl_ros/pcl_ros/filters/crop_box.hpp
[5.792s] -- Installing: /home/mete/catkin_ws/install/pcl_ros/include/pcl_ros/pcl_ros/filters/voxel_grid.hpp
[5.792s] -- Installing: /home/mete/catkin_ws/install/pcl_ros/include/pcl_ros/pcl_ros/filters/filter.hpp
[5.792s] -- Installing: /home/mete/catkin_ws/install/pcl_ros/include/pcl_ros/pcl_ros/filters/radius_outlier_removal.hpp
[5.792s] -- Installing: /home/mete/catkin_ws/install/pcl_ros/include/pcl_ros/pcl_ros/filters/statistical_outlier_removal.hpp
[5.792s] -- Installing: /home/mete/catkin_ws/install/pcl_ros/include/pcl_ros/pcl_ros/filters/extract_indices.hpp
[5.792s] -- Installing: /home/mete/catkin_ws/install/pcl_ros/include/pcl_ros/pcl_ros/impl
[5.792s] -- Installing: /home/mete/catkin_ws/install/pcl_ros/include/pcl_ros/pcl_ros/impl/transforms.hpp
[5.792s] -- Installing: /home/mete/catkin_ws/install/pcl_ros/include/pcl_ros/pcl_ros/io
[5.792s] -- Installing: /home/mete/catkin_ws/install/pcl_ros/include/pcl_ros/pcl_ros/io/concatenate_fields.hpp
[5.792s] -- Installing: /home/mete/catkin_ws/install/pcl_ros/include/pcl_ros/pcl_ros/io/concatenate_data.hpp
[5.792s] -- Installing: /home/mete/catkin_ws/install/pcl_ros/include/pcl_ros/pcl_ros/io/bag_io.hpp
[5.792s] -- Installing: /home/mete/catkin_ws/install/pcl_ros/include/pcl_ros/pcl_ros/io/pcd_io.hpp
[5.793s] -- Installing: /home/mete/catkin_ws/install/pcl_ros/include/pcl_ros/pcl_ros/point_cloud.hpp
[5.793s] -- Installing: /home/mete/catkin_ws/install/pcl_ros/lib/libpcl_ros_tf.a
[5.794s] -- Installing: /home/mete/catkin_ws/install/pcl_ros/lib/libpcd_to_pointcloud_lib.so
[5.795s] -- Set runtime path of "/home/mete/catkin_ws/install/pcl_ros/lib/libpcd_to_pointcloud_lib.so" to ""
[5.795s] -- Installing: /home/mete/catkin_ws/install/pcl_ros/share/pcl_ros/plugins
[5.795s] -- Installing: /home/mete/catkin_ws/install/pcl_ros/share/pcl_ros/plugins/nodelet
[5.796s] -- Installing: /home/mete/catkin_ws/install/pcl_ros/share/pcl_ros/plugins/nodelet/libpcl_ros_segmentation.xml
[5.796s] -- Installing: /home/mete/catkin_ws/install/pcl_ros/share/pcl_ros/plugins/nodelet/libpcl_ros_io.xml
[5.796s] -- Installing: /home/mete/catkin_ws/install/pcl_ros/share/pcl_ros/plugins/nodelet/libpcl_ros_filters.xml
[5.796s] -- Installing: /home/mete/catkin_ws/install/pcl_ros/share/pcl_ros/plugins/nodelet/libpcl_ros_features.xml
[5.796s] -- Installing: /home/mete/catkin_ws/install/pcl_ros/share/pcl_ros/plugins/nodelet/libpcl_ros_surface.xml
[5.796s] -- Installing: /home/mete/catkin_ws/install/pcl_ros/share/pcl_ros/samples
[5.796s] -- Installing: /home/mete/catkin_ws/install/pcl_ros/share/pcl_ros/samples/data
[5.796s] -- Installing: /home/mete/catkin_ws/install/pcl_ros/share/pcl_ros/samples/data/.gitignore
[5.796s] -- Installing: /home/mete/catkin_ws/install/pcl_ros/share/pcl_ros/samples/pcl_ros
[5.796s] -- Installing: /home/mete/catkin_ws/install/pcl_ros/share/pcl_ros/samples/pcl_ros/segmentation
[5.796s] -- Installing: /home/mete/catkin_ws/install/pcl_ros/share/pcl_ros/samples/pcl_ros/segmentation/sample_extract_clusters.launch
[5.796s] -- Installing: /home/mete/catkin_ws/install/pcl_ros/share/pcl_ros/samples/pcl_ros/features
[5.796s] -- Installing: /home/mete/catkin_ws/install/pcl_ros/share/pcl_ros/samples/pcl_ros/features/sample_normal_3d.launch
[5.796s] -- Installing: /home/mete/catkin_ws/install/pcl_ros/share/pcl_ros/samples/pcl_ros/surface
[5.797s] -- Installing: /home/mete/catkin_ws/install/pcl_ros/share/pcl_ros/samples/pcl_ros/surface/sample_convex_hull.launch
[5.797s] -- Installing: /home/mete/catkin_ws/install/pcl_ros/share/pcl_ros/samples/pcl_ros/filters
[5.797s] -- Installing: /home/mete/catkin_ws/install/pcl_ros/share/pcl_ros/samples/pcl_ros/filters/sample_voxel_grid.launch
[5.797s] -- Installing: /home/mete/catkin_ws/install/pcl_ros/share/pcl_ros/samples/pcl_ros/filters/sample_statistical_outlier_removal.launch
[5.797s] -- Installing: /home/mete/catkin_ws/install/pcl_ros/share/pcl_ros/samples/pcl_ros/filters/config
[5.797s] -- Installing: /home/mete/catkin_ws/install/pcl_ros/share/pcl_ros/samples/pcl_ros/filters/config/statistical_outlier_removal.rviz
[5.797s] -- Installing: /home/mete/catkin_ws/install/pcl_ros/share/pcl_ros/samples/pcl_ros/filters/config/voxel_grid.rviz
[5.797s] -- Installing: /home/mete/catkin_ws/install/pcl_ros/share/pcl_ros/samples/pcl_ros/io
[5.797s] -- Installing: /home/mete/catkin_ws/install/pcl_ros/share/pcl_ros/samples/pcl_ros/io/sample_concatenate_data.launch
[5.797s] -- Installing: /home/mete/catkin_ws/install/pcl_ros/share/pcl_ros/environment/library_path.sh
[5.797s] -- Installing: /home/mete/catkin_ws/install/pcl_ros/share/pcl_ros/environment/library_path.dsv
[5.797s] -- Installing: /home/mete/catkin_ws/install/pcl_ros/share/ament_index/resource_index/package_run_dependencies/pcl_ros
[5.797s] -- Installing: /home/mete/catkin_ws/install/pcl_ros/share/ament_index/resource_index/parent_prefix_path/pcl_ros
[5.797s] -- Installing: /home/mete/catkin_ws/install/pcl_ros/share/pcl_ros/environment/ament_prefix_path.sh
[5.797s] -- Installing: /home/mete/catkin_ws/install/pcl_ros/share/pcl_ros/environment/ament_prefix_path.dsv
[5.797s] -- Installing: /home/mete/catkin_ws/install/pcl_ros/share/pcl_ros/environment/path.sh
[5.797s] -- Installing: /home/mete/catkin_ws/install/pcl_ros/share/pcl_ros/environment/path.dsv
[5.798s] -- Installing: /home/mete/catkin_ws/install/pcl_ros/share/pcl_ros/local_setup.bash
[5.798s] -- Installing: /home/mete/catkin_ws/install/pcl_ros/share/pcl_ros/local_setup.sh
[5.798s] -- Installing: /home/mete/catkin_ws/install/pcl_ros/share/pcl_ros/local_setup.zsh
[5.798s] -- Installing: /home/mete/catkin_ws/install/pcl_ros/share/pcl_ros/local_setup.dsv
[5.798s] -- Installing: /home/mete/catkin_ws/install/pcl_ros/share/pcl_ros/package.dsv
[5.798s] -- Installing: /home/mete/catkin_ws/install/pcl_ros/share/ament_index/resource_index/packages/pcl_ros
[5.798s] -- Installing: /home/mete/catkin_ws/install/pcl_ros/share/ament_index/resource_index/rclcpp_components/pcl_ros
[5.798s] -- Installing: /home/mete/catkin_ws/install/pcl_ros/share/pcl_ros/cmake/export_pcl_rosExport.cmake
[5.798s] -- Installing: /home/mete/catkin_ws/install/pcl_ros/share/pcl_ros/cmake/export_pcl_rosExport-noconfig.cmake
[5.799s] -- Installing: /home/mete/catkin_ws/install/pcl_ros/share/pcl_ros/cmake/ament_cmake_export_include_directories-extras.cmake
[5.799s] -- Installing: /home/mete/catkin_ws/install/pcl_ros/share/pcl_ros/cmake/ament_cmake_export_libraries-extras.cmake
[5.799s] -- Installing: /home/mete/catkin_ws/install/pcl_ros/share/pcl_ros/cmake/ament_cmake_export_targets-extras.cmake
[5.799s] -- Installing: /home/mete/catkin_ws/install/pcl_ros/share/pcl_ros/cmake/ament_cmake_export_dependencies-extras.cmake
[5.799s] -- Installing: /home/mete/catkin_ws/install/pcl_ros/share/pcl_ros/cmake/pcl_rosConfig.cmake
[5.799s] -- Installing: /home/mete/catkin_ws/install/pcl_ros/share/pcl_ros/cmake/pcl_rosConfig-version.cmake
[5.799s] -- Installing: /home/mete/catkin_ws/install/pcl_ros/share/pcl_ros/package.xml
[5.801s] Invoked command in '/home/mete/catkin_ws/build/pcl_ros' returned '0': CMAKE_PREFIX_PATH=/home/mete/catkin_ws/install/pcl_conversions:/home/mete/catkin_ws/install/pcl:/home/mete/catkin_ws/install/localization:/opt/ros/foxy /usr/bin/cmake --install /home/mete/catkin_ws/build/pcl_ros
