[0.016s] Invoking command in '/home/mete/catkin_ws/build/pcl': CMAKE_PREFIX_PATH=${CMAKE_PREFIX_PATH}:/opt/ros/foxy /usr/bin/cmake --build /home/mete/catkin_ws/build/pcl -- -j12 -l12
[0.051s] [35m[1mScanning dependencies of target pcd_read[0m
[0.087s] [ 50%] [32mBuilding CXX object CMakeFiles/pcd_read.dir/src/pcd_read.cpp.o[0m
[5.072s] [100%] [32m[1mLinking CXX executable pcd_read[0m
[5.461s] [100%] Built target pcd_read
[5.471s] Invoked command in '/home/mete/catkin_ws/build/pcl' returned '0': CMAKE_PREFIX_PATH=${CMAKE_PREFIX_PATH}:/opt/ros/foxy /usr/bin/cmake --build /home/mete/catkin_ws/build/pcl -- -j12 -l12
[5.492s] Invoking command in '/home/mete/catkin_ws/build/pcl': CMAKE_PREFIX_PATH=${CMAKE_PREFIX_PATH}:/opt/ros/foxy /usr/bin/cmake --install /home/mete/catkin_ws/build/pcl
[5.499s] -- Install configuration: ""
[5.499s] -- Installing: /home/mete/catkin_ws/install/pcl/lib/pcl/pcd_read
[5.499s] -- Set runtime path of "/home/mete/catkin_ws/install/pcl/lib/pcl/pcd_read" to ""
[5.500s] -- Up-to-date: /home/mete/catkin_ws/install/pcl/share/ament_index/resource_index/package_run_dependencies/pcl
[5.500s] -- Up-to-date: /home/mete/catkin_ws/install/pcl/share/ament_index/resource_index/parent_prefix_path/pcl
[5.500s] -- Up-to-date: /home/mete/catkin_ws/install/pcl/share/pcl/environment/ament_prefix_path.sh
[5.500s] -- Up-to-date: /home/mete/catkin_ws/install/pcl/share/pcl/environment/ament_prefix_path.dsv
[5.500s] -- Up-to-date: /home/mete/catkin_ws/install/pcl/share/pcl/environment/path.sh
[5.500s] -- Up-to-date: /home/mete/catkin_ws/install/pcl/share/pcl/environment/path.dsv
[5.500s] -- Up-to-date: /home/mete/catkin_ws/install/pcl/share/pcl/local_setup.bash
[5.500s] -- Up-to-date: /home/mete/catkin_ws/install/pcl/share/pcl/local_setup.sh
[5.500s] -- Up-to-date: /home/mete/catkin_ws/install/pcl/share/pcl/local_setup.zsh
[5.500s] -- Up-to-date: /home/mete/catkin_ws/install/pcl/share/pcl/local_setup.dsv
[5.500s] -- Installing: /home/mete/catkin_ws/install/pcl/share/pcl/package.dsv
[5.500s] -- Up-to-date: /home/mete/catkin_ws/install/pcl/share/ament_index/resource_index/packages/pcl
[5.500s] -- Up-to-date: /home/mete/catkin_ws/install/pcl/share/pcl/cmake/pclConfig.cmake
[5.501s] -- Up-to-date: /home/mete/catkin_ws/install/pcl/share/pcl/cmake/pclConfig-version.cmake
[5.501s] -- Up-to-date: /home/mete/catkin_ws/install/pcl/share/pcl/package.xml
[5.504s] Invoked command in '/home/mete/catkin_ws/build/pcl' returned '0': CMAKE_PREFIX_PATH=${CMAKE_PREFIX_PATH}:/opt/ros/foxy /usr/bin/cmake --install /home/mete/catkin_ws/build/pcl
