[0.016s] Invoking command in '/home/mete/catkin_ws/build/pcl': CMAKE_PREFIX_PATH=/home/mete/catkin_ws/install/pcl_conversions:/home/mete/catkin_ws/install/perception_pcl:/home/mete/catkin_ws/install/pcl_ros:/home/mete/catkin_ws/install/pcl:/home/mete/catkin_ws/install/localization:/home/mete/catkin_ws2/install/pugixml:/home/mete/catkin_ws2/install/parser:/home/mete/catkin_ws2/install/localization:/home/mete/catkin_ws2/install/LibKML:/home/mete/catkin_ws2/install/GeographicLib:/opt/ros/foxy /usr/bin/cmake --build /home/mete/catkin_ws/build/pcl -- -j12 -l12
[0.051s] [35m[1mScanning dependencies of target register[0m
[0.071s] [ 33%] Built target matrix_transform
[0.080s] [ 50%] [32mBuilding CXX object CMakeFiles/register.dir/src/register.cpp.o[0m
[0.085s] [ 83%] Built target pcd_read
[4.648s] [01m[K/home/mete/catkin_ws/src/pcl/src/register.cpp:247:1:[m[K [01;31m[Kerror: [m[Kexpected ‘[01m[K}[m[K’ at end of input
[4.648s]   247 | [01;31m[K}[m[K
[4.648s]       | [01;31m[K^[m[K
[4.648s] [01m[K/home/mete/catkin_ws/src/pcl/src/register.cpp:47:1:[m[K [01;36m[Knote: [m[Kto match this ‘[01m[K{[m[K’
[4.648s]    47 | [01;36m[K{[m[K
[4.648s]       | [01;36m[K^[m[K
[4.696s] [01m[K/home/mete/catkin_ws/src/pcl/src/register.cpp:[m[K In member function ‘[01m[Kvoid MyPointRepresentation::pairAlign(pcl::PointCloud<pcl::PointXYZ>::Ptr, pcl::PointCloud<pcl::PointXYZ>::Ptr, pcl::PointCloud<pcl::PointXYZ>::Ptr, Eigen::Matrix4f&, bool)[m[K’:
[4.696s] [01m[K/home/mete/catkin_ws/src/pcl/src/register.cpp:184:5:[m[K [01;31m[Kerror: [m[K‘[01m[KshowCloudsRight[m[K’ was not declared in this scope
[4.696s]   184 |     [01;31m[KshowCloudsRight[m[K(points_with_normals_tgt, points_with_normals_src);
[4.696s]       |     [01;31m[K^~~~~~~~~~~~~~~[m[K
[4.708s] [01m[K/home/mete/catkin_ws/src/pcl/src/register.cpp:[m[K In member function ‘[01m[Kint MyPointRepresentation::main(int, char**)[m[K’:
[4.708s] [01m[K/home/mete/catkin_ws/src/pcl/src/register.cpp:216:3:[m[K [01;31m[Kerror: [m[K‘[01m[Kp[m[K’ was not declared in this scope
[4.708s]   216 |   [01;31m[Kp[m[K = new pcl::visualization::PCLVisualizer (argc, argv, "Pairwise Incremental Registration example");
[4.708s]       |   [01;31m[K^[m[K
[4.711s] [01m[K/home/mete/catkin_ws/src/pcl/src/register.cpp:217:40:[m[K [01;31m[Kerror: [m[K‘[01m[Kvp_1[m[K’ was not declared in this scope
[4.711s]   217 |   p->createViewPort (0.0, 0, 0.5, 1.0, [01;31m[Kvp_1[m[K);
[4.711s]       |                                        [01;31m[K^~~~[m[K
[4.713s] [01m[K/home/mete/catkin_ws/src/pcl/src/register.cpp:218:40:[m[K [01;31m[Kerror: [m[K‘[01m[Kvp_2[m[K’ was not declared in this scope
[4.713s]   218 |   p->createViewPort (0.5, 0, 1.0, 1.0, [01;31m[Kvp_2[m[K);
[4.713s]       |                                        [01;31m[K^~~~[m[K
[4.721s] [01m[K/home/mete/catkin_ws/src/pcl/src/register.cpp:229:5:[m[K [01;31m[Kerror: [m[K‘[01m[KshowCloudsLeft[m[K’ was not declared in this scope
[4.721s]   229 |     [01;31m[KshowCloudsLeft[m[K(source, target);
[4.721s]       |     [01;31m[K^~~~~~~~~~~~~~[m[K
[4.721s] [01m[K/home/mete/catkin_ws/src/pcl/src/register.cpp:[m[K At global scope:
[4.722s] [01m[K/home/mete/catkin_ws/src/pcl/src/register.cpp:247:1:[m[K [01;31m[Kerror: [m[Kexpected unqualified-id at end of input
[4.722s]   247 | [01;31m[K}[m[K
[4.722s]       | [01;31m[K^[m[K
[12.219s] make[2]: *** [CMakeFiles/register.dir/build.make:63: CMakeFiles/register.dir/src/register.cpp.o] Error 1
[12.219s] make[1]: *** [CMakeFiles/Makefile2:82: CMakeFiles/register.dir/all] Error 2
[12.219s] make: *** [Makefile:141: all] Error 2
[12.222s] Invoked command in '/home/mete/catkin_ws/build/pcl' returned '2': CMAKE_PREFIX_PATH=/home/mete/catkin_ws/install/pcl_conversions:/home/mete/catkin_ws/install/perception_pcl:/home/mete/catkin_ws/install/pcl_ros:/home/mete/catkin_ws/install/pcl:/home/mete/catkin_ws/install/localization:/home/mete/catkin_ws2/install/pugixml:/home/mete/catkin_ws2/install/parser:/home/mete/catkin_ws2/install/localization:/home/mete/catkin_ws2/install/LibKML:/home/mete/catkin_ws2/install/GeographicLib:/opt/ros/foxy /usr/bin/cmake --build /home/mete/catkin_ws/build/pcl -- -j12 -l12
