[01m[K/home/mete/catkin_ws/src/perception_pcl/pcl_ros/tools/pcd_to_pointcloud.cpp:[m[K In constructor ‘[01m[Kpcl_ros::PCDPublisher::PCDPublisher(const rclcpp::NodeOptions&)[m[K’:
[01m[K/home/mete/catkin_ws/src/perception_pcl/pcl_ros/tools/pcd_to_pointcloud.cpp:88:66:[m[K [01;31m[Kerror: [m[Kno matching function for call to ‘[01m[Kpcl_ros::PCDPublisher::declare_parameter<std::string>(const char [10])[m[K’
   88 |     file_name_ = this->declare_parameter<std::string>("file_name"[01;31m[K)[m[K;
      |                                                                  [01;31m[K^[m[K
In file included from [01m[K/opt/ros/foxy/include/rclcpp/node.hpp:1224[m[K,
                 from [01m[K/opt/ros/foxy/include/rclcpp/executors/single_threaded_executor.hpp:28[m[K,
                 from [01m[K/opt/ros/foxy/include/rclcpp/executors.hpp:22[m[K,
                 from [01m[K/opt/ros/foxy/include/rclcpp/rclcpp.hpp:146[m[K,
                 from [01m[K/home/mete/catkin_ws/src/perception_pcl/pcl_ros/tools/pcd_to_pointcloud.cpp:57[m[K:
[01m[K/opt/ros/foxy/include/rclcpp/node_impl.hpp:157:1:[m[K [01;36m[Knote: [m[Kcandidate: ‘[01m[Kauto rclcpp::Node::declare_parameter(const string&, const ParameterT&, const ParameterDescriptor&, bool) [with ParameterT = std::__cxx11::basic_string<char>; std::string = std::__cxx11::basic_string<char>; rcl_interfaces::msg::ParameterDescriptor = rcl_interfaces::msg::ParameterDescriptor_<std::allocator<void> >][m[K’
  157 | [01;36m[KNode[m[K::declare_parameter(
      | [01;36m[K^~~~[m[K
[01m[K/opt/ros/foxy/include/rclcpp/node_impl.hpp:157:1:[m[K [01;36m[Knote: [m[K  candidate expects 4 arguments, 1 provided
[01m[K/home/mete/catkin_ws/src/perception_pcl/pcl_ros/tools/pcd_to_pointcloud.cpp:99:42:[m[K [01;31m[Kerror: [m[K‘[01m[Kusing element_type = class rclcpp::node_interfaces::NodeTopicsInterface[m[K’ {aka ‘[01m[Kclass rclcpp::node_interfaces::NodeTopicsInterface[m[K’} has no member named ‘[01m[Kresolve_topic_name[m[K’
   99 |       this->get_node_topics_interface()->[01;31m[Kresolve_topic_name[m[K(cloud_topic_);
      |                                          [01;31m[K^~~~~~~~~~~~~~~~~~[m[K
make[2]: *** [CMakeFiles/pcd_to_pointcloud_lib.dir/build.make:63: CMakeFiles/pcd_to_pointcloud_lib.dir/tools/pcd_to_pointcloud.cpp.o] Error 1
make[1]: *** [CMakeFiles/Makefile2:109: CMakeFiles/pcd_to_pointcloud_lib.dir/all] Error 2
make[1]: *** Waiting for unfinished jobs....
make: *** [Makefile:141: all] Error 2
