[0.008s] Invoking command in '/home/mete/catkin_ws/build/perception_pcl': AMENT_PREFIX_PATH=/home/mete/catkin_ws/install/pcl_ros:${AMENT_PREFIX_PATH} CMAKE_PREFIX_PATH=/home/mete/catkin_ws/install/pcl_ros:/home/mete/catkin_ws/install/pcl_conversions:/home/mete/catkin_ws/install/pcl:/home/mete/catkin_ws/install/localization:/opt/ros/foxy LD_LIBRARY_PATH=/home/mete/catkin_ws/install/pcl_ros/lib:${LD_LIBRARY_PATH} /usr/bin/cmake /home/mete/catkin_ws/src/perception_pcl/perception_pcl -DCMAKE_INSTALL_PREFIX=/home/mete/catkin_ws/install/perception_pcl
[0.049s] -- The C compiler identification is GNU 9.4.0
[0.091s] -- The CXX compiler identification is GNU 9.4.0
[0.094s] -- Check for working C compiler: /usr/bin/cc
[0.146s] -- Check for working C compiler: /usr/bin/cc -- works
[0.147s] -- Detecting C compiler ABI info
[0.204s] -- Detecting C compiler ABI info - done
[0.216s] -- Detecting C compile features
[0.216s] -- Detecting C compile features - done
[0.218s] -- Check for working CXX compiler: /usr/bin/c++
[0.285s] -- Check for working CXX compiler: /usr/bin/c++ -- works
[0.286s] -- Detecting CXX compiler ABI info
[0.346s] -- Detecting CXX compiler ABI info - done
[0.355s] -- Detecting CXX compile features
[0.356s] -- Detecting CXX compile features - done
[0.357s] -- Found ament_cmake: 0.9.9 (/opt/ros/foxy/share/ament_cmake/cmake)
[0.375s] -- Found PythonInterp: /usr/bin/python3 (found suitable version "3.8.10", minimum required is "3") 
[0.375s] -- Using PYTHON_EXECUTABLE: /usr/bin/python3
[0.565s] -- Configuring done
[0.566s] -- Generating done
[0.566s] -- Build files have been written to: /home/mete/catkin_ws/build/perception_pcl
[0.569s] Invoked command in '/home/mete/catkin_ws/build/perception_pcl' returned '0': AMENT_PREFIX_PATH=/home/mete/catkin_ws/install/pcl_ros:${AMENT_PREFIX_PATH} CMAKE_PREFIX_PATH=/home/mete/catkin_ws/install/pcl_ros:/home/mete/catkin_ws/install/pcl_conversions:/home/mete/catkin_ws/install/pcl:/home/mete/catkin_ws/install/localization:/opt/ros/foxy LD_LIBRARY_PATH=/home/mete/catkin_ws/install/pcl_ros/lib:${LD_LIBRARY_PATH} /usr/bin/cmake /home/mete/catkin_ws/src/perception_pcl/perception_pcl -DCMAKE_INSTALL_PREFIX=/home/mete/catkin_ws/install/perception_pcl
[0.571s] Invoking command in '/home/mete/catkin_ws/build/perception_pcl': AMENT_PREFIX_PATH=/home/mete/catkin_ws/install/pcl_ros:${AMENT_PREFIX_PATH} CMAKE_PREFIX_PATH=/home/mete/catkin_ws/install/pcl_ros:/home/mete/catkin_ws/install/pcl_conversions:/home/mete/catkin_ws/install/pcl:/home/mete/catkin_ws/install/localization:/opt/ros/foxy LD_LIBRARY_PATH=/home/mete/catkin_ws/install/pcl_ros/lib:${LD_LIBRARY_PATH} /usr/bin/cmake --build /home/mete/catkin_ws/build/perception_pcl -- -j12 -l12
[0.598s] Invoked command in '/home/mete/catkin_ws/build/perception_pcl' returned '0': AMENT_PREFIX_PATH=/home/mete/catkin_ws/install/pcl_ros:${AMENT_PREFIX_PATH} CMAKE_PREFIX_PATH=/home/mete/catkin_ws/install/pcl_ros:/home/mete/catkin_ws/install/pcl_conversions:/home/mete/catkin_ws/install/pcl:/home/mete/catkin_ws/install/localization:/opt/ros/foxy LD_LIBRARY_PATH=/home/mete/catkin_ws/install/pcl_ros/lib:${LD_LIBRARY_PATH} /usr/bin/cmake --build /home/mete/catkin_ws/build/perception_pcl -- -j12 -l12
[0.614s] Invoking command in '/home/mete/catkin_ws/build/perception_pcl': AMENT_PREFIX_PATH=/home/mete/catkin_ws/install/pcl_ros:${AMENT_PREFIX_PATH} CMAKE_PREFIX_PATH=/home/mete/catkin_ws/install/pcl_ros:/home/mete/catkin_ws/install/pcl_conversions:/home/mete/catkin_ws/install/pcl:/home/mete/catkin_ws/install/localization:/opt/ros/foxy LD_LIBRARY_PATH=/home/mete/catkin_ws/install/pcl_ros/lib:${LD_LIBRARY_PATH} /usr/bin/cmake --install /home/mete/catkin_ws/build/perception_pcl
[0.620s] -- Install configuration: ""
[0.620s] -- Installing: /home/mete/catkin_ws/install/perception_pcl/share/ament_index/resource_index/package_run_dependencies/perception_pcl
[0.621s] -- Installing: /home/mete/catkin_ws/install/perception_pcl/share/ament_index/resource_index/parent_prefix_path/perception_pcl
[0.621s] -- Installing: /home/mete/catkin_ws/install/perception_pcl/share/perception_pcl/environment/ament_prefix_path.sh
[0.621s] -- Installing: /home/mete/catkin_ws/install/perception_pcl/share/perception_pcl/environment/ament_prefix_path.dsv
[0.621s] -- Installing: /home/mete/catkin_ws/install/perception_pcl/share/perception_pcl/environment/path.sh
[0.621s] -- Installing: /home/mete/catkin_ws/install/perception_pcl/share/perception_pcl/environment/path.dsv
[0.621s] -- Installing: /home/mete/catkin_ws/install/perception_pcl/share/perception_pcl/local_setup.bash
[0.621s] -- Installing: /home/mete/catkin_ws/install/perception_pcl/share/perception_pcl/local_setup.sh
[0.621s] -- Installing: /home/mete/catkin_ws/install/perception_pcl/share/perception_pcl/local_setup.zsh
[0.621s] -- Installing: /home/mete/catkin_ws/install/perception_pcl/share/perception_pcl/local_setup.dsv
[0.621s] -- Installing: /home/mete/catkin_ws/install/perception_pcl/share/perception_pcl/package.dsv
[0.622s] -- Installing: /home/mete/catkin_ws/install/perception_pcl/share/ament_index/resource_index/packages/perception_pcl
[0.622s] -- Installing: /home/mete/catkin_ws/install/perception_pcl/share/perception_pcl/cmake/perception_pclConfig.cmake
[0.622s] -- Installing: /home/mete/catkin_ws/install/perception_pcl/share/perception_pcl/cmake/perception_pclConfig-version.cmake
[0.622s] -- Installing: /home/mete/catkin_ws/install/perception_pcl/share/perception_pcl/package.xml
[0.625s] Invoked command in '/home/mete/catkin_ws/build/perception_pcl' returned '0': AMENT_PREFIX_PATH=/home/mete/catkin_ws/install/pcl_ros:${AMENT_PREFIX_PATH} CMAKE_PREFIX_PATH=/home/mete/catkin_ws/install/pcl_ros:/home/mete/catkin_ws/install/pcl_conversions:/home/mete/catkin_ws/install/pcl:/home/mete/catkin_ws/install/localization:/opt/ros/foxy LD_LIBRARY_PATH=/home/mete/catkin_ws/install/pcl_ros/lib:${LD_LIBRARY_PATH} /usr/bin/cmake --install /home/mete/catkin_ws/build/perception_pcl
