[0.016s] Invoking command in '/home/mete/catkin_ws/build/pcl_ros': CMAKE_PREFIX_PATH=/home/mete/catkin_ws/install/pcl_conversions:/home/mete/catkin_ws/install/pcl:/home/mete/catkin_ws/install/localization:/opt/ros/foxy /usr/bin/cmake --build /home/mete/catkin_ws/build/pcl_ros -- -j12 -l12
[0.047s] -- Eigen found (include: /usr/include/eigen3, version: 3.3.7)
[0.126s] -- The imported target "vtkParseOGLExt" references the file
[0.126s]    "/usr/bin/vtkParseOGLExt-7.1"
[0.126s] but this file does not exist.  Possible reasons include:
[0.126s] * The file was deleted, renamed, or moved to another location.
[0.126s] * An install or uninstall procedure did not complete successfully.
[0.126s] * The installation package was faulty and contained
[0.126s]    "/usr/lib/cmake/vtk-7.1/VTKTargets.cmake"
[0.126s] but not all the files it references.
[0.126s] 
[0.127s] -- The imported target "vtkRenderingPythonTkWidgets" references the file
[0.127s]    "/usr/lib/x86_64-linux-gnu/libvtkRenderingPythonTkWidgets.so"
[0.127s] but this file does not exist.  Possible reasons include:
[0.127s] * The file was deleted, renamed, or moved to another location.
[0.127s] * An install or uninstall procedure did not complete successfully.
[0.127s] * The installation package was faulty and contained
[0.127s]    "/usr/lib/cmake/vtk-7.1/VTKTargets.cmake"
[0.127s] but not all the files it references.
[0.127s] 
[0.127s] -- The imported target "vtk" references the file
[0.127s]    "/usr/bin/vtk"
[0.127s] but this file does not exist.  Possible reasons include:
[0.127s] * The file was deleted, renamed, or moved to another location.
[0.127s] * An install or uninstall procedure did not complete successfully.
[0.127s] * The installation package was faulty and contained
[0.127s]    "/usr/lib/cmake/vtk-7.1/VTKTargets.cmake"
[0.128s] but not all the files it references.
[0.128s] 
[0.128s] -- The imported target "pvtk" references the file
[0.128s]    "/usr/bin/pvtk"
[0.128s] but this file does not exist.  Possible reasons include:
[0.128s] * The file was deleted, renamed, or moved to another location.
[0.128s] * An install or uninstall procedure did not complete successfully.
[0.128s] * The installation package was faulty and contained
[0.128s]    "/usr/lib/cmake/vtk-7.1/VTKTargets.cmake"
[0.128s] but not all the files it references.
[0.128s] 
[0.154s] -- Checking for module 'libusb-1.0'
[0.156s] --   No package 'libusb-1.0' found
[0.158s] -- Could NOT find USB_10 (missing: USB_10_LIBRARY USB_10_INCLUDE_DIR) 
[0.158s] -- OpenNI disabled because libusb-1.0 not found.
[0.162s] -- Checking for module 'libusb-1.0'
[0.164s] --   No package 'libusb-1.0' found
[0.166s] -- Could NOT find USB_10 (missing: USB_10_LIBRARY USB_10_INCLUDE_DIR) 
[0.166s] -- OpenNI 2 disabled because libusb-1.0 not found.
[0.177s] -- LIBUSB_1_LIBRARY (missing: LIBUSB_1_INCLUDE_DIR) 
[0.178s] -- QHULL found (include: /usr/include, lib: optimized;/usr/lib/x86_64-linux-gnu/libqhull.so;debug;/usr/lib/x86_64-linux-gnu/libqhull.so)
[0.179s] -- Could NOT find PCL_CORE (missing: PCL_CORE_LIBRARY PCL_CORE_INCLUDE_DIR) 
[0.186s] -- Found ament_cmake: 0.9.9 (/opt/ros/foxy/share/ament_cmake/cmake)
[0.202s] -- Using PYTHON_EXECUTABLE: /usr/bin/python3
[0.341s] -- Found pcl_conversions: 2.4.1 (/home/mete/catkin_ws/install/pcl_conversions/share/pcl_conversions/cmake)
[0.357s] -- Using all available rosidl_typesupport_c: rosidl_typesupport_fastrtps_c;rosidl_typesupport_introspection_c
[0.360s] -- Found rosidl_adapter: 1.2.1 (/opt/ros/foxy/share/rosidl_adapter/cmake)
[0.448s] -- Using all available rosidl_typesupport_cpp: rosidl_typesupport_fastrtps_cpp;rosidl_typesupport_introspection_cpp
[0.726s] -- Found rmw_implementation_cmake: 1.0.3 (/opt/ros/foxy/share/rmw_implementation_cmake/cmake)
[0.727s] -- Using RMW implementation 'rmw_fastrtps_cpp' as default
[0.855s] -- Found rclcpp_components: 2.4.1 (/opt/ros/foxy/share/rclcpp_components/cmake)
[0.898s] -- Found tf2: 0.13.13 (/opt/ros/foxy/share/tf2/cmake)
[0.905s] -- Found tf2_geometry_msgs: 0.13.13 (/opt/ros/foxy/share/tf2_geometry_msgs/cmake)
[0.910s] -- Found eigen3_cmake_module: 0.1.1 (/opt/ros/foxy/share/eigen3_cmake_module/cmake)
[1.258s] CMake Error at /opt/ros/foxy/share/rclcpp_components/cmake/rclcpp_components_register_node.cmake:65 (add_executable):
[1.259s]   add_executable cannot create target "pcd_to_pointcloud_lib2" because
[1.259s]   another target with the same name already exists.  The existing target is a
[1.259s]   shared library created in source directory
[1.259s]   "/home/mete/catkin_ws/src/perception_pcl/pcl_ros".  See documentation for
[1.259s]   policy CMP0002 for more details.
[1.259s] Call Stack (most recent call first):
[1.259s]   CMakeLists.txt:147 (rclcpp_components_register_node)
[1.259s] 
[1.259s] 
[1.259s] -- Found ament_lint_auto: 0.9.6 (/opt/ros/foxy/share/ament_lint_auto/cmake)
[1.313s] -- Added test 'cppcheck' to perform static code analysis on C / C++ code
[1.313s] -- Configured cppcheck include dirs: $<BUILD_INTERFACE:/home/mete/catkin_ws/src/perception_pcl/pcl_ros/include>
[1.313s] -- Configured cppcheck exclude dirs and/or files: 
[1.317s] -- Added test 'cpplint' to check C / C++ code against the Google style
[1.317s] -- Configured cpplint exclude dirs and/or files: 
[1.318s] -- Added test 'flake8' to check Python code syntax and style conventions
[1.319s] -- Added test 'lint_cmake' to check CMake code style
[1.320s] -- Added test 'pep257' to check Python code against some of the style conventions in PEP 257
[1.324s] -- Added test 'uncrustify' to check C / C++ code style
[1.324s] -- Configured uncrustify additional arguments: 
[1.325s] -- Added test 'xmllint' to check XML markup files
[1.329s] -- Configuring incomplete, errors occurred!
[1.329s] See also "/home/mete/catkin_ws/build/pcl_ros/CMakeFiles/CMakeOutput.log".
[1.329s] See also "/home/mete/catkin_ws/build/pcl_ros/CMakeFiles/CMakeError.log".
[1.336s] make: *** [Makefile:354: cmake_check_build_system] Error 1
[1.339s] Invoked command in '/home/mete/catkin_ws/build/pcl_ros' returned '2': CMAKE_PREFIX_PATH=/home/mete/catkin_ws/install/pcl_conversions:/home/mete/catkin_ws/install/pcl:/home/mete/catkin_ws/install/localization:/opt/ros/foxy /usr/bin/cmake --build /home/mete/catkin_ws/build/pcl_ros -- -j12 -l12
