[0.013s] Invoking command in '/home/mete/catkin_ws/build/pcl': CMAKE_PREFIX_PATH=/home/mete/catkin_ws/install/pcl_conversions:/home/mete/catkin_ws/install/perception_pcl:/home/mete/catkin_ws/install/pcl_ros:/home/mete/catkin_ws/install/pcl:/home/mete/catkin_ws/install/localization:/opt/ros/foxy /usr/bin/cmake --build /home/mete/catkin_ws/build/pcl -- -j12 -l12
[0.049s] [35m[1mScanning dependencies of target matrix_transform[0m
[0.073s] [ 50%] Built target pcd_read
[0.074s] [ 75%] [32mBuilding CXX object CMakeFiles/matrix_transform.dir/src/matrix_transform.cpp.o[0m
[8.396s] [100%] [32m[1mLinking CXX executable matrix_transform[0m
[8.977s] [100%] Built target matrix_transform
[8.987s] Invoked command in '/home/mete/catkin_ws/build/pcl' returned '0': CMAKE_PREFIX_PATH=/home/mete/catkin_ws/install/pcl_conversions:/home/mete/catkin_ws/install/perception_pcl:/home/mete/catkin_ws/install/pcl_ros:/home/mete/catkin_ws/install/pcl:/home/mete/catkin_ws/install/localization:/opt/ros/foxy /usr/bin/cmake --build /home/mete/catkin_ws/build/pcl -- -j12 -l12
[9.011s] Invoking command in '/home/mete/catkin_ws/build/pcl': CMAKE_PREFIX_PATH=/home/mete/catkin_ws/install/pcl_conversions:/home/mete/catkin_ws/install/perception_pcl:/home/mete/catkin_ws/install/pcl_ros:/home/mete/catkin_ws/install/pcl:/home/mete/catkin_ws/install/localization:/opt/ros/foxy /usr/bin/cmake --install /home/mete/catkin_ws/build/pcl
[9.019s] -- Install configuration: ""
[9.019s] -- Up-to-date: /home/mete/catkin_ws/install/pcl/lib/pcl/pcd_read
[9.019s] -- Installing: /home/mete/catkin_ws/install/pcl/lib/pcl/matrix_transform
[9.020s] -- Up-to-date: /home/mete/catkin_ws/install/pcl/share/ament_index/resource_index/package_run_dependencies/pcl
[9.020s] -- Up-to-date: /home/mete/catkin_ws/install/pcl/share/ament_index/resource_index/parent_prefix_path/pcl
[9.020s] -- Up-to-date: /home/mete/catkin_ws/install/pcl/share/pcl/environment/ament_prefix_path.sh
[9.020s] -- Up-to-date: /home/mete/catkin_ws/install/pcl/share/pcl/environment/ament_prefix_path.dsv
[9.021s] -- Up-to-date: /home/mete/catkin_ws/install/pcl/share/pcl/environment/path.sh
[9.021s] -- Up-to-date: /home/mete/catkin_ws/install/pcl/share/pcl/environment/path.dsv
[9.021s] -- Up-to-date: /home/mete/catkin_ws/install/pcl/share/pcl/local_setup.bash
[9.021s] -- Up-to-date: /home/mete/catkin_ws/install/pcl/share/pcl/local_setup.sh
[9.021s] -- Up-to-date: /home/mete/catkin_ws/install/pcl/share/pcl/local_setup.zsh
[9.021s] -- Up-to-date: /home/mete/catkin_ws/install/pcl/share/pcl/local_setup.dsv
[9.021s] -- Installing: /home/mete/catkin_ws/install/pcl/share/pcl/package.dsv
[9.021s] -- Up-to-date: /home/mete/catkin_ws/install/pcl/share/ament_index/resource_index/packages/pcl
[9.021s] -- Up-to-date: /home/mete/catkin_ws/install/pcl/share/pcl/cmake/pclConfig.cmake
[9.021s] -- Up-to-date: /home/mete/catkin_ws/install/pcl/share/pcl/cmake/pclConfig-version.cmake
[9.021s] -- Up-to-date: /home/mete/catkin_ws/install/pcl/share/pcl/package.xml
[9.022s] Invoked command in '/home/mete/catkin_ws/build/pcl' returned '0': CMAKE_PREFIX_PATH=/home/mete/catkin_ws/install/pcl_conversions:/home/mete/catkin_ws/install/perception_pcl:/home/mete/catkin_ws/install/pcl_ros:/home/mete/catkin_ws/install/pcl:/home/mete/catkin_ws/install/localization:/opt/ros/foxy /usr/bin/cmake --install /home/mete/catkin_ws/build/pcl
