[0.015s] Invoking command in '/home/mete/catkin_ws/build/pcl_ros': CMAKE_PREFIX_PATH=/home/mete/catkin_ws/install/pcl_conversions:/home/mete/catkin_ws/install/pcl:/home/mete/catkin_ws/install/localization:/opt/ros/foxy /usr/bin/cmake --build /home/mete/catkin_ws/build/pcl_ros -- -j12 -l12
[0.048s] -- Eigen found (include: /usr/include/eigen3, version: 3.3.7)
[0.128s] -- The imported target "vtkParseOGLExt" references the file
[0.129s]    "/usr/bin/vtkParseOGLExt-7.1"
[0.129s] but this file does not exist.  Possible reasons include:
[0.129s] * The file was deleted, renamed, or moved to another location.
[0.129s] * An install or uninstall procedure did not complete successfully.
[0.129s] * The installation package was faulty and contained
[0.129s]    "/usr/lib/cmake/vtk-7.1/VTKTargets.cmake"
[0.129s] but not all the files it references.
[0.129s] 
[0.129s] -- The imported target "vtkRenderingPythonTkWidgets" references the file
[0.129s]    "/usr/lib/x86_64-linux-gnu/libvtkRenderingPythonTkWidgets.so"
[0.129s] but this file does not exist.  Possible reasons include:
[0.130s] * The file was deleted, renamed, or moved to another location.
[0.130s] * An install or uninstall procedure did not complete successfully.
[0.130s] * The installation package was faulty and contained
[0.130s]    "/usr/lib/cmake/vtk-7.1/VTKTargets.cmake"
[0.130s] but not all the files it references.
[0.130s] 
[0.130s] -- The imported target "vtk" references the file
[0.130s]    "/usr/bin/vtk"
[0.130s] but this file does not exist.  Possible reasons include:
[0.130s] * The file was deleted, renamed, or moved to another location.
[0.130s] * An install or uninstall procedure did not complete successfully.
[0.130s] * The installation package was faulty and contained
[0.130s]    "/usr/lib/cmake/vtk-7.1/VTKTargets.cmake"
[0.130s] but not all the files it references.
[0.130s] 
[0.131s] -- The imported target "pvtk" references the file
[0.131s]    "/usr/bin/pvtk"
[0.131s] but this file does not exist.  Possible reasons include:
[0.131s] * The file was deleted, renamed, or moved to another location.
[0.131s] * An install or uninstall procedure did not complete successfully.
[0.131s] * The installation package was faulty and contained
[0.131s]    "/usr/lib/cmake/vtk-7.1/VTKTargets.cmake"
[0.131s] but not all the files it references.
[0.131s] 
[0.157s] -- Checking for module 'libusb-1.0'
[0.159s] --   No package 'libusb-1.0' found
[0.162s] -- Could NOT find USB_10 (missing: USB_10_LIBRARY USB_10_INCLUDE_DIR) 
[0.162s] -- OpenNI disabled because libusb-1.0 not found.
[0.165s] -- Checking for module 'libusb-1.0'
[0.167s] --   No package 'libusb-1.0' found
[0.169s] -- Could NOT find USB_10 (missing: USB_10_LIBRARY USB_10_INCLUDE_DIR) 
[0.169s] -- OpenNI 2 disabled because libusb-1.0 not found.
[0.181s] -- LIBUSB_1_LIBRARY (missing: LIBUSB_1_INCLUDE_DIR) 
[0.182s] -- QHULL found (include: /usr/include, lib: optimized;/usr/lib/x86_64-linux-gnu/libqhull.so;debug;/usr/lib/x86_64-linux-gnu/libqhull.so)
[0.183s] -- Could NOT find PCL_CORE (missing: PCL_CORE_LIBRARY PCL_CORE_INCLUDE_DIR) 
[0.189s] -- Found ament_cmake: 0.9.9 (/opt/ros/foxy/share/ament_cmake/cmake)
[0.206s] -- Using PYTHON_EXECUTABLE: /usr/bin/python3
[0.344s] -- Found pcl_conversions: 2.4.1 (/home/mete/catkin_ws/install/pcl_conversions/share/pcl_conversions/cmake)
[0.360s] -- Using all available rosidl_typesupport_c: rosidl_typesupport_fastrtps_c;rosidl_typesupport_introspection_c
[0.363s] -- Found rosidl_adapter: 1.2.1 (/opt/ros/foxy/share/rosidl_adapter/cmake)
[0.451s] -- Using all available rosidl_typesupport_cpp: rosidl_typesupport_fastrtps_cpp;rosidl_typesupport_introspection_cpp
[0.731s] -- Found rmw_implementation_cmake: 1.0.3 (/opt/ros/foxy/share/rmw_implementation_cmake/cmake)
[0.732s] -- Using RMW implementation 'rmw_fastrtps_cpp' as default
[0.862s] -- Found rclcpp_components: 2.4.1 (/opt/ros/foxy/share/rclcpp_components/cmake)
[0.907s] -- Found tf2: 0.13.13 (/opt/ros/foxy/share/tf2/cmake)
[0.914s] -- Found tf2_geometry_msgs: 0.13.13 (/opt/ros/foxy/share/tf2_geometry_msgs/cmake)
[0.919s] -- Found eigen3_cmake_module: 0.1.1 (/opt/ros/foxy/share/eigen3_cmake_module/cmake)
[1.272s] CMake Error at /opt/ros/foxy/share/rclcpp_components/cmake/rclcpp_components_register_node.cmake:65 (add_executable):
[1.272s]   add_executable cannot create target "pcd_to_pointcloud_lib_2" because
[1.272s]   another target with the same name already exists.  The existing target is a
[1.272s]   shared library created in source directory
[1.272s]   "/home/mete/catkin_ws/src/perception_pcl/pcl_ros".  See documentation for
[1.272s]   policy CMP0002 for more details.
[1.272s] Call Stack (most recent call first):
[1.272s]   CMakeLists.txt:147 (rclcpp_components_register_node)
[1.272s] 
[1.272s] 
[1.272s] -- Found ament_lint_auto: 0.9.6 (/opt/ros/foxy/share/ament_lint_auto/cmake)
[1.325s] -- Added test 'cppcheck' to perform static code analysis on C / C++ code
[1.325s] -- Configured cppcheck include dirs: $<BUILD_INTERFACE:/home/mete/catkin_ws/src/perception_pcl/pcl_ros/include>
[1.325s] -- Configured cppcheck exclude dirs and/or files: 
[1.330s] -- Added test 'cpplint' to check C / C++ code against the Google style
[1.330s] -- Configured cpplint exclude dirs and/or files: 
[1.330s] -- Added test 'flake8' to check Python code syntax and style conventions
[1.332s] -- Added test 'lint_cmake' to check CMake code style
[1.332s] -- Added test 'pep257' to check Python code against some of the style conventions in PEP 257
[1.336s] -- Added test 'uncrustify' to check C / C++ code style
[1.337s] -- Configured uncrustify additional arguments: 
[1.337s] -- Added test 'xmllint' to check XML markup files
[1.341s] -- Configuring incomplete, errors occurred!
[1.341s] See also "/home/mete/catkin_ws/build/pcl_ros/CMakeFiles/CMakeOutput.log".
[1.341s] See also "/home/mete/catkin_ws/build/pcl_ros/CMakeFiles/CMakeError.log".
[1.349s] make: *** [Makefile:398: cmake_check_build_system] Error 1
[1.352s] Invoked command in '/home/mete/catkin_ws/build/pcl_ros' returned '2': CMAKE_PREFIX_PATH=/home/mete/catkin_ws/install/pcl_conversions:/home/mete/catkin_ws/install/pcl:/home/mete/catkin_ws/install/localization:/opt/ros/foxy /usr/bin/cmake --build /home/mete/catkin_ws/build/pcl_ros -- -j12 -l12
