[0.016s] Invoking command in '/home/mete/catkin_ws/build/pcl': CMAKE_PREFIX_PATH=/home/mete/catkin_ws/install/pcl_conversions:/home/mete/catkin_ws/install/perception_pcl:/home/mete/catkin_ws/install/pcl_ros:/home/mete/catkin_ws/install/pcl:/home/mete/catkin_ws/install/localization:/home/mete/catkin_ws2/install/pugixml:/home/mete/catkin_ws2/install/parser:/home/mete/catkin_ws2/install/localization:/home/mete/catkin_ws2/install/LibKML:/home/mete/catkin_ws2/install/GeographicLib:/opt/ros/foxy /usr/bin/cmake --build /home/mete/catkin_ws/build/pcl -- -j12 -l12
[0.055s] [35m[1mScanning dependencies of target register[0m
[0.076s] [ 50%] Built target matrix_transform
[0.101s] [ 75%] [32mBuilding CXX object CMakeFiles/register.dir/src/register.cpp.o[0m
[5.395s] [01m[K/home/mete/catkin_ws/src/pcl/src/register.cpp:36:166:[m[K [01;31m[Kerror: [m[K‘[01m[KFloat64[m[K’ has not been declared
[5.395s]    36 | , Eigen::Matrix4f &final_transform, bool downsample = false, [01;31m[KFloat64[m[K::Ptr score)
[5.395s]       |                                                              [01;31m[K^~~~~~~[m[K
[5.395s] 
[5.396s] [01m[K/home/mete/catkin_ws/src/pcl/src/register.cpp:36:179:[m[K [01;31m[Kerror: [m[Kexpected ‘[01m[K,[m[K’ or ‘[01m[K...[m[K’ before ‘[01m[Kscore[m[K’
[5.396s]    36 | ix4f &final_transform, bool downsample = false, Float64::Ptr [01;31m[Kscore[m[K)
[5.396s]       |                                                              [01;31m[K^~~~~[m[K
[5.396s] 
[5.396s] [01m[K/home/mete/catkin_ws/src/pcl/src/register.cpp:36:175:[m[K [01;31m[Kerror: [m[Kdefault argument missing for parameter 6 of ‘[01m[Kvoid pairAlign(pcl::PointCloud<pcl::PointXYZ>::Ptr, pcl::PointCloud<pcl::PointXYZ>::Ptr, pcl::PointCloud<pcl::PointXYZ>::Ptr, Eigen::Matrix4f&, bool, int)[m[K’
[5.396s]    36 |  Eigen::Matrix4f &final_transform, bool downsample = false, [01;31m[KFloat64::Ptr[m[K score)
[5.396s]       |                                                             [01;31m[K~~~~~~~~~^~~[m[K
[5.396s] 
[5.396s] [01m[K/home/mete/catkin_ws/src/pcl/src/register.cpp:36:146:[m[K [01;36m[Knote: [m[K...following parameter 5 which has a default argument
[5.396s]    36 | intCloud::Ptr output, Eigen::Matrix4f &final_transform, [01;36m[Kbool downsample = false[m[K, Float64::Ptr score)
[5.396s]       |                                                         [01;36m[K~~~~~^~~~~~~~~~~~~~~~~~[m[K
[5.396s] 
[5.448s] [01m[K/home/mete/catkin_ws/src/pcl/src/register.cpp:[m[K In function ‘[01m[Kvoid pairAlign(pcl::PointCloud<pcl::PointXYZ>::Ptr, pcl::PointCloud<pcl::PointXYZ>::Ptr, pcl::PointCloud<pcl::PointXYZ>::Ptr, Eigen::Matrix4f&, bool, int)[m[K’:
[5.448s] [01m[K/home/mete/catkin_ws/src/pcl/src/register.cpp:127:67:[m[K [01;31m[Kerror: [m[K‘[01m[Kscore[m[K’ was not declared in this scope
[5.448s]   127 |   pcl::transformPointCloud (*cloud_tgt, *output, targetToSource, *[01;31m[Kscore[m[K);
[5.449s]       |                                                                   [01;31m[K^~~~~[m[K
[5.449s] [01m[K/home/mete/catkin_ws/src/pcl/src/register.cpp:36:175:[m[K [01;35m[Kwarning: [m[Kunused parameter ‘[01m[KPtr[m[K’ [[01;35m[K-Wunused-parameter[m[K]
[5.449s]    36 |  Eigen::Matrix4f &final_transform, bool downsample = false, [01;35m[KFloat64::Ptr[m[K score)
[5.449s]       |                                                             [01;35m[K~~~~~~~~~^~~[m[K
[5.449s] 
[15.549s] make[2]: *** [CMakeFiles/register.dir/build.make:63: CMakeFiles/register.dir/src/register.cpp.o] Error 1
[15.549s] make[1]: *** [CMakeFiles/Makefile2:80: CMakeFiles/register.dir/all] Error 2
[15.550s] make: *** [Makefile:141: all] Error 2
[15.553s] Invoked command in '/home/mete/catkin_ws/build/pcl' returned '2': CMAKE_PREFIX_PATH=/home/mete/catkin_ws/install/pcl_conversions:/home/mete/catkin_ws/install/perception_pcl:/home/mete/catkin_ws/install/pcl_ros:/home/mete/catkin_ws/install/pcl:/home/mete/catkin_ws/install/localization:/home/mete/catkin_ws2/install/pugixml:/home/mete/catkin_ws2/install/parser:/home/mete/catkin_ws2/install/localization:/home/mete/catkin_ws2/install/LibKML:/home/mete/catkin_ws2/install/GeographicLib:/opt/ros/foxy /usr/bin/cmake --build /home/mete/catkin_ws/build/pcl -- -j12 -l12
