[0.013s] Invoking command in '/home/mete/catkin_ws/build/pcl': CMAKE_PREFIX_PATH=/home/mete/catkin_ws/install/pcl_conversions:/home/mete/catkin_ws/install/perception_pcl:/home/mete/catkin_ws/install/pcl_ros:/home/mete/catkin_ws/install/pcl:/home/mete/catkin_ws/install/localization:/opt/ros/foxy /usr/bin/cmake --build /home/mete/catkin_ws/build/pcl -- -j12 -l12
[0.050s] [35m[1mScanning dependencies of target matrix_transform[0m
[0.072s] [ 50%] Built target pcd_read
[0.074s] [ 75%] [32mBuilding CXX object CMakeFiles/matrix_transform.dir/src/matrix_transform.cpp.o[0m
[7.892s] [100%] [32m[1mLinking CXX executable matrix_transform[0m
[8.320s] [100%] Built target matrix_transform
[8.328s] Invoked command in '/home/mete/catkin_ws/build/pcl' returned '0': CMAKE_PREFIX_PATH=/home/mete/catkin_ws/install/pcl_conversions:/home/mete/catkin_ws/install/perception_pcl:/home/mete/catkin_ws/install/pcl_ros:/home/mete/catkin_ws/install/pcl:/home/mete/catkin_ws/install/localization:/opt/ros/foxy /usr/bin/cmake --build /home/mete/catkin_ws/build/pcl -- -j12 -l12
[8.349s] Invoking command in '/home/mete/catkin_ws/build/pcl': CMAKE_PREFIX_PATH=/home/mete/catkin_ws/install/pcl_conversions:/home/mete/catkin_ws/install/perception_pcl:/home/mete/catkin_ws/install/pcl_ros:/home/mete/catkin_ws/install/pcl:/home/mete/catkin_ws/install/localization:/opt/ros/foxy /usr/bin/cmake --install /home/mete/catkin_ws/build/pcl
[8.356s] -- Install configuration: ""
[8.356s] -- Up-to-date: /home/mete/catkin_ws/install/pcl/lib/pcl/pcd_read
[8.356s] -- Installing: /home/mete/catkin_ws/install/pcl/lib/pcl/matrix_transform
[8.357s] -- Up-to-date: /home/mete/catkin_ws/install/pcl/share/ament_index/resource_index/package_run_dependencies/pcl
[8.357s] -- Up-to-date: /home/mete/catkin_ws/install/pcl/share/ament_index/resource_index/parent_prefix_path/pcl
[8.358s] -- Up-to-date: /home/mete/catkin_ws/install/pcl/share/pcl/environment/ament_prefix_path.sh
[8.358s] -- Up-to-date: /home/mete/catkin_ws/install/pcl/share/pcl/environment/ament_prefix_path.dsv
[8.358s] -- Up-to-date: /home/mete/catkin_ws/install/pcl/share/pcl/environment/path.sh
[8.358s] -- Up-to-date: /home/mete/catkin_ws/install/pcl/share/pcl/environment/path.dsv
[8.358s] -- Up-to-date: /home/mete/catkin_ws/install/pcl/share/pcl/local_setup.bash
[8.358s] -- Up-to-date: /home/mete/catkin_ws/install/pcl/share/pcl/local_setup.sh
[8.358s] -- Up-to-date: /home/mete/catkin_ws/install/pcl/share/pcl/local_setup.zsh
[8.358s] -- Up-to-date: /home/mete/catkin_ws/install/pcl/share/pcl/local_setup.dsv
[8.358s] -- Installing: /home/mete/catkin_ws/install/pcl/share/pcl/package.dsv
[8.358s] -- Up-to-date: /home/mete/catkin_ws/install/pcl/share/ament_index/resource_index/packages/pcl
[8.358s] -- Up-to-date: /home/mete/catkin_ws/install/pcl/share/pcl/cmake/pclConfig.cmake
[8.358s] -- Up-to-date: /home/mete/catkin_ws/install/pcl/share/pcl/cmake/pclConfig-version.cmake
[8.358s] -- Up-to-date: /home/mete/catkin_ws/install/pcl/share/pcl/package.xml
[8.361s] Invoked command in '/home/mete/catkin_ws/build/pcl' returned '0': CMAKE_PREFIX_PATH=/home/mete/catkin_ws/install/pcl_conversions:/home/mete/catkin_ws/install/perception_pcl:/home/mete/catkin_ws/install/pcl_ros:/home/mete/catkin_ws/install/pcl:/home/mete/catkin_ws/install/localization:/opt/ros/foxy /usr/bin/cmake --install /home/mete/catkin_ws/build/pcl
