[0.015s] Invoking command in '/home/mete/catkin_ws/build/pcl': CMAKE_PREFIX_PATH=/home/mete/catkin_ws/install/pcl_conversions:/home/mete/catkin_ws/install/perception_pcl:/home/mete/catkin_ws/install/pcl_ros:/home/mete/catkin_ws/install/pcl:/home/mete/catkin_ws/install/localization:/opt/ros/foxy /usr/bin/cmake --build /home/mete/catkin_ws/build/pcl -- -j12 -l12
[0.036s] -- Found ament_cmake: 0.9.9 (/opt/ros/foxy/share/ament_cmake/cmake)
[0.055s] -- Using PYTHON_EXECUTABLE: /usr/bin/python3
[0.210s] -- Eigen found (include: /usr/include/eigen3, version: 3.3.7)
[0.289s] -- The imported target "vtkParseOGLExt" references the file
[0.289s]    "/usr/bin/vtkParseOGLExt-7.1"
[0.289s] but this file does not exist.  Possible reasons include:
[0.289s] * The file was deleted, renamed, or moved to another location.
[0.289s] * An install or uninstall procedure did not complete successfully.
[0.289s] * The installation package was faulty and contained
[0.289s]    "/usr/lib/cmake/vtk-7.1/VTKTargets.cmake"
[0.289s] but not all the files it references.
[0.289s] 
[0.290s] -- The imported target "vtkRenderingPythonTkWidgets" references the file
[0.290s]    "/usr/lib/x86_64-linux-gnu/libvtkRenderingPythonTkWidgets.so"
[0.290s] but this file does not exist.  Possible reasons include:
[0.290s] * The file was deleted, renamed, or moved to another location.
[0.290s] * An install or uninstall procedure did not complete successfully.
[0.290s] * The installation package was faulty and contained
[0.290s]    "/usr/lib/cmake/vtk-7.1/VTKTargets.cmake"
[0.290s] but not all the files it references.
[0.290s] 
[0.290s] -- The imported target "vtk" references the file
[0.290s]    "/usr/bin/vtk"
[0.290s] but this file does not exist.  Possible reasons include:
[0.290s] * The file was deleted, renamed, or moved to another location.
[0.290s] * An install or uninstall procedure did not complete successfully.
[0.290s] * The installation package was faulty and contained
[0.291s]    "/usr/lib/cmake/vtk-7.1/VTKTargets.cmake"
[0.291s] but not all the files it references.
[0.291s] 
[0.291s] -- The imported target "pvtk" references the file
[0.291s]    "/usr/bin/pvtk"
[0.291s] but this file does not exist.  Possible reasons include:
[0.291s] * The file was deleted, renamed, or moved to another location.
[0.291s] * An install or uninstall procedure did not complete successfully.
[0.291s] * The installation package was faulty and contained
[0.291s]    "/usr/lib/cmake/vtk-7.1/VTKTargets.cmake"
[0.291s] but not all the files it references.
[0.291s] 
[0.307s] -- Checking for module 'libusb-1.0'
[0.309s] --   No package 'libusb-1.0' found
[0.311s] -- Could NOT find USB_10 (missing: USB_10_LIBRARY USB_10_INCLUDE_DIR) 
[0.311s] -- OpenNI disabled because libusb-1.0 not found.
[0.311s] ** WARNING ** io features related to openni will be disabled
[0.315s] -- Checking for module 'libusb-1.0'
[0.317s] --   No package 'libusb-1.0' found
[0.319s] -- Could NOT find USB_10 (missing: USB_10_LIBRARY USB_10_INCLUDE_DIR) 
[0.319s] -- OpenNI 2 disabled because libusb-1.0 not found.
[0.319s] ** WARNING ** io features related to openni2 will be disabled
[0.319s] ** WARNING ** io features related to pcap will be disabled
[0.319s] ** WARNING ** io features related to png will be disabled
[0.331s] -- LIBUSB_1_LIBRARY (missing: LIBUSB_1_INCLUDE_DIR) 
[0.331s] ** WARNING ** io features related to libusb-1.0 will be disabled
[0.334s] -- Checking for module 'libusb-1.0'
[0.336s] --   No package 'libusb-1.0' found
[0.339s] -- Could NOT find USB_10 (missing: USB_10_LIBRARY USB_10_INCLUDE_DIR) 
[0.339s] -- OpenNI disabled because libusb-1.0 not found.
[0.339s] ** WARNING ** visualization features related to openni will be disabled
[0.342s] -- Checking for module 'libusb-1.0'
[0.344s] --   No package 'libusb-1.0' found
[0.347s] -- Could NOT find USB_10 (missing: USB_10_LIBRARY USB_10_INCLUDE_DIR) 
[0.347s] -- OpenNI 2 disabled because libusb-1.0 not found.
[0.347s] ** WARNING ** visualization features related to openni2 will be disabled
[0.358s] -- QHULL found (include: /usr/include, lib: optimized;/usr/lib/x86_64-linux-gnu/libqhull.so;debug;/usr/lib/x86_64-linux-gnu/libqhull.so)
[0.361s] -- Checking for module 'libusb-1.0'
[0.363s] --   No package 'libusb-1.0' found
[0.366s] -- Could NOT find USB_10 (missing: USB_10_LIBRARY USB_10_INCLUDE_DIR) 
[0.366s] -- OpenNI disabled because libusb-1.0 not found.
[0.366s] ** WARNING ** apps features related to openni will be disabled
[0.376s] -- looking for PCL_COMMON
[0.376s] -- looking for PCL_KDTREE
[0.377s] -- looking for PCL_OCTREE
[0.377s] -- looking for PCL_SEARCH
[0.378s] -- looking for PCL_SAMPLE_CONSENSUS
[0.378s] -- looking for PCL_FILTERS
[0.379s] -- looking for PCL_2D
[0.379s] -- looking for PCL_GEOMETRY
[0.379s] -- looking for PCL_IO
[0.380s] -- looking for PCL_FEATURES
[0.380s] -- looking for PCL_ML
[0.381s] -- looking for PCL_SEGMENTATION
[0.381s] -- looking for PCL_VISUALIZATION
[0.382s] -- looking for PCL_SURFACE
[0.382s] -- looking for PCL_REGISTRATION
[0.383s] -- looking for PCL_KEYPOINTS
[0.384s] -- looking for PCL_TRACKING
[0.384s] -- looking for PCL_RECOGNITION
[0.385s] -- looking for PCL_STEREO
[0.385s] -- looking for PCL_APPS
[0.386s] -- looking for PCL_IN_HAND_SCANNER
[0.387s] -- looking for PCL_POINT_CLOUD_EDITOR
[0.387s] -- looking for PCL_OUTOFCORE
[0.388s] -- looking for PCL_PEOPLE
[0.389s] -- Found pcl_conversions: 2.2.1 (/opt/ros/foxy/share/pcl_conversions/cmake)
[0.405s] -- Using all available rosidl_typesupport_c: rosidl_typesupport_fastrtps_c;rosidl_typesupport_introspection_c
[0.408s] -- Found rosidl_adapter: 1.2.1 (/opt/ros/foxy/share/rosidl_adapter/cmake)
[0.499s] -- Using all available rosidl_typesupport_cpp: rosidl_typesupport_fastrtps_cpp;rosidl_typesupport_introspection_cpp
[0.783s] -- Found rmw_implementation_cmake: 1.0.3 (/opt/ros/foxy/share/rmw_implementation_cmake/cmake)
[0.784s] -- Using RMW implementation 'rmw_fastrtps_cpp' as default
[0.913s] -- Found tf2: 0.13.13 (/opt/ros/foxy/share/tf2/cmake)
[0.921s] -- Found tf2_geometry_msgs: 0.13.13 (/opt/ros/foxy/share/tf2_geometry_msgs/cmake)
[0.926s] -- Found eigen3_cmake_module: 0.1.1 (/opt/ros/foxy/share/eigen3_cmake_module/cmake)
[1.257s] -- Found ament_lint_auto: 0.9.6 (/opt/ros/foxy/share/ament_lint_auto/cmake)
[1.307s] -- Added test 'copyright' to check source files copyright and LICENSE
[1.308s] -- Added test 'cppcheck' to perform static code analysis on C / C++ code
[1.308s] -- Configured cppcheck include dirs: 
[1.308s] -- Configured cppcheck exclude dirs and/or files: 
[1.309s] -- Added test 'cpplint' to check C / C++ code against the Google style
[1.309s] -- Configured cpplint exclude dirs and/or files: 
[1.309s] -- Added test 'lint_cmake' to check CMake code style
[1.310s] -- Added test 'uncrustify' to check C / C++ code style
[1.310s] -- Configured uncrustify additional arguments: 
[1.310s] -- Added test 'xmllint' to check XML markup files
[1.313s] -- Configuring done
[1.315s] CMake Error at CMakeLists.txt:59 (add_executable):
[1.315s]   Cannot find source file:
[1.315s] 
[1.315s]     matrix_transform.cpp
[1.315s] 
[1.315s]   Tried extensions .c .C .c++ .cc .cpp .cxx .cu .m .M .mm .h .hh .h++ .hm
[1.315s]   .hpp .hxx .in .txx
[1.315s] 
[1.315s] 
[1.317s] CMake Error at CMakeLists.txt:59 (add_executable):
[1.317s]   No SOURCES given to target: matrix_transform
[1.317s] 
[1.318s] 
[1.318s] CMake Generate step failed.  Build files cannot be regenerated correctly.
[1.325s] make: *** [Makefile:266: cmake_check_build_system] Error 1
[1.326s] Invoked command in '/home/mete/catkin_ws/build/pcl' returned '2': CMAKE_PREFIX_PATH=/home/mete/catkin_ws/install/pcl_conversions:/home/mete/catkin_ws/install/perception_pcl:/home/mete/catkin_ws/install/pcl_ros:/home/mete/catkin_ws/install/pcl:/home/mete/catkin_ws/install/localization:/opt/ros/foxy /usr/bin/cmake --build /home/mete/catkin_ws/build/pcl -- -j12 -l12
