[35m[1mScanning dependencies of target register[0m
[ 50%] Built target matrix_transform
[ 75%] [32mBuilding CXX object CMakeFiles/register.dir/src/register.cpp.o[0m
[01m[K/home/mete/catkin_ws/src/pcl/src/register.cpp:[m[K In constructor ‘[01m[KMinimalPublisher::MinimalPublisher()[m[K’:
[01m[K/home/mete/catkin_ws/src/pcl/src/register.cpp:169:23:[m[K [01;35m[Kwarning: [m[Kvariable ‘[01m[KGlobalTransform[m[K’ set but not used [[01;35m[K-Wunused-but-set-variable[m[K]
  169 |       Eigen::Matrix4f [01;35m[KGlobalTransform[m[K = Eigen::Matrix4f::Identity (), pairTransform;
      |                       [01;35m[K^~~~~~~~~~~~~~~[m[K
[01m[K/home/mete/catkin_ws/src/pcl/src/register.cpp:230:14:[m[K [01;35m[Kwarning: [m[Kunused variable ‘[01m[Kis_converged[m[K’ [[01;35m[K-Wunused-variable[m[K]
  230 |         bool [01;35m[Kis_converged[m[K         = gicp.hasConverged();
      |              [01;35m[K^~~~~~~~~~~~[m[K
[01m[K/home/mete/catkin_ws/src/pcl/src/register.cpp:[m[K In function ‘[01m[Kint main(int, char**)[m[K’:
[01m[K/home/mete/catkin_ws/src/pcl/src/register.cpp:296:19:[m[K [01;35m[Kwarning: [m[Kvariable ‘[01m[KGlobalTransform[m[K’ set but not used [[01;35m[K-Wunused-but-set-variable[m[K]
  296 |   Eigen::Matrix4f [01;35m[KGlobalTransform[m[K = Eigen::Matrix4f::Identity (), pairTransform;
      |                   [01;35m[K^~~~~~~~~~~~~~~[m[K
[100%] [32m[1mLinking CXX executable register[0m
[100%] Built target register
-- Install configuration: ""
-- Installing: /home/mete/catkin_ws/install/pcl/lib/pcl/register
-- Set runtime path of "/home/mete/catkin_ws/install/pcl/lib/pcl/register" to ""
-- Up-to-date: /home/mete/catkin_ws/install/pcl/share/ament_index/resource_index/package_run_dependencies/pcl
-- Up-to-date: /home/mete/catkin_ws/install/pcl/share/ament_index/resource_index/parent_prefix_path/pcl
-- Up-to-date: /home/mete/catkin_ws/install/pcl/share/pcl/environment/ament_prefix_path.sh
-- Up-to-date: /home/mete/catkin_ws/install/pcl/share/pcl/environment/ament_prefix_path.dsv
-- Up-to-date: /home/mete/catkin_ws/install/pcl/share/pcl/environment/path.sh
-- Up-to-date: /home/mete/catkin_ws/install/pcl/share/pcl/environment/path.dsv
-- Up-to-date: /home/mete/catkin_ws/install/pcl/share/pcl/local_setup.bash
-- Up-to-date: /home/mete/catkin_ws/install/pcl/share/pcl/local_setup.sh
-- Up-to-date: /home/mete/catkin_ws/install/pcl/share/pcl/local_setup.zsh
-- Up-to-date: /home/mete/catkin_ws/install/pcl/share/pcl/local_setup.dsv
-- Installing: /home/mete/catkin_ws/install/pcl/share/pcl/package.dsv
-- Up-to-date: /home/mete/catkin_ws/install/pcl/share/ament_index/resource_index/packages/pcl
-- Up-to-date: /home/mete/catkin_ws/install/pcl/share/pcl/cmake/pclConfig.cmake
-- Up-to-date: /home/mete/catkin_ws/install/pcl/share/pcl/cmake/pclConfig-version.cmake
-- Up-to-date: /home/mete/catkin_ws/install/pcl/share/pcl/package.xml
