[0.015s] Invoking command in '/home/mete/catkin_ws/build/pcl': CMAKE_PREFIX_PATH=/home/mete/catkin_ws/install/pcl_conversions:/home/mete/catkin_ws/install/perception_pcl:/home/mete/catkin_ws/install/pcl_ros:/home/mete/catkin_ws/install/pcl:/home/mete/catkin_ws/install/localization:/home/mete/catkin_ws2/install/pugixml:/home/mete/catkin_ws2/install/parser:/home/mete/catkin_ws2/install/localization:/home/mete/catkin_ws2/install/LibKML:/home/mete/catkin_ws2/install/GeographicLib:/opt/ros/foxy /usr/bin/cmake --build /home/mete/catkin_ws/build/pcl -- -j12 -l12
[0.052s] [35m[1mScanning dependencies of target register[0m
[0.076s] [ 33%] Built target matrix_transform
[0.079s] [ 66%] Built target pcd_read
[0.081s] [ 83%] [32mBuilding CXX object CMakeFiles/register.dir/src/register.cpp.o[0m
[4.944s] [01m[K/home/mete/catkin_ws/src/pcl/src/register.cpp:[m[K In function ‘[01m[Kvoid loadData_1(int, char**, std::vector<PCD, Eigen::aligned_allocator<PCD> >&)[m[K’:
[4.944s] [01m[K/home/mete/catkin_ws/src/pcl/src/register.cpp:50:22:[m[K [01;35m[Kwarning: [m[Kunused parameter ‘[01m[Kargc[m[K’ [[01;35m[K-Wunused-parameter[m[K]
[4.944s]    50 | void loadData_1 ([01;35m[Kint argc[m[K, char **argv, std::vector<PCD, Eigen::aligned_allocator<PCD> > &models)
[4.944s]       |                  [01;35m[K~~~~^~~~[m[K
[4.944s] [01m[K/home/mete/catkin_ws/src/pcl/src/register.cpp:50:35:[m[K [01;35m[Kwarning: [m[Kunused parameter ‘[01m[Kargv[m[K’ [[01;35m[K-Wunused-parameter[m[K]
[4.944s]    50 | void loadData_1 (int argc, [01;35m[Kchar **argv[m[K, std::vector<PCD, Eigen::aligned_allocator<PCD> > &models)
[4.944s]       |                            [01;35m[K~~~~~~~^~~~[m[K
[4.944s] [01m[K/home/mete/catkin_ws/src/pcl/src/register.cpp:[m[K In function ‘[01m[Kvoid loadData_2(int, char**, std::vector<PCD, Eigen::aligned_allocator<PCD> >&)[m[K’:
[4.944s] [01m[K/home/mete/catkin_ws/src/pcl/src/register.cpp:76:22:[m[K [01;35m[Kwarning: [m[Kunused parameter ‘[01m[Kargc[m[K’ [[01;35m[K-Wunused-parameter[m[K]
[4.944s]    76 | void loadData_2 ([01;35m[Kint argc[m[K, char **argv, std::vector<PCD, Eigen::aligned_allocator<PCD> > &models)
[4.944s]       |                  [01;35m[K~~~~^~~~[m[K
[4.944s] [01m[K/home/mete/catkin_ws/src/pcl/src/register.cpp:76:35:[m[K [01;35m[Kwarning: [m[Kunused parameter ‘[01m[Kargv[m[K’ [[01;35m[K-Wunused-parameter[m[K]
[4.944s]    76 | void loadData_2 (int argc, [01;35m[Kchar **argv[m[K, std::vector<PCD, Eigen::aligned_allocator<PCD> > &models)
[4.944s]       |                            [01;35m[K~~~~~~~^~~~[m[K
[5.613s] make[2]: *** [CMakeFiles/register.dir/build.make:63: CMakeFiles/register.dir/src/register.cpp.o] Interrupt
[5.613s] make[1]: *** [CMakeFiles/Makefile2:82: CMakeFiles/register.dir/all] Interrupt
[5.614s] make: *** [Makefile:141: all] Interrupt
[5.638s] Invoked command in '/home/mete/catkin_ws/build/pcl' returned '-2': CMAKE_PREFIX_PATH=/home/mete/catkin_ws/install/pcl_conversions:/home/mete/catkin_ws/install/perception_pcl:/home/mete/catkin_ws/install/pcl_ros:/home/mete/catkin_ws/install/pcl:/home/mete/catkin_ws/install/localization:/home/mete/catkin_ws2/install/pugixml:/home/mete/catkin_ws2/install/parser:/home/mete/catkin_ws2/install/localization:/home/mete/catkin_ws2/install/LibKML:/home/mete/catkin_ws2/install/GeographicLib:/opt/ros/foxy /usr/bin/cmake --build /home/mete/catkin_ws/build/pcl -- -j12 -l12
