[0.010s] Invoking command in '/home/mete/catkin_ws/build/perception_pcl': CMAKE_PREFIX_PATH=/home/mete/catkin_ws/install/pcl_ros:/home/mete/catkin_ws/install/pcl_conversions:/home/mete/catkin_ws/install/perception_pcl:/home/mete/catkin_ws/install/pcl:/home/mete/catkin_ws/install/localization:/opt/ros/foxy /usr/bin/cmake --build /home/mete/catkin_ws/build/perception_pcl -- -j12 -l12
[0.040s] Invoked command in '/home/mete/catkin_ws/build/perception_pcl' returned '0': CMAKE_PREFIX_PATH=/home/mete/catkin_ws/install/pcl_ros:/home/mete/catkin_ws/install/pcl_conversions:/home/mete/catkin_ws/install/perception_pcl:/home/mete/catkin_ws/install/pcl:/home/mete/catkin_ws/install/localization:/opt/ros/foxy /usr/bin/cmake --build /home/mete/catkin_ws/build/perception_pcl -- -j12 -l12
[0.059s] Invoking command in '/home/mete/catkin_ws/build/perception_pcl': CMAKE_PREFIX_PATH=/home/mete/catkin_ws/install/pcl_ros:/home/mete/catkin_ws/install/pcl_conversions:/home/mete/catkin_ws/install/perception_pcl:/home/mete/catkin_ws/install/pcl:/home/mete/catkin_ws/install/localization:/opt/ros/foxy /usr/bin/cmake --install /home/mete/catkin_ws/build/perception_pcl
[0.066s] -- Install configuration: ""
[0.066s] -- Up-to-date: /home/mete/catkin_ws/install/perception_pcl/share/ament_index/resource_index/package_run_dependencies/perception_pcl
[0.066s] -- Up-to-date: /home/mete/catkin_ws/install/perception_pcl/share/ament_index/resource_index/parent_prefix_path/perception_pcl
[0.066s] -- Up-to-date: /home/mete/catkin_ws/install/perception_pcl/share/perception_pcl/environment/ament_prefix_path.sh
[0.066s] -- Up-to-date: /home/mete/catkin_ws/install/perception_pcl/share/perception_pcl/environment/ament_prefix_path.dsv
[0.066s] -- Up-to-date: /home/mete/catkin_ws/install/perception_pcl/share/perception_pcl/environment/path.sh
[0.066s] -- Up-to-date: /home/mete/catkin_ws/install/perception_pcl/share/perception_pcl/environment/path.dsv
[0.066s] -- Up-to-date: /home/mete/catkin_ws/install/perception_pcl/share/perception_pcl/local_setup.bash
[0.066s] -- Up-to-date: /home/mete/catkin_ws/install/perception_pcl/share/perception_pcl/local_setup.sh
[0.066s] -- Up-to-date: /home/mete/catkin_ws/install/perception_pcl/share/perception_pcl/local_setup.zsh
[0.066s] -- Up-to-date: /home/mete/catkin_ws/install/perception_pcl/share/perception_pcl/local_setup.dsv
[0.067s] -- Installing: /home/mete/catkin_ws/install/perception_pcl/share/perception_pcl/package.dsv
[0.067s] -- Up-to-date: /home/mete/catkin_ws/install/perception_pcl/share/ament_index/resource_index/packages/perception_pcl
[0.067s] -- Up-to-date: /home/mete/catkin_ws/install/perception_pcl/share/perception_pcl/cmake/perception_pclConfig.cmake
[0.067s] -- Up-to-date: /home/mete/catkin_ws/install/perception_pcl/share/perception_pcl/cmake/perception_pclConfig-version.cmake
[0.067s] -- Up-to-date: /home/mete/catkin_ws/install/perception_pcl/share/perception_pcl/package.xml
[0.070s] Invoked command in '/home/mete/catkin_ws/build/perception_pcl' returned '0': CMAKE_PREFIX_PATH=/home/mete/catkin_ws/install/pcl_ros:/home/mete/catkin_ws/install/pcl_conversions:/home/mete/catkin_ws/install/perception_pcl:/home/mete/catkin_ws/install/pcl:/home/mete/catkin_ws/install/localization:/opt/ros/foxy /usr/bin/cmake --install /home/mete/catkin_ws/build/perception_pcl
