[0.017s] Invoking command in '/home/mete/catkin_ws/build/pcl': CMAKE_PREFIX_PATH=/home/mete/catkin_ws/install/pcl_conversions:/home/mete/catkin_ws/install/perception_pcl:/home/mete/catkin_ws/install/pcl_ros:/home/mete/catkin_ws/install/pcl:/home/mete/catkin_ws/install/localization:/home/mete/catkin_ws2/install/pugixml:/home/mete/catkin_ws2/install/parser:/home/mete/catkin_ws2/install/localization:/home/mete/catkin_ws2/install/LibKML:/home/mete/catkin_ws2/install/GeographicLib:/opt/ros/foxy /usr/bin/cmake --build /home/mete/catkin_ws/build/pcl -- -j12 -l12
[0.058s] [35m[1mScanning dependencies of target register[0m
[0.077s] [ 50%] Built target matrix_transform
[0.102s] [ 75%] [32mBuilding CXX object CMakeFiles/register.dir/src/register.cpp.o[0m
[5.328s] [01m[K/home/mete/catkin_ws/src/pcl/src/register.cpp:[m[K In constructor ‘[01m[KMinimalPublisher::MinimalPublisher()[m[K’:
[5.328s] [01m[K/home/mete/catkin_ws/src/pcl/src/register.cpp:69:21:[m[K [01;31m[Kerror: [m[Kno match for ‘[01m[Koperator*[m[K’ (operand type is ‘[01m[Ksensor_msgs::msg::PointCloud2[m[K’ {aka ‘[01m[Ksensor_msgs::msg::PointCloud2_<std::allocator<void> >[m[K’})
[5.328s]    69 |       pcl::toROSMsg([01;31m[K*ros_cloud1[m[K, cloud_1);
[5.328s]       |                     [01;31m[K^~~~~~~~~~~[m[K
[5.328s] In file included from [01m[K/usr/include/eigen3/Eigen/Core:96[m[K,
[5.329s]                  from [01m[K/usr/include/pcl-1.10/pcl/pcl_macros.h:75[m[K,
[5.329s]                  from [01m[K/usr/include/pcl-1.10/pcl/PCLPointField.h:10[m[K,
[5.329s]                  from [01m[K/usr/include/pcl-1.10/pcl/conversions.h:46[m[K,
[5.329s]                  from [01m[K/opt/ros/foxy/include/pcl_conversions/pcl_conversions.h:46[m[K,
[5.329s]                  from [01m[K/home/mete/catkin_ws/src/pcl/src/register.cpp:1[m[K:
[5.329s] [01m[K/usr/include/c++/9/complex:391:5:[m[K [01;36m[Knote: [m[Kcandidate: ‘[01m[Ktemplate<class _Tp> std::complex<_Tp> std::operator*(const std::complex<_Tp>&, const std::complex<_Tp>&)[m[K’
[5.329s]   391 |     [01;36m[Koperator[m[K*(const complex<_Tp>& __x, const complex<_Tp>& __y)
[5.329s]       |     [01;36m[K^~~~~~~~[m[K
[5.329s] [01m[K/usr/include/c++/9/complex:391:5:[m[K [01;36m[Knote: [m[K  template argument deduction/substitution failed:
[5.329s] [01m[K/home/mete/catkin_ws/src/pcl/src/register.cpp:69:22:[m[K [01;36m[Knote: [m[K  ‘[01m[Ksensor_msgs::msg::PointCloud2[m[K’ {aka ‘[01m[Ksensor_msgs::msg::PointCloud2_<std::allocator<void> >[m[K’} is not derived from ‘[01m[Kconst std::complex<_Tp>[m[K’
[5.329s]    69 |       pcl::toROSMsg(*[01;36m[Kros_cloud1[m[K, cloud_1);
[5.329s]       |                      [01;36m[K^~~~~~~~~~[m[K
[5.329s] In file included from [01m[K/usr/include/eigen3/Eigen/Core:96[m[K,
[5.329s]                  from [01m[K/usr/include/pcl-1.10/pcl/pcl_macros.h:75[m[K,
[5.329s]                  from [01m[K/usr/include/pcl-1.10/pcl/PCLPointField.h:10[m[K,
[5.329s]                  from [01m[K/usr/include/pcl-1.10/pcl/conversions.h:46[m[K,
[5.329s]                  from [01m[K/opt/ros/foxy/include/pcl_conversions/pcl_conversions.h:46[m[K,
[5.329s]                  from [01m[K/home/mete/catkin_ws/src/pcl/src/register.cpp:1[m[K:
[5.329s] [01m[K/usr/include/c++/9/complex:400:5:[m[K [01;36m[Knote: [m[Kcandidate: ‘[01m[Ktemplate<class _Tp> std::complex<_Tp> std::operator*(const std::complex<_Tp>&, const _Tp&)[m[K’
[5.329s]   400 |     [01;36m[Koperator[m[K*(const complex<_Tp>& __x, const _Tp& __y)
[5.329s]       |     [01;36m[K^~~~~~~~[m[K
[5.330s] [01m[K/usr/include/c++/9/complex:400:5:[m[K [01;36m[Knote: [m[K  template argument deduction/substitution failed:
[5.330s] [01m[K/home/mete/catkin_ws/src/pcl/src/register.cpp:69:22:[m[K [01;36m[Knote: [m[K  ‘[01m[Ksensor_msgs::msg::PointCloud2[m[K’ {aka ‘[01m[Ksensor_msgs::msg::PointCloud2_<std::allocator<void> >[m[K’} is not derived from ‘[01m[Kconst std::complex<_Tp>[m[K’
[5.330s]    69 |       pcl::toROSMsg(*[01;36m[Kros_cloud1[m[K, cloud_1);
[5.330s]       |                      [01;36m[K^~~~~~~~~~[m[K
[5.330s] In file included from [01m[K/usr/include/eigen3/Eigen/Core:96[m[K,
[5.330s]                  from [01m[K/usr/include/pcl-1.10/pcl/pcl_macros.h:75[m[K,
[5.330s]                  from [01m[K/usr/include/pcl-1.10/pcl/PCLPointField.h:10[m[K,
[5.330s]                  from [01m[K/usr/include/pcl-1.10/pcl/conversions.h:46[m[K,
[5.330s]                  from [01m[K/opt/ros/foxy/include/pcl_conversions/pcl_conversions.h:46[m[K,
[5.330s]                  from [01m[K/home/mete/catkin_ws/src/pcl/src/register.cpp:1[m[K:
[5.330s] [01m[K/usr/include/c++/9/complex:409:5:[m[K [01;36m[Knote: [m[Kcandidate: ‘[01m[Ktemplate<class _Tp> std::complex<_Tp> std::operator*(const _Tp&, const std::complex<_Tp>&)[m[K’
[5.330s]   409 |     [01;36m[Koperator[m[K*(const _Tp& __x, const complex<_Tp>& __y)
[5.330s]       |     [01;36m[K^~~~~~~~[m[K
[5.330s] [01m[K/usr/include/c++/9/complex:409:5:[m[K [01;36m[Knote: [m[K  template argument deduction/substitution failed:
[5.330s] [01m[K/home/mete/catkin_ws/src/pcl/src/register.cpp:69:22:[m[K [01;36m[Knote: [m[K  candidate expects 2 arguments, 1 provided
[5.330s]    69 |       pcl::toROSMsg(*[01;36m[Kros_cloud1[m[K, cloud_1);
[5.330s]       |                      [01;36m[K^~~~~~~~~~[m[K
[5.330s] [01m[K/home/mete/catkin_ws/src/pcl/src/register.cpp:70:21:[m[K [01;31m[Kerror: [m[Kno match for ‘[01m[Koperator*[m[K’ (operand type is ‘[01m[Ksensor_msgs::msg::PointCloud2[m[K’ {aka ‘[01m[Ksensor_msgs::msg::PointCloud2_<std::allocator<void> >[m[K’})
[5.330s]    70 |       pcl::toROSMsg([01;31m[K*ros_cloud2[m[K, cloud_2);
[5.330s]       |                     [01;31m[K^~~~~~~~~~~[m[K
[5.331s] In file included from [01m[K/usr/include/eigen3/Eigen/Core:96[m[K,
[5.331s]                  from [01m[K/usr/include/pcl-1.10/pcl/pcl_macros.h:75[m[K,
[5.331s]                  from [01m[K/usr/include/pcl-1.10/pcl/PCLPointField.h:10[m[K,
[5.331s]                  from [01m[K/usr/include/pcl-1.10/pcl/conversions.h:46[m[K,
[5.331s]                  from [01m[K/opt/ros/foxy/include/pcl_conversions/pcl_conversions.h:46[m[K,
[5.331s]                  from [01m[K/home/mete/catkin_ws/src/pcl/src/register.cpp:1[m[K:
[5.331s] [01m[K/usr/include/c++/9/complex:391:5:[m[K [01;36m[Knote: [m[Kcandidate: ‘[01m[Ktemplate<class _Tp> std::complex<_Tp> std::operator*(const std::complex<_Tp>&, const std::complex<_Tp>&)[m[K’
[5.331s]   391 |     [01;36m[Koperator[m[K*(const complex<_Tp>& __x, const complex<_Tp>& __y)
[5.331s]       |     [01;36m[K^~~~~~~~[m[K
[5.331s] [01m[K/usr/include/c++/9/complex:391:5:[m[K [01;36m[Knote: [m[K  template argument deduction/substitution failed:
[5.331s] [01m[K/home/mete/catkin_ws/src/pcl/src/register.cpp:70:22:[m[K [01;36m[Knote: [m[K  ‘[01m[Ksensor_msgs::msg::PointCloud2[m[K’ {aka ‘[01m[Ksensor_msgs::msg::PointCloud2_<std::allocator<void> >[m[K’} is not derived from ‘[01m[Kconst std::complex<_Tp>[m[K’
[5.331s]    70 |       pcl::toROSMsg(*[01;36m[Kros_cloud2[m[K, cloud_2);
[5.331s]       |                      [01;36m[K^~~~~~~~~~[m[K
[5.331s] In file included from [01m[K/usr/include/eigen3/Eigen/Core:96[m[K,
[5.331s]                  from [01m[K/usr/include/pcl-1.10/pcl/pcl_macros.h:75[m[K,
[5.331s]                  from [01m[K/usr/include/pcl-1.10/pcl/PCLPointField.h:10[m[K,
[5.331s]                  from [01m[K/usr/include/pcl-1.10/pcl/conversions.h:46[m[K,
[5.331s]                  from [01m[K/opt/ros/foxy/include/pcl_conversions/pcl_conversions.h:46[m[K,
[5.331s]                  from [01m[K/home/mete/catkin_ws/src/pcl/src/register.cpp:1[m[K:
[5.331s] [01m[K/usr/include/c++/9/complex:400:5:[m[K [01;36m[Knote: [m[Kcandidate: ‘[01m[Ktemplate<class _Tp> std::complex<_Tp> std::operator*(const std::complex<_Tp>&, const _Tp&)[m[K’
[5.331s]   400 |     [01;36m[Koperator[m[K*(const complex<_Tp>& __x, const _Tp& __y)
[5.332s]       |     [01;36m[K^~~~~~~~[m[K
[5.332s] [01m[K/usr/include/c++/9/complex:400:5:[m[K [01;36m[Knote: [m[K  template argument deduction/substitution failed:
[5.332s] [01m[K/home/mete/catkin_ws/src/pcl/src/register.cpp:70:22:[m[K [01;36m[Knote: [m[K  ‘[01m[Ksensor_msgs::msg::PointCloud2[m[K’ {aka ‘[01m[Ksensor_msgs::msg::PointCloud2_<std::allocator<void> >[m[K’} is not derived from ‘[01m[Kconst std::complex<_Tp>[m[K’
[5.332s]    70 |       pcl::toROSMsg(*[01;36m[Kros_cloud2[m[K, cloud_2);
[5.332s]       |                      [01;36m[K^~~~~~~~~~[m[K
[5.332s] In file included from [01m[K/usr/include/eigen3/Eigen/Core:96[m[K,
[5.332s]                  from [01m[K/usr/include/pcl-1.10/pcl/pcl_macros.h:75[m[K,
[5.332s]                  from [01m[K/usr/include/pcl-1.10/pcl/PCLPointField.h:10[m[K,
[5.332s]                  from [01m[K/usr/include/pcl-1.10/pcl/conversions.h:46[m[K,
[5.332s]                  from [01m[K/opt/ros/foxy/include/pcl_conversions/pcl_conversions.h:46[m[K,
[5.332s]                  from [01m[K/home/mete/catkin_ws/src/pcl/src/register.cpp:1[m[K:
[5.332s] [01m[K/usr/include/c++/9/complex:409:5:[m[K [01;36m[Knote: [m[Kcandidate: ‘[01m[Ktemplate<class _Tp> std::complex<_Tp> std::operator*(const _Tp&, const std::complex<_Tp>&)[m[K’
[5.332s]   409 |     [01;36m[Koperator[m[K*(const _Tp& __x, const complex<_Tp>& __y)
[5.332s]       |     [01;36m[K^~~~~~~~[m[K
[5.332s] [01m[K/usr/include/c++/9/complex:409:5:[m[K [01;36m[Knote: [m[K  template argument deduction/substitution failed:
[5.332s] [01m[K/home/mete/catkin_ws/src/pcl/src/register.cpp:70:22:[m[K [01;36m[Knote: [m[K  candidate expects 2 arguments, 1 provided
[5.332s]    70 |       pcl::toROSMsg(*[01;36m[Kros_cloud2[m[K, cloud_2);
[5.332s]       |                      [01;36m[K^~~~~~~~~~[m[K
[5.334s] [01m[K/home/mete/catkin_ws/src/pcl/src/register.cpp:[m[K In member function ‘[01m[Kvoid MinimalPublisher::timer_callback()[m[K’:
[5.334s] [01m[K/home/mete/catkin_ws/src/pcl/src/register.cpp:78:7:[m[K [01;31m[Kerror: [m[K‘[01m[Kros_cloud1[m[K’ was not declared in this scope
[5.334s]    78 |       [01;31m[Kros_cloud1[m[K.header.frame_id = "map";
[5.334s]       |       [01;31m[K^~~~~~~~~~[m[K
[5.338s] [01m[K/home/mete/catkin_ws/src/pcl/src/register.cpp:81:7:[m[K [01;31m[Kerror: [m[K‘[01m[Kros_cloud2[m[K’ was not declared in this scope
[5.338s]    81 |       [01;31m[Kros_cloud2[m[K.header.frame_id = "map";
[5.338s]       |       [01;31m[K^~~~~~~~~~[m[K
[15.610s] make[2]: *** [CMakeFiles/register.dir/build.make:63: CMakeFiles/register.dir/src/register.cpp.o] Error 1
[15.610s] make[1]: *** [CMakeFiles/Makefile2:80: CMakeFiles/register.dir/all] Error 2
[15.610s] make: *** [Makefile:141: all] Error 2
[15.613s] Invoked command in '/home/mete/catkin_ws/build/pcl' returned '2': CMAKE_PREFIX_PATH=/home/mete/catkin_ws/install/pcl_conversions:/home/mete/catkin_ws/install/perception_pcl:/home/mete/catkin_ws/install/pcl_ros:/home/mete/catkin_ws/install/pcl:/home/mete/catkin_ws/install/localization:/home/mete/catkin_ws2/install/pugixml:/home/mete/catkin_ws2/install/parser:/home/mete/catkin_ws2/install/localization:/home/mete/catkin_ws2/install/LibKML:/home/mete/catkin_ws2/install/GeographicLib:/opt/ros/foxy /usr/bin/cmake --build /home/mete/catkin_ws/build/pcl -- -j12 -l12
