[0.016s] Invoking command in '/home/mete/catkin_ws/build/pcl': CMAKE_PREFIX_PATH=/home/mete/catkin_ws/install/pcl_conversions:/home/mete/catkin_ws/install/perception_pcl:/home/mete/catkin_ws/install/pcl_ros:/home/mete/catkin_ws/install/pcl:/home/mete/catkin_ws/install/localization:/home/mete/catkin_ws2/install/pugixml:/home/mete/catkin_ws2/install/parser:/home/mete/catkin_ws2/install/localization:/home/mete/catkin_ws2/install/LibKML:/home/mete/catkin_ws2/install/GeographicLib:/opt/ros/foxy /usr/bin/cmake --build /home/mete/catkin_ws/build/pcl -- -j12 -l12
[0.055s] [35m[1mScanning dependencies of target register[0m
[0.073s] [ 50%] Built target matrix_transform
[0.099s] [ 75%] [32mBuilding CXX object CMakeFiles/register.dir/src/register.cpp.o[0m
[5.822s] [01m[K/home/mete/catkin_ws/src/pcl/src/register.cpp:[m[K In constructor ‘[01m[KMinimalPublisher::MinimalPublisher()[m[K’:
[5.822s] [01m[K/home/mete/catkin_ws/src/pcl/src/register.cpp:169:23:[m[K [01;35m[Kwarning: [m[Kvariable ‘[01m[KGlobalTransform[m[K’ set but not used [[01;35m[K-Wunused-but-set-variable[m[K]
[5.822s]   169 |       Eigen::Matrix4f [01;35m[KGlobalTransform[m[K = Eigen::Matrix4f::Identity (), pairTransform;
[5.822s]       |                       [01;35m[K^~~~~~~~~~~~~~~[m[K
[5.822s] [01m[K/home/mete/catkin_ws/src/pcl/src/register.cpp:228:25:[m[K [01;35m[Kwarning: [m[Kvariable ‘[01m[Ksrc2tgt[m[K’ set but not used [[01;35m[K-Wunused-but-set-variable[m[K]
[5.822s]   228 |         Eigen::Matrix4f [01;35m[Ksrc2tgt[m[K   = gicp.getFinalTransformation();
[5.822s]       |                         [01;35m[K^~~~~~~[m[K
[5.822s] [01m[K/home/mete/catkin_ws/src/pcl/src/register.cpp:230:14:[m[K [01;35m[Kwarning: [m[Kunused variable ‘[01m[Kis_converged[m[K’ [[01;35m[K-Wunused-variable[m[K]
[5.822s]   230 |         bool [01;35m[Kis_converged[m[K         = gicp.hasConverged();
[5.822s]       |              [01;35m[K^~~~~~~~~~~~[m[K
[5.826s] [01m[K/home/mete/catkin_ws/src/pcl/src/register.cpp:[m[K In function ‘[01m[Kint main(int, char**)[m[K’:
[5.826s] [01m[K/home/mete/catkin_ws/src/pcl/src/register.cpp:296:19:[m[K [01;35m[Kwarning: [m[Kvariable ‘[01m[KGlobalTransform[m[K’ set but not used [[01;35m[K-Wunused-but-set-variable[m[K]
[5.826s]   296 |   Eigen::Matrix4f [01;35m[KGlobalTransform[m[K = Eigen::Matrix4f::Identity (), pairTransform;
[5.826s]       |                   [01;35m[K^~~~~~~~~~~~~~~[m[K
[25.175s] [100%] [32m[1mLinking CXX executable register[0m
[31.272s] [100%] Built target register
[31.283s] Invoked command in '/home/mete/catkin_ws/build/pcl' returned '0': CMAKE_PREFIX_PATH=/home/mete/catkin_ws/install/pcl_conversions:/home/mete/catkin_ws/install/perception_pcl:/home/mete/catkin_ws/install/pcl_ros:/home/mete/catkin_ws/install/pcl:/home/mete/catkin_ws/install/localization:/home/mete/catkin_ws2/install/pugixml:/home/mete/catkin_ws2/install/parser:/home/mete/catkin_ws2/install/localization:/home/mete/catkin_ws2/install/LibKML:/home/mete/catkin_ws2/install/GeographicLib:/opt/ros/foxy /usr/bin/cmake --build /home/mete/catkin_ws/build/pcl -- -j12 -l12
[31.304s] Invoking command in '/home/mete/catkin_ws/build/pcl': CMAKE_PREFIX_PATH=/home/mete/catkin_ws/install/pcl_conversions:/home/mete/catkin_ws/install/perception_pcl:/home/mete/catkin_ws/install/pcl_ros:/home/mete/catkin_ws/install/pcl:/home/mete/catkin_ws/install/localization:/home/mete/catkin_ws2/install/pugixml:/home/mete/catkin_ws2/install/parser:/home/mete/catkin_ws2/install/localization:/home/mete/catkin_ws2/install/LibKML:/home/mete/catkin_ws2/install/GeographicLib:/opt/ros/foxy /usr/bin/cmake --install /home/mete/catkin_ws/build/pcl
[31.311s] -- Install configuration: ""
[31.311s] -- Installing: /home/mete/catkin_ws/install/pcl/lib/pcl/register
[31.317s] -- Set runtime path of "/home/mete/catkin_ws/install/pcl/lib/pcl/register" to ""
[31.317s] -- Up-to-date: /home/mete/catkin_ws/install/pcl/share/ament_index/resource_index/package_run_dependencies/pcl
[31.317s] -- Up-to-date: /home/mete/catkin_ws/install/pcl/share/ament_index/resource_index/parent_prefix_path/pcl
[31.318s] -- Up-to-date: /home/mete/catkin_ws/install/pcl/share/pcl/environment/ament_prefix_path.sh
[31.318s] -- Up-to-date: /home/mete/catkin_ws/install/pcl/share/pcl/environment/ament_prefix_path.dsv
[31.318s] -- Up-to-date: /home/mete/catkin_ws/install/pcl/share/pcl/environment/path.sh
[31.318s] -- Up-to-date: /home/mete/catkin_ws/install/pcl/share/pcl/environment/path.dsv
[31.318s] -- Up-to-date: /home/mete/catkin_ws/install/pcl/share/pcl/local_setup.bash
[31.318s] -- Up-to-date: /home/mete/catkin_ws/install/pcl/share/pcl/local_setup.sh
[31.318s] -- Up-to-date: /home/mete/catkin_ws/install/pcl/share/pcl/local_setup.zsh
[31.318s] -- Up-to-date: /home/mete/catkin_ws/install/pcl/share/pcl/local_setup.dsv
[31.318s] -- Installing: /home/mete/catkin_ws/install/pcl/share/pcl/package.dsv
[31.318s] -- Up-to-date: /home/mete/catkin_ws/install/pcl/share/ament_index/resource_index/packages/pcl
[31.318s] -- Up-to-date: /home/mete/catkin_ws/install/pcl/share/pcl/cmake/pclConfig.cmake
[31.318s] -- Up-to-date: /home/mete/catkin_ws/install/pcl/share/pcl/cmake/pclConfig-version.cmake
[31.318s] -- Up-to-date: /home/mete/catkin_ws/install/pcl/share/pcl/package.xml
[31.321s] Invoked command in '/home/mete/catkin_ws/build/pcl' returned '0': CMAKE_PREFIX_PATH=/home/mete/catkin_ws/install/pcl_conversions:/home/mete/catkin_ws/install/perception_pcl:/home/mete/catkin_ws/install/pcl_ros:/home/mete/catkin_ws/install/pcl:/home/mete/catkin_ws/install/localization:/home/mete/catkin_ws2/install/pugixml:/home/mete/catkin_ws2/install/parser:/home/mete/catkin_ws2/install/localization:/home/mete/catkin_ws2/install/LibKML:/home/mete/catkin_ws2/install/GeographicLib:/opt/ros/foxy /usr/bin/cmake --install /home/mete/catkin_ws/build/pcl
