[0.014s] Invoking command in '/home/mete/catkin_ws/build/pcl': CMAKE_PREFIX_PATH=/home/mete/catkin_ws/install/pcl_conversions:/home/mete/catkin_ws/install/perception_pcl:/home/mete/catkin_ws/install/pcl_ros:/home/mete/catkin_ws/install/pcl:/home/mete/catkin_ws/install/localization:/opt/ros/foxy /usr/bin/cmake --build /home/mete/catkin_ws/build/pcl -- -j12 -l12
[0.035s] -- Found ament_cmake: 0.9.9 (/opt/ros/foxy/share/ament_cmake/cmake)
[0.053s] -- Using PYTHON_EXECUTABLE: /usr/bin/python3
[0.218s] -- Eigen found (include: /usr/include/eigen3, version: 3.3.7)
[0.299s] -- The imported target "vtkParseOGLExt" references the file
[0.299s]    "/usr/bin/vtkParseOGLExt-7.1"
[0.300s] but this file does not exist.  Possible reasons include:
[0.300s] * The file was deleted, renamed, or moved to another location.
[0.300s] * An install or uninstall procedure did not complete successfully.
[0.300s] * The installation package was faulty and contained
[0.300s]    "/usr/lib/cmake/vtk-7.1/VTKTargets.cmake"
[0.300s] but not all the files it references.
[0.300s] 
[0.300s] -- The imported target "vtkRenderingPythonTkWidgets" references the file
[0.300s]    "/usr/lib/x86_64-linux-gnu/libvtkRenderingPythonTkWidgets.so"
[0.300s] but this file does not exist.  Possible reasons include:
[0.300s] * The file was deleted, renamed, or moved to another location.
[0.300s] * An install or uninstall procedure did not complete successfully.
[0.300s] * The installation package was faulty and contained
[0.301s]    "/usr/lib/cmake/vtk-7.1/VTKTargets.cmake"
[0.301s] but not all the files it references.
[0.301s] 
[0.301s] -- The imported target "vtk" references the file
[0.301s]    "/usr/bin/vtk"
[0.301s] but this file does not exist.  Possible reasons include:
[0.301s] * The file was deleted, renamed, or moved to another location.
[0.301s] * An install or uninstall procedure did not complete successfully.
[0.301s] * The installation package was faulty and contained
[0.301s]    "/usr/lib/cmake/vtk-7.1/VTKTargets.cmake"
[0.301s] but not all the files it references.
[0.301s] 
[0.301s] -- The imported target "pvtk" references the file
[0.301s]    "/usr/bin/pvtk"
[0.302s] but this file does not exist.  Possible reasons include:
[0.302s] * The file was deleted, renamed, or moved to another location.
[0.302s] * An install or uninstall procedure did not complete successfully.
[0.302s] * The installation package was faulty and contained
[0.302s]    "/usr/lib/cmake/vtk-7.1/VTKTargets.cmake"
[0.302s] but not all the files it references.
[0.302s] 
[0.317s] -- Checking for module 'libusb-1.0'
[0.319s] --   No package 'libusb-1.0' found
[0.322s] -- Could NOT find USB_10 (missing: USB_10_LIBRARY USB_10_INCLUDE_DIR) 
[0.322s] -- OpenNI disabled because libusb-1.0 not found.
[0.322s] ** WARNING ** io features related to openni will be disabled
[0.325s] -- Checking for module 'libusb-1.0'
[0.328s] --   No package 'libusb-1.0' found
[0.330s] -- Could NOT find USB_10 (missing: USB_10_LIBRARY USB_10_INCLUDE_DIR) 
[0.330s] -- OpenNI 2 disabled because libusb-1.0 not found.
[0.330s] ** WARNING ** io features related to openni2 will be disabled
[0.330s] ** WARNING ** io features related to pcap will be disabled
[0.330s] ** WARNING ** io features related to png will be disabled
[0.342s] -- LIBUSB_1_LIBRARY (missing: LIBUSB_1_INCLUDE_DIR) 
[0.342s] ** WARNING ** io features related to libusb-1.0 will be disabled
[0.346s] -- Checking for module 'libusb-1.0'
[0.348s] --   No package 'libusb-1.0' found
[0.351s] -- Could NOT find USB_10 (missing: USB_10_LIBRARY USB_10_INCLUDE_DIR) 
[0.351s] -- OpenNI disabled because libusb-1.0 not found.
[0.351s] ** WARNING ** visualization features related to openni will be disabled
[0.354s] -- Checking for module 'libusb-1.0'
[0.356s] --   No package 'libusb-1.0' found
[0.359s] -- Could NOT find USB_10 (missing: USB_10_LIBRARY USB_10_INCLUDE_DIR) 
[0.359s] -- OpenNI 2 disabled because libusb-1.0 not found.
[0.359s] ** WARNING ** visualization features related to openni2 will be disabled
[0.370s] -- QHULL found (include: /usr/include, lib: optimized;/usr/lib/x86_64-linux-gnu/libqhull.so;debug;/usr/lib/x86_64-linux-gnu/libqhull.so)
[0.373s] -- Checking for module 'libusb-1.0'
[0.375s] --   No package 'libusb-1.0' found
[0.378s] -- Could NOT find USB_10 (missing: USB_10_LIBRARY USB_10_INCLUDE_DIR) 
[0.378s] -- OpenNI disabled because libusb-1.0 not found.
[0.378s] ** WARNING ** apps features related to openni will be disabled
[0.388s] -- looking for PCL_COMMON
[0.388s] -- looking for PCL_KDTREE
[0.389s] -- looking for PCL_OCTREE
[0.389s] -- looking for PCL_SEARCH
[0.390s] -- looking for PCL_SAMPLE_CONSENSUS
[0.390s] -- looking for PCL_FILTERS
[0.391s] -- looking for PCL_2D
[0.391s] -- looking for PCL_GEOMETRY
[0.391s] -- looking for PCL_IO
[0.392s] -- looking for PCL_FEATURES
[0.392s] -- looking for PCL_ML
[0.393s] -- looking for PCL_SEGMENTATION
[0.393s] -- looking for PCL_VISUALIZATION
[0.394s] -- looking for PCL_SURFACE
[0.395s] -- looking for PCL_REGISTRATION
[0.395s] -- looking for PCL_KEYPOINTS
[0.396s] -- looking for PCL_TRACKING
[0.396s] -- looking for PCL_RECOGNITION
[0.397s] -- looking for PCL_STEREO
[0.397s] -- looking for PCL_APPS
[0.398s] -- looking for PCL_IN_HAND_SCANNER
[0.399s] -- looking for PCL_POINT_CLOUD_EDITOR
[0.399s] -- looking for PCL_OUTOFCORE
[0.400s] -- looking for PCL_PEOPLE
[0.402s] -- Found pcl_conversions: 2.2.1 (/opt/ros/foxy/share/pcl_conversions/cmake)
[0.418s] -- Using all available rosidl_typesupport_c: rosidl_typesupport_fastrtps_c;rosidl_typesupport_introspection_c
[0.420s] -- Found rosidl_adapter: 1.2.1 (/opt/ros/foxy/share/rosidl_adapter/cmake)
[0.514s] -- Using all available rosidl_typesupport_cpp: rosidl_typesupport_fastrtps_cpp;rosidl_typesupport_introspection_cpp
[0.803s] -- Found rmw_implementation_cmake: 1.0.3 (/opt/ros/foxy/share/rmw_implementation_cmake/cmake)
[0.804s] -- Using RMW implementation 'rmw_fastrtps_cpp' as default
[0.934s] -- Found tf2: 0.13.13 (/opt/ros/foxy/share/tf2/cmake)
[0.941s] -- Found tf2_geometry_msgs: 0.13.13 (/opt/ros/foxy/share/tf2_geometry_msgs/cmake)
[0.946s] -- Found eigen3_cmake_module: 0.1.1 (/opt/ros/foxy/share/eigen3_cmake_module/cmake)
[1.283s] -- Found ament_lint_auto: 0.9.6 (/opt/ros/foxy/share/ament_lint_auto/cmake)
[1.331s] -- Added test 'copyright' to check source files copyright and LICENSE
[1.332s] -- Added test 'cppcheck' to perform static code analysis on C / C++ code
[1.332s] -- Configured cppcheck include dirs: 
[1.333s] -- Configured cppcheck exclude dirs and/or files: 
[1.333s] -- Added test 'cpplint' to check C / C++ code against the Google style
[1.333s] -- Configured cpplint exclude dirs and/or files: 
[1.334s] -- Added test 'lint_cmake' to check CMake code style
[1.334s] -- Added test 'uncrustify' to check C / C++ code style
[1.334s] -- Configured uncrustify additional arguments: 
[1.334s] -- Added test 'xmllint' to check XML markup files
[1.337s] -- Configuring done
[1.400s] -- Generating done
[1.401s] -- Build files have been written to: /home/mete/catkin_ws/build/pcl
[1.423s] [35m[1mScanning dependencies of target matrix_transform[0m
[1.445s] [ 50%] Built target pcd_read
[1.479s] [ 75%] [32mBuilding CXX object CMakeFiles/matrix_transform.dir/src/matrix_transform.cpp.o[0m
[9.421s] [100%] [32m[1mLinking CXX executable matrix_transform[0m
[9.880s] [100%] Built target matrix_transform
[9.888s] Invoked command in '/home/mete/catkin_ws/build/pcl' returned '0': CMAKE_PREFIX_PATH=/home/mete/catkin_ws/install/pcl_conversions:/home/mete/catkin_ws/install/perception_pcl:/home/mete/catkin_ws/install/pcl_ros:/home/mete/catkin_ws/install/pcl:/home/mete/catkin_ws/install/localization:/opt/ros/foxy /usr/bin/cmake --build /home/mete/catkin_ws/build/pcl -- -j12 -l12
[9.909s] Invoking command in '/home/mete/catkin_ws/build/pcl': CMAKE_PREFIX_PATH=/home/mete/catkin_ws/install/pcl_conversions:/home/mete/catkin_ws/install/perception_pcl:/home/mete/catkin_ws/install/pcl_ros:/home/mete/catkin_ws/install/pcl:/home/mete/catkin_ws/install/localization:/opt/ros/foxy /usr/bin/cmake --install /home/mete/catkin_ws/build/pcl
[9.916s] -- Install configuration: ""
[9.916s] -- Up-to-date: /home/mete/catkin_ws/install/pcl/lib/pcl/pcd_read
[9.916s] -- Up-to-date: /home/mete/catkin_ws/install/pcl/share/ament_index/resource_index/package_run_dependencies/pcl
[9.916s] -- Installing: /home/mete/catkin_ws/install/pcl/share/ament_index/resource_index/parent_prefix_path/pcl
[9.916s] -- Up-to-date: /home/mete/catkin_ws/install/pcl/share/pcl/environment/ament_prefix_path.sh
[9.916s] -- Installing: /home/mete/catkin_ws/install/pcl/share/pcl/environment/ament_prefix_path.dsv
[9.917s] -- Up-to-date: /home/mete/catkin_ws/install/pcl/share/pcl/environment/path.sh
[9.917s] -- Installing: /home/mete/catkin_ws/install/pcl/share/pcl/environment/path.dsv
[9.917s] -- Up-to-date: /home/mete/catkin_ws/install/pcl/share/pcl/local_setup.bash
[9.917s] -- Up-to-date: /home/mete/catkin_ws/install/pcl/share/pcl/local_setup.sh
[9.917s] -- Up-to-date: /home/mete/catkin_ws/install/pcl/share/pcl/local_setup.zsh
[9.917s] -- Installing: /home/mete/catkin_ws/install/pcl/share/pcl/local_setup.dsv
[9.917s] -- Installing: /home/mete/catkin_ws/install/pcl/share/pcl/package.dsv
[9.917s] -- Up-to-date: /home/mete/catkin_ws/install/pcl/share/ament_index/resource_index/packages/pcl
[9.917s] -- Up-to-date: /home/mete/catkin_ws/install/pcl/share/pcl/cmake/pclConfig.cmake
[9.917s] -- Up-to-date: /home/mete/catkin_ws/install/pcl/share/pcl/cmake/pclConfig-version.cmake
[9.917s] -- Up-to-date: /home/mete/catkin_ws/install/pcl/share/pcl/package.xml
[9.920s] Invoked command in '/home/mete/catkin_ws/build/pcl' returned '0': CMAKE_PREFIX_PATH=/home/mete/catkin_ws/install/pcl_conversions:/home/mete/catkin_ws/install/perception_pcl:/home/mete/catkin_ws/install/pcl_ros:/home/mete/catkin_ws/install/pcl:/home/mete/catkin_ws/install/localization:/opt/ros/foxy /usr/bin/cmake --install /home/mete/catkin_ws/build/pcl
