[35m[1mScanning dependencies of target pcd_to_pointcloud_lib[0m
[ 33%] Built target pcd_to_pointcloud
[ 66%] Built target pcl_ros_tf
[ 83%] [32mBuilding CXX object CMakeFiles/pcd_to_pointcloud_lib.dir/tools/pcd_to_pointcloud.cpp.o[0m
In file included from [01m[K/opt/ros/foxy/include/rclcpp/client.hpp:40[m[K,
                 from [01m[K/opt/ros/foxy/include/rclcpp/callback_group.hpp:23[m[K,
                 from [01m[K/opt/ros/foxy/include/rclcpp/any_executable.hpp:20[m[K,
                 from [01m[K/opt/ros/foxy/include/rclcpp/memory_strategy.hpp:24[m[K,
                 from [01m[K/opt/ros/foxy/include/rclcpp/memory_strategies.hpp:18[m[K,
                 from [01m[K/opt/ros/foxy/include/rclcpp/executor_options.hpp:20[m[K,
                 from [01m[K/opt/ros/foxy/include/rclcpp/executor.hpp:33[m[K,
                 from [01m[K/opt/ros/foxy/include/rclcpp/executors/multi_threaded_executor.hpp:26[m[K,
                 from [01m[K/opt/ros/foxy/include/rclcpp/executors.hpp:21[m[K,
                 from [01m[K/opt/ros/foxy/include/rclcpp/rclcpp.hpp:146[m[K,
                 from [01m[K/home/mete/catkin_ws/src/perception_pcl/pcl_ros/tools/pcd_to_pointcloud.cpp:57[m[K:
[01m[K/home/mete/catkin_ws/src/perception_pcl/pcl_ros/tools/pcd_to_pointcloud.cpp:[m[K In constructor ‘[01m[Kpcl_ros::PCDPublisher::PCDPublisher(const rclcpp::NodeOptions&)[m[K’:
[01m[K/home/mete/catkin_ws/src/perception_pcl/pcl_ros/tools/pcd_to_pointcloud.cpp:113:7:[m[K [01;31m[Kerror: [m[K‘[01m[Kresolved_cloud_topic[m[K’ was not declared in this scope
  113 |       [01;31m[Kresolved_cloud_topic[m[K.c_str(),
      |       [01;31m[K^~~~~~~~~~~~~~~~~~~~[m[K
make[2]: *** [CMakeFiles/pcd_to_pointcloud_lib.dir/build.make:63: CMakeFiles/pcd_to_pointcloud_lib.dir/tools/pcd_to_pointcloud.cpp.o] Error 1
make[1]: *** [CMakeFiles/Makefile2:109: CMakeFiles/pcd_to_pointcloud_lib.dir/all] Error 2
make: *** [Makefile:141: all] Error 2
