[0.016s] Invoking command in '/home/mete/catkin_ws/build/pcl': CMAKE_PREFIX_PATH=${CMAKE_PREFIX_PATH}:/opt/ros/foxy /usr/bin/cmake --build /home/mete/catkin_ws/build/pcl -- -j12 -l12
[0.051s] [35m[1mScanning dependencies of target pcd_read[0m
[0.085s] [ 50%] [32mBuilding CXX object CMakeFiles/pcd_read.dir/src/pcd_read.cpp.o[0m
[3.785s] [01m[K/home/mete/catkin_ws/src/pcl/src/pcd_read.cpp:[m[K In function ‘[01m[Kint main()[m[K’:
[3.785s] [01m[K/home/mete/catkin_ws/src/pcl/src/pcd_read.cpp:94:33:[m[K [01;31m[Kerror: [m[K‘[01m[Kusing Ptr = pcl::shared_ptr<pcl::PointCloud<pcl::PointXYZ> >[m[K’ {aka ‘[01m[Kclass boost::shared_ptr<pcl::PointCloud<pcl::PointXYZ> >[m[K’} has no member named ‘[01m[Kx[m[K’; did you mean ‘[01m[Kboost::shared_ptr<pcl::PointCloud<pcl::PointXYZ> >::element_type* boost::shared_ptr<pcl::PointCloud<pcl::PointXYZ> >::px[m[K’? (not accessible from this context)
[3.785s]    94 |   std::cout << "    " << *cloud.[01;31m[Kx[m[K<< " "    << *cloud.y<< " "    << *cloud.z << std::endl;
[3.785s]       |                                 [01;31m[K^[m[K
[3.785s] In file included from [01m[K/usr/include/pcl-1.10/pcl/pcl_macros.h:69[m[K,
[3.785s]                  from [01m[K/usr/include/pcl-1.10/pcl/io/pcd_io.h:42[m[K,
[3.785s]                  from [01m[K/home/mete/catkin_ws/src/pcl/src/pcd_read.cpp:2[m[K:
[3.785s] [01m[K/usr/include/boost/smart_ptr/shared_ptr.hpp:818:20:[m[K [01;36m[Knote: [m[Kdeclared private here
[3.785s]   818 |     element_type * [01;36m[Kpx[m[K;                 // contained pointer
[3.785s]       |                    [01;36m[K^~[m[K
[3.785s] [01m[K/home/mete/catkin_ws/src/pcl/src/pcd_read.cpp:94:54:[m[K [01;31m[Kerror: [m[K‘[01m[Kusing Ptr = pcl::shared_ptr<pcl::PointCloud<pcl::PointXYZ> >[m[K’ {aka ‘[01m[Kclass boost::shared_ptr<pcl::PointCloud<pcl::PointXYZ> >[m[K’} has no member named ‘[01m[Ky[m[K’
[3.786s]    94 |   std::cout << "    " << *cloud.x<< " "    << *cloud.[01;31m[Ky[m[K<< " "    << *cloud.z << std::endl;
[3.786s]       |                                                      [01;31m[K^[m[K
[3.786s] [01m[K/home/mete/catkin_ws/src/pcl/src/pcd_read.cpp:94:75:[m[K [01;31m[Kerror: [m[K‘[01m[Kusing Ptr = pcl::shared_ptr<pcl::PointCloud<pcl::PointXYZ> >[m[K’ {aka ‘[01m[Kclass boost::shared_ptr<pcl::PointCloud<pcl::PointXYZ> >[m[K’} has no member named ‘[01m[Kz[m[K’
[3.786s]    94 | t << "    " << *cloud.x<< " "    << *cloud.y<< " "    << *cloud.[01;31m[Kz[m[K << std::endl;
[3.786s]       |                                                                 [01;31m[K^[m[K
[3.786s] 
[4.512s] make[2]: *** [CMakeFiles/pcd_read.dir/build.make:63: CMakeFiles/pcd_read.dir/src/pcd_read.cpp.o] Error 1
[4.512s] make[1]: *** [CMakeFiles/Makefile2:105: CMakeFiles/pcd_read.dir/all] Error 2
[4.512s] make: *** [Makefile:141: all] Error 2
[4.514s] Invoked command in '/home/mete/catkin_ws/build/pcl' returned '2': CMAKE_PREFIX_PATH=${CMAKE_PREFIX_PATH}:/opt/ros/foxy /usr/bin/cmake --build /home/mete/catkin_ws/build/pcl -- -j12 -l12
