[0.016s] Invoking command in '/home/mete/catkin_ws/build/pcl': CMAKE_PREFIX_PATH=/home/mete/catkin_ws/install/pcl_conversions:/home/mete/catkin_ws/install/perception_pcl:/home/mete/catkin_ws/install/pcl_ros:/home/mete/catkin_ws/install/pcl:/home/mete/catkin_ws/install/localization:/opt/ros/foxy /usr/bin/cmake --build /home/mete/catkin_ws/build/pcl -- -j12 -l12
[0.056s] [35m[1mScanning dependencies of target matrix_transform[0m
[0.085s] [ 25%] [32mBuilding CXX object CMakeFiles/matrix_transform.dir/src/matrix_transform.cpp.o[0m
[0.085s] [ 75%] Built target pcd_read
[8.793s] [100%] [32m[1mLinking CXX executable matrix_transform[0m
[9.313s] [100%] Built target matrix_transform
[9.325s] Invoked command in '/home/mete/catkin_ws/build/pcl' returned '0': CMAKE_PREFIX_PATH=/home/mete/catkin_ws/install/pcl_conversions:/home/mete/catkin_ws/install/perception_pcl:/home/mete/catkin_ws/install/pcl_ros:/home/mete/catkin_ws/install/pcl:/home/mete/catkin_ws/install/localization:/opt/ros/foxy /usr/bin/cmake --build /home/mete/catkin_ws/build/pcl -- -j12 -l12
[9.347s] Invoking command in '/home/mete/catkin_ws/build/pcl': CMAKE_PREFIX_PATH=/home/mete/catkin_ws/install/pcl_conversions:/home/mete/catkin_ws/install/perception_pcl:/home/mete/catkin_ws/install/pcl_ros:/home/mete/catkin_ws/install/pcl:/home/mete/catkin_ws/install/localization:/opt/ros/foxy /usr/bin/cmake --install /home/mete/catkin_ws/build/pcl
[9.353s] -- Install configuration: ""
[9.354s] -- Up-to-date: /home/mete/catkin_ws/install/pcl/lib/pcl/pcd_read
[9.354s] -- Installing: /home/mete/catkin_ws/install/pcl/lib/pcl/matrix_transform
[9.355s] -- Up-to-date: /home/mete/catkin_ws/install/pcl/share/ament_index/resource_index/package_run_dependencies/pcl
[9.355s] -- Up-to-date: /home/mete/catkin_ws/install/pcl/share/ament_index/resource_index/parent_prefix_path/pcl
[9.355s] -- Up-to-date: /home/mete/catkin_ws/install/pcl/share/pcl/environment/ament_prefix_path.sh
[9.355s] -- Up-to-date: /home/mete/catkin_ws/install/pcl/share/pcl/environment/ament_prefix_path.dsv
[9.356s] -- Up-to-date: /home/mete/catkin_ws/install/pcl/share/pcl/environment/path.sh
[9.356s] -- Up-to-date: /home/mete/catkin_ws/install/pcl/share/pcl/environment/path.dsv
[9.356s] -- Up-to-date: /home/mete/catkin_ws/install/pcl/share/pcl/local_setup.bash
[9.356s] -- Up-to-date: /home/mete/catkin_ws/install/pcl/share/pcl/local_setup.sh
[9.356s] -- Up-to-date: /home/mete/catkin_ws/install/pcl/share/pcl/local_setup.zsh
[9.356s] -- Up-to-date: /home/mete/catkin_ws/install/pcl/share/pcl/local_setup.dsv
[9.356s] -- Installing: /home/mete/catkin_ws/install/pcl/share/pcl/package.dsv
[9.356s] -- Up-to-date: /home/mete/catkin_ws/install/pcl/share/ament_index/resource_index/packages/pcl
[9.356s] -- Up-to-date: /home/mete/catkin_ws/install/pcl/share/pcl/cmake/pclConfig.cmake
[9.356s] -- Up-to-date: /home/mete/catkin_ws/install/pcl/share/pcl/cmake/pclConfig-version.cmake
[9.356s] -- Up-to-date: /home/mete/catkin_ws/install/pcl/share/pcl/package.xml
[9.359s] Invoked command in '/home/mete/catkin_ws/build/pcl' returned '0': CMAKE_PREFIX_PATH=/home/mete/catkin_ws/install/pcl_conversions:/home/mete/catkin_ws/install/perception_pcl:/home/mete/catkin_ws/install/pcl_ros:/home/mete/catkin_ws/install/pcl:/home/mete/catkin_ws/install/localization:/opt/ros/foxy /usr/bin/cmake --install /home/mete/catkin_ws/build/pcl
