[0.016s] Invoking command in '/home/mete/catkin_ws/build/pcl_ros': CMAKE_PREFIX_PATH=/home/mete/catkin_ws/install/pcl_conversions:/home/mete/catkin_ws/install/pcl:/home/mete/catkin_ws/install/localization:/opt/ros/foxy /usr/bin/cmake --build /home/mete/catkin_ws/build/pcl_ros -- -j12 -l12
[0.048s] -- Eigen found (include: /usr/include/eigen3, version: 3.3.7)
[0.127s] -- The imported target "vtkParseOGLExt" references the file
[0.128s]    "/usr/bin/vtkParseOGLExt-7.1"
[0.128s] but this file does not exist.  Possible reasons include:
[0.128s] * The file was deleted, renamed, or moved to another location.
[0.128s] * An install or uninstall procedure did not complete successfully.
[0.128s] * The installation package was faulty and contained
[0.128s]    "/usr/lib/cmake/vtk-7.1/VTKTargets.cmake"
[0.128s] but not all the files it references.
[0.128s] 
[0.128s] -- The imported target "vtkRenderingPythonTkWidgets" references the file
[0.129s]    "/usr/lib/x86_64-linux-gnu/libvtkRenderingPythonTkWidgets.so"
[0.129s] but this file does not exist.  Possible reasons include:
[0.129s] * The file was deleted, renamed, or moved to another location.
[0.129s] * An install or uninstall procedure did not complete successfully.
[0.129s] * The installation package was faulty and contained
[0.129s]    "/usr/lib/cmake/vtk-7.1/VTKTargets.cmake"
[0.129s] but not all the files it references.
[0.129s] 
[0.129s] -- The imported target "vtk" references the file
[0.129s]    "/usr/bin/vtk"
[0.129s] but this file does not exist.  Possible reasons include:
[0.129s] * The file was deleted, renamed, or moved to another location.
[0.129s] * An install or uninstall procedure did not complete successfully.
[0.130s] * The installation package was faulty and contained
[0.130s]    "/usr/lib/cmake/vtk-7.1/VTKTargets.cmake"
[0.130s] but not all the files it references.
[0.130s] 
[0.130s] -- The imported target "pvtk" references the file
[0.130s]    "/usr/bin/pvtk"
[0.130s] but this file does not exist.  Possible reasons include:
[0.130s] * The file was deleted, renamed, or moved to another location.
[0.130s] * An install or uninstall procedure did not complete successfully.
[0.130s] * The installation package was faulty and contained
[0.130s]    "/usr/lib/cmake/vtk-7.1/VTKTargets.cmake"
[0.130s] but not all the files it references.
[0.130s] 
[0.155s] -- Checking for module 'libusb-1.0'
[0.157s] --   No package 'libusb-1.0' found
[0.160s] -- Could NOT find USB_10 (missing: USB_10_LIBRARY USB_10_INCLUDE_DIR) 
[0.160s] -- OpenNI disabled because libusb-1.0 not found.
[0.163s] -- Checking for module 'libusb-1.0'
[0.165s] --   No package 'libusb-1.0' found
[0.167s] -- Could NOT find USB_10 (missing: USB_10_LIBRARY USB_10_INCLUDE_DIR) 
[0.167s] -- OpenNI 2 disabled because libusb-1.0 not found.
[0.179s] -- LIBUSB_1_LIBRARY (missing: LIBUSB_1_INCLUDE_DIR) 
[0.180s] -- QHULL found (include: /usr/include, lib: optimized;/usr/lib/x86_64-linux-gnu/libqhull.so;debug;/usr/lib/x86_64-linux-gnu/libqhull.so)
[0.181s] -- Could NOT find PCL_CORE (missing: PCL_CORE_LIBRARY PCL_CORE_INCLUDE_DIR) 
[0.188s] -- Found ament_cmake: 0.9.9 (/opt/ros/foxy/share/ament_cmake/cmake)
[0.205s] -- Using PYTHON_EXECUTABLE: /usr/bin/python3
[0.344s] -- Found pcl_conversions: 2.4.1 (/home/mete/catkin_ws/install/pcl_conversions/share/pcl_conversions/cmake)
[0.360s] -- Using all available rosidl_typesupport_c: rosidl_typesupport_fastrtps_c;rosidl_typesupport_introspection_c
[0.363s] -- Found rosidl_adapter: 1.2.1 (/opt/ros/foxy/share/rosidl_adapter/cmake)
[0.451s] -- Using all available rosidl_typesupport_cpp: rosidl_typesupport_fastrtps_cpp;rosidl_typesupport_introspection_cpp
[0.732s] -- Found rmw_implementation_cmake: 1.0.3 (/opt/ros/foxy/share/rmw_implementation_cmake/cmake)
[0.733s] -- Using RMW implementation 'rmw_fastrtps_cpp' as default
[0.862s] -- Found rclcpp_components: 2.4.1 (/opt/ros/foxy/share/rclcpp_components/cmake)
[0.906s] -- Found tf2: 0.13.13 (/opt/ros/foxy/share/tf2/cmake)
[0.913s] -- Found tf2_geometry_msgs: 0.13.13 (/opt/ros/foxy/share/tf2_geometry_msgs/cmake)
[0.918s] -- Found eigen3_cmake_module: 0.1.1 (/opt/ros/foxy/share/eigen3_cmake_module/cmake)
[1.245s] -- Found ament_lint_auto: 0.9.6 (/opt/ros/foxy/share/ament_lint_auto/cmake)
[1.299s] -- Added test 'cppcheck' to perform static code analysis on C / C++ code
[1.300s] -- Configured cppcheck include dirs: $<BUILD_INTERFACE:/home/mete/catkin_ws/src/perception_pcl/pcl_ros/include>
[1.300s] -- Configured cppcheck exclude dirs and/or files: 
[1.304s] -- Added test 'cpplint' to check C / C++ code against the Google style
[1.304s] -- Configured cpplint exclude dirs and/or files: 
[1.305s] -- Added test 'flake8' to check Python code syntax and style conventions
[1.306s] -- Added test 'lint_cmake' to check CMake code style
[1.307s] -- Added test 'pep257' to check Python code against some of the style conventions in PEP 257
[1.311s] -- Added test 'uncrustify' to check C / C++ code style
[1.311s] -- Configured uncrustify additional arguments: 
[1.311s] -- Added test 'xmllint' to check XML markup files
[1.315s] -- Configuring done
[1.361s] -- Generating done
[1.363s] -- Build files have been written to: /home/mete/catkin_ws/build/pcl_ros
[1.401s] [ 33%] Built target pcd_to_pointcloud
[1.402s] [ 50%] [32mBuilding CXX object CMakeFiles/pcd_to_pointcloud_lib.dir/tools/pcd_to_pointcloud.cpp.o[0m
[1.402s] [ 66%] [32mBuilding CXX object CMakeFiles/pcl_ros_tf.dir/src/transforms.cpp.o[0m
[2.702s] In file included from [01m[K/home/mete/catkin_ws/src/perception_pcl/pcl_ros/src/transforms.cpp:38[m[K:
[2.702s] [01m[K/home/mete/catkin_ws/src/perception_pcl/pcl_ros/include/pcl_ros/impl/transforms.hpp:48:10:[m[K [01;31m[Kfatal error: [m[Ktf2_geometry_msgs/tf2_geometry_msgs.hpp: No such file or directory
[2.702s]    48 | #include [01;31m[K<tf2_geometry_msgs/tf2_geometry_msgs.hpp>[m[K
[2.702s]       |          [01;31m[K^~~~~~~~~~~~~~~~~~~~~~~~~~~~~~~~~~~~~~~~~[m[K
[2.702s] compilation terminated.
[2.717s] make[2]: *** [CMakeFiles/pcl_ros_tf.dir/build.make:63: CMakeFiles/pcl_ros_tf.dir/src/transforms.cpp.o] Error 1
[2.717s] make[1]: *** [CMakeFiles/Makefile2:136: CMakeFiles/pcl_ros_tf.dir/all] Error 2
[2.717s] make[1]: *** Waiting for unfinished jobs....
[5.047s] [01m[K/home/mete/catkin_ws/src/perception_pcl/pcl_ros/tools/pcd_to_pointcloud.cpp:[m[K In constructor ‘[01m[Kpcl_ros::PCDPublisher::PCDPublisher(const rclcpp::NodeOptions&)[m[K’:
[5.047s] [01m[K/home/mete/catkin_ws/src/perception_pcl/pcl_ros/tools/pcd_to_pointcloud.cpp:88:66:[m[K [01;31m[Kerror: [m[Kno matching function for call to ‘[01m[Kpcl_ros::PCDPublisher::declare_parameter<std::string>(const char [10])[m[K’
[5.047s]    88 |     file_name_ = this->declare_parameter<std::string>("file_name"[01;31m[K)[m[K;
[5.047s]       |                                                                  [01;31m[K^[m[K
[5.047s] In file included from [01m[K/opt/ros/foxy/include/rclcpp/node.hpp:1224[m[K,
[5.047s]                  from [01m[K/opt/ros/foxy/include/rclcpp/executors/single_threaded_executor.hpp:28[m[K,
[5.047s]                  from [01m[K/opt/ros/foxy/include/rclcpp/executors.hpp:22[m[K,
[5.047s]                  from [01m[K/opt/ros/foxy/include/rclcpp/rclcpp.hpp:146[m[K,
[5.047s]                  from [01m[K/home/mete/catkin_ws/src/perception_pcl/pcl_ros/tools/pcd_to_pointcloud.cpp:57[m[K:
[5.047s] [01m[K/opt/ros/foxy/include/rclcpp/node_impl.hpp:157:1:[m[K [01;36m[Knote: [m[Kcandidate: ‘[01m[Kauto rclcpp::Node::declare_parameter(const string&, const ParameterT&, const ParameterDescriptor&, bool) [with ParameterT = std::__cxx11::basic_string<char>; std::string = std::__cxx11::basic_string<char>; rcl_interfaces::msg::ParameterDescriptor = rcl_interfaces::msg::ParameterDescriptor_<std::allocator<void> >][m[K’
[5.047s]   157 | [01;36m[KNode[m[K::declare_parameter(
[5.047s]       | [01;36m[K^~~~[m[K
[5.047s] [01m[K/opt/ros/foxy/include/rclcpp/node_impl.hpp:157:1:[m[K [01;36m[Knote: [m[K  candidate expects 4 arguments, 1 provided
[5.047s] [01m[K/home/mete/catkin_ws/src/perception_pcl/pcl_ros/tools/pcd_to_pointcloud.cpp:99:42:[m[K [01;31m[Kerror: [m[K‘[01m[Kusing element_type = class rclcpp::node_interfaces::NodeTopicsInterface[m[K’ {aka ‘[01m[Kclass rclcpp::node_interfaces::NodeTopicsInterface[m[K’} has no member named ‘[01m[Kresolve_topic_name[m[K’
[5.047s]    99 |       this->get_node_topics_interface()->[01;31m[Kresolve_topic_name[m[K(cloud_topic_);
[5.047s]       |                                          [01;31m[K^~~~~~~~~~~~~~~~~~[m[K
[6.011s] make[2]: *** [CMakeFiles/pcd_to_pointcloud_lib.dir/build.make:63: CMakeFiles/pcd_to_pointcloud_lib.dir/tools/pcd_to_pointcloud.cpp.o] Error 1
[6.011s] make[1]: *** [CMakeFiles/Makefile2:109: CMakeFiles/pcd_to_pointcloud_lib.dir/all] Error 2
[6.012s] make: *** [Makefile:141: all] Error 2
[6.013s] Invoked command in '/home/mete/catkin_ws/build/pcl_ros' returned '2': CMAKE_PREFIX_PATH=/home/mete/catkin_ws/install/pcl_conversions:/home/mete/catkin_ws/install/pcl:/home/mete/catkin_ws/install/localization:/opt/ros/foxy /usr/bin/cmake --build /home/mete/catkin_ws/build/pcl_ros -- -j12 -l12
