[0.024s] Invoking command in '/home/mete/catkin_ws/build/pcl_conversions': CMAKE_PREFIX_PATH=${CMAKE_PREFIX_PATH}:/opt/ros/foxy /usr/bin/cmake --build /home/mete/catkin_ws/build/pcl_conversions -- -j12 -l12
[0.065s] [ 66%] Built target gtest_main
[0.065s] [ 66%] Built target gtest
[0.096s] [100%] Built target pcl_conversions-test
[0.107s] Invoked command in '/home/mete/catkin_ws/build/pcl_conversions' returned '0': CMAKE_PREFIX_PATH=${CMAKE_PREFIX_PATH}:/opt/ros/foxy /usr/bin/cmake --build /home/mete/catkin_ws/build/pcl_conversions -- -j12 -l12
[0.135s] Invoking command in '/home/mete/catkin_ws/build/pcl_conversions': CMAKE_PREFIX_PATH=${CMAKE_PREFIX_PATH}:/opt/ros/foxy /usr/bin/cmake --install /home/mete/catkin_ws/build/pcl_conversions
[0.140s] -- Install configuration: ""
[0.140s] -- Up-to-date: /home/mete/catkin_ws/install/pcl_conversions/include/pcl_conversions
[0.141s] -- Up-to-date: /home/mete/catkin_ws/install/pcl_conversions/include/pcl_conversions/pcl_conversions
[0.141s] -- Up-to-date: /home/mete/catkin_ws/install/pcl_conversions/include/pcl_conversions/pcl_conversions/pcl_conversions.h
[0.141s] -- Up-to-date: /home/mete/catkin_ws/install/pcl_conversions/share/ament_index/resource_index/package_run_dependencies/pcl_conversions
[0.141s] -- Up-to-date: /home/mete/catkin_ws/install/pcl_conversions/share/ament_index/resource_index/parent_prefix_path/pcl_conversions
[0.141s] -- Up-to-date: /home/mete/catkin_ws/install/pcl_conversions/share/pcl_conversions/environment/ament_prefix_path.sh
[0.141s] -- Up-to-date: /home/mete/catkin_ws/install/pcl_conversions/share/pcl_conversions/environment/ament_prefix_path.dsv
[0.141s] -- Up-to-date: /home/mete/catkin_ws/install/pcl_conversions/share/pcl_conversions/environment/path.sh
[0.141s] -- Up-to-date: /home/mete/catkin_ws/install/pcl_conversions/share/pcl_conversions/environment/path.dsv
[0.141s] -- Up-to-date: /home/mete/catkin_ws/install/pcl_conversions/share/pcl_conversions/local_setup.bash
[0.141s] -- Up-to-date: /home/mete/catkin_ws/install/pcl_conversions/share/pcl_conversions/local_setup.sh
[0.141s] -- Up-to-date: /home/mete/catkin_ws/install/pcl_conversions/share/pcl_conversions/local_setup.zsh
[0.141s] -- Up-to-date: /home/mete/catkin_ws/install/pcl_conversions/share/pcl_conversions/local_setup.dsv
[0.141s] -- Installing: /home/mete/catkin_ws/install/pcl_conversions/share/pcl_conversions/package.dsv
[0.141s] -- Up-to-date: /home/mete/catkin_ws/install/pcl_conversions/share/ament_index/resource_index/packages/pcl_conversions
[0.141s] -- Up-to-date: /home/mete/catkin_ws/install/pcl_conversions/share/pcl_conversions/cmake/ament_cmake_export_include_directories-extras.cmake
[0.141s] -- Up-to-date: /home/mete/catkin_ws/install/pcl_conversions/share/pcl_conversions/cmake/ament_cmake_export_dependencies-extras.cmake
[0.141s] -- Up-to-date: /home/mete/catkin_ws/install/pcl_conversions/share/pcl_conversions/cmake/pcl_conversionsConfig.cmake
[0.141s] -- Up-to-date: /home/mete/catkin_ws/install/pcl_conversions/share/pcl_conversions/cmake/pcl_conversionsConfig-version.cmake
[0.142s] -- Up-to-date: /home/mete/catkin_ws/install/pcl_conversions/share/pcl_conversions/package.xml
[0.144s] Invoked command in '/home/mete/catkin_ws/build/pcl_conversions' returned '0': CMAKE_PREFIX_PATH=${CMAKE_PREFIX_PATH}:/opt/ros/foxy /usr/bin/cmake --install /home/mete/catkin_ws/build/pcl_conversions
