[0.017s] Invoking command in '/home/mete/catkin_ws/build/pcl': CMAKE_PREFIX_PATH=/home/mete/catkin_ws/install/pcl_conversions:/home/mete/catkin_ws/install/perception_pcl:/home/mete/catkin_ws/install/pcl_ros:/home/mete/catkin_ws/install/pcl:/home/mete/catkin_ws/install/localization:/home/mete/catkin_ws2/install/pugixml:/home/mete/catkin_ws2/install/parser:/home/mete/catkin_ws2/install/localization:/home/mete/catkin_ws2/install/LibKML:/home/mete/catkin_ws2/install/GeographicLib:/opt/ros/foxy /usr/bin/cmake --build /home/mete/catkin_ws/build/pcl -- -j12 -l12
[0.055s] [35m[1mScanning dependencies of target register[0m
[0.071s] [ 50%] Built target matrix_transform
[0.098s] [ 75%] [32mBuilding CXX object CMakeFiles/register.dir/src/register.cpp.o[0m
[5.416s] [01m[K/home/mete/catkin_ws/src/pcl/src/register.cpp:[m[K In constructor ‘[01m[KMinimalPublisher::MinimalPublisher()[m[K’:
[5.416s] [01m[K/home/mete/catkin_ws/src/pcl/src/register.cpp:189:21:[m[K [01;31m[Kerror: [m[Kno match for ‘[01m[Koperator*[m[K’ (operand type is ‘[01m[KEigen::Matrix4f[m[K’ {aka ‘[01m[KEigen::Matrix<float, 4, 4>[m[K’})
[5.417s]   189 |       pcl::toROSMsg([01;31m[K*GlobalTransform[m[K, aligned_ros);
[5.417s]       |                     [01;31m[K^~~~~~~~~~~~~~~~[m[K
[5.417s] In file included from [01m[K/usr/include/eigen3/Eigen/Core:88[m[K,
[5.417s]                  from [01m[K/usr/include/pcl-1.10/pcl/pcl_macros.h:75[m[K,
[5.417s]                  from [01m[K/usr/include/pcl-1.10/pcl/PCLPointField.h:10[m[K,
[5.417s]                  from [01m[K/usr/include/pcl-1.10/pcl/conversions.h:46[m[K,
[5.417s]                  from [01m[K/opt/ros/foxy/include/pcl_conversions/pcl_conversions.h:46[m[K,
[5.417s]                  from [01m[K/home/mete/catkin_ws/src/pcl/src/register.cpp:1[m[K:
[5.417s] [01m[K/usr/include/eigen3/Eigen/src/plugins/CommonCwiseBinaryOps.h:50:1:[m[K [01;36m[Knote: [m[Kcandidate: ‘[01m[Ktemplate<class T> typename Eigen::internal::enable_if<true, const Eigen::CwiseBinaryOp<Eigen::internal::scalar_product_op<typename Eigen::internal::traits<T>::Scalar, typename Eigen::internal::promote_scalar_arg<typename Eigen::internal::traits<T>::Scalar, T, Eigen::internal::has_ReturnType<Eigen::ScalarBinaryOpTraits<typename Eigen::internal::traits<T>::Scalar, T, Eigen::internal::scalar_product_op<typename Eigen::internal::traits<T>::Scalar, T> > >::value>::type>, const Derived, const typename Eigen::internal::plain_constant_type<Derived, typename Eigen::internal::promote_scalar_arg<typename Eigen::internal::traits<T>::Scalar, T, Eigen::internal::has_ReturnType<Eigen::ScalarBinaryOpTraits<typename Eigen::internal::traits<T>::Scalar, T, Eigen::internal::scalar_product_op<typename Eigen::internal::traits<T>::Scalar, T> > >::value>::type>::type> >::type Eigen::MatrixBase<Derived>::operator*(const T&) const [with T = T; Derived = Eigen::Matrix<float, 4, 4>][m[K’
[5.417s]    50 | [01;36m[KEIGEN_MAKE_SCALAR_BINARY_OP[m[K(operator*,product)
[5.417s]       | [01;36m[K^~~~~~~~~~~~~~~~~~~~~~~~~~~[m[K
[5.417s] [01m[K/usr/include/eigen3/Eigen/src/plugins/CommonCwiseBinaryOps.h:50:1:[m[K [01;36m[Knote: [m[K  template argument deduction/substitution failed:
[5.417s] [01m[K/home/mete/catkin_ws/src/pcl/src/register.cpp:189:22:[m[K [01;36m[Knote: [m[K  candidate expects 1 argument, 0 provided
[5.417s]   189 |       pcl::toROSMsg(*[01;36m[KGlobalTransform[m[K, aligned_ros);
[5.417s]       |                      [01;36m[K^~~~~~~~~~~~~~~[m[K
[5.417s] In file included from [01m[K/usr/include/eigen3/Eigen/Core:436[m[K,
[5.418s]                  from [01m[K/usr/include/pcl-1.10/pcl/pcl_macros.h:75[m[K,
[5.418s]                  from [01m[K/usr/include/pcl-1.10/pcl/PCLPointField.h:10[m[K,
[5.418s]                  from [01m[K/usr/include/pcl-1.10/pcl/conversions.h:46[m[K,
[5.418s]                  from [01m[K/opt/ros/foxy/include/pcl_conversions/pcl_conversions.h:46[m[K,
[5.418s]                  from [01m[K/home/mete/catkin_ws/src/pcl/src/register.cpp:1[m[K:
[5.418s] [01m[K/usr/include/eigen3/Eigen/src/Core/MatrixBase.h:166:5:[m[K [01;36m[Knote: [m[Kcandidate: ‘[01m[Ktemplate<class OtherDerived> const Eigen::Product<Derived, OtherDerived> Eigen::MatrixBase<Derived>::operator*(const Eigen::MatrixBase<OtherDerived>&) const [with OtherDerived = OtherDerived; Derived = Eigen::Matrix<float, 4, 4>][m[K’
[5.418s]   166 |     [01;36m[Koperator[m[K*(const MatrixBase<OtherDerived> &other) const;
[5.418s]       |     [01;36m[K^~~~~~~~[m[K
[5.418s] [01m[K/usr/include/eigen3/Eigen/src/Core/MatrixBase.h:166:5:[m[K [01;36m[Knote: [m[K  template argument deduction/substitution failed:
[5.418s] [01m[K/home/mete/catkin_ws/src/pcl/src/register.cpp:189:22:[m[K [01;36m[Knote: [m[K  candidate expects 1 argument, 0 provided
[5.418s]   189 |       pcl::toROSMsg(*[01;36m[KGlobalTransform[m[K, aligned_ros);
[5.418s]       |                      [01;36m[K^~~~~~~~~~~~~~~[m[K
[5.418s] In file included from [01m[K/usr/include/eigen3/Eigen/Core:436[m[K,
[5.418s]                  from [01m[K/usr/include/pcl-1.10/pcl/pcl_macros.h:75[m[K,
[5.418s]                  from [01m[K/usr/include/pcl-1.10/pcl/PCLPointField.h:10[m[K,
[5.418s]                  from [01m[K/usr/include/pcl-1.10/pcl/conversions.h:46[m[K,
[5.419s]                  from [01m[K/opt/ros/foxy/include/pcl_conversions/pcl_conversions.h:46[m[K,
[5.419s]                  from [01m[K/home/mete/catkin_ws/src/pcl/src/register.cpp:1[m[K:
[5.419s] [01m[K/usr/include/eigen3/Eigen/src/Core/MatrixBase.h:185:5:[m[K [01;36m[Knote: [m[Kcandidate: ‘[01m[Ktemplate<class DiagonalDerived> const Eigen::Product<Derived, OtherDerived, 1> Eigen::MatrixBase<Derived>::operator*(const Eigen::DiagonalBase<DiagonalDerived>&) const [with DiagonalDerived = DiagonalDerived; Derived = Eigen::Matrix<float, 4, 4>][m[K’
[5.419s]   185 |     [01;36m[Koperator[m[K*(const DiagonalBase<DiagonalDerived> &diagonal) const;
[5.419s]       |     [01;36m[K^~~~~~~~[m[K
[5.419s] [01m[K/usr/include/eigen3/Eigen/src/Core/MatrixBase.h:185:5:[m[K [01;36m[Knote: [m[K  template argument deduction/substitution failed:
[5.419s] [01m[K/home/mete/catkin_ws/src/pcl/src/register.cpp:189:22:[m[K [01;36m[Knote: [m[K  candidate expects 1 argument, 0 provided
[5.419s]   189 |       pcl::toROSMsg(*[01;36m[KGlobalTransform[m[K, aligned_ros);
[5.419s]       |                      [01;36m[K^~~~~~~~~~~~~~~[m[K
[5.419s] In file included from [01m[K/usr/include/eigen3/Eigen/Core:96[m[K,
[5.419s]                  from [01m[K/usr/include/pcl-1.10/pcl/pcl_macros.h:75[m[K,
[5.419s]                  from [01m[K/usr/include/pcl-1.10/pcl/PCLPointField.h:10[m[K,
[5.419s]                  from [01m[K/usr/include/pcl-1.10/pcl/conversions.h:46[m[K,
[5.419s]                  from [01m[K/opt/ros/foxy/include/pcl_conversions/pcl_conversions.h:46[m[K,
[5.419s]                  from [01m[K/home/mete/catkin_ws/src/pcl/src/register.cpp:1[m[K:
[5.419s] [01m[K/usr/include/c++/9/complex:391:5:[m[K [01;36m[Knote: [m[Kcandidate: ‘[01m[Ktemplate<class _Tp> std::complex<_Tp> std::operator*(const std::complex<_Tp>&, const std::complex<_Tp>&)[m[K’
[5.419s]   391 |     [01;36m[Koperator[m[K*(const complex<_Tp>& __x, const complex<_Tp>& __y)
[5.419s]       |     [01;36m[K^~~~~~~~[m[K
[5.419s] [01m[K/usr/include/c++/9/complex:391:5:[m[K [01;36m[Knote: [m[K  template argument deduction/substitution failed:
[5.419s] [01m[K/home/mete/catkin_ws/src/pcl/src/register.cpp:189:22:[m[K [01;36m[Knote: [m[K  ‘[01m[KEigen::Matrix4f[m[K’ {aka ‘[01m[KEigen::Matrix<float, 4, 4>[m[K’} is not derived from ‘[01m[Kconst std::complex<_Tp>[m[K’
[5.420s]   189 |       pcl::toROSMsg(*[01;36m[KGlobalTransform[m[K, aligned_ros);
[5.420s]       |                      [01;36m[K^~~~~~~~~~~~~~~[m[K
[5.420s] In file included from [01m[K/usr/include/eigen3/Eigen/Core:96[m[K,
[5.420s]                  from [01m[K/usr/include/pcl-1.10/pcl/pcl_macros.h:75[m[K,
[5.420s]                  from [01m[K/usr/include/pcl-1.10/pcl/PCLPointField.h:10[m[K,
[5.420s]                  from [01m[K/usr/include/pcl-1.10/pcl/conversions.h:46[m[K,
[5.420s]                  from [01m[K/opt/ros/foxy/include/pcl_conversions/pcl_conversions.h:46[m[K,
[5.420s]                  from [01m[K/home/mete/catkin_ws/src/pcl/src/register.cpp:1[m[K:
[5.420s] [01m[K/usr/include/c++/9/complex:400:5:[m[K [01;36m[Knote: [m[Kcandidate: ‘[01m[Ktemplate<class _Tp> std::complex<_Tp> std::operator*(const std::complex<_Tp>&, const _Tp&)[m[K’
[5.420s]   400 |     [01;36m[Koperator[m[K*(const complex<_Tp>& __x, const _Tp& __y)
[5.420s]       |     [01;36m[K^~~~~~~~[m[K
[5.420s] [01m[K/usr/include/c++/9/complex:400:5:[m[K [01;36m[Knote: [m[K  template argument deduction/substitution failed:
[5.420s] [01m[K/home/mete/catkin_ws/src/pcl/src/register.cpp:189:22:[m[K [01;36m[Knote: [m[K  ‘[01m[KEigen::Matrix4f[m[K’ {aka ‘[01m[KEigen::Matrix<float, 4, 4>[m[K’} is not derived from ‘[01m[Kconst std::complex<_Tp>[m[K’
[5.420s]   189 |       pcl::toROSMsg(*[01;36m[KGlobalTransform[m[K, aligned_ros);
[5.420s]       |                      [01;36m[K^~~~~~~~~~~~~~~[m[K
[5.420s] In file included from [01m[K/usr/include/eigen3/Eigen/Core:96[m[K,
[5.420s]                  from [01m[K/usr/include/pcl-1.10/pcl/pcl_macros.h:75[m[K,
[5.420s]                  from [01m[K/usr/include/pcl-1.10/pcl/PCLPointField.h:10[m[K,
[5.420s]                  from [01m[K/usr/include/pcl-1.10/pcl/conversions.h:46[m[K,
[5.420s]                  from [01m[K/opt/ros/foxy/include/pcl_conversions/pcl_conversions.h:46[m[K,
[5.421s]                  from [01m[K/home/mete/catkin_ws/src/pcl/src/register.cpp:1[m[K:
[5.421s] [01m[K/usr/include/c++/9/complex:409:5:[m[K [01;36m[Knote: [m[Kcandidate: ‘[01m[Ktemplate<class _Tp> std::complex<_Tp> std::operator*(const _Tp&, const std::complex<_Tp>&)[m[K’
[5.421s]   409 |     [01;36m[Koperator[m[K*(const _Tp& __x, const complex<_Tp>& __y)
[5.421s]       |     [01;36m[K^~~~~~~~[m[K
[5.421s] [01m[K/usr/include/c++/9/complex:409:5:[m[K [01;36m[Knote: [m[K  template argument deduction/substitution failed:
[5.421s] [01m[K/home/mete/catkin_ws/src/pcl/src/register.cpp:189:22:[m[K [01;36m[Knote: [m[K  candidate expects 2 arguments, 1 provided
[5.421s]   189 |       pcl::toROSMsg(*[01;36m[KGlobalTransform[m[K, aligned_ros);
[5.421s]       |                      [01;36m[K^~~~~~~~~~~~~~~[m[K
[5.421s] In file included from [01m[K/usr/include/eigen3/Eigen/Core:487[m[K,
[5.421s]                  from [01m[K/usr/include/pcl-1.10/pcl/pcl_macros.h:75[m[K,
[5.421s]                  from [01m[K/usr/include/pcl-1.10/pcl/PCLPointField.h:10[m[K,
[5.421s]                  from [01m[K/usr/include/pcl-1.10/pcl/conversions.h:46[m[K,
[5.421s]                  from [01m[K/opt/ros/foxy/include/pcl_conversions/pcl_conversions.h:46[m[K,
[5.421s]                  from [01m[K/home/mete/catkin_ws/src/pcl/src/register.cpp:1[m[K:
[5.421s] [01m[K/usr/include/eigen3/Eigen/src/Core/PermutationMatrix.h:543:1:[m[K [01;36m[Knote: [m[Kcandidate: ‘[01m[Ktemplate<class MatrixDerived, class PermutationDerived> const Eigen::Product<MatrixDerived, PermutationDerived, 2> Eigen::operator*(const Eigen::MatrixBase<Derived>&, const Eigen::PermutationBase<PermutationDerived>&)[m[K’
[5.421s]   543 | [01;36m[Koperator[m[K*(const MatrixBase<MatrixDerived> &matrix,
[5.421s]       | [01;36m[K^~~~~~~~[m[K
[5.421s] [01m[K/usr/include/eigen3/Eigen/src/Core/PermutationMatrix.h:543:1:[m[K [01;36m[Knote: [m[K  template argument deduction/substitution failed:
[5.421s] [01m[K/home/mete/catkin_ws/src/pcl/src/register.cpp:189:22:[m[K [01;36m[Knote: [m[K  candidate expects 2 arguments, 1 provided
[5.421s]   189 |       pcl::toROSMsg(*[01;36m[KGlobalTransform[m[K, aligned_ros);
[5.421s]       |                      [01;36m[K^~~~~~~~~~~~~~~[m[K
[5.421s] In file included from [01m[K/usr/include/eigen3/Eigen/Core:487[m[K,
[5.422s]                  from [01m[K/usr/include/pcl-1.10/pcl/pcl_macros.h:75[m[K,
[5.422s]                  from [01m[K/usr/include/pcl-1.10/pcl/PCLPointField.h:10[m[K,
[5.422s]                  from [01m[K/usr/include/pcl-1.10/pcl/conversions.h:46[m[K,
[5.422s]                  from [01m[K/opt/ros/foxy/include/pcl_conversions/pcl_conversions.h:46[m[K,
[5.422s]                  from [01m[K/home/mete/catkin_ws/src/pcl/src/register.cpp:1[m[K:
[5.422s] [01m[K/usr/include/eigen3/Eigen/src/Core/PermutationMatrix.h:555:1:[m[K [01;36m[Knote: [m[Kcandidate: ‘[01m[Ktemplate<class PermutationDerived, class MatrixDerived> const Eigen::Product<MatrixDerived, PermutationDerived, 2> Eigen::operator*(const Eigen::PermutationBase<PermutationDerived>&, const Eigen::MatrixBase<U>&)[m[K’
[5.422s]   555 | [01;36m[Koperator[m[K*(const PermutationBase<PermutationDerived> &permutation,
[5.422s]       | [01;36m[K^~~~~~~~[m[K
[5.422s] [01m[K/usr/include/eigen3/Eigen/src/Core/PermutationMatrix.h:555:1:[m[K [01;36m[Knote: [m[K  template argument deduction/substitution failed:
[5.422s] [01m[K/home/mete/catkin_ws/src/pcl/src/register.cpp:189:22:[m[K [01;36m[Knote: [m[K  ‘[01m[KEigen::Matrix4f[m[K’ {aka ‘[01m[KEigen::Matrix<float, 4, 4>[m[K’} is not derived from ‘[01m[Kconst Eigen::PermutationBase<PermutationDerived>[m[K’
[5.422s]   189 |       pcl::toROSMsg(*[01;36m[KGlobalTransform[m[K, aligned_ros);
[5.422s]       |                      [01;36m[K^~~~~~~~~~~~~~~[m[K
[5.422s] In file included from [01m[K/usr/include/eigen3/Eigen/Core:488[m[K,
[5.422s]                  from [01m[K/usr/include/pcl-1.10/pcl/pcl_macros.h:75[m[K,
[5.422s]                  from [01m[K/usr/include/pcl-1.10/pcl/PCLPointField.h:10[m[K,
[5.422s]                  from [01m[K/usr/include/pcl-1.10/pcl/conversions.h:46[m[K,
[5.422s]                  from [01m[K/opt/ros/foxy/include/pcl_conversions/pcl_conversions.h:46[m[K,
[5.422s]                  from [01m[K/home/mete/catkin_ws/src/pcl/src/register.cpp:1[m[K:
[5.422s] [01m[K/usr/include/eigen3/Eigen/src/Core/Transpositions.h:338:1:[m[K [01;36m[Knote: [m[Kcandidate: ‘[01m[Ktemplate<class MatrixDerived, class TranspositionsDerived> const Eigen::Product<MatrixDerived, PermutationDerived, 2> Eigen::operator*(const Eigen::MatrixBase<Derived>&, const Eigen::TranspositionsBase<TranspositionsDerived>&)[m[K’
[5.422s]   338 | [01;36m[Koperator[m[K*(const MatrixBase<MatrixDerived> &matrix,
[5.423s]       | [01;36m[K^~~~~~~~[m[K
[5.423s] [01m[K/usr/include/eigen3/Eigen/src/Core/Transpositions.h:338:1:[m[K [01;36m[Knote: [m[K  template argument deduction/substitution failed:
[5.423s] [01m[K/home/mete/catkin_ws/src/pcl/src/register.cpp:189:22:[m[K [01;36m[Knote: [m[K  candidate expects 2 arguments, 1 provided
[5.423s]   189 |       pcl::toROSMsg(*[01;36m[KGlobalTransform[m[K, aligned_ros);
[5.423s]       |                      [01;36m[K^~~~~~~~~~~~~~~[m[K
[5.423s] In file included from [01m[K/usr/include/eigen3/Eigen/Core:488[m[K,
[5.423s]                  from [01m[K/usr/include/pcl-1.10/pcl/pcl_macros.h:75[m[K,
[5.423s]                  from [01m[K/usr/include/pcl-1.10/pcl/PCLPointField.h:10[m[K,
[5.423s]                  from [01m[K/usr/include/pcl-1.10/pcl/conversions.h:46[m[K,
[5.423s]                  from [01m[K/opt/ros/foxy/include/pcl_conversions/pcl_conversions.h:46[m[K,
[5.423s]                  from [01m[K/home/mete/catkin_ws/src/pcl/src/register.cpp:1[m[K:
[5.423s] [01m[K/usr/include/eigen3/Eigen/src/Core/Transpositions.h:350:1:[m[K [01;36m[Knote: [m[Kcandidate: ‘[01m[Ktemplate<class TranspositionsDerived, class MatrixDerived> const Eigen::Product<MatrixDerived, PermutationDerived, 2> Eigen::operator*(const Eigen::TranspositionsBase<TranspositionsDerived>&, const Eigen::MatrixBase<U>&)[m[K’
[5.423s]   350 | [01;36m[Koperator[m[K*(const TranspositionsBase<TranspositionsDerived> &transpositions,
[5.423s]       | [01;36m[K^~~~~~~~[m[K
[5.423s] [01m[K/usr/include/eigen3/Eigen/src/Core/Transpositions.h:350:1:[m[K [01;36m[Knote: [m[K  template argument deduction/substitution failed:
[5.423s] [01m[K/home/mete/catkin_ws/src/pcl/src/register.cpp:189:22:[m[K [01;36m[Knote: [m[K  ‘[01m[KEigen::Matrix4f[m[K’ {aka ‘[01m[KEigen::Matrix<float, 4, 4>[m[K’} is not derived from ‘[01m[Kconst Eigen::TranspositionsBase<TranspositionsDerived>[m[K’
[5.423s]   189 |       pcl::toROSMsg(*[01;36m[KGlobalTransform[m[K, aligned_ros);
[5.423s]       |                      [01;36m[K^~~~~~~~~~~~~~~[m[K
[5.423s] In file included from [01m[K/usr/include/eigen3/Eigen/Householder:24[m[K,
[5.424s]                  from [01m[K/usr/include/eigen3/Eigen/QR:17[m[K,
[5.424s]                  from [01m[K/usr/include/eigen3/Eigen/SVD:11[m[K,
[5.424s]                  from [01m[K/usr/include/eigen3/Eigen/Geometry:15[m[K,
[5.424s]                  from [01m[K/usr/include/pcl-1.10/pcl/point_cloud.h:46[m[K,
[5.424s]                  from [01m[K/usr/include/pcl-1.10/pcl/conversions.h:49[m[K,
[5.424s]                  from [01m[K/opt/ros/foxy/include/pcl_conversions/pcl_conversions.h:46[m[K,
[5.424s]                  from [01m[K/home/mete/catkin_ws/src/pcl/src/register.cpp:1[m[K:
[5.424s] [01m[K/usr/include/eigen3/Eigen/src/Householder/HouseholderSequence.h:438:99:[m[K [01;36m[Knote: [m[Kcandidate: ‘[01m[Ktemplate<class OtherDerived, class VectorsType, class CoeffsType, int Side> typename Eigen::internal::matrix_type_times_scalar_type<typename VectorsType::Scalar, OtherDerived>::Type Eigen::operator*(const Eigen::MatrixBase<Derived>&, const Eigen::HouseholderSequence<VectorsType, CoeffsType, Side>&)[m[K’
[5.424s]   438 | scalar_type<typename VectorsType::Scalar,OtherDerived>::Type [01;36m[Koperator[m[K*(const MatrixBase<OtherDerived>& other, const HouseholderSequence<VectorsType,CoeffsType,Side>& h)
[5.424s]       |                                                              [01;36m[K^~~~~~~~[m[K
[5.424s] 
[5.424s] [01m[K/usr/include/eigen3/Eigen/src/Householder/HouseholderSequence.h:438:99:[m[K [01;36m[Knote: [m[K  template argument deduction/substitution failed:
[5.424s] [01m[K/home/mete/catkin_ws/src/pcl/src/register.cpp:189:22:[m[K [01;36m[Knote: [m[K  candidate expects 2 arguments, 1 provided
[5.424s]   189 |       pcl::toROSMsg(*[01;36m[KGlobalTransform[m[K, aligned_ros);
[5.424s]       |                      [01;36m[K^~~~~~~~~~~~~~~[m[K
[5.424s] In file included from [01m[K/usr/include/eigen3/Eigen/Geometry:46[m[K,
[5.424s]                  from [01m[K/usr/include/pcl-1.10/pcl/point_cloud.h:46[m[K,
[5.424s]                  from [01m[K/usr/include/pcl-1.10/pcl/conversions.h:49[m[K,
[5.424s]                  from [01m[K/opt/ros/foxy/include/pcl_conversions/pcl_conversions.h:46[m[K,
[5.424s]                  from [01m[K/home/mete/catkin_ws/src/pcl/src/register.cpp:1[m[K:
[5.424s] [01m[K/usr/include/eigen3/Eigen/src/Geometry/Scaling.h:117:1:[m[K [01;36m[Knote: [m[Kcandidate: ‘[01m[Ktemplate<class Derived, class Scalar> Eigen::CwiseBinaryOp<Eigen::internal::scalar_product_op<typename Eigen::internal::traits<T>::Scalar, Scalar>, const Derived, const typename Eigen::internal::plain_constant_type<Expr, Scalar>::type> Eigen::operator*(const Eigen::MatrixBase<Derived>&, const Eigen::UniformScaling<Scalar>&)[m[K’
[5.425s]   117 | [01;36m[Koperator[m[K*(const MatrixBase<Derived>& matrix, const UniformScaling<Scalar>& s)
[5.425s]       | [01;36m[K^~~~~~~~[m[K
[5.425s] [01m[K/usr/include/eigen3/Eigen/src/Geometry/Scaling.h:117:1:[m[K [01;36m[Knote: [m[K  template argument deduction/substitution failed:
[5.425s] [01m[K/home/mete/catkin_ws/src/pcl/src/register.cpp:189:22:[m[K [01;36m[Knote: [m[K  candidate expects 2 arguments, 1 provided
[5.425s]   189 |       pcl::toROSMsg(*[01;36m[KGlobalTransform[m[K, aligned_ros);
[5.425s]       |                      [01;36m[K^~~~~~~~~~~~~~~[m[K
[5.425s] In file included from [01m[K/usr/include/eigen3/Eigen/Core:88[m[K,
[5.425s]                  from [01m[K/usr/include/pcl-1.10/pcl/pcl_macros.h:75[m[K,
[5.425s]                  from [01m[K/usr/include/pcl-1.10/pcl/PCLPointField.h:10[m[K,
[5.425s]                  from [01m[K/usr/include/pcl-1.10/pcl/conversions.h:46[m[K,
[5.425s]                  from [01m[K/opt/ros/foxy/include/pcl_conversions/pcl_conversions.h:46[m[K,
[5.425s]                  from [01m[K/home/mete/catkin_ws/src/pcl/src/register.cpp:1[m[K:
[5.425s] [01m[K/usr/include/eigen3/Eigen/src/plugins/CommonCwiseBinaryOps.h:50:1:[m[K [01;36m[Knote: [m[Kcandidate: ‘[01m[Ktemplate<class T> typename Eigen::internal::enable_if<true, const Eigen::CwiseBinaryOp<Eigen::internal::scalar_product_op<typename Eigen::internal::promote_scalar_arg<float, T, Eigen::internal::has_ReturnType<Eigen::ScalarBinaryOpTraits<T, float, Eigen::internal::scalar_product_op<T, float> > >::value>::type, float>, const typename Eigen::internal::plain_constant_type<Eigen::Matrix<float, 4, 4>, typename Eigen::internal::promote_scalar_arg<float, T, Eigen::internal::has_ReturnType<Eigen::ScalarBinaryOpTraits<T, float, Eigen::internal::scalar_product_op<T, float> > >::value>::type>::type, const Eigen::Matrix<float, 4, 4> > >::type Eigen::operator*(const T&, const StorageBaseType&)[m[K’
[5.425s]    50 | [01;36m[KEIGEN_MAKE_SCALAR_BINARY_OP[m[K(operator*,product)
[5.425s]       | [01;36m[K^~~~~~~~~~~~~~~~~~~~~~~~~~~[m[K
[5.425s] [01m[K/usr/include/eigen3/Eigen/src/plugins/CommonCwiseBinaryOps.h:50:1:[m[K [01;36m[Knote: [m[K  template argument deduction/substitution failed:
[5.425s] [01m[K/home/mete/catkin_ws/src/pcl/src/register.cpp:189:22:[m[K [01;36m[Knote: [m[K  candidate expects 2 arguments, 1 provided
[5.425s]   189 |       pcl::toROSMsg(*[01;36m[KGlobalTransform[m[K, aligned_ros);
[5.425s]       |                      [01;36m[K^~~~~~~~~~~~~~~[m[K
[15.596s] make[2]: *** [CMakeFiles/register.dir/build.make:63: CMakeFiles/register.dir/src/register.cpp.o] Error 1
[15.596s] make[1]: *** [CMakeFiles/Makefile2:80: CMakeFiles/register.dir/all] Error 2
[15.596s] make: *** [Makefile:141: all] Error 2
[15.599s] Invoked command in '/home/mete/catkin_ws/build/pcl' returned '2': CMAKE_PREFIX_PATH=/home/mete/catkin_ws/install/pcl_conversions:/home/mete/catkin_ws/install/perception_pcl:/home/mete/catkin_ws/install/pcl_ros:/home/mete/catkin_ws/install/pcl:/home/mete/catkin_ws/install/localization:/home/mete/catkin_ws2/install/pugixml:/home/mete/catkin_ws2/install/parser:/home/mete/catkin_ws2/install/localization:/home/mete/catkin_ws2/install/LibKML:/home/mete/catkin_ws2/install/GeographicLib:/opt/ros/foxy /usr/bin/cmake --build /home/mete/catkin_ws/build/pcl -- -j12 -l12
