[0.134s] DEBUG:colcon:Command line arguments: ['/usr/bin/colcon', 'build', '--parallel-workers', '8']
[0.134s] DEBUG:colcon:Parsed command line arguments: Namespace(allow_overriding=[], ament_cmake_args=None, base_paths=['.'], build_base='build', catkin_cmake_args=None, catkin_skip_building_tests=False, cmake_args=None, cmake_clean_cache=False, cmake_clean_first=False, cmake_force_configure=False, cmake_target=None, cmake_target_skip_unavailable=False, continue_on_error=False, event_handlers=None, executor='parallel', ignore_user_meta=False, install_base='install', log_base=None, log_level=None, main=<bound method BuildVerb.main of <colcon_core.verb.build.BuildVerb object at 0x7fd4f6b99b80>>, merge_install=False, metas=['./colcon.meta'], packages_above=None, packages_above_and_dependencies=None, packages_above_depth=None, packages_end=None, packages_ignore=None, packages_ignore_regex=None, packages_select=None, packages_select_build_failed=False, packages_select_by_dep=None, packages_select_regex=None, packages_select_test_failures=False, packages_skip=None, packages_skip_build_finished=False, packages_skip_by_dep=None, packages_skip_regex=None, packages_skip_test_passed=False, packages_skip_up_to=None, packages_start=None, packages_up_to=None, packages_up_to_regex=None, parallel_workers=8, paths=None, symlink_install=False, test_result_base=None, verb_extension=<colcon_core.verb.build.BuildVerb object at 0x7fd4f6b99b80>, verb_name='build', verb_parser=<colcon_defaults.argument_parser.defaults.DefaultArgumentsDecorator object at 0x7fd4f6ba4130>)
[0.156s] Level 1:colcon.colcon_core.package_discovery:discover_packages(colcon_meta) check parameters
[0.156s] Level 1:colcon.colcon_core.package_discovery:discover_packages(recursive) check parameters
[0.156s] Level 1:colcon.colcon_core.package_discovery:discover_packages(ignore) check parameters
[0.156s] Level 1:colcon.colcon_core.package_discovery:discover_packages(path) check parameters
[0.156s] Level 1:colcon.colcon_core.package_discovery:discover_packages(colcon_meta) discover
[0.156s] Level 1:colcon.colcon_core.package_discovery:discover_packages(recursive) discover
[0.156s] INFO:colcon.colcon_core.package_discovery:Crawling recursively for packages in '/home/mete/catkin_ws'
[0.157s] Level 1:colcon.colcon_core.package_identification:_identify(.) by extensions ['ignore', 'ignore_ament_install']
[0.157s] Level 1:colcon.colcon_core.package_identification:_identify(.) by extension 'ignore'
[0.157s] Level 1:colcon.colcon_core.package_identification:_identify(.) by extension 'ignore_ament_install'
[0.157s] Level 1:colcon.colcon_core.package_identification:_identify(.) by extensions ['colcon_pkg']
[0.157s] Level 1:colcon.colcon_core.package_identification:_identify(.) by extension 'colcon_pkg'
[0.157s] Level 1:colcon.colcon_core.package_identification:_identify(.) by extensions ['colcon_meta']
[0.157s] Level 1:colcon.colcon_core.package_identification:_identify(.) by extension 'colcon_meta'
[0.157s] Level 1:colcon.colcon_core.package_identification:_identify(.) by extensions ['ros']
[0.157s] Level 1:colcon.colcon_core.package_identification:_identify(.) by extension 'ros'
[0.167s] Level 1:colcon.colcon_core.package_identification:_identify(.) by extensions ['cmake', 'python']
[0.167s] Level 1:colcon.colcon_core.package_identification:_identify(.) by extension 'cmake'
[0.167s] Level 1:colcon.colcon_core.package_identification:_identify(.) by extension 'python'
[0.167s] Level 1:colcon.colcon_core.package_identification:_identify(.) by extensions ['python_setup_py']
[0.167s] Level 1:colcon.colcon_core.package_identification:_identify(.) by extension 'python_setup_py'
[0.167s] Level 1:colcon.colcon_core.package_identification:_identify(build) by extensions ['ignore', 'ignore_ament_install']
[0.167s] Level 1:colcon.colcon_core.package_identification:_identify(build) by extension 'ignore'
[0.167s] Level 1:colcon.colcon_core.package_identification:_identify(build) ignored
[0.168s] Level 1:colcon.colcon_core.package_identification:_identify(install) by extensions ['ignore', 'ignore_ament_install']
[0.168s] Level 1:colcon.colcon_core.package_identification:_identify(install) by extension 'ignore'
[0.168s] Level 1:colcon.colcon_core.package_identification:_identify(install) ignored
[0.168s] Level 1:colcon.colcon_core.package_identification:_identify(log) by extensions ['ignore', 'ignore_ament_install']
[0.168s] Level 1:colcon.colcon_core.package_identification:_identify(log) by extension 'ignore'
[0.168s] Level 1:colcon.colcon_core.package_identification:_identify(log) ignored
[0.168s] Level 1:colcon.colcon_core.package_identification:_identify(src) by extensions ['ignore', 'ignore_ament_install']
[0.168s] Level 1:colcon.colcon_core.package_identification:_identify(src) by extension 'ignore'
[0.168s] Level 1:colcon.colcon_core.package_identification:_identify(src) by extension 'ignore_ament_install'
[0.168s] Level 1:colcon.colcon_core.package_identification:_identify(src) by extensions ['colcon_pkg']
[0.168s] Level 1:colcon.colcon_core.package_identification:_identify(src) by extension 'colcon_pkg'
[0.168s] Level 1:colcon.colcon_core.package_identification:_identify(src) by extensions ['colcon_meta']
[0.168s] Level 1:colcon.colcon_core.package_identification:_identify(src) by extension 'colcon_meta'
[0.168s] Level 1:colcon.colcon_core.package_identification:_identify(src) by extensions ['ros']
[0.168s] Level 1:colcon.colcon_core.package_identification:_identify(src) by extension 'ros'
[0.168s] Level 1:colcon.colcon_core.package_identification:_identify(src) by extensions ['cmake', 'python']
[0.168s] Level 1:colcon.colcon_core.package_identification:_identify(src) by extension 'cmake'
[0.168s] Level 1:colcon.colcon_core.package_identification:_identify(src) by extension 'python'
[0.168s] Level 1:colcon.colcon_core.package_identification:_identify(src) by extensions ['python_setup_py']
[0.168s] Level 1:colcon.colcon_core.package_identification:_identify(src) by extension 'python_setup_py'
[0.169s] Level 1:colcon.colcon_core.package_identification:_identify(src/localization) by extensions ['ignore', 'ignore_ament_install']
[0.169s] Level 1:colcon.colcon_core.package_identification:_identify(src/localization) by extension 'ignore'
[0.169s] Level 1:colcon.colcon_core.package_identification:_identify(src/localization) by extension 'ignore_ament_install'
[0.169s] Level 1:colcon.colcon_core.package_identification:_identify(src/localization) by extensions ['colcon_pkg']
[0.169s] Level 1:colcon.colcon_core.package_identification:_identify(src/localization) by extension 'colcon_pkg'
[0.169s] Level 1:colcon.colcon_core.package_identification:_identify(src/localization) by extensions ['colcon_meta']
[0.169s] Level 1:colcon.colcon_core.package_identification:_identify(src/localization) by extension 'colcon_meta'
[0.169s] Level 1:colcon.colcon_core.package_identification:_identify(src/localization) by extensions ['ros']
[0.169s] Level 1:colcon.colcon_core.package_identification:_identify(src/localization) by extension 'ros'
[0.171s] DEBUG:colcon.colcon_core.package_identification:Package 'src/localization' with type 'ros.ament_cmake' and name 'localization'
[0.171s] Level 1:colcon.colcon_core.package_identification:_identify(src/pcl) by extensions ['ignore', 'ignore_ament_install']
[0.171s] Level 1:colcon.colcon_core.package_identification:_identify(src/pcl) by extension 'ignore'
[0.171s] Level 1:colcon.colcon_core.package_identification:_identify(src/pcl) by extension 'ignore_ament_install'
[0.171s] Level 1:colcon.colcon_core.package_identification:_identify(src/pcl) by extensions ['colcon_pkg']
[0.171s] Level 1:colcon.colcon_core.package_identification:_identify(src/pcl) by extension 'colcon_pkg'
[0.171s] Level 1:colcon.colcon_core.package_identification:_identify(src/pcl) by extensions ['colcon_meta']
[0.171s] Level 1:colcon.colcon_core.package_identification:_identify(src/pcl) by extension 'colcon_meta'
[0.171s] Level 1:colcon.colcon_core.package_identification:_identify(src/pcl) by extensions ['ros']
[0.171s] Level 1:colcon.colcon_core.package_identification:_identify(src/pcl) by extension 'ros'
[0.172s] DEBUG:colcon.colcon_core.package_identification:Package 'src/pcl' with type 'ros.ament_cmake' and name 'pcl'
[0.172s] Level 1:colcon.colcon_core.package_discovery:discover_packages(recursive) using defaults
[0.173s] Level 1:colcon.colcon_core.package_discovery:discover_packages(ignore) discover
[0.173s] Level 1:colcon.colcon_core.package_discovery:discover_packages(ignore) using defaults
[0.173s] Level 1:colcon.colcon_core.package_discovery:discover_packages(path) discover
[0.173s] Level 1:colcon.colcon_core.package_discovery:discover_packages(path) using defaults
[0.200s] Level 1:colcon.colcon_core.package_discovery:discover_packages(prefix_path) check parameters
[0.200s] Level 1:colcon.colcon_core.package_discovery:discover_packages(prefix_path) discover
[0.202s] DEBUG:colcon.colcon_installed_package_information.package_discovery:Found 2 installed packages in /home/mete/catkin_ws/install
[0.203s] DEBUG:colcon.colcon_installed_package_information.package_discovery:Found 256 installed packages in /opt/ros/foxy
[0.204s] Level 1:colcon.colcon_core.package_discovery:discover_packages(prefix_path) using defaults
[0.266s] Level 5:colcon.colcon_core.verb:set package 'localization' build argument 'cmake_args' from command line to 'None'
[0.267s] Level 5:colcon.colcon_core.verb:set package 'localization' build argument 'cmake_target' from command line to 'None'
[0.267s] Level 5:colcon.colcon_core.verb:set package 'localization' build argument 'cmake_target_skip_unavailable' from command line to 'False'
[0.267s] Level 5:colcon.colcon_core.verb:set package 'localization' build argument 'cmake_clean_cache' from command line to 'False'
[0.267s] Level 5:colcon.colcon_core.verb:set package 'localization' build argument 'cmake_clean_first' from command line to 'False'
[0.267s] Level 5:colcon.colcon_core.verb:set package 'localization' build argument 'cmake_force_configure' from command line to 'False'
[0.267s] Level 5:colcon.colcon_core.verb:set package 'localization' build argument 'ament_cmake_args' from command line to 'None'
[0.267s] Level 5:colcon.colcon_core.verb:set package 'localization' build argument 'catkin_cmake_args' from command line to 'None'
[0.267s] Level 5:colcon.colcon_core.verb:set package 'localization' build argument 'catkin_skip_building_tests' from command line to 'False'
[0.267s] DEBUG:colcon.colcon_core.verb:Building package 'localization' with the following arguments: {'ament_cmake_args': None, 'build_base': '/home/mete/catkin_ws/build/localization', 'catkin_cmake_args': None, 'catkin_skip_building_tests': False, 'cmake_args': None, 'cmake_clean_cache': False, 'cmake_clean_first': False, 'cmake_force_configure': False, 'cmake_target': None, 'cmake_target_skip_unavailable': False, 'install_base': '/home/mete/catkin_ws/install/localization', 'merge_install': False, 'path': '/home/mete/catkin_ws/src/localization', 'symlink_install': False, 'test_result_base': None}
[0.267s] Level 5:colcon.colcon_core.verb:set package 'pcl' build argument 'cmake_args' from command line to 'None'
[0.268s] Level 5:colcon.colcon_core.verb:set package 'pcl' build argument 'cmake_target' from command line to 'None'
[0.268s] Level 5:colcon.colcon_core.verb:set package 'pcl' build argument 'cmake_target_skip_unavailable' from command line to 'False'
[0.268s] Level 5:colcon.colcon_core.verb:set package 'pcl' build argument 'cmake_clean_cache' from command line to 'False'
[0.268s] Level 5:colcon.colcon_core.verb:set package 'pcl' build argument 'cmake_clean_first' from command line to 'False'
[0.268s] Level 5:colcon.colcon_core.verb:set package 'pcl' build argument 'cmake_force_configure' from command line to 'False'
[0.268s] Level 5:colcon.colcon_core.verb:set package 'pcl' build argument 'ament_cmake_args' from command line to 'None'
[0.268s] Level 5:colcon.colcon_core.verb:set package 'pcl' build argument 'catkin_cmake_args' from command line to 'None'
[0.268s] Level 5:colcon.colcon_core.verb:set package 'pcl' build argument 'catkin_skip_building_tests' from command line to 'False'
[0.268s] DEBUG:colcon.colcon_core.verb:Building package 'pcl' with the following arguments: {'ament_cmake_args': None, 'build_base': '/home/mete/catkin_ws/build/pcl', 'catkin_cmake_args': None, 'catkin_skip_building_tests': False, 'cmake_args': None, 'cmake_clean_cache': False, 'cmake_clean_first': False, 'cmake_force_configure': False, 'cmake_target': None, 'cmake_target_skip_unavailable': False, 'install_base': '/home/mete/catkin_ws/install/pcl', 'merge_install': False, 'path': '/home/mete/catkin_ws/src/pcl', 'symlink_install': False, 'test_result_base': None}
[0.268s] INFO:colcon.colcon_core.executor:Executing jobs using 'parallel' executor
[0.272s] DEBUG:colcon.colcon_parallel_executor.executor.parallel:run_until_complete
[0.273s] INFO:colcon.colcon_ros.task.ament_cmake.build:Building ROS package in '/home/mete/catkin_ws/src/localization' with build type 'ament_cmake'
[0.273s] INFO:colcon.colcon_cmake.task.cmake.build:Building CMake package in '/home/mete/catkin_ws/src/localization'
[0.277s] INFO:colcon.colcon_core.plugin_system:Skipping extension 'colcon_core.shell.bat': Not used on non-Windows systems
[0.277s] INFO:colcon.colcon_core.shell:Skip shell extension 'powershell' for command environment: Not usable outside of PowerShell
[0.278s] DEBUG:colcon.colcon_core.shell:Skip shell extension 'dsv' for command environment
[0.282s] INFO:colcon.colcon_ros.task.ament_cmake.build:Building ROS package in '/home/mete/catkin_ws/src/pcl' with build type 'ament_cmake'
[0.283s] INFO:colcon.colcon_cmake.task.cmake.build:Building CMake package in '/home/mete/catkin_ws/src/pcl'
[0.285s] INFO:colcon.colcon_core.shell:Skip shell extension 'powershell' for command environment: Not usable outside of PowerShell
[0.285s] DEBUG:colcon.colcon_core.shell:Skip shell extension 'dsv' for command environment
[0.302s] DEBUG:colcon.colcon_core.event_handler.log_command:Invoking command in '/home/mete/catkin_ws/build/localization': CMAKE_PREFIX_PATH=${CMAKE_PREFIX_PATH}:/opt/ros/foxy /usr/bin/cmake --build /home/mete/catkin_ws/build/localization -- -j12 -l12
[0.308s] DEBUG:colcon.colcon_core.event_handler.log_command:Invoking command in '/home/mete/catkin_ws/build/pcl': CMAKE_PREFIX_PATH=${CMAKE_PREFIX_PATH}:/opt/ros/foxy /usr/bin/cmake --build /home/mete/catkin_ws/build/pcl -- -j12 -l12
[0.345s] DEBUG:colcon.colcon_core.event_handler.log_command:Invoked command in '/home/mete/catkin_ws/build/localization' returned '0': CMAKE_PREFIX_PATH=${CMAKE_PREFIX_PATH}:/opt/ros/foxy /usr/bin/cmake --build /home/mete/catkin_ws/build/localization -- -j12 -l12
[0.379s] DEBUG:colcon.colcon_core.event_handler.log_command:Invoking command in '/home/mete/catkin_ws/build/localization': CMAKE_PREFIX_PATH=${CMAKE_PREFIX_PATH}:/opt/ros/foxy /usr/bin/cmake --install /home/mete/catkin_ws/build/localization
[0.390s] Level 1:colcon.colcon_core.environment:create_environment_scripts_only(localization)
[0.392s] DEBUG:colcon.colcon_core.event_handler.log_command:Invoked command in '/home/mete/catkin_ws/build/localization' returned '0': CMAKE_PREFIX_PATH=${CMAKE_PREFIX_PATH}:/opt/ros/foxy /usr/bin/cmake --install /home/mete/catkin_ws/build/localization
[0.396s] Level 1:colcon.colcon_core.environment:checking '/home/mete/catkin_ws/install/localization' for CMake module files
[0.396s] Level 1:colcon.colcon_core.environment:checking '/home/mete/catkin_ws/install/localization' for CMake config files
[0.397s] Level 1:colcon.colcon_core.shell:create_environment_hook('localization', 'cmake_prefix_path')
[0.398s] INFO:colcon.colcon_core.shell:Creating environment hook '/home/mete/catkin_ws/install/localization/share/localization/hook/cmake_prefix_path.ps1'
[0.398s] INFO:colcon.colcon_core.shell:Creating environment descriptor '/home/mete/catkin_ws/install/localization/share/localization/hook/cmake_prefix_path.dsv'
[0.399s] INFO:colcon.colcon_core.shell:Creating environment hook '/home/mete/catkin_ws/install/localization/share/localization/hook/cmake_prefix_path.sh'
[0.400s] Level 1:colcon.colcon_core.environment:checking '/home/mete/catkin_ws/install/localization/bin'
[0.400s] Level 1:colcon.colcon_core.environment:checking '/home/mete/catkin_ws/install/localization/lib/pkgconfig/localization.pc'
[0.400s] Level 1:colcon.colcon_core.environment:checking '/home/mete/catkin_ws/install/localization/lib/python3.8/site-packages'
[0.401s] Level 1:colcon.colcon_core.environment:checking '/home/mete/catkin_ws/install/localization/bin'
[0.402s] INFO:colcon.colcon_core.shell:Creating package script '/home/mete/catkin_ws/install/localization/share/localization/package.ps1'
[0.403s] INFO:colcon.colcon_core.shell:Creating package descriptor '/home/mete/catkin_ws/install/localization/share/localization/package.dsv'
[0.403s] INFO:colcon.colcon_core.shell:Creating package script '/home/mete/catkin_ws/install/localization/share/localization/package.sh'
[0.404s] INFO:colcon.colcon_core.shell:Creating package script '/home/mete/catkin_ws/install/localization/share/localization/package.bash'
[0.404s] INFO:colcon.colcon_core.shell:Creating package script '/home/mete/catkin_ws/install/localization/share/localization/package.zsh'
[0.405s] Level 1:colcon.colcon_core.environment:create_file_with_runtime_dependencies(/home/mete/catkin_ws/install/localization/share/colcon-core/packages/localization)
[0.432s] Level 1:colcon.colcon_core.environment:create_environment_scripts_only(localization)
[0.434s] Level 1:colcon.colcon_core.environment:checking '/home/mete/catkin_ws/install/localization' for CMake module files
[0.435s] Level 1:colcon.colcon_core.environment:checking '/home/mete/catkin_ws/install/localization' for CMake config files
[0.435s] Level 1:colcon.colcon_core.shell:create_environment_hook('localization', 'cmake_prefix_path')
[0.437s] INFO:colcon.colcon_core.shell:Creating environment hook '/home/mete/catkin_ws/install/localization/share/localization/hook/cmake_prefix_path.ps1'
[0.437s] INFO:colcon.colcon_core.shell:Creating environment descriptor '/home/mete/catkin_ws/install/localization/share/localization/hook/cmake_prefix_path.dsv'
[0.438s] INFO:colcon.colcon_core.shell:Creating environment hook '/home/mete/catkin_ws/install/localization/share/localization/hook/cmake_prefix_path.sh'
[0.438s] Level 1:colcon.colcon_core.environment:checking '/home/mete/catkin_ws/install/localization/bin'
[0.438s] Level 1:colcon.colcon_core.environment:checking '/home/mete/catkin_ws/install/localization/lib/pkgconfig/localization.pc'
[0.439s] Level 1:colcon.colcon_core.environment:checking '/home/mete/catkin_ws/install/localization/lib/python3.8/site-packages'
[0.439s] Level 1:colcon.colcon_core.environment:checking '/home/mete/catkin_ws/install/localization/bin'
[0.440s] INFO:colcon.colcon_core.shell:Creating package script '/home/mete/catkin_ws/install/localization/share/localization/package.ps1'
[0.441s] INFO:colcon.colcon_core.shell:Creating package descriptor '/home/mete/catkin_ws/install/localization/share/localization/package.dsv'
[0.441s] INFO:colcon.colcon_core.shell:Creating package script '/home/mete/catkin_ws/install/localization/share/localization/package.sh'
[0.442s] INFO:colcon.colcon_core.shell:Creating package script '/home/mete/catkin_ws/install/localization/share/localization/package.bash'
[0.442s] INFO:colcon.colcon_core.shell:Creating package script '/home/mete/catkin_ws/install/localization/share/localization/package.zsh'
[0.443s] Level 1:colcon.colcon_core.environment:create_file_with_runtime_dependencies(/home/mete/catkin_ws/install/localization/share/colcon-core/packages/localization)
[6.308s] DEBUG:colcon.colcon_core.event_handler.log_command:Invoked command in '/home/mete/catkin_ws/build/pcl' returned '0': CMAKE_PREFIX_PATH=${CMAKE_PREFIX_PATH}:/opt/ros/foxy /usr/bin/cmake --build /home/mete/catkin_ws/build/pcl -- -j12 -l12
[6.329s] DEBUG:colcon.colcon_core.event_handler.log_command:Invoking command in '/home/mete/catkin_ws/build/pcl': CMAKE_PREFIX_PATH=${CMAKE_PREFIX_PATH}:/opt/ros/foxy /usr/bin/cmake --install /home/mete/catkin_ws/build/pcl
[6.341s] Level 1:colcon.colcon_core.environment:create_environment_scripts_only(pcl)
[6.342s] DEBUG:colcon.colcon_core.event_handler.log_command:Invoked command in '/home/mete/catkin_ws/build/pcl' returned '0': CMAKE_PREFIX_PATH=${CMAKE_PREFIX_PATH}:/opt/ros/foxy /usr/bin/cmake --install /home/mete/catkin_ws/build/pcl
[6.344s] Level 1:colcon.colcon_core.environment:checking '/home/mete/catkin_ws/install/pcl' for CMake module files
[6.345s] Level 1:colcon.colcon_core.environment:checking '/home/mete/catkin_ws/install/pcl' for CMake config files
[6.345s] Level 1:colcon.colcon_core.shell:create_environment_hook('pcl', 'cmake_prefix_path')
[6.346s] INFO:colcon.colcon_core.shell:Creating environment hook '/home/mete/catkin_ws/install/pcl/share/pcl/hook/cmake_prefix_path.ps1'
[6.347s] INFO:colcon.colcon_core.shell:Creating environment descriptor '/home/mete/catkin_ws/install/pcl/share/pcl/hook/cmake_prefix_path.dsv'
[6.347s] INFO:colcon.colcon_core.shell:Creating environment hook '/home/mete/catkin_ws/install/pcl/share/pcl/hook/cmake_prefix_path.sh'
[6.348s] Level 1:colcon.colcon_core.environment:checking '/home/mete/catkin_ws/install/pcl/lib'
[6.348s] Level 1:colcon.colcon_core.environment:checking '/home/mete/catkin_ws/install/pcl/bin'
[6.348s] Level 1:colcon.colcon_core.environment:checking '/home/mete/catkin_ws/install/pcl/lib/pkgconfig/pcl.pc'
[6.348s] Level 1:colcon.colcon_core.environment:checking '/home/mete/catkin_ws/install/pcl/lib/python3.8/site-packages'
[6.348s] Level 1:colcon.colcon_core.environment:checking '/home/mete/catkin_ws/install/pcl/bin'
[6.349s] INFO:colcon.colcon_core.shell:Creating package script '/home/mete/catkin_ws/install/pcl/share/pcl/package.ps1'
[6.350s] INFO:colcon.colcon_core.shell:Creating package descriptor '/home/mete/catkin_ws/install/pcl/share/pcl/package.dsv'
[6.350s] INFO:colcon.colcon_core.shell:Creating package script '/home/mete/catkin_ws/install/pcl/share/pcl/package.sh'
[6.350s] INFO:colcon.colcon_core.shell:Creating package script '/home/mete/catkin_ws/install/pcl/share/pcl/package.bash'
[6.351s] INFO:colcon.colcon_core.shell:Creating package script '/home/mete/catkin_ws/install/pcl/share/pcl/package.zsh'
[6.351s] Level 1:colcon.colcon_core.environment:create_file_with_runtime_dependencies(/home/mete/catkin_ws/install/pcl/share/colcon-core/packages/pcl)
[6.374s] Level 1:colcon.colcon_core.environment:create_environment_scripts_only(pcl)
[6.377s] Level 1:colcon.colcon_core.environment:checking '/home/mete/catkin_ws/install/pcl' for CMake module files
[6.378s] Level 1:colcon.colcon_core.environment:checking '/home/mete/catkin_ws/install/pcl' for CMake config files
[6.378s] Level 1:colcon.colcon_core.shell:create_environment_hook('pcl', 'cmake_prefix_path')
[6.379s] INFO:colcon.colcon_core.shell:Creating environment hook '/home/mete/catkin_ws/install/pcl/share/pcl/hook/cmake_prefix_path.ps1'
[6.380s] INFO:colcon.colcon_core.shell:Creating environment descriptor '/home/mete/catkin_ws/install/pcl/share/pcl/hook/cmake_prefix_path.dsv'
[6.380s] INFO:colcon.colcon_core.shell:Creating environment hook '/home/mete/catkin_ws/install/pcl/share/pcl/hook/cmake_prefix_path.sh'
[6.380s] Level 1:colcon.colcon_core.environment:checking '/home/mete/catkin_ws/install/pcl/lib'
[6.380s] Level 1:colcon.colcon_core.environment:checking '/home/mete/catkin_ws/install/pcl/bin'
[6.381s] Level 1:colcon.colcon_core.environment:checking '/home/mete/catkin_ws/install/pcl/lib/pkgconfig/pcl.pc'
[6.381s] Level 1:colcon.colcon_core.environment:checking '/home/mete/catkin_ws/install/pcl/lib/python3.8/site-packages'
[6.381s] Level 1:colcon.colcon_core.environment:checking '/home/mete/catkin_ws/install/pcl/bin'
[6.382s] INFO:colcon.colcon_core.shell:Creating package script '/home/mete/catkin_ws/install/pcl/share/pcl/package.ps1'
[6.383s] INFO:colcon.colcon_core.shell:Creating package descriptor '/home/mete/catkin_ws/install/pcl/share/pcl/package.dsv'
[6.383s] INFO:colcon.colcon_core.shell:Creating package script '/home/mete/catkin_ws/install/pcl/share/pcl/package.sh'
[6.384s] INFO:colcon.colcon_core.shell:Creating package script '/home/mete/catkin_ws/install/pcl/share/pcl/package.bash'
[6.384s] INFO:colcon.colcon_core.shell:Creating package script '/home/mete/catkin_ws/install/pcl/share/pcl/package.zsh'
[6.384s] Level 1:colcon.colcon_core.environment:create_file_with_runtime_dependencies(/home/mete/catkin_ws/install/pcl/share/colcon-core/packages/pcl)
[6.385s] DEBUG:colcon.colcon_parallel_executor.executor.parallel:closing loop
[6.385s] DEBUG:colcon.colcon_parallel_executor.executor.parallel:loop closed
[6.385s] DEBUG:colcon.colcon_parallel_executor.executor.parallel:run_until_complete finished with '0'
[6.385s] DEBUG:colcon.colcon_core.event_reactor:joining thread
[6.392s] INFO:colcon.colcon_core.plugin_system:Skipping extension 'colcon_notification.desktop_notification.terminal_notifier': Not used on non-Darwin systems
[6.392s] INFO:colcon.colcon_core.plugin_system:Skipping extension 'colcon_notification.desktop_notification.win32': Not used on non-Windows systems
[6.392s] INFO:colcon.colcon_notification.desktop_notification:Sending desktop notification using 'notify2'
[6.402s] DEBUG:colcon.colcon_core.event_reactor:joined thread
[6.403s] INFO:colcon.colcon_core.shell:Creating prefix script '/home/mete/catkin_ws/install/local_setup.ps1'
[6.404s] INFO:colcon.colcon_core.shell:Creating prefix util module '/home/mete/catkin_ws/install/_local_setup_util_ps1.py'
[6.405s] INFO:colcon.colcon_core.shell:Creating prefix chain script '/home/mete/catkin_ws/install/setup.ps1'
[6.407s] INFO:colcon.colcon_core.shell:Creating prefix script '/home/mete/catkin_ws/install/local_setup.sh'
[6.407s] INFO:colcon.colcon_core.shell:Creating prefix util module '/home/mete/catkin_ws/install/_local_setup_util_sh.py'
[6.408s] INFO:colcon.colcon_core.shell:Creating prefix chain script '/home/mete/catkin_ws/install/setup.sh'
[6.409s] INFO:colcon.colcon_core.shell:Creating prefix script '/home/mete/catkin_ws/install/local_setup.bash'
[6.410s] INFO:colcon.colcon_core.shell:Creating prefix chain script '/home/mete/catkin_ws/install/setup.bash'
[6.411s] INFO:colcon.colcon_core.shell:Creating prefix script '/home/mete/catkin_ws/install/local_setup.zsh'
[6.412s] INFO:colcon.colcon_core.shell:Creating prefix chain script '/home/mete/catkin_ws/install/setup.zsh'
