[0.125s] DEBUG:colcon:Command line arguments: ['/usr/bin/colcon', 'build', '--parallel-workers', '8']
[0.125s] DEBUG:colcon:Parsed command line arguments: Namespace(allow_overriding=[], ament_cmake_args=None, base_paths=['.'], build_base='build', catkin_cmake_args=None, catkin_skip_building_tests=False, cmake_args=None, cmake_clean_cache=False, cmake_clean_first=False, cmake_force_configure=False, cmake_target=None, cmake_target_skip_unavailable=False, continue_on_error=False, event_handlers=None, executor='parallel', ignore_user_meta=False, install_base='install', log_base=None, log_level=None, main=<bound method BuildVerb.main of <colcon_core.verb.build.BuildVerb object at 0x7f11a0559e50>>, merge_install=False, metas=['./colcon.meta'], packages_above=None, packages_above_and_dependencies=None, packages_above_depth=None, packages_end=None, packages_ignore=None, packages_ignore_regex=None, packages_select=None, packages_select_build_failed=False, packages_select_by_dep=None, packages_select_regex=None, packages_select_test_failures=False, packages_skip=None, packages_skip_build_finished=False, packages_skip_by_dep=None, packages_skip_regex=None, packages_skip_test_passed=False, packages_skip_up_to=None, packages_start=None, packages_up_to=None, packages_up_to_regex=None, parallel_workers=8, paths=None, symlink_install=False, test_result_base=None, verb_extension=<colcon_core.verb.build.BuildVerb object at 0x7f11a0559e50>, verb_name='build', verb_parser=<colcon_defaults.argument_parser.defaults.DefaultArgumentsDecorator object at 0x7f11a0561400>)
[0.147s] Level 1:colcon.colcon_core.package_discovery:discover_packages(colcon_meta) check parameters
[0.147s] Level 1:colcon.colcon_core.package_discovery:discover_packages(recursive) check parameters
[0.147s] Level 1:colcon.colcon_core.package_discovery:discover_packages(ignore) check parameters
[0.147s] Level 1:colcon.colcon_core.package_discovery:discover_packages(path) check parameters
[0.147s] Level 1:colcon.colcon_core.package_discovery:discover_packages(colcon_meta) discover
[0.147s] Level 1:colcon.colcon_core.package_discovery:discover_packages(recursive) discover
[0.147s] INFO:colcon.colcon_core.package_discovery:Crawling recursively for packages in '/home/mete/catkin_ws'
[0.147s] Level 1:colcon.colcon_core.package_identification:_identify(.) by extensions ['ignore', 'ignore_ament_install']
[0.147s] Level 1:colcon.colcon_core.package_identification:_identify(.) by extension 'ignore'
[0.148s] Level 1:colcon.colcon_core.package_identification:_identify(.) by extension 'ignore_ament_install'
[0.148s] Level 1:colcon.colcon_core.package_identification:_identify(.) by extensions ['colcon_pkg']
[0.148s] Level 1:colcon.colcon_core.package_identification:_identify(.) by extension 'colcon_pkg'
[0.148s] Level 1:colcon.colcon_core.package_identification:_identify(.) by extensions ['colcon_meta']
[0.148s] Level 1:colcon.colcon_core.package_identification:_identify(.) by extension 'colcon_meta'
[0.148s] Level 1:colcon.colcon_core.package_identification:_identify(.) by extensions ['ros']
[0.148s] Level 1:colcon.colcon_core.package_identification:_identify(.) by extension 'ros'
[0.158s] Level 1:colcon.colcon_core.package_identification:_identify(.) by extensions ['cmake', 'python']
[0.158s] Level 1:colcon.colcon_core.package_identification:_identify(.) by extension 'cmake'
[0.158s] Level 1:colcon.colcon_core.package_identification:_identify(.) by extension 'python'
[0.158s] Level 1:colcon.colcon_core.package_identification:_identify(.) by extensions ['python_setup_py']
[0.158s] Level 1:colcon.colcon_core.package_identification:_identify(.) by extension 'python_setup_py'
[0.158s] Level 1:colcon.colcon_core.package_identification:_identify(build) by extensions ['ignore', 'ignore_ament_install']
[0.159s] Level 1:colcon.colcon_core.package_identification:_identify(build) by extension 'ignore'
[0.159s] Level 1:colcon.colcon_core.package_identification:_identify(build) ignored
[0.159s] Level 1:colcon.colcon_core.package_identification:_identify(install) by extensions ['ignore', 'ignore_ament_install']
[0.159s] Level 1:colcon.colcon_core.package_identification:_identify(install) by extension 'ignore'
[0.159s] Level 1:colcon.colcon_core.package_identification:_identify(install) ignored
[0.159s] Level 1:colcon.colcon_core.package_identification:_identify(log) by extensions ['ignore', 'ignore_ament_install']
[0.159s] Level 1:colcon.colcon_core.package_identification:_identify(log) by extension 'ignore'
[0.159s] Level 1:colcon.colcon_core.package_identification:_identify(log) ignored
[0.159s] Level 1:colcon.colcon_core.package_identification:_identify(src) by extensions ['ignore', 'ignore_ament_install']
[0.159s] Level 1:colcon.colcon_core.package_identification:_identify(src) by extension 'ignore'
[0.159s] Level 1:colcon.colcon_core.package_identification:_identify(src) by extension 'ignore_ament_install'
[0.159s] Level 1:colcon.colcon_core.package_identification:_identify(src) by extensions ['colcon_pkg']
[0.159s] Level 1:colcon.colcon_core.package_identification:_identify(src) by extension 'colcon_pkg'
[0.159s] Level 1:colcon.colcon_core.package_identification:_identify(src) by extensions ['colcon_meta']
[0.159s] Level 1:colcon.colcon_core.package_identification:_identify(src) by extension 'colcon_meta'
[0.159s] Level 1:colcon.colcon_core.package_identification:_identify(src) by extensions ['ros']
[0.159s] Level 1:colcon.colcon_core.package_identification:_identify(src) by extension 'ros'
[0.159s] Level 1:colcon.colcon_core.package_identification:_identify(src) by extensions ['cmake', 'python']
[0.159s] Level 1:colcon.colcon_core.package_identification:_identify(src) by extension 'cmake'
[0.160s] Level 1:colcon.colcon_core.package_identification:_identify(src) by extension 'python'
[0.160s] Level 1:colcon.colcon_core.package_identification:_identify(src) by extensions ['python_setup_py']
[0.160s] Level 1:colcon.colcon_core.package_identification:_identify(src) by extension 'python_setup_py'
[0.160s] Level 1:colcon.colcon_core.package_identification:_identify(src/localization) by extensions ['ignore', 'ignore_ament_install']
[0.160s] Level 1:colcon.colcon_core.package_identification:_identify(src/localization) by extension 'ignore'
[0.160s] Level 1:colcon.colcon_core.package_identification:_identify(src/localization) by extension 'ignore_ament_install'
[0.160s] Level 1:colcon.colcon_core.package_identification:_identify(src/localization) by extensions ['colcon_pkg']
[0.160s] Level 1:colcon.colcon_core.package_identification:_identify(src/localization) by extension 'colcon_pkg'
[0.160s] Level 1:colcon.colcon_core.package_identification:_identify(src/localization) by extensions ['colcon_meta']
[0.160s] Level 1:colcon.colcon_core.package_identification:_identify(src/localization) by extension 'colcon_meta'
[0.160s] Level 1:colcon.colcon_core.package_identification:_identify(src/localization) by extensions ['ros']
[0.160s] Level 1:colcon.colcon_core.package_identification:_identify(src/localization) by extension 'ros'
[0.162s] DEBUG:colcon.colcon_core.package_identification:Package 'src/localization' with type 'ros.ament_cmake' and name 'localization'
[0.162s] Level 1:colcon.colcon_core.package_identification:_identify(src/pcl) by extensions ['ignore', 'ignore_ament_install']
[0.162s] Level 1:colcon.colcon_core.package_identification:_identify(src/pcl) by extension 'ignore'
[0.163s] Level 1:colcon.colcon_core.package_identification:_identify(src/pcl) by extension 'ignore_ament_install'
[0.163s] Level 1:colcon.colcon_core.package_identification:_identify(src/pcl) by extensions ['colcon_pkg']
[0.163s] Level 1:colcon.colcon_core.package_identification:_identify(src/pcl) by extension 'colcon_pkg'
[0.163s] Level 1:colcon.colcon_core.package_identification:_identify(src/pcl) by extensions ['colcon_meta']
[0.163s] Level 1:colcon.colcon_core.package_identification:_identify(src/pcl) by extension 'colcon_meta'
[0.163s] Level 1:colcon.colcon_core.package_identification:_identify(src/pcl) by extensions ['ros']
[0.163s] Level 1:colcon.colcon_core.package_identification:_identify(src/pcl) by extension 'ros'
[0.164s] DEBUG:colcon.colcon_core.package_identification:Package 'src/pcl' with type 'ros.ament_cmake' and name 'pcl'
[0.164s] Level 1:colcon.colcon_core.package_discovery:discover_packages(recursive) using defaults
[0.164s] Level 1:colcon.colcon_core.package_discovery:discover_packages(ignore) discover
[0.164s] Level 1:colcon.colcon_core.package_discovery:discover_packages(ignore) using defaults
[0.164s] Level 1:colcon.colcon_core.package_discovery:discover_packages(path) discover
[0.164s] Level 1:colcon.colcon_core.package_discovery:discover_packages(path) using defaults
[0.189s] Level 1:colcon.colcon_core.package_discovery:discover_packages(prefix_path) check parameters
[0.190s] Level 1:colcon.colcon_core.package_discovery:discover_packages(prefix_path) discover
[0.192s] DEBUG:colcon.colcon_installed_package_information.package_discovery:Found 2 installed packages in /home/mete/catkin_ws/install
[0.193s] DEBUG:colcon.colcon_installed_package_information.package_discovery:Found 256 installed packages in /opt/ros/foxy
[0.194s] Level 1:colcon.colcon_core.package_discovery:discover_packages(prefix_path) using defaults
[0.255s] Level 5:colcon.colcon_core.verb:set package 'localization' build argument 'cmake_args' from command line to 'None'
[0.255s] Level 5:colcon.colcon_core.verb:set package 'localization' build argument 'cmake_target' from command line to 'None'
[0.256s] Level 5:colcon.colcon_core.verb:set package 'localization' build argument 'cmake_target_skip_unavailable' from command line to 'False'
[0.256s] Level 5:colcon.colcon_core.verb:set package 'localization' build argument 'cmake_clean_cache' from command line to 'False'
[0.256s] Level 5:colcon.colcon_core.verb:set package 'localization' build argument 'cmake_clean_first' from command line to 'False'
[0.256s] Level 5:colcon.colcon_core.verb:set package 'localization' build argument 'cmake_force_configure' from command line to 'False'
[0.256s] Level 5:colcon.colcon_core.verb:set package 'localization' build argument 'ament_cmake_args' from command line to 'None'
[0.256s] Level 5:colcon.colcon_core.verb:set package 'localization' build argument 'catkin_cmake_args' from command line to 'None'
[0.256s] Level 5:colcon.colcon_core.verb:set package 'localization' build argument 'catkin_skip_building_tests' from command line to 'False'
[0.256s] DEBUG:colcon.colcon_core.verb:Building package 'localization' with the following arguments: {'ament_cmake_args': None, 'build_base': '/home/mete/catkin_ws/build/localization', 'catkin_cmake_args': None, 'catkin_skip_building_tests': False, 'cmake_args': None, 'cmake_clean_cache': False, 'cmake_clean_first': False, 'cmake_force_configure': False, 'cmake_target': None, 'cmake_target_skip_unavailable': False, 'install_base': '/home/mete/catkin_ws/install/localization', 'merge_install': False, 'path': '/home/mete/catkin_ws/src/localization', 'symlink_install': False, 'test_result_base': None}
[0.256s] Level 5:colcon.colcon_core.verb:set package 'pcl' build argument 'cmake_args' from command line to 'None'
[0.256s] Level 5:colcon.colcon_core.verb:set package 'pcl' build argument 'cmake_target' from command line to 'None'
[0.256s] Level 5:colcon.colcon_core.verb:set package 'pcl' build argument 'cmake_target_skip_unavailable' from command line to 'False'
[0.257s] Level 5:colcon.colcon_core.verb:set package 'pcl' build argument 'cmake_clean_cache' from command line to 'False'
[0.257s] Level 5:colcon.colcon_core.verb:set package 'pcl' build argument 'cmake_clean_first' from command line to 'False'
[0.257s] Level 5:colcon.colcon_core.verb:set package 'pcl' build argument 'cmake_force_configure' from command line to 'False'
[0.257s] Level 5:colcon.colcon_core.verb:set package 'pcl' build argument 'ament_cmake_args' from command line to 'None'
[0.257s] Level 5:colcon.colcon_core.verb:set package 'pcl' build argument 'catkin_cmake_args' from command line to 'None'
[0.257s] Level 5:colcon.colcon_core.verb:set package 'pcl' build argument 'catkin_skip_building_tests' from command line to 'False'
[0.257s] DEBUG:colcon.colcon_core.verb:Building package 'pcl' with the following arguments: {'ament_cmake_args': None, 'build_base': '/home/mete/catkin_ws/build/pcl', 'catkin_cmake_args': None, 'catkin_skip_building_tests': False, 'cmake_args': None, 'cmake_clean_cache': False, 'cmake_clean_first': False, 'cmake_force_configure': False, 'cmake_target': None, 'cmake_target_skip_unavailable': False, 'install_base': '/home/mete/catkin_ws/install/pcl', 'merge_install': False, 'path': '/home/mete/catkin_ws/src/pcl', 'symlink_install': False, 'test_result_base': None}
[0.257s] INFO:colcon.colcon_core.executor:Executing jobs using 'parallel' executor
[0.260s] DEBUG:colcon.colcon_parallel_executor.executor.parallel:run_until_complete
[0.261s] INFO:colcon.colcon_ros.task.ament_cmake.build:Building ROS package in '/home/mete/catkin_ws/src/localization' with build type 'ament_cmake'
[0.261s] INFO:colcon.colcon_cmake.task.cmake.build:Building CMake package in '/home/mete/catkin_ws/src/localization'
[0.266s] INFO:colcon.colcon_core.plugin_system:Skipping extension 'colcon_core.shell.bat': Not used on non-Windows systems
[0.266s] INFO:colcon.colcon_core.shell:Skip shell extension 'powershell' for command environment: Not usable outside of PowerShell
[0.266s] DEBUG:colcon.colcon_core.shell:Skip shell extension 'dsv' for command environment
[0.271s] INFO:colcon.colcon_ros.task.ament_cmake.build:Building ROS package in '/home/mete/catkin_ws/src/pcl' with build type 'ament_cmake'
[0.271s] INFO:colcon.colcon_cmake.task.cmake.build:Building CMake package in '/home/mete/catkin_ws/src/pcl'
[0.273s] INFO:colcon.colcon_core.shell:Skip shell extension 'powershell' for command environment: Not usable outside of PowerShell
[0.273s] DEBUG:colcon.colcon_core.shell:Skip shell extension 'dsv' for command environment
[0.284s] DEBUG:colcon.colcon_core.event_handler.log_command:Invoking command in '/home/mete/catkin_ws/build/localization': CMAKE_PREFIX_PATH=${CMAKE_PREFIX_PATH}:/opt/ros/foxy /usr/bin/cmake --build /home/mete/catkin_ws/build/localization -- -j12 -l12
[0.293s] DEBUG:colcon.colcon_core.event_handler.log_command:Invoking command in '/home/mete/catkin_ws/build/pcl': CMAKE_PREFIX_PATH=${CMAKE_PREFIX_PATH}:/opt/ros/foxy /usr/bin/cmake --build /home/mete/catkin_ws/build/pcl -- -j12 -l12
[0.326s] DEBUG:colcon.colcon_core.event_handler.log_command:Invoked command in '/home/mete/catkin_ws/build/localization' returned '0': CMAKE_PREFIX_PATH=${CMAKE_PREFIX_PATH}:/opt/ros/foxy /usr/bin/cmake --build /home/mete/catkin_ws/build/localization -- -j12 -l12
[0.359s] DEBUG:colcon.colcon_core.event_handler.log_command:Invoking command in '/home/mete/catkin_ws/build/localization': CMAKE_PREFIX_PATH=${CMAKE_PREFIX_PATH}:/opt/ros/foxy /usr/bin/cmake --install /home/mete/catkin_ws/build/localization
[0.370s] Level 1:colcon.colcon_core.environment:create_environment_scripts_only(localization)
[0.371s] DEBUG:colcon.colcon_core.event_handler.log_command:Invoked command in '/home/mete/catkin_ws/build/localization' returned '0': CMAKE_PREFIX_PATH=${CMAKE_PREFIX_PATH}:/opt/ros/foxy /usr/bin/cmake --install /home/mete/catkin_ws/build/localization
[0.377s] Level 1:colcon.colcon_core.environment:checking '/home/mete/catkin_ws/install/localization' for CMake module files
[0.378s] Level 1:colcon.colcon_core.environment:checking '/home/mete/catkin_ws/install/localization' for CMake config files
[0.378s] Level 1:colcon.colcon_core.shell:create_environment_hook('localization', 'cmake_prefix_path')
[0.379s] INFO:colcon.colcon_core.shell:Creating environment hook '/home/mete/catkin_ws/install/localization/share/localization/hook/cmake_prefix_path.ps1'
[0.380s] INFO:colcon.colcon_core.shell:Creating environment descriptor '/home/mete/catkin_ws/install/localization/share/localization/hook/cmake_prefix_path.dsv'
[0.380s] INFO:colcon.colcon_core.shell:Creating environment hook '/home/mete/catkin_ws/install/localization/share/localization/hook/cmake_prefix_path.sh'
[0.381s] Level 1:colcon.colcon_core.environment:checking '/home/mete/catkin_ws/install/localization/bin'
[0.381s] Level 1:colcon.colcon_core.environment:checking '/home/mete/catkin_ws/install/localization/lib/pkgconfig/localization.pc'
[0.382s] Level 1:colcon.colcon_core.environment:checking '/home/mete/catkin_ws/install/localization/lib/python3.8/site-packages'
[0.382s] Level 1:colcon.colcon_core.environment:checking '/home/mete/catkin_ws/install/localization/bin'
[0.384s] INFO:colcon.colcon_core.shell:Creating package script '/home/mete/catkin_ws/install/localization/share/localization/package.ps1'
[0.384s] INFO:colcon.colcon_core.shell:Creating package descriptor '/home/mete/catkin_ws/install/localization/share/localization/package.dsv'
[0.385s] INFO:colcon.colcon_core.shell:Creating package script '/home/mete/catkin_ws/install/localization/share/localization/package.sh'
[0.386s] INFO:colcon.colcon_core.shell:Creating package script '/home/mete/catkin_ws/install/localization/share/localization/package.bash'
[0.386s] INFO:colcon.colcon_core.shell:Creating package script '/home/mete/catkin_ws/install/localization/share/localization/package.zsh'
[0.387s] Level 1:colcon.colcon_core.environment:create_file_with_runtime_dependencies(/home/mete/catkin_ws/install/localization/share/colcon-core/packages/localization)
[0.407s] Level 1:colcon.colcon_core.environment:create_environment_scripts_only(localization)
[0.409s] Level 1:colcon.colcon_core.environment:checking '/home/mete/catkin_ws/install/localization' for CMake module files
[0.410s] Level 1:colcon.colcon_core.environment:checking '/home/mete/catkin_ws/install/localization' for CMake config files
[0.410s] Level 1:colcon.colcon_core.shell:create_environment_hook('localization', 'cmake_prefix_path')
[0.411s] INFO:colcon.colcon_core.shell:Creating environment hook '/home/mete/catkin_ws/install/localization/share/localization/hook/cmake_prefix_path.ps1'
[0.412s] INFO:colcon.colcon_core.shell:Creating environment descriptor '/home/mete/catkin_ws/install/localization/share/localization/hook/cmake_prefix_path.dsv'
[0.412s] INFO:colcon.colcon_core.shell:Creating environment hook '/home/mete/catkin_ws/install/localization/share/localization/hook/cmake_prefix_path.sh'
[0.412s] Level 1:colcon.colcon_core.environment:checking '/home/mete/catkin_ws/install/localization/bin'
[0.413s] Level 1:colcon.colcon_core.environment:checking '/home/mete/catkin_ws/install/localization/lib/pkgconfig/localization.pc'
[0.413s] Level 1:colcon.colcon_core.environment:checking '/home/mete/catkin_ws/install/localization/lib/python3.8/site-packages'
[0.413s] Level 1:colcon.colcon_core.environment:checking '/home/mete/catkin_ws/install/localization/bin'
[0.414s] INFO:colcon.colcon_core.shell:Creating package script '/home/mete/catkin_ws/install/localization/share/localization/package.ps1'
[0.414s] INFO:colcon.colcon_core.shell:Creating package descriptor '/home/mete/catkin_ws/install/localization/share/localization/package.dsv'
[0.415s] INFO:colcon.colcon_core.shell:Creating package script '/home/mete/catkin_ws/install/localization/share/localization/package.sh'
[0.415s] INFO:colcon.colcon_core.shell:Creating package script '/home/mete/catkin_ws/install/localization/share/localization/package.bash'
[0.416s] INFO:colcon.colcon_core.shell:Creating package script '/home/mete/catkin_ws/install/localization/share/localization/package.zsh'
[0.416s] Level 1:colcon.colcon_core.environment:create_file_with_runtime_dependencies(/home/mete/catkin_ws/install/localization/share/colcon-core/packages/localization)
[7.407s] DEBUG:colcon.colcon_core.event_handler.log_command:Invoked command in '/home/mete/catkin_ws/build/pcl' returned '0': CMAKE_PREFIX_PATH=${CMAKE_PREFIX_PATH}:/opt/ros/foxy /usr/bin/cmake --build /home/mete/catkin_ws/build/pcl -- -j12 -l12
[7.429s] DEBUG:colcon.colcon_core.event_handler.log_command:Invoking command in '/home/mete/catkin_ws/build/pcl': CMAKE_PREFIX_PATH=${CMAKE_PREFIX_PATH}:/opt/ros/foxy /usr/bin/cmake --install /home/mete/catkin_ws/build/pcl
[7.440s] Level 1:colcon.colcon_core.environment:create_environment_scripts_only(pcl)
[7.443s] Level 1:colcon.colcon_core.environment:checking '/home/mete/catkin_ws/install/pcl' for CMake module files
[7.443s] DEBUG:colcon.colcon_core.event_handler.log_command:Invoked command in '/home/mete/catkin_ws/build/pcl' returned '0': CMAKE_PREFIX_PATH=${CMAKE_PREFIX_PATH}:/opt/ros/foxy /usr/bin/cmake --install /home/mete/catkin_ws/build/pcl
[7.444s] Level 1:colcon.colcon_core.environment:checking '/home/mete/catkin_ws/install/pcl' for CMake config files
[7.444s] Level 1:colcon.colcon_core.shell:create_environment_hook('pcl', 'cmake_prefix_path')
[7.446s] INFO:colcon.colcon_core.shell:Creating environment hook '/home/mete/catkin_ws/install/pcl/share/pcl/hook/cmake_prefix_path.ps1'
[7.446s] INFO:colcon.colcon_core.shell:Creating environment descriptor '/home/mete/catkin_ws/install/pcl/share/pcl/hook/cmake_prefix_path.dsv'
[7.447s] INFO:colcon.colcon_core.shell:Creating environment hook '/home/mete/catkin_ws/install/pcl/share/pcl/hook/cmake_prefix_path.sh'
[7.447s] Level 1:colcon.colcon_core.environment:checking '/home/mete/catkin_ws/install/pcl/lib'
[7.447s] Level 1:colcon.colcon_core.environment:checking '/home/mete/catkin_ws/install/pcl/bin'
[7.448s] Level 1:colcon.colcon_core.environment:checking '/home/mete/catkin_ws/install/pcl/lib/pkgconfig/pcl.pc'
[7.448s] Level 1:colcon.colcon_core.environment:checking '/home/mete/catkin_ws/install/pcl/lib/python3.8/site-packages'
[7.448s] Level 1:colcon.colcon_core.environment:checking '/home/mete/catkin_ws/install/pcl/bin'
[7.450s] INFO:colcon.colcon_core.shell:Creating package script '/home/mete/catkin_ws/install/pcl/share/pcl/package.ps1'
[7.450s] INFO:colcon.colcon_core.shell:Creating package descriptor '/home/mete/catkin_ws/install/pcl/share/pcl/package.dsv'
[7.451s] INFO:colcon.colcon_core.shell:Creating package script '/home/mete/catkin_ws/install/pcl/share/pcl/package.sh'
[7.451s] INFO:colcon.colcon_core.shell:Creating package script '/home/mete/catkin_ws/install/pcl/share/pcl/package.bash'
[7.451s] INFO:colcon.colcon_core.shell:Creating package script '/home/mete/catkin_ws/install/pcl/share/pcl/package.zsh'
[7.452s] Level 1:colcon.colcon_core.environment:create_file_with_runtime_dependencies(/home/mete/catkin_ws/install/pcl/share/colcon-core/packages/pcl)
[7.479s] Level 1:colcon.colcon_core.environment:create_environment_scripts_only(pcl)
[7.481s] Level 1:colcon.colcon_core.environment:checking '/home/mete/catkin_ws/install/pcl' for CMake module files
[7.482s] Level 1:colcon.colcon_core.environment:checking '/home/mete/catkin_ws/install/pcl' for CMake config files
[7.482s] Level 1:colcon.colcon_core.shell:create_environment_hook('pcl', 'cmake_prefix_path')
[7.484s] INFO:colcon.colcon_core.shell:Creating environment hook '/home/mete/catkin_ws/install/pcl/share/pcl/hook/cmake_prefix_path.ps1'
[7.485s] INFO:colcon.colcon_core.shell:Creating environment descriptor '/home/mete/catkin_ws/install/pcl/share/pcl/hook/cmake_prefix_path.dsv'
[7.485s] INFO:colcon.colcon_core.shell:Creating environment hook '/home/mete/catkin_ws/install/pcl/share/pcl/hook/cmake_prefix_path.sh'
[7.486s] Level 1:colcon.colcon_core.environment:checking '/home/mete/catkin_ws/install/pcl/lib'
[7.486s] Level 1:colcon.colcon_core.environment:checking '/home/mete/catkin_ws/install/pcl/bin'
[7.486s] Level 1:colcon.colcon_core.environment:checking '/home/mete/catkin_ws/install/pcl/lib/pkgconfig/pcl.pc'
[7.486s] Level 1:colcon.colcon_core.environment:checking '/home/mete/catkin_ws/install/pcl/lib/python3.8/site-packages'
[7.487s] Level 1:colcon.colcon_core.environment:checking '/home/mete/catkin_ws/install/pcl/bin'
[7.488s] INFO:colcon.colcon_core.shell:Creating package script '/home/mete/catkin_ws/install/pcl/share/pcl/package.ps1'
[7.489s] INFO:colcon.colcon_core.shell:Creating package descriptor '/home/mete/catkin_ws/install/pcl/share/pcl/package.dsv'
[7.489s] INFO:colcon.colcon_core.shell:Creating package script '/home/mete/catkin_ws/install/pcl/share/pcl/package.sh'
[7.490s] INFO:colcon.colcon_core.shell:Creating package script '/home/mete/catkin_ws/install/pcl/share/pcl/package.bash'
[7.490s] INFO:colcon.colcon_core.shell:Creating package script '/home/mete/catkin_ws/install/pcl/share/pcl/package.zsh'
[7.491s] Level 1:colcon.colcon_core.environment:create_file_with_runtime_dependencies(/home/mete/catkin_ws/install/pcl/share/colcon-core/packages/pcl)
[7.491s] DEBUG:colcon.colcon_parallel_executor.executor.parallel:closing loop
[7.491s] DEBUG:colcon.colcon_parallel_executor.executor.parallel:loop closed
[7.491s] DEBUG:colcon.colcon_parallel_executor.executor.parallel:run_until_complete finished with '0'
[7.492s] DEBUG:colcon.colcon_core.event_reactor:joining thread
[7.499s] INFO:colcon.colcon_core.plugin_system:Skipping extension 'colcon_notification.desktop_notification.terminal_notifier': Not used on non-Darwin systems
[7.500s] INFO:colcon.colcon_core.plugin_system:Skipping extension 'colcon_notification.desktop_notification.win32': Not used on non-Windows systems
[7.500s] INFO:colcon.colcon_notification.desktop_notification:Sending desktop notification using 'notify2'
[7.511s] DEBUG:colcon.colcon_core.event_reactor:joined thread
[7.512s] INFO:colcon.colcon_core.shell:Creating prefix script '/home/mete/catkin_ws/install/local_setup.ps1'
[7.513s] INFO:colcon.colcon_core.shell:Creating prefix util module '/home/mete/catkin_ws/install/_local_setup_util_ps1.py'
[7.514s] INFO:colcon.colcon_core.shell:Creating prefix chain script '/home/mete/catkin_ws/install/setup.ps1'
[7.516s] INFO:colcon.colcon_core.shell:Creating prefix script '/home/mete/catkin_ws/install/local_setup.sh'
[7.516s] INFO:colcon.colcon_core.shell:Creating prefix util module '/home/mete/catkin_ws/install/_local_setup_util_sh.py'
[7.516s] INFO:colcon.colcon_core.shell:Creating prefix chain script '/home/mete/catkin_ws/install/setup.sh'
[7.517s] INFO:colcon.colcon_core.shell:Creating prefix script '/home/mete/catkin_ws/install/local_setup.bash'
[7.518s] INFO:colcon.colcon_core.shell:Creating prefix chain script '/home/mete/catkin_ws/install/setup.bash'
[7.519s] INFO:colcon.colcon_core.shell:Creating prefix script '/home/mete/catkin_ws/install/local_setup.zsh'
[7.520s] INFO:colcon.colcon_core.shell:Creating prefix chain script '/home/mete/catkin_ws/install/setup.zsh'
