[0.017s] Invoking command in '/home/mete/catkin_ws/build/pcl_ros': CMAKE_PREFIX_PATH=/home/mete/catkin_ws/install/pcl_conversions:/home/mete/catkin_ws/install/pcl:/home/mete/catkin_ws/install/localization:/opt/ros/foxy /usr/bin/cmake --build /home/mete/catkin_ws/build/pcl_ros -- -j12 -l12
[0.053s] [35m[1mScanning dependencies of target pcd_to_pointcloud_lib[0m
[0.065s] [ 28%] Built target pcd_to_pointcloud
[0.066s] [ 57%] Built target pcl_ros_tf
[0.092s] [ 85%] [32mBuilding CXX object CMakeFiles/pcd_to_pointcloud_lib.dir/tools/pcd_to_pointcloud.cpp.o[0m
[0.092s] [ 85%] [32mBuilding CXX object CMakeFiles/pcd_to_pointcloud_lib.dir/tools/pcd_to_pointcloud_2.cpp.o[0m
[5.758s] [100%] [32m[1mLinking CXX shared library libpcd_to_pointcloud_lib.so[0m
[6.150s] [100%] Built target pcd_to_pointcloud_lib
[6.160s] Invoked command in '/home/mete/catkin_ws/build/pcl_ros' returned '0': CMAKE_PREFIX_PATH=/home/mete/catkin_ws/install/pcl_conversions:/home/mete/catkin_ws/install/pcl:/home/mete/catkin_ws/install/localization:/opt/ros/foxy /usr/bin/cmake --build /home/mete/catkin_ws/build/pcl_ros -- -j12 -l12
[6.182s] Invoking command in '/home/mete/catkin_ws/build/pcl_ros': CMAKE_PREFIX_PATH=/home/mete/catkin_ws/install/pcl_conversions:/home/mete/catkin_ws/install/pcl:/home/mete/catkin_ws/install/localization:/opt/ros/foxy /usr/bin/cmake --install /home/mete/catkin_ws/build/pcl_ros
[6.188s] -- Install configuration: ""
[6.188s] -- Up-to-date: /home/mete/catkin_ws/install/pcl_ros/lib/pcl_ros/pcd_to_pointcloud
[6.189s] -- Up-to-date: /home/mete/catkin_ws/install/pcl_ros/include/pcl_ros
[6.189s] -- Up-to-date: /home/mete/catkin_ws/install/pcl_ros/include/pcl_ros/pcl_ros
[6.189s] -- Up-to-date: /home/mete/catkin_ws/install/pcl_ros/include/pcl_ros/pcl_ros/segmentation
[6.190s] -- Up-to-date: /home/mete/catkin_ws/install/pcl_ros/include/pcl_ros/pcl_ros/segmentation/extract_clusters.hpp
[6.190s] -- Up-to-date: /home/mete/catkin_ws/install/pcl_ros/include/pcl_ros/pcl_ros/segmentation/extract_polygonal_prism_data.hpp
[6.190s] -- Up-to-date: /home/mete/catkin_ws/install/pcl_ros/include/pcl_ros/pcl_ros/segmentation/sac_segmentation.hpp
[6.190s] -- Up-to-date: /home/mete/catkin_ws/install/pcl_ros/include/pcl_ros/pcl_ros/segmentation/segment_differences.hpp
[6.190s] -- Up-to-date: /home/mete/catkin_ws/install/pcl_ros/include/pcl_ros/pcl_ros/publisher.hpp
[6.190s] -- Up-to-date: /home/mete/catkin_ws/install/pcl_ros/include/pcl_ros/pcl_ros/features
[6.190s] -- Up-to-date: /home/mete/catkin_ws/install/pcl_ros/include/pcl_ros/pcl_ros/features/shot.hpp
[6.190s] -- Up-to-date: /home/mete/catkin_ws/install/pcl_ros/include/pcl_ros/pcl_ros/features/boundary.hpp
[6.190s] -- Up-to-date: /home/mete/catkin_ws/install/pcl_ros/include/pcl_ros/pcl_ros/features/vfh.hpp
[6.190s] -- Up-to-date: /home/mete/catkin_ws/install/pcl_ros/include/pcl_ros/pcl_ros/features/normal_3d_tbb.hpp
[6.190s] -- Up-to-date: /home/mete/catkin_ws/install/pcl_ros/include/pcl_ros/pcl_ros/features/fpfh_omp.hpp
[6.190s] -- Up-to-date: /home/mete/catkin_ws/install/pcl_ros/include/pcl_ros/pcl_ros/features/pfh.hpp
[6.190s] -- Up-to-date: /home/mete/catkin_ws/install/pcl_ros/include/pcl_ros/pcl_ros/features/normal_3d_omp.hpp
[6.190s] -- Up-to-date: /home/mete/catkin_ws/install/pcl_ros/include/pcl_ros/pcl_ros/features/principal_curvatures.hpp
[6.190s] -- Up-to-date: /home/mete/catkin_ws/install/pcl_ros/include/pcl_ros/pcl_ros/features/shot_omp.hpp
[6.190s] -- Up-to-date: /home/mete/catkin_ws/install/pcl_ros/include/pcl_ros/pcl_ros/features/fpfh.hpp
[6.190s] -- Up-to-date: /home/mete/catkin_ws/install/pcl_ros/include/pcl_ros/pcl_ros/features/moment_invariants.hpp
[6.190s] -- Up-to-date: /home/mete/catkin_ws/install/pcl_ros/include/pcl_ros/pcl_ros/features/feature.hpp
[6.190s] -- Up-to-date: /home/mete/catkin_ws/install/pcl_ros/include/pcl_ros/pcl_ros/features/normal_3d.hpp
[6.191s] -- Up-to-date: /home/mete/catkin_ws/install/pcl_ros/include/pcl_ros/pcl_ros/transforms.hpp
[6.191s] -- Up-to-date: /home/mete/catkin_ws/install/pcl_ros/include/pcl_ros/pcl_ros/pcl_nodelet.hpp
[6.191s] -- Up-to-date: /home/mete/catkin_ws/install/pcl_ros/include/pcl_ros/pcl_ros/surface
[6.191s] -- Up-to-date: /home/mete/catkin_ws/install/pcl_ros/include/pcl_ros/pcl_ros/surface/convex_hull.hpp
[6.191s] -- Up-to-date: /home/mete/catkin_ws/install/pcl_ros/include/pcl_ros/pcl_ros/surface/moving_least_squares.hpp
[6.191s] -- Up-to-date: /home/mete/catkin_ws/install/pcl_ros/include/pcl_ros/pcl_ros/filters
[6.191s] -- Up-to-date: /home/mete/catkin_ws/install/pcl_ros/include/pcl_ros/pcl_ros/filters/passthrough.hpp
[6.191s] -- Up-to-date: /home/mete/catkin_ws/install/pcl_ros/include/pcl_ros/pcl_ros/filters/project_inliers.hpp
[6.191s] -- Up-to-date: /home/mete/catkin_ws/install/pcl_ros/include/pcl_ros/pcl_ros/filters/crop_box.hpp
[6.191s] -- Up-to-date: /home/mete/catkin_ws/install/pcl_ros/include/pcl_ros/pcl_ros/filters/voxel_grid.hpp
[6.191s] -- Up-to-date: /home/mete/catkin_ws/install/pcl_ros/include/pcl_ros/pcl_ros/filters/filter.hpp
[6.191s] -- Up-to-date: /home/mete/catkin_ws/install/pcl_ros/include/pcl_ros/pcl_ros/filters/radius_outlier_removal.hpp
[6.191s] -- Up-to-date: /home/mete/catkin_ws/install/pcl_ros/include/pcl_ros/pcl_ros/filters/statistical_outlier_removal.hpp
[6.191s] -- Up-to-date: /home/mete/catkin_ws/install/pcl_ros/include/pcl_ros/pcl_ros/filters/extract_indices.hpp
[6.191s] -- Up-to-date: /home/mete/catkin_ws/install/pcl_ros/include/pcl_ros/pcl_ros/impl
[6.191s] -- Up-to-date: /home/mete/catkin_ws/install/pcl_ros/include/pcl_ros/pcl_ros/impl/transforms.hpp
[6.192s] -- Up-to-date: /home/mete/catkin_ws/install/pcl_ros/include/pcl_ros/pcl_ros/io
[6.192s] -- Up-to-date: /home/mete/catkin_ws/install/pcl_ros/include/pcl_ros/pcl_ros/io/concatenate_fields.hpp
[6.192s] -- Up-to-date: /home/mete/catkin_ws/install/pcl_ros/include/pcl_ros/pcl_ros/io/concatenate_data.hpp
[6.192s] -- Up-to-date: /home/mete/catkin_ws/install/pcl_ros/include/pcl_ros/pcl_ros/io/bag_io.hpp
[6.192s] -- Up-to-date: /home/mete/catkin_ws/install/pcl_ros/include/pcl_ros/pcl_ros/io/pcd_io.hpp
[6.192s] -- Up-to-date: /home/mete/catkin_ws/install/pcl_ros/include/pcl_ros/pcl_ros/point_cloud.hpp
[6.192s] -- Up-to-date: /home/mete/catkin_ws/install/pcl_ros/lib/libpcl_ros_tf.a
[6.192s] -- Installing: /home/mete/catkin_ws/install/pcl_ros/lib/libpcd_to_pointcloud_lib.so
[6.192s] -- Set runtime path of "/home/mete/catkin_ws/install/pcl_ros/lib/libpcd_to_pointcloud_lib.so" to ""
[6.192s] -- Up-to-date: /home/mete/catkin_ws/install/pcl_ros/share/pcl_ros/plugins
[6.192s] -- Up-to-date: /home/mete/catkin_ws/install/pcl_ros/share/pcl_ros/plugins/nodelet
[6.192s] -- Up-to-date: /home/mete/catkin_ws/install/pcl_ros/share/pcl_ros/plugins/nodelet/libpcl_ros_segmentation.xml
[6.192s] -- Up-to-date: /home/mete/catkin_ws/install/pcl_ros/share/pcl_ros/plugins/nodelet/libpcl_ros_io.xml
[6.192s] -- Up-to-date: /home/mete/catkin_ws/install/pcl_ros/share/pcl_ros/plugins/nodelet/libpcl_ros_filters.xml
[6.193s] -- Up-to-date: /home/mete/catkin_ws/install/pcl_ros/share/pcl_ros/plugins/nodelet/libpcl_ros_features.xml
[6.193s] -- Up-to-date: /home/mete/catkin_ws/install/pcl_ros/share/pcl_ros/plugins/nodelet/libpcl_ros_surface.xml
[6.193s] -- Up-to-date: /home/mete/catkin_ws/install/pcl_ros/share/pcl_ros/samples
[6.193s] -- Up-to-date: /home/mete/catkin_ws/install/pcl_ros/share/pcl_ros/samples/data
[6.193s] -- Up-to-date: /home/mete/catkin_ws/install/pcl_ros/share/pcl_ros/samples/data/.gitignore
[6.193s] -- Up-to-date: /home/mete/catkin_ws/install/pcl_ros/share/pcl_ros/samples/pcl_ros
[6.193s] -- Up-to-date: /home/mete/catkin_ws/install/pcl_ros/share/pcl_ros/samples/pcl_ros/segmentation
[6.193s] -- Up-to-date: /home/mete/catkin_ws/install/pcl_ros/share/pcl_ros/samples/pcl_ros/segmentation/sample_extract_clusters.launch
[6.193s] -- Up-to-date: /home/mete/catkin_ws/install/pcl_ros/share/pcl_ros/samples/pcl_ros/features
[6.193s] -- Up-to-date: /home/mete/catkin_ws/install/pcl_ros/share/pcl_ros/samples/pcl_ros/features/sample_normal_3d.launch
[6.193s] -- Up-to-date: /home/mete/catkin_ws/install/pcl_ros/share/pcl_ros/samples/pcl_ros/surface
[6.193s] -- Up-to-date: /home/mete/catkin_ws/install/pcl_ros/share/pcl_ros/samples/pcl_ros/surface/sample_convex_hull.launch
[6.193s] -- Up-to-date: /home/mete/catkin_ws/install/pcl_ros/share/pcl_ros/samples/pcl_ros/filters
[6.193s] -- Up-to-date: /home/mete/catkin_ws/install/pcl_ros/share/pcl_ros/samples/pcl_ros/filters/sample_voxel_grid.launch
[6.193s] -- Up-to-date: /home/mete/catkin_ws/install/pcl_ros/share/pcl_ros/samples/pcl_ros/filters/sample_statistical_outlier_removal.launch
[6.193s] -- Up-to-date: /home/mete/catkin_ws/install/pcl_ros/share/pcl_ros/samples/pcl_ros/filters/config
[6.193s] -- Up-to-date: /home/mete/catkin_ws/install/pcl_ros/share/pcl_ros/samples/pcl_ros/filters/config/statistical_outlier_removal.rviz
[6.194s] -- Up-to-date: /home/mete/catkin_ws/install/pcl_ros/share/pcl_ros/samples/pcl_ros/filters/config/voxel_grid.rviz
[6.194s] -- Up-to-date: /home/mete/catkin_ws/install/pcl_ros/share/pcl_ros/samples/pcl_ros/io
[6.194s] -- Up-to-date: /home/mete/catkin_ws/install/pcl_ros/share/pcl_ros/samples/pcl_ros/io/sample_concatenate_data.launch
[6.194s] -- Up-to-date: /home/mete/catkin_ws/install/pcl_ros/share/pcl_ros/environment/library_path.sh
[6.194s] -- Up-to-date: /home/mete/catkin_ws/install/pcl_ros/share/pcl_ros/environment/library_path.dsv
[6.197s] -- Up-to-date: /home/mete/catkin_ws/install/pcl_ros/share/ament_index/resource_index/package_run_dependencies/pcl_ros
[6.197s] -- Up-to-date: /home/mete/catkin_ws/install/pcl_ros/share/ament_index/resource_index/parent_prefix_path/pcl_ros
[6.197s] -- Up-to-date: /home/mete/catkin_ws/install/pcl_ros/share/pcl_ros/environment/ament_prefix_path.sh
[6.197s] -- Up-to-date: /home/mete/catkin_ws/install/pcl_ros/share/pcl_ros/environment/ament_prefix_path.dsv
[6.197s] -- Up-to-date: /home/mete/catkin_ws/install/pcl_ros/share/pcl_ros/environment/path.sh
[6.197s] -- Up-to-date: /home/mete/catkin_ws/install/pcl_ros/share/pcl_ros/environment/path.dsv
[6.197s] -- Up-to-date: /home/mete/catkin_ws/install/pcl_ros/share/pcl_ros/local_setup.bash
[6.198s] -- Up-to-date: /home/mete/catkin_ws/install/pcl_ros/share/pcl_ros/local_setup.sh
[6.198s] -- Up-to-date: /home/mete/catkin_ws/install/pcl_ros/share/pcl_ros/local_setup.zsh
[6.198s] -- Up-to-date: /home/mete/catkin_ws/install/pcl_ros/share/pcl_ros/local_setup.dsv
[6.198s] -- Installing: /home/mete/catkin_ws/install/pcl_ros/share/pcl_ros/package.dsv
[6.198s] -- Up-to-date: /home/mete/catkin_ws/install/pcl_ros/share/ament_index/resource_index/packages/pcl_ros
[6.198s] -- Up-to-date: /home/mete/catkin_ws/install/pcl_ros/share/ament_index/resource_index/rclcpp_components/pcl_ros
[6.198s] -- Up-to-date: /home/mete/catkin_ws/install/pcl_ros/share/pcl_ros/cmake/export_pcl_rosExport.cmake
[6.198s] -- Up-to-date: /home/mete/catkin_ws/install/pcl_ros/share/pcl_ros/cmake/export_pcl_rosExport-noconfig.cmake
[6.198s] -- Up-to-date: /home/mete/catkin_ws/install/pcl_ros/share/pcl_ros/cmake/ament_cmake_export_include_directories-extras.cmake
[6.198s] -- Up-to-date: /home/mete/catkin_ws/install/pcl_ros/share/pcl_ros/cmake/ament_cmake_export_libraries-extras.cmake
[6.198s] -- Up-to-date: /home/mete/catkin_ws/install/pcl_ros/share/pcl_ros/cmake/ament_cmake_export_targets-extras.cmake
[6.199s] -- Up-to-date: /home/mete/catkin_ws/install/pcl_ros/share/pcl_ros/cmake/ament_cmake_export_dependencies-extras.cmake
[6.199s] -- Up-to-date: /home/mete/catkin_ws/install/pcl_ros/share/pcl_ros/cmake/pcl_rosConfig.cmake
[6.199s] -- Up-to-date: /home/mete/catkin_ws/install/pcl_ros/share/pcl_ros/cmake/pcl_rosConfig-version.cmake
[6.199s] -- Up-to-date: /home/mete/catkin_ws/install/pcl_ros/share/pcl_ros/package.xml
[6.199s] Invoked command in '/home/mete/catkin_ws/build/pcl_ros' returned '0': CMAKE_PREFIX_PATH=/home/mete/catkin_ws/install/pcl_conversions:/home/mete/catkin_ws/install/pcl:/home/mete/catkin_ws/install/localization:/opt/ros/foxy /usr/bin/cmake --install /home/mete/catkin_ws/build/pcl_ros
