-- Found ament_cmake: 0.9.9 (/opt/ros/foxy/share/ament_cmake/cmake)
-- Using PYTHON_EXECUTABLE: /usr/bin/python3
-- Found message_filters: 3.2.5 (/opt/ros/foxy/share/message_filters/cmake)
-- Eigen found (include: /usr/include/eigen3, version: 3.3.7)
-- Checking for module 'libusb-1.0'
--   No package 'libusb-1.0' found
-- Could NOT find USB_10 (missing: USB_10_LIBRARY USB_10_INCLUDE_DIR) 
-- OpenNI disabled because libusb-1.0 not found.
-- Checking for module 'libusb-1.0'
--   No package 'libusb-1.0' found
-- Could NOT find USB_10 (missing: USB_10_LIBRARY USB_10_INCLUDE_DIR) 
-- OpenNI 2 disabled because libusb-1.0 not found.
-- The imported target "vtkParseOGLExt" references the file
   "/usr/bin/vtkParseOGLExt-7.1"
but this file does not exist.  Possible reasons include:
* The file was deleted, renamed, or moved to another location.
* An install or uninstall procedure did not complete successfully.
* The installation package was faulty and contained
   "/usr/lib/cmake/vtk-7.1/VTKTargets.cmake"
but not all the files it references.

-- The imported target "vtkRenderingPythonTkWidgets" references the file
   "/usr/lib/x86_64-linux-gnu/libvtkRenderingPythonTkWidgets.so"
but this file does not exist.  Possible reasons include:
* The file was deleted, renamed, or moved to another location.
* An install or uninstall procedure did not complete successfully.
* The installation package was faulty and contained
   "/usr/lib/cmake/vtk-7.1/VTKTargets.cmake"
but not all the files it references.

-- The imported target "vtk" references the file
   "/usr/bin/vtk"
but this file does not exist.  Possible reasons include:
* The file was deleted, renamed, or moved to another location.
* An install or uninstall procedure did not complete successfully.
* The installation package was faulty and contained
   "/usr/lib/cmake/vtk-7.1/VTKTargets.cmake"
but not all the files it references.

-- The imported target "pvtk" references the file
   "/usr/bin/pvtk"
but this file does not exist.  Possible reasons include:
* The file was deleted, renamed, or moved to another location.
* An install or uninstall procedure did not complete successfully.
* The installation package was faulty and contained
   "/usr/lib/cmake/vtk-7.1/VTKTargets.cmake"
but not all the files it references.

-- LIBUSB_1_LIBRARY (missing: LIBUSB_1_INCLUDE_DIR) 
-- Found pcl_msgs: 1.0.0 (/opt/ros/foxy/share/pcl_msgs/cmake)
-- Using all available rosidl_typesupport_c: rosidl_typesupport_fastrtps_c;rosidl_typesupport_introspection_c
-- Found rosidl_adapter: 1.2.1 (/opt/ros/foxy/share/rosidl_adapter/cmake)
-- Using all available rosidl_typesupport_cpp: rosidl_typesupport_fastrtps_cpp;rosidl_typesupport_introspection_cpp
-- Found rclcpp: 2.4.1 (/opt/ros/foxy/share/rclcpp/cmake)
-- Found rmw_implementation_cmake: 1.0.3 (/opt/ros/foxy/share/rmw_implementation_cmake/cmake)
-- Using RMW implementation 'rmw_fastrtps_cpp' as default
-- Found ament_cmake_gtest: 0.9.9 (/opt/ros/foxy/share/ament_cmake_gtest/cmake)
-- Found gtest sources under '/opt/ros/foxy/src/gtest_vendor': C++ tests using 'Google Test' will be built
-- Configuring done
-- Generating done
-- Build files have been written to: /home/mete/catkin_ws/build/pcl_conversions
[ 66%] Built target gtest
[ 66%] Built target gtest_main
[35m[1mScanning dependencies of target pcl_conversions-test[0m
[ 83%] [32mBuilding CXX object CMakeFiles/pcl_conversions-test.dir/test/test_pcl_conversions.cpp.o[0m
[100%] [32m[1mLinking CXX executable pcl_conversions-test[0m
[100%] Built target pcl_conversions-test
-- Install configuration: ""
-- Up-to-date: /home/mete/catkin_ws/install/pcl_conversions/include/pcl_conversions
-- Up-to-date: /home/mete/catkin_ws/install/pcl_conversions/include/pcl_conversions/pcl_conversions
-- Installing: /home/mete/catkin_ws/install/pcl_conversions/include/pcl_conversions/pcl_conversions/pcl_conversions.h
-- Up-to-date: /home/mete/catkin_ws/install/pcl_conversions/share/ament_index/resource_index/package_run_dependencies/pcl_conversions
-- Installing: /home/mete/catkin_ws/install/pcl_conversions/share/ament_index/resource_index/parent_prefix_path/pcl_conversions
-- Up-to-date: /home/mete/catkin_ws/install/pcl_conversions/share/pcl_conversions/environment/ament_prefix_path.sh
-- Installing: /home/mete/catkin_ws/install/pcl_conversions/share/pcl_conversions/environment/ament_prefix_path.dsv
-- Up-to-date: /home/mete/catkin_ws/install/pcl_conversions/share/pcl_conversions/environment/path.sh
-- Installing: /home/mete/catkin_ws/install/pcl_conversions/share/pcl_conversions/environment/path.dsv
-- Up-to-date: /home/mete/catkin_ws/install/pcl_conversions/share/pcl_conversions/local_setup.bash
-- Up-to-date: /home/mete/catkin_ws/install/pcl_conversions/share/pcl_conversions/local_setup.sh
-- Up-to-date: /home/mete/catkin_ws/install/pcl_conversions/share/pcl_conversions/local_setup.zsh
-- Installing: /home/mete/catkin_ws/install/pcl_conversions/share/pcl_conversions/local_setup.dsv
-- Installing: /home/mete/catkin_ws/install/pcl_conversions/share/pcl_conversions/package.dsv
-- Up-to-date: /home/mete/catkin_ws/install/pcl_conversions/share/ament_index/resource_index/packages/pcl_conversions
-- Up-to-date: /home/mete/catkin_ws/install/pcl_conversions/share/pcl_conversions/cmake/ament_cmake_export_include_directories-extras.cmake
-- Up-to-date: /home/mete/catkin_ws/install/pcl_conversions/share/pcl_conversions/cmake/ament_cmake_export_dependencies-extras.cmake
-- Up-to-date: /home/mete/catkin_ws/install/pcl_conversions/share/pcl_conversions/cmake/pcl_conversionsConfig.cmake
-- Up-to-date: /home/mete/catkin_ws/install/pcl_conversions/share/pcl_conversions/cmake/pcl_conversionsConfig-version.cmake
-- Installing: /home/mete/catkin_ws/install/pcl_conversions/share/pcl_conversions/package.xml
