[0.021s] Invoking command in '/home/mete/catkin_ws/build/pcl': CMAKE_PREFIX_PATH=${CMAKE_PREFIX_PATH}:/opt/ros/foxy /usr/bin/cmake --build /home/mete/catkin_ws/build/pcl -- -j12 -l12
[0.041s] -- Found ament_cmake: 0.9.9 (/opt/ros/foxy/share/ament_cmake/cmake)
[0.061s] -- Using PYTHON_EXECUTABLE: /usr/bin/python3
[0.231s] -- Eigen found (include: /usr/include/eigen3, version: 3.3.7)
[0.307s] -- The imported target "vtkParseOGLExt" references the file
[0.307s]    "/usr/bin/vtkParseOGLExt-7.1"
[0.307s] but this file does not exist.  Possible reasons include:
[0.307s] * The file was deleted, renamed, or moved to another location.
[0.307s] * An install or uninstall procedure did not complete successfully.
[0.307s] * The installation package was faulty and contained
[0.307s]    "/usr/lib/cmake/vtk-7.1/VTKTargets.cmake"
[0.307s] but not all the files it references.
[0.307s] 
[0.308s] -- The imported target "vtkRenderingPythonTkWidgets" references the file
[0.308s]    "/usr/lib/x86_64-linux-gnu/libvtkRenderingPythonTkWidgets.so"
[0.308s] but this file does not exist.  Possible reasons include:
[0.308s] * The file was deleted, renamed, or moved to another location.
[0.308s] * An install or uninstall procedure did not complete successfully.
[0.308s] * The installation package was faulty and contained
[0.308s]    "/usr/lib/cmake/vtk-7.1/VTKTargets.cmake"
[0.308s] but not all the files it references.
[0.308s] 
[0.308s] -- The imported target "vtk" references the file
[0.308s]    "/usr/bin/vtk"
[0.309s] but this file does not exist.  Possible reasons include:
[0.309s] * The file was deleted, renamed, or moved to another location.
[0.309s] * An install or uninstall procedure did not complete successfully.
[0.309s] * The installation package was faulty and contained
[0.309s]    "/usr/lib/cmake/vtk-7.1/VTKTargets.cmake"
[0.309s] but not all the files it references.
[0.309s] 
[0.309s] -- The imported target "pvtk" references the file
[0.309s]    "/usr/bin/pvtk"
[0.309s] but this file does not exist.  Possible reasons include:
[0.309s] * The file was deleted, renamed, or moved to another location.
[0.309s] * An install or uninstall procedure did not complete successfully.
[0.309s] * The installation package was faulty and contained
[0.309s]    "/usr/lib/cmake/vtk-7.1/VTKTargets.cmake"
[0.309s] but not all the files it references.
[0.309s] 
[0.326s] -- Checking for module 'libusb-1.0'
[0.328s] --   No package 'libusb-1.0' found
[0.330s] -- Could NOT find USB_10 (missing: USB_10_LIBRARY USB_10_INCLUDE_DIR) 
[0.331s] -- OpenNI disabled because libusb-1.0 not found.
[0.331s] ** WARNING ** io features related to openni will be disabled
[0.334s] -- Checking for module 'libusb-1.0'
[0.336s] --   No package 'libusb-1.0' found
[0.339s] -- Could NOT find USB_10 (missing: USB_10_LIBRARY USB_10_INCLUDE_DIR) 
[0.339s] -- OpenNI 2 disabled because libusb-1.0 not found.
[0.339s] ** WARNING ** io features related to openni2 will be disabled
[0.339s] ** WARNING ** io features related to pcap will be disabled
[0.339s] ** WARNING ** io features related to png will be disabled
[0.350s] -- LIBUSB_1_LIBRARY (missing: LIBUSB_1_INCLUDE_DIR) 
[0.351s] ** WARNING ** io features related to libusb-1.0 will be disabled
[0.354s] -- Checking for module 'libusb-1.0'
[0.356s] --   No package 'libusb-1.0' found
[0.358s] -- Could NOT find USB_10 (missing: USB_10_LIBRARY USB_10_INCLUDE_DIR) 
[0.358s] -- OpenNI disabled because libusb-1.0 not found.
[0.359s] ** WARNING ** visualization features related to openni will be disabled
[0.362s] -- Checking for module 'libusb-1.0'
[0.364s] --   No package 'libusb-1.0' found
[0.366s] -- Could NOT find USB_10 (missing: USB_10_LIBRARY USB_10_INCLUDE_DIR) 
[0.366s] -- OpenNI 2 disabled because libusb-1.0 not found.
[0.367s] ** WARNING ** visualization features related to openni2 will be disabled
[0.377s] -- QHULL found (include: /usr/include, lib: optimized;/usr/lib/x86_64-linux-gnu/libqhull.so;debug;/usr/lib/x86_64-linux-gnu/libqhull.so)
[0.381s] -- Checking for module 'libusb-1.0'
[0.383s] --   No package 'libusb-1.0' found
[0.385s] -- Could NOT find USB_10 (missing: USB_10_LIBRARY USB_10_INCLUDE_DIR) 
[0.385s] -- OpenNI disabled because libusb-1.0 not found.
[0.385s] ** WARNING ** apps features related to openni will be disabled
[0.395s] -- looking for PCL_COMMON
[0.396s] -- looking for PCL_KDTREE
[0.396s] -- looking for PCL_OCTREE
[0.397s] -- looking for PCL_SEARCH
[0.397s] -- looking for PCL_SAMPLE_CONSENSUS
[0.398s] -- looking for PCL_FILTERS
[0.399s] -- looking for PCL_2D
[0.399s] -- looking for PCL_GEOMETRY
[0.399s] -- looking for PCL_IO
[0.400s] -- looking for PCL_FEATURES
[0.401s] -- looking for PCL_ML
[0.401s] -- looking for PCL_SEGMENTATION
[0.402s] -- looking for PCL_VISUALIZATION
[0.403s] -- looking for PCL_SURFACE
[0.403s] -- looking for PCL_REGISTRATION
[0.404s] -- looking for PCL_KEYPOINTS
[0.405s] -- looking for PCL_TRACKING
[0.405s] -- looking for PCL_RECOGNITION
[0.406s] -- looking for PCL_STEREO
[0.407s] -- looking for PCL_APPS
[0.408s] -- looking for PCL_IN_HAND_SCANNER
[0.408s] -- looking for PCL_POINT_CLOUD_EDITOR
[0.409s] -- looking for PCL_OUTOFCORE
[0.409s] -- looking for PCL_PEOPLE
[0.411s] CMake Error at /opt/ros/foxy/share/ament_cmake_target_dependencies/cmake/ament_target_dependencies.cmake:42 (message):
[0.411s]   ament_target_dependencies() the first argument must be a valid target name
[0.411s] Call Stack (most recent call first):
[0.411s]   CMakeLists.txt:33 (ament_target_dependencies)
[0.411s] 
[0.411s] 
[0.412s] -- Configuring incomplete, errors occurred!
[0.412s] See also "/home/mete/catkin_ws/build/pcl/CMakeFiles/CMakeOutput.log".
[0.416s] make: *** [Makefile:266: cmake_check_build_system] Error 1
[0.418s] Invoked command in '/home/mete/catkin_ws/build/pcl' returned '2': CMAKE_PREFIX_PATH=${CMAKE_PREFIX_PATH}:/opt/ros/foxy /usr/bin/cmake --build /home/mete/catkin_ws/build/pcl -- -j12 -l12
