[35m[1mScanning dependencies of target register[0m
[ 33%] Built target matrix_transform
[ 50%] [32mBuilding CXX object CMakeFiles/register.dir/src/register.cpp.o[0m
[ 83%] Built target pcd_read
[01m[K/home/mete/catkin_ws/src/pcl/src/register.cpp:[m[K In function ‘[01m[Kint main(int, char**)[m[K’:
[01m[K/home/mete/catkin_ws/src/pcl/src/register.cpp:226:19:[m[K [01;35m[Kwarning: [m[Kvariable ‘[01m[KGlobalTransform[m[K’ set but not used [[01;35m[K-Wunused-but-set-variable[m[K]
  226 |   Eigen::Matrix4f [01;35m[KGlobalTransform[m[K = Eigen::Matrix4f::Identity (), pairTransform;
      |                   [01;35m[K^~~~~~~~~~~~~~~[m[K
[01m[K/home/mete/catkin_ws/src/pcl/src/register.cpp:207:15:[m[K [01;35m[Kwarning: [m[Kunused parameter ‘[01m[Kargc[m[K’ [[01;35m[K-Wunused-parameter[m[K]
  207 | int main ([01;35m[Kint argc[m[K, char** argv)
      |           [01;35m[K~~~~^~~~[m[K
[01m[K/home/mete/catkin_ws/src/pcl/src/register.cpp:207:28:[m[K [01;35m[Kwarning: [m[Kunused parameter ‘[01m[Kargv[m[K’ [[01;35m[K-Wunused-parameter[m[K]
  207 | int main (int argc, [01;35m[Kchar** argv[m[K)
      |                     [01;35m[K~~~~~~~^~~~[m[K
[100%] [32m[1mLinking CXX executable register[0m
[100%] Built target register
-- Install configuration: ""
-- Up-to-date: /home/mete/catkin_ws/install/pcl/lib/pcl/pcd_read
-- Up-to-date: /home/mete/catkin_ws/install/pcl/lib/pcl/matrix_transform
-- Installing: /home/mete/catkin_ws/install/pcl/lib/pcl/register
-- Up-to-date: /home/mete/catkin_ws/install/pcl/share/ament_index/resource_index/package_run_dependencies/pcl
-- Up-to-date: /home/mete/catkin_ws/install/pcl/share/ament_index/resource_index/parent_prefix_path/pcl
-- Up-to-date: /home/mete/catkin_ws/install/pcl/share/pcl/environment/ament_prefix_path.sh
-- Up-to-date: /home/mete/catkin_ws/install/pcl/share/pcl/environment/ament_prefix_path.dsv
-- Up-to-date: /home/mete/catkin_ws/install/pcl/share/pcl/environment/path.sh
-- Up-to-date: /home/mete/catkin_ws/install/pcl/share/pcl/environment/path.dsv
-- Up-to-date: /home/mete/catkin_ws/install/pcl/share/pcl/local_setup.bash
-- Up-to-date: /home/mete/catkin_ws/install/pcl/share/pcl/local_setup.sh
-- Up-to-date: /home/mete/catkin_ws/install/pcl/share/pcl/local_setup.zsh
-- Up-to-date: /home/mete/catkin_ws/install/pcl/share/pcl/local_setup.dsv
-- Installing: /home/mete/catkin_ws/install/pcl/share/pcl/package.dsv
-- Up-to-date: /home/mete/catkin_ws/install/pcl/share/ament_index/resource_index/packages/pcl
-- Up-to-date: /home/mete/catkin_ws/install/pcl/share/pcl/cmake/pclConfig.cmake
-- Up-to-date: /home/mete/catkin_ws/install/pcl/share/pcl/cmake/pclConfig-version.cmake
-- Up-to-date: /home/mete/catkin_ws/install/pcl/share/pcl/package.xml
