[0.116s] DEBUG:colcon:Command line arguments: ['/usr/bin/colcon', 'build', '--parallel-workers', '10']
[0.116s] DEBUG:colcon:Parsed command line arguments: Namespace(allow_overriding=[], ament_cmake_args=None, base_paths=['.'], build_base='build', catkin_cmake_args=None, catkin_skip_building_tests=False, cmake_args=None, cmake_clean_cache=False, cmake_clean_first=False, cmake_force_configure=False, cmake_target=None, cmake_target_skip_unavailable=False, continue_on_error=False, event_handlers=None, executor='parallel', ignore_user_meta=False, install_base='install', log_base=None, log_level=None, main=<bound method BuildVerb.main of <colcon_core.verb.build.BuildVerb object at 0x7f2187030df0>>, merge_install=False, metas=['./colcon.meta'], packages_above=None, packages_above_and_dependencies=None, packages_above_depth=None, packages_end=None, packages_ignore=None, packages_ignore_regex=None, packages_select=None, packages_select_build_failed=False, packages_select_by_dep=None, packages_select_regex=None, packages_select_test_failures=False, packages_skip=None, packages_skip_build_finished=False, packages_skip_by_dep=None, packages_skip_regex=None, packages_skip_test_passed=False, packages_skip_up_to=None, packages_start=None, packages_up_to=None, packages_up_to_regex=None, parallel_workers=10, paths=None, symlink_install=False, test_result_base=None, verb_extension=<colcon_core.verb.build.BuildVerb object at 0x7f2187030df0>, verb_name='build', verb_parser=<colcon_defaults.argument_parser.defaults.DefaultArgumentsDecorator object at 0x7f21870343a0>)
[0.135s] Level 1:colcon.colcon_core.package_discovery:discover_packages(colcon_meta) check parameters
[0.136s] Level 1:colcon.colcon_core.package_discovery:discover_packages(recursive) check parameters
[0.136s] Level 1:colcon.colcon_core.package_discovery:discover_packages(ignore) check parameters
[0.136s] Level 1:colcon.colcon_core.package_discovery:discover_packages(path) check parameters
[0.136s] Level 1:colcon.colcon_core.package_discovery:discover_packages(colcon_meta) discover
[0.136s] Level 1:colcon.colcon_core.package_discovery:discover_packages(recursive) discover
[0.136s] INFO:colcon.colcon_core.package_discovery:Crawling recursively for packages in '/home/mete/catkin_ws'
[0.136s] Level 1:colcon.colcon_core.package_identification:_identify(.) by extensions ['ignore', 'ignore_ament_install']
[0.136s] Level 1:colcon.colcon_core.package_identification:_identify(.) by extension 'ignore'
[0.136s] Level 1:colcon.colcon_core.package_identification:_identify(.) by extension 'ignore_ament_install'
[0.136s] Level 1:colcon.colcon_core.package_identification:_identify(.) by extensions ['colcon_pkg']
[0.136s] Level 1:colcon.colcon_core.package_identification:_identify(.) by extension 'colcon_pkg'
[0.136s] Level 1:colcon.colcon_core.package_identification:_identify(.) by extensions ['colcon_meta']
[0.136s] Level 1:colcon.colcon_core.package_identification:_identify(.) by extension 'colcon_meta'
[0.136s] Level 1:colcon.colcon_core.package_identification:_identify(.) by extensions ['ros']
[0.136s] Level 1:colcon.colcon_core.package_identification:_identify(.) by extension 'ros'
[0.145s] Level 1:colcon.colcon_core.package_identification:_identify(.) by extensions ['cmake', 'python']
[0.145s] Level 1:colcon.colcon_core.package_identification:_identify(.) by extension 'cmake'
[0.145s] Level 1:colcon.colcon_core.package_identification:_identify(.) by extension 'python'
[0.145s] Level 1:colcon.colcon_core.package_identification:_identify(.) by extensions ['python_setup_py']
[0.145s] Level 1:colcon.colcon_core.package_identification:_identify(.) by extension 'python_setup_py'
[0.146s] Level 1:colcon.colcon_core.package_identification:_identify(build) by extensions ['ignore', 'ignore_ament_install']
[0.146s] Level 1:colcon.colcon_core.package_identification:_identify(build) by extension 'ignore'
[0.146s] Level 1:colcon.colcon_core.package_identification:_identify(build) ignored
[0.146s] Level 1:colcon.colcon_core.package_identification:_identify(install) by extensions ['ignore', 'ignore_ament_install']
[0.146s] Level 1:colcon.colcon_core.package_identification:_identify(install) by extension 'ignore'
[0.146s] Level 1:colcon.colcon_core.package_identification:_identify(install) ignored
[0.146s] Level 1:colcon.colcon_core.package_identification:_identify(log) by extensions ['ignore', 'ignore_ament_install']
[0.146s] Level 1:colcon.colcon_core.package_identification:_identify(log) by extension 'ignore'
[0.146s] Level 1:colcon.colcon_core.package_identification:_identify(log) ignored
[0.146s] Level 1:colcon.colcon_core.package_identification:_identify(src) by extensions ['ignore', 'ignore_ament_install']
[0.146s] Level 1:colcon.colcon_core.package_identification:_identify(src) by extension 'ignore'
[0.146s] Level 1:colcon.colcon_core.package_identification:_identify(src) by extension 'ignore_ament_install'
[0.146s] Level 1:colcon.colcon_core.package_identification:_identify(src) by extensions ['colcon_pkg']
[0.146s] Level 1:colcon.colcon_core.package_identification:_identify(src) by extension 'colcon_pkg'
[0.146s] Level 1:colcon.colcon_core.package_identification:_identify(src) by extensions ['colcon_meta']
[0.146s] Level 1:colcon.colcon_core.package_identification:_identify(src) by extension 'colcon_meta'
[0.146s] Level 1:colcon.colcon_core.package_identification:_identify(src) by extensions ['ros']
[0.146s] Level 1:colcon.colcon_core.package_identification:_identify(src) by extension 'ros'
[0.147s] Level 1:colcon.colcon_core.package_identification:_identify(src) by extensions ['cmake', 'python']
[0.147s] Level 1:colcon.colcon_core.package_identification:_identify(src) by extension 'cmake'
[0.147s] Level 1:colcon.colcon_core.package_identification:_identify(src) by extension 'python'
[0.147s] Level 1:colcon.colcon_core.package_identification:_identify(src) by extensions ['python_setup_py']
[0.147s] Level 1:colcon.colcon_core.package_identification:_identify(src) by extension 'python_setup_py'
[0.147s] Level 1:colcon.colcon_core.package_identification:_identify(src/localization) by extensions ['ignore', 'ignore_ament_install']
[0.147s] Level 1:colcon.colcon_core.package_identification:_identify(src/localization) by extension 'ignore'
[0.147s] Level 1:colcon.colcon_core.package_identification:_identify(src/localization) by extension 'ignore_ament_install'
[0.147s] Level 1:colcon.colcon_core.package_identification:_identify(src/localization) by extensions ['colcon_pkg']
[0.147s] Level 1:colcon.colcon_core.package_identification:_identify(src/localization) by extension 'colcon_pkg'
[0.147s] Level 1:colcon.colcon_core.package_identification:_identify(src/localization) by extensions ['colcon_meta']
[0.147s] Level 1:colcon.colcon_core.package_identification:_identify(src/localization) by extension 'colcon_meta'
[0.147s] Level 1:colcon.colcon_core.package_identification:_identify(src/localization) by extensions ['ros']
[0.147s] Level 1:colcon.colcon_core.package_identification:_identify(src/localization) by extension 'ros'
[0.149s] DEBUG:colcon.colcon_core.package_identification:Package 'src/localization' with type 'ros.ament_cmake' and name 'localization'
[0.149s] Level 1:colcon.colcon_core.package_identification:_identify(src/pcl) by extensions ['ignore', 'ignore_ament_install']
[0.149s] Level 1:colcon.colcon_core.package_identification:_identify(src/pcl) by extension 'ignore'
[0.149s] Level 1:colcon.colcon_core.package_identification:_identify(src/pcl) by extension 'ignore_ament_install'
[0.149s] Level 1:colcon.colcon_core.package_identification:_identify(src/pcl) by extensions ['colcon_pkg']
[0.149s] Level 1:colcon.colcon_core.package_identification:_identify(src/pcl) by extension 'colcon_pkg'
[0.149s] Level 1:colcon.colcon_core.package_identification:_identify(src/pcl) by extensions ['colcon_meta']
[0.149s] Level 1:colcon.colcon_core.package_identification:_identify(src/pcl) by extension 'colcon_meta'
[0.149s] Level 1:colcon.colcon_core.package_identification:_identify(src/pcl) by extensions ['ros']
[0.149s] Level 1:colcon.colcon_core.package_identification:_identify(src/pcl) by extension 'ros'
[0.150s] DEBUG:colcon.colcon_core.package_identification:Package 'src/pcl' with type 'ros.ament_cmake' and name 'pcl'
[0.150s] Level 1:colcon.colcon_core.package_discovery:discover_packages(recursive) using defaults
[0.150s] Level 1:colcon.colcon_core.package_discovery:discover_packages(ignore) discover
[0.150s] Level 1:colcon.colcon_core.package_discovery:discover_packages(ignore) using defaults
[0.150s] Level 1:colcon.colcon_core.package_discovery:discover_packages(path) discover
[0.150s] Level 1:colcon.colcon_core.package_discovery:discover_packages(path) using defaults
[0.173s] Level 1:colcon.colcon_core.package_discovery:discover_packages(prefix_path) check parameters
[0.173s] Level 1:colcon.colcon_core.package_discovery:discover_packages(prefix_path) discover
[0.175s] DEBUG:colcon.colcon_installed_package_information.package_discovery:Found 2 installed packages in /home/mete/catkin_ws/install
[0.176s] DEBUG:colcon.colcon_installed_package_information.package_discovery:Found 256 installed packages in /opt/ros/foxy
[0.178s] Level 1:colcon.colcon_core.package_discovery:discover_packages(prefix_path) using defaults
[0.232s] Level 5:colcon.colcon_core.verb:set package 'localization' build argument 'cmake_args' from command line to 'None'
[0.232s] Level 5:colcon.colcon_core.verb:set package 'localization' build argument 'cmake_target' from command line to 'None'
[0.232s] Level 5:colcon.colcon_core.verb:set package 'localization' build argument 'cmake_target_skip_unavailable' from command line to 'False'
[0.232s] Level 5:colcon.colcon_core.verb:set package 'localization' build argument 'cmake_clean_cache' from command line to 'False'
[0.232s] Level 5:colcon.colcon_core.verb:set package 'localization' build argument 'cmake_clean_first' from command line to 'False'
[0.232s] Level 5:colcon.colcon_core.verb:set package 'localization' build argument 'cmake_force_configure' from command line to 'False'
[0.232s] Level 5:colcon.colcon_core.verb:set package 'localization' build argument 'ament_cmake_args' from command line to 'None'
[0.232s] Level 5:colcon.colcon_core.verb:set package 'localization' build argument 'catkin_cmake_args' from command line to 'None'
[0.232s] Level 5:colcon.colcon_core.verb:set package 'localization' build argument 'catkin_skip_building_tests' from command line to 'False'
[0.232s] DEBUG:colcon.colcon_core.verb:Building package 'localization' with the following arguments: {'ament_cmake_args': None, 'build_base': '/home/mete/catkin_ws/build/localization', 'catkin_cmake_args': None, 'catkin_skip_building_tests': False, 'cmake_args': None, 'cmake_clean_cache': False, 'cmake_clean_first': False, 'cmake_force_configure': False, 'cmake_target': None, 'cmake_target_skip_unavailable': False, 'install_base': '/home/mete/catkin_ws/install/localization', 'merge_install': False, 'path': '/home/mete/catkin_ws/src/localization', 'symlink_install': False, 'test_result_base': None}
[0.233s] Level 5:colcon.colcon_core.verb:set package 'pcl' build argument 'cmake_args' from command line to 'None'
[0.233s] Level 5:colcon.colcon_core.verb:set package 'pcl' build argument 'cmake_target' from command line to 'None'
[0.233s] Level 5:colcon.colcon_core.verb:set package 'pcl' build argument 'cmake_target_skip_unavailable' from command line to 'False'
[0.233s] Level 5:colcon.colcon_core.verb:set package 'pcl' build argument 'cmake_clean_cache' from command line to 'False'
[0.233s] Level 5:colcon.colcon_core.verb:set package 'pcl' build argument 'cmake_clean_first' from command line to 'False'
[0.233s] Level 5:colcon.colcon_core.verb:set package 'pcl' build argument 'cmake_force_configure' from command line to 'False'
[0.233s] Level 5:colcon.colcon_core.verb:set package 'pcl' build argument 'ament_cmake_args' from command line to 'None'
[0.233s] Level 5:colcon.colcon_core.verb:set package 'pcl' build argument 'catkin_cmake_args' from command line to 'None'
[0.233s] Level 5:colcon.colcon_core.verb:set package 'pcl' build argument 'catkin_skip_building_tests' from command line to 'False'
[0.233s] DEBUG:colcon.colcon_core.verb:Building package 'pcl' with the following arguments: {'ament_cmake_args': None, 'build_base': '/home/mete/catkin_ws/build/pcl', 'catkin_cmake_args': None, 'catkin_skip_building_tests': False, 'cmake_args': None, 'cmake_clean_cache': False, 'cmake_clean_first': False, 'cmake_force_configure': False, 'cmake_target': None, 'cmake_target_skip_unavailable': False, 'install_base': '/home/mete/catkin_ws/install/pcl', 'merge_install': False, 'path': '/home/mete/catkin_ws/src/pcl', 'symlink_install': False, 'test_result_base': None}
[0.234s] INFO:colcon.colcon_core.executor:Executing jobs using 'parallel' executor
[0.237s] DEBUG:colcon.colcon_parallel_executor.executor.parallel:run_until_complete
[0.238s] INFO:colcon.colcon_ros.task.ament_cmake.build:Building ROS package in '/home/mete/catkin_ws/src/localization' with build type 'ament_cmake'
[0.238s] INFO:colcon.colcon_cmake.task.cmake.build:Building CMake package in '/home/mete/catkin_ws/src/localization'
[0.241s] INFO:colcon.colcon_core.plugin_system:Skipping extension 'colcon_core.shell.bat': Not used on non-Windows systems
[0.241s] INFO:colcon.colcon_core.shell:Skip shell extension 'powershell' for command environment: Not usable outside of PowerShell
[0.241s] DEBUG:colcon.colcon_core.shell:Skip shell extension 'dsv' for command environment
[0.246s] INFO:colcon.colcon_ros.task.ament_cmake.build:Building ROS package in '/home/mete/catkin_ws/src/pcl' with build type 'ament_cmake'
[0.246s] INFO:colcon.colcon_cmake.task.cmake.build:Building CMake package in '/home/mete/catkin_ws/src/pcl'
[0.247s] INFO:colcon.colcon_core.shell:Skip shell extension 'powershell' for command environment: Not usable outside of PowerShell
[0.247s] DEBUG:colcon.colcon_core.shell:Skip shell extension 'dsv' for command environment
[0.257s] DEBUG:colcon.colcon_core.event_handler.log_command:Invoking command in '/home/mete/catkin_ws/build/localization': CMAKE_PREFIX_PATH=${CMAKE_PREFIX_PATH}:/opt/ros/foxy /usr/bin/cmake --build /home/mete/catkin_ws/build/localization -- -j12 -l12
[0.264s] DEBUG:colcon.colcon_core.event_handler.log_command:Invoking command in '/home/mete/catkin_ws/build/pcl': CMAKE_PREFIX_PATH=${CMAKE_PREFIX_PATH}:/opt/ros/foxy /usr/bin/cmake --build /home/mete/catkin_ws/build/pcl -- -j12 -l12
[0.288s] DEBUG:colcon.colcon_core.event_handler.log_command:Invoked command in '/home/mete/catkin_ws/build/localization' returned '0': CMAKE_PREFIX_PATH=${CMAKE_PREFIX_PATH}:/opt/ros/foxy /usr/bin/cmake --build /home/mete/catkin_ws/build/localization -- -j12 -l12
[0.315s] DEBUG:colcon.colcon_core.event_handler.log_command:Invoking command in '/home/mete/catkin_ws/build/localization': CMAKE_PREFIX_PATH=${CMAKE_PREFIX_PATH}:/opt/ros/foxy /usr/bin/cmake --install /home/mete/catkin_ws/build/localization
[0.322s] Level 1:colcon.colcon_core.environment:create_environment_scripts_only(localization)
[0.323s] DEBUG:colcon.colcon_core.event_handler.log_command:Invoked command in '/home/mete/catkin_ws/build/localization' returned '0': CMAKE_PREFIX_PATH=${CMAKE_PREFIX_PATH}:/opt/ros/foxy /usr/bin/cmake --install /home/mete/catkin_ws/build/localization
[0.328s] Level 1:colcon.colcon_core.environment:checking '/home/mete/catkin_ws/install/localization' for CMake module files
[0.328s] Level 1:colcon.colcon_core.environment:checking '/home/mete/catkin_ws/install/localization' for CMake config files
[0.328s] Level 1:colcon.colcon_core.shell:create_environment_hook('localization', 'cmake_prefix_path')
[0.330s] INFO:colcon.colcon_core.shell:Creating environment hook '/home/mete/catkin_ws/install/localization/share/localization/hook/cmake_prefix_path.ps1'
[0.330s] INFO:colcon.colcon_core.shell:Creating environment descriptor '/home/mete/catkin_ws/install/localization/share/localization/hook/cmake_prefix_path.dsv'
[0.330s] INFO:colcon.colcon_core.shell:Creating environment hook '/home/mete/catkin_ws/install/localization/share/localization/hook/cmake_prefix_path.sh'
[0.331s] Level 1:colcon.colcon_core.environment:checking '/home/mete/catkin_ws/install/localization/bin'
[0.331s] Level 1:colcon.colcon_core.environment:checking '/home/mete/catkin_ws/install/localization/lib/pkgconfig/localization.pc'
[0.331s] Level 1:colcon.colcon_core.environment:checking '/home/mete/catkin_ws/install/localization/lib/python3.8/site-packages'
[0.331s] Level 1:colcon.colcon_core.environment:checking '/home/mete/catkin_ws/install/localization/bin'
[0.333s] INFO:colcon.colcon_core.shell:Creating package script '/home/mete/catkin_ws/install/localization/share/localization/package.ps1'
[0.333s] INFO:colcon.colcon_core.shell:Creating package descriptor '/home/mete/catkin_ws/install/localization/share/localization/package.dsv'
[0.334s] INFO:colcon.colcon_core.shell:Creating package script '/home/mete/catkin_ws/install/localization/share/localization/package.sh'
[0.334s] INFO:colcon.colcon_core.shell:Creating package script '/home/mete/catkin_ws/install/localization/share/localization/package.bash'
[0.335s] INFO:colcon.colcon_core.shell:Creating package script '/home/mete/catkin_ws/install/localization/share/localization/package.zsh'
[0.335s] Level 1:colcon.colcon_core.environment:create_file_with_runtime_dependencies(/home/mete/catkin_ws/install/localization/share/colcon-core/packages/localization)
[0.354s] Level 1:colcon.colcon_core.environment:create_environment_scripts_only(localization)
[0.356s] Level 1:colcon.colcon_core.environment:checking '/home/mete/catkin_ws/install/localization' for CMake module files
[0.356s] Level 1:colcon.colcon_core.environment:checking '/home/mete/catkin_ws/install/localization' for CMake config files
[0.356s] Level 1:colcon.colcon_core.shell:create_environment_hook('localization', 'cmake_prefix_path')
[0.357s] INFO:colcon.colcon_core.shell:Creating environment hook '/home/mete/catkin_ws/install/localization/share/localization/hook/cmake_prefix_path.ps1'
[0.358s] INFO:colcon.colcon_core.shell:Creating environment descriptor '/home/mete/catkin_ws/install/localization/share/localization/hook/cmake_prefix_path.dsv'
[0.358s] INFO:colcon.colcon_core.shell:Creating environment hook '/home/mete/catkin_ws/install/localization/share/localization/hook/cmake_prefix_path.sh'
[0.359s] Level 1:colcon.colcon_core.environment:checking '/home/mete/catkin_ws/install/localization/bin'
[0.359s] Level 1:colcon.colcon_core.environment:checking '/home/mete/catkin_ws/install/localization/lib/pkgconfig/localization.pc'
[0.359s] Level 1:colcon.colcon_core.environment:checking '/home/mete/catkin_ws/install/localization/lib/python3.8/site-packages'
[0.359s] Level 1:colcon.colcon_core.environment:checking '/home/mete/catkin_ws/install/localization/bin'
[0.360s] INFO:colcon.colcon_core.shell:Creating package script '/home/mete/catkin_ws/install/localization/share/localization/package.ps1'
[0.360s] INFO:colcon.colcon_core.shell:Creating package descriptor '/home/mete/catkin_ws/install/localization/share/localization/package.dsv'
[0.361s] INFO:colcon.colcon_core.shell:Creating package script '/home/mete/catkin_ws/install/localization/share/localization/package.sh'
[0.361s] INFO:colcon.colcon_core.shell:Creating package script '/home/mete/catkin_ws/install/localization/share/localization/package.bash'
[0.361s] INFO:colcon.colcon_core.shell:Creating package script '/home/mete/catkin_ws/install/localization/share/localization/package.zsh'
[0.362s] Level 1:colcon.colcon_core.environment:create_file_with_runtime_dependencies(/home/mete/catkin_ws/install/localization/share/colcon-core/packages/localization)
[4.797s] DEBUG:colcon.colcon_core.event_handler.log_command:Invoked command in '/home/mete/catkin_ws/build/pcl' returned '2': CMAKE_PREFIX_PATH=${CMAKE_PREFIX_PATH}:/opt/ros/foxy /usr/bin/cmake --build /home/mete/catkin_ws/build/pcl -- -j12 -l12
[4.815s] Level 1:colcon.colcon_core.environment:create_environment_scripts_only(pcl)
[4.817s] Level 1:colcon.colcon_core.environment:checking '/home/mete/catkin_ws/install/pcl' for CMake module files
[4.817s] Level 1:colcon.colcon_core.environment:checking '/home/mete/catkin_ws/install/pcl' for CMake config files
[4.817s] Level 1:colcon.colcon_core.shell:create_environment_hook('pcl', 'cmake_prefix_path')
[4.818s] INFO:colcon.colcon_core.shell:Creating environment hook '/home/mete/catkin_ws/install/pcl/share/pcl/hook/cmake_prefix_path.ps1'
[4.819s] INFO:colcon.colcon_core.shell:Creating environment descriptor '/home/mete/catkin_ws/install/pcl/share/pcl/hook/cmake_prefix_path.dsv'
[4.819s] INFO:colcon.colcon_core.shell:Creating environment hook '/home/mete/catkin_ws/install/pcl/share/pcl/hook/cmake_prefix_path.sh'
[4.820s] Level 1:colcon.colcon_core.environment:checking '/home/mete/catkin_ws/install/pcl/lib'
[4.820s] Level 1:colcon.colcon_core.environment:checking '/home/mete/catkin_ws/install/pcl/bin'
[4.820s] Level 1:colcon.colcon_core.environment:checking '/home/mete/catkin_ws/install/pcl/lib/pkgconfig/pcl.pc'
[4.820s] Level 1:colcon.colcon_core.environment:checking '/home/mete/catkin_ws/install/pcl/lib/python3.8/site-packages'
[4.820s] Level 1:colcon.colcon_core.environment:checking '/home/mete/catkin_ws/install/pcl/bin'
[4.821s] INFO:colcon.colcon_core.shell:Creating package script '/home/mete/catkin_ws/install/pcl/share/pcl/package.ps1'
[4.822s] INFO:colcon.colcon_core.shell:Creating package descriptor '/home/mete/catkin_ws/install/pcl/share/pcl/package.dsv'
[4.822s] INFO:colcon.colcon_core.shell:Creating package script '/home/mete/catkin_ws/install/pcl/share/pcl/package.sh'
[4.822s] INFO:colcon.colcon_core.shell:Creating package script '/home/mete/catkin_ws/install/pcl/share/pcl/package.bash'
[4.822s] INFO:colcon.colcon_core.shell:Creating package script '/home/mete/catkin_ws/install/pcl/share/pcl/package.zsh'
[4.823s] Level 1:colcon.colcon_core.environment:create_file_with_runtime_dependencies(/home/mete/catkin_ws/install/pcl/share/colcon-core/packages/pcl)
[4.833s] DEBUG:colcon.colcon_parallel_executor.executor.parallel:closing loop
[4.833s] DEBUG:colcon.colcon_parallel_executor.executor.parallel:loop closed
[4.834s] DEBUG:colcon.colcon_parallel_executor.executor.parallel:run_until_complete finished with '2'
[4.834s] DEBUG:colcon.colcon_core.event_reactor:joining thread
[4.839s] INFO:colcon.colcon_core.plugin_system:Skipping extension 'colcon_notification.desktop_notification.terminal_notifier': Not used on non-Darwin systems
[4.839s] INFO:colcon.colcon_core.plugin_system:Skipping extension 'colcon_notification.desktop_notification.win32': Not used on non-Windows systems
[4.839s] INFO:colcon.colcon_notification.desktop_notification:Sending desktop notification using 'notify2'
[4.847s] DEBUG:colcon.colcon_core.event_reactor:joined thread
[4.849s] INFO:colcon.colcon_core.shell:Creating prefix script '/home/mete/catkin_ws/install/local_setup.ps1'
[4.850s] INFO:colcon.colcon_core.shell:Creating prefix util module '/home/mete/catkin_ws/install/_local_setup_util_ps1.py'
[4.851s] INFO:colcon.colcon_core.shell:Creating prefix chain script '/home/mete/catkin_ws/install/setup.ps1'
[4.852s] INFO:colcon.colcon_core.shell:Creating prefix script '/home/mete/catkin_ws/install/local_setup.sh'
[4.852s] INFO:colcon.colcon_core.shell:Creating prefix util module '/home/mete/catkin_ws/install/_local_setup_util_sh.py'
[4.853s] INFO:colcon.colcon_core.shell:Creating prefix chain script '/home/mete/catkin_ws/install/setup.sh'
[4.854s] INFO:colcon.colcon_core.shell:Creating prefix script '/home/mete/catkin_ws/install/local_setup.bash'
[4.854s] INFO:colcon.colcon_core.shell:Creating prefix chain script '/home/mete/catkin_ws/install/setup.bash'
[4.856s] INFO:colcon.colcon_core.shell:Creating prefix script '/home/mete/catkin_ws/install/local_setup.zsh'
[4.856s] INFO:colcon.colcon_core.shell:Creating prefix chain script '/home/mete/catkin_ws/install/setup.zsh'
