[0.118s] DEBUG:colcon:Command line arguments: ['/usr/bin/colcon', 'build', '--parallel-workers', '10', '--allow-overriding', 'pcl_conversions']
[0.118s] DEBUG:colcon:Parsed command line arguments: Namespace(allow_overriding=['pcl_conversions'], ament_cmake_args=None, base_paths=['.'], build_base='build', catkin_cmake_args=None, catkin_skip_building_tests=False, cmake_args=None, cmake_clean_cache=False, cmake_clean_first=False, cmake_force_configure=False, cmake_target=None, cmake_target_skip_unavailable=False, continue_on_error=False, event_handlers=None, executor='parallel', ignore_user_meta=False, install_base='install', log_base=None, log_level=None, main=<bound method BuildVerb.main of <colcon_core.verb.build.BuildVerb object at 0x7f273ed25d90>>, merge_install=False, metas=['./colcon.meta'], packages_above=None, packages_above_and_dependencies=None, packages_above_depth=None, packages_end=None, packages_ignore=None, packages_ignore_regex=None, packages_select=None, packages_select_build_failed=False, packages_select_by_dep=None, packages_select_regex=None, packages_select_test_failures=False, packages_skip=None, packages_skip_build_finished=False, packages_skip_by_dep=None, packages_skip_regex=None, packages_skip_test_passed=False, packages_skip_up_to=None, packages_start=None, packages_up_to=None, packages_up_to_regex=None, parallel_workers=10, paths=None, symlink_install=False, test_result_base=None, verb_extension=<colcon_core.verb.build.BuildVerb object at 0x7f273ed25d90>, verb_name='build', verb_parser=<colcon_defaults.argument_parser.defaults.DefaultArgumentsDecorator object at 0x7f273ed2d340>)
[0.138s] Level 1:colcon.colcon_core.package_discovery:discover_packages(colcon_meta) check parameters
[0.138s] Level 1:colcon.colcon_core.package_discovery:discover_packages(recursive) check parameters
[0.138s] Level 1:colcon.colcon_core.package_discovery:discover_packages(ignore) check parameters
[0.138s] Level 1:colcon.colcon_core.package_discovery:discover_packages(path) check parameters
[0.138s] Level 1:colcon.colcon_core.package_discovery:discover_packages(colcon_meta) discover
[0.138s] Level 1:colcon.colcon_core.package_discovery:discover_packages(recursive) discover
[0.138s] INFO:colcon.colcon_core.package_discovery:Crawling recursively for packages in '/home/mete/catkin_ws'
[0.138s] Level 1:colcon.colcon_core.package_identification:_identify(.) by extensions ['ignore', 'ignore_ament_install']
[0.138s] Level 1:colcon.colcon_core.package_identification:_identify(.) by extension 'ignore'
[0.138s] Level 1:colcon.colcon_core.package_identification:_identify(.) by extension 'ignore_ament_install'
[0.138s] Level 1:colcon.colcon_core.package_identification:_identify(.) by extensions ['colcon_pkg']
[0.138s] Level 1:colcon.colcon_core.package_identification:_identify(.) by extension 'colcon_pkg'
[0.138s] Level 1:colcon.colcon_core.package_identification:_identify(.) by extensions ['colcon_meta']
[0.138s] Level 1:colcon.colcon_core.package_identification:_identify(.) by extension 'colcon_meta'
[0.138s] Level 1:colcon.colcon_core.package_identification:_identify(.) by extensions ['ros']
[0.138s] Level 1:colcon.colcon_core.package_identification:_identify(.) by extension 'ros'
[0.147s] Level 1:colcon.colcon_core.package_identification:_identify(.) by extensions ['cmake', 'python']
[0.148s] Level 1:colcon.colcon_core.package_identification:_identify(.) by extension 'cmake'
[0.148s] Level 1:colcon.colcon_core.package_identification:_identify(.) by extension 'python'
[0.148s] Level 1:colcon.colcon_core.package_identification:_identify(.) by extensions ['python_setup_py']
[0.148s] Level 1:colcon.colcon_core.package_identification:_identify(.) by extension 'python_setup_py'
[0.148s] Level 1:colcon.colcon_core.package_identification:_identify(build) by extensions ['ignore', 'ignore_ament_install']
[0.148s] Level 1:colcon.colcon_core.package_identification:_identify(build) by extension 'ignore'
[0.148s] Level 1:colcon.colcon_core.package_identification:_identify(build) ignored
[0.148s] Level 1:colcon.colcon_core.package_identification:_identify(install) by extensions ['ignore', 'ignore_ament_install']
[0.148s] Level 1:colcon.colcon_core.package_identification:_identify(install) by extension 'ignore'
[0.148s] Level 1:colcon.colcon_core.package_identification:_identify(install) ignored
[0.148s] Level 1:colcon.colcon_core.package_identification:_identify(log) by extensions ['ignore', 'ignore_ament_install']
[0.148s] Level 1:colcon.colcon_core.package_identification:_identify(log) by extension 'ignore'
[0.148s] Level 1:colcon.colcon_core.package_identification:_identify(log) ignored
[0.148s] Level 1:colcon.colcon_core.package_identification:_identify(src) by extensions ['ignore', 'ignore_ament_install']
[0.148s] Level 1:colcon.colcon_core.package_identification:_identify(src) by extension 'ignore'
[0.149s] Level 1:colcon.colcon_core.package_identification:_identify(src) by extension 'ignore_ament_install'
[0.149s] Level 1:colcon.colcon_core.package_identification:_identify(src) by extensions ['colcon_pkg']
[0.149s] Level 1:colcon.colcon_core.package_identification:_identify(src) by extension 'colcon_pkg'
[0.149s] Level 1:colcon.colcon_core.package_identification:_identify(src) by extensions ['colcon_meta']
[0.149s] Level 1:colcon.colcon_core.package_identification:_identify(src) by extension 'colcon_meta'
[0.149s] Level 1:colcon.colcon_core.package_identification:_identify(src) by extensions ['ros']
[0.149s] Level 1:colcon.colcon_core.package_identification:_identify(src) by extension 'ros'
[0.149s] Level 1:colcon.colcon_core.package_identification:_identify(src) by extensions ['cmake', 'python']
[0.149s] Level 1:colcon.colcon_core.package_identification:_identify(src) by extension 'cmake'
[0.149s] Level 1:colcon.colcon_core.package_identification:_identify(src) by extension 'python'
[0.149s] Level 1:colcon.colcon_core.package_identification:_identify(src) by extensions ['python_setup_py']
[0.149s] Level 1:colcon.colcon_core.package_identification:_identify(src) by extension 'python_setup_py'
[0.149s] Level 1:colcon.colcon_core.package_identification:_identify(src/localization) by extensions ['ignore', 'ignore_ament_install']
[0.149s] Level 1:colcon.colcon_core.package_identification:_identify(src/localization) by extension 'ignore'
[0.149s] Level 1:colcon.colcon_core.package_identification:_identify(src/localization) by extension 'ignore_ament_install'
[0.149s] Level 1:colcon.colcon_core.package_identification:_identify(src/localization) by extensions ['colcon_pkg']
[0.149s] Level 1:colcon.colcon_core.package_identification:_identify(src/localization) by extension 'colcon_pkg'
[0.149s] Level 1:colcon.colcon_core.package_identification:_identify(src/localization) by extensions ['colcon_meta']
[0.149s] Level 1:colcon.colcon_core.package_identification:_identify(src/localization) by extension 'colcon_meta'
[0.149s] Level 1:colcon.colcon_core.package_identification:_identify(src/localization) by extensions ['ros']
[0.149s] Level 1:colcon.colcon_core.package_identification:_identify(src/localization) by extension 'ros'
[0.151s] DEBUG:colcon.colcon_core.package_identification:Package 'src/localization' with type 'ros.ament_cmake' and name 'localization'
[0.151s] Level 1:colcon.colcon_core.package_identification:_identify(src/pcl) by extensions ['ignore', 'ignore_ament_install']
[0.151s] Level 1:colcon.colcon_core.package_identification:_identify(src/pcl) by extension 'ignore'
[0.151s] Level 1:colcon.colcon_core.package_identification:_identify(src/pcl) by extension 'ignore_ament_install'
[0.152s] Level 1:colcon.colcon_core.package_identification:_identify(src/pcl) by extensions ['colcon_pkg']
[0.152s] Level 1:colcon.colcon_core.package_identification:_identify(src/pcl) by extension 'colcon_pkg'
[0.152s] Level 1:colcon.colcon_core.package_identification:_identify(src/pcl) by extensions ['colcon_meta']
[0.152s] Level 1:colcon.colcon_core.package_identification:_identify(src/pcl) by extension 'colcon_meta'
[0.152s] Level 1:colcon.colcon_core.package_identification:_identify(src/pcl) by extensions ['ros']
[0.152s] Level 1:colcon.colcon_core.package_identification:_identify(src/pcl) by extension 'ros'
[0.152s] DEBUG:colcon.colcon_core.package_identification:Package 'src/pcl' with type 'ros.ament_cmake' and name 'pcl'
[0.153s] Level 1:colcon.colcon_core.package_identification:_identify(src/perception_pcl) by extensions ['ignore', 'ignore_ament_install']
[0.153s] Level 1:colcon.colcon_core.package_identification:_identify(src/perception_pcl) by extension 'ignore'
[0.153s] Level 1:colcon.colcon_core.package_identification:_identify(src/perception_pcl) by extension 'ignore_ament_install'
[0.153s] Level 1:colcon.colcon_core.package_identification:_identify(src/perception_pcl) by extensions ['colcon_pkg']
[0.153s] Level 1:colcon.colcon_core.package_identification:_identify(src/perception_pcl) by extension 'colcon_pkg'
[0.153s] Level 1:colcon.colcon_core.package_identification:_identify(src/perception_pcl) by extensions ['colcon_meta']
[0.153s] Level 1:colcon.colcon_core.package_identification:_identify(src/perception_pcl) by extension 'colcon_meta'
[0.153s] Level 1:colcon.colcon_core.package_identification:_identify(src/perception_pcl) by extensions ['ros']
[0.153s] Level 1:colcon.colcon_core.package_identification:_identify(src/perception_pcl) by extension 'ros'
[0.153s] Level 1:colcon.colcon_core.package_identification:_identify(src/perception_pcl) by extensions ['cmake', 'python']
[0.153s] Level 1:colcon.colcon_core.package_identification:_identify(src/perception_pcl) by extension 'cmake'
[0.153s] Level 1:colcon.colcon_core.package_identification:_identify(src/perception_pcl) by extension 'python'
[0.153s] Level 1:colcon.colcon_core.package_identification:_identify(src/perception_pcl) by extensions ['python_setup_py']
[0.153s] Level 1:colcon.colcon_core.package_identification:_identify(src/perception_pcl) by extension 'python_setup_py'
[0.153s] Level 1:colcon.colcon_core.package_identification:_identify(src/perception_pcl/pcl_conversions) by extensions ['ignore', 'ignore_ament_install']
[0.153s] Level 1:colcon.colcon_core.package_identification:_identify(src/perception_pcl/pcl_conversions) by extension 'ignore'
[0.153s] Level 1:colcon.colcon_core.package_identification:_identify(src/perception_pcl/pcl_conversions) by extension 'ignore_ament_install'
[0.153s] Level 1:colcon.colcon_core.package_identification:_identify(src/perception_pcl/pcl_conversions) by extensions ['colcon_pkg']
[0.153s] Level 1:colcon.colcon_core.package_identification:_identify(src/perception_pcl/pcl_conversions) by extension 'colcon_pkg'
[0.153s] Level 1:colcon.colcon_core.package_identification:_identify(src/perception_pcl/pcl_conversions) by extensions ['colcon_meta']
[0.153s] Level 1:colcon.colcon_core.package_identification:_identify(src/perception_pcl/pcl_conversions) by extension 'colcon_meta'
[0.153s] Level 1:colcon.colcon_core.package_identification:_identify(src/perception_pcl/pcl_conversions) by extensions ['ros']
[0.154s] Level 1:colcon.colcon_core.package_identification:_identify(src/perception_pcl/pcl_conversions) by extension 'ros'
[0.154s] DEBUG:colcon.colcon_core.package_identification:Package 'src/perception_pcl/pcl_conversions' with type 'ros.ament_cmake' and name 'pcl_conversions'
[0.154s] Level 1:colcon.colcon_core.package_identification:_identify(src/perception_pcl/pcl_ros) by extensions ['ignore', 'ignore_ament_install']
[0.155s] Level 1:colcon.colcon_core.package_identification:_identify(src/perception_pcl/pcl_ros) by extension 'ignore'
[0.155s] Level 1:colcon.colcon_core.package_identification:_identify(src/perception_pcl/pcl_ros) by extension 'ignore_ament_install'
[0.155s] Level 1:colcon.colcon_core.package_identification:_identify(src/perception_pcl/pcl_ros) by extensions ['colcon_pkg']
[0.155s] Level 1:colcon.colcon_core.package_identification:_identify(src/perception_pcl/pcl_ros) by extension 'colcon_pkg'
[0.155s] Level 1:colcon.colcon_core.package_identification:_identify(src/perception_pcl/pcl_ros) by extensions ['colcon_meta']
[0.155s] Level 1:colcon.colcon_core.package_identification:_identify(src/perception_pcl/pcl_ros) by extension 'colcon_meta'
[0.155s] Level 1:colcon.colcon_core.package_identification:_identify(src/perception_pcl/pcl_ros) by extensions ['ros']
[0.155s] Level 1:colcon.colcon_core.package_identification:_identify(src/perception_pcl/pcl_ros) by extension 'ros'
[0.156s] DEBUG:colcon.colcon_core.package_identification:Package 'src/perception_pcl/pcl_ros' with type 'ros.ament_cmake' and name 'pcl_ros'
[0.156s] Level 1:colcon.colcon_core.package_identification:_identify(src/perception_pcl/perception_pcl) by extensions ['ignore', 'ignore_ament_install']
[0.156s] Level 1:colcon.colcon_core.package_identification:_identify(src/perception_pcl/perception_pcl) by extension 'ignore'
[0.156s] Level 1:colcon.colcon_core.package_identification:_identify(src/perception_pcl/perception_pcl) by extension 'ignore_ament_install'
[0.156s] Level 1:colcon.colcon_core.package_identification:_identify(src/perception_pcl/perception_pcl) by extensions ['colcon_pkg']
[0.156s] Level 1:colcon.colcon_core.package_identification:_identify(src/perception_pcl/perception_pcl) by extension 'colcon_pkg'
[0.156s] Level 1:colcon.colcon_core.package_identification:_identify(src/perception_pcl/perception_pcl) by extensions ['colcon_meta']
[0.156s] Level 1:colcon.colcon_core.package_identification:_identify(src/perception_pcl/perception_pcl) by extension 'colcon_meta'
[0.156s] Level 1:colcon.colcon_core.package_identification:_identify(src/perception_pcl/perception_pcl) by extensions ['ros']
[0.156s] Level 1:colcon.colcon_core.package_identification:_identify(src/perception_pcl/perception_pcl) by extension 'ros'
[0.157s] DEBUG:colcon.colcon_core.package_identification:Package 'src/perception_pcl/perception_pcl' with type 'ros.ament_cmake' and name 'perception_pcl'
[0.157s] Level 1:colcon.colcon_core.package_discovery:discover_packages(recursive) using defaults
[0.157s] Level 1:colcon.colcon_core.package_discovery:discover_packages(ignore) discover
[0.157s] Level 1:colcon.colcon_core.package_discovery:discover_packages(ignore) using defaults
[0.157s] Level 1:colcon.colcon_core.package_discovery:discover_packages(path) discover
[0.157s] Level 1:colcon.colcon_core.package_discovery:discover_packages(path) using defaults
[0.180s] Level 1:colcon.colcon_core.package_discovery:discover_packages(prefix_path) check parameters
[0.180s] Level 1:colcon.colcon_core.package_discovery:discover_packages(prefix_path) discover
[0.182s] DEBUG:colcon.colcon_installed_package_information.package_discovery:Found 4 installed packages in /home/mete/catkin_ws/install
[0.184s] DEBUG:colcon.colcon_installed_package_information.package_discovery:Found 256 installed packages in /opt/ros/foxy
[0.185s] Level 1:colcon.colcon_core.package_discovery:discover_packages(prefix_path) using defaults
[0.240s] Level 5:colcon.colcon_core.verb:set package 'localization' build argument 'cmake_args' from command line to 'None'
[0.240s] Level 5:colcon.colcon_core.verb:set package 'localization' build argument 'cmake_target' from command line to 'None'
[0.240s] Level 5:colcon.colcon_core.verb:set package 'localization' build argument 'cmake_target_skip_unavailable' from command line to 'False'
[0.240s] Level 5:colcon.colcon_core.verb:set package 'localization' build argument 'cmake_clean_cache' from command line to 'False'
[0.240s] Level 5:colcon.colcon_core.verb:set package 'localization' build argument 'cmake_clean_first' from command line to 'False'
[0.240s] Level 5:colcon.colcon_core.verb:set package 'localization' build argument 'cmake_force_configure' from command line to 'False'
[0.240s] Level 5:colcon.colcon_core.verb:set package 'localization' build argument 'ament_cmake_args' from command line to 'None'
[0.240s] Level 5:colcon.colcon_core.verb:set package 'localization' build argument 'catkin_cmake_args' from command line to 'None'
[0.241s] Level 5:colcon.colcon_core.verb:set package 'localization' build argument 'catkin_skip_building_tests' from command line to 'False'
[0.241s] DEBUG:colcon.colcon_core.verb:Building package 'localization' with the following arguments: {'ament_cmake_args': None, 'build_base': '/home/mete/catkin_ws/build/localization', 'catkin_cmake_args': None, 'catkin_skip_building_tests': False, 'cmake_args': None, 'cmake_clean_cache': False, 'cmake_clean_first': False, 'cmake_force_configure': False, 'cmake_target': None, 'cmake_target_skip_unavailable': False, 'install_base': '/home/mete/catkin_ws/install/localization', 'merge_install': False, 'path': '/home/mete/catkin_ws/src/localization', 'symlink_install': False, 'test_result_base': None}
[0.241s] Level 5:colcon.colcon_core.verb:set package 'pcl_conversions' build argument 'cmake_args' from command line to 'None'
[0.241s] Level 5:colcon.colcon_core.verb:set package 'pcl_conversions' build argument 'cmake_target' from command line to 'None'
[0.241s] Level 5:colcon.colcon_core.verb:set package 'pcl_conversions' build argument 'cmake_target_skip_unavailable' from command line to 'False'
[0.241s] Level 5:colcon.colcon_core.verb:set package 'pcl_conversions' build argument 'cmake_clean_cache' from command line to 'False'
[0.241s] Level 5:colcon.colcon_core.verb:set package 'pcl_conversions' build argument 'cmake_clean_first' from command line to 'False'
[0.241s] Level 5:colcon.colcon_core.verb:set package 'pcl_conversions' build argument 'cmake_force_configure' from command line to 'False'
[0.242s] Level 5:colcon.colcon_core.verb:set package 'pcl_conversions' build argument 'ament_cmake_args' from command line to 'None'
[0.242s] Level 5:colcon.colcon_core.verb:set package 'pcl_conversions' build argument 'catkin_cmake_args' from command line to 'None'
[0.242s] Level 5:colcon.colcon_core.verb:set package 'pcl_conversions' build argument 'catkin_skip_building_tests' from command line to 'False'
[0.242s] DEBUG:colcon.colcon_core.verb:Building package 'pcl_conversions' with the following arguments: {'ament_cmake_args': None, 'build_base': '/home/mete/catkin_ws/build/pcl_conversions', 'catkin_cmake_args': None, 'catkin_skip_building_tests': False, 'cmake_args': None, 'cmake_clean_cache': False, 'cmake_clean_first': False, 'cmake_force_configure': False, 'cmake_target': None, 'cmake_target_skip_unavailable': False, 'install_base': '/home/mete/catkin_ws/install/pcl_conversions', 'merge_install': False, 'path': '/home/mete/catkin_ws/src/perception_pcl/pcl_conversions', 'symlink_install': False, 'test_result_base': None}
[0.242s] Level 5:colcon.colcon_core.verb:set package 'pcl' build argument 'cmake_args' from command line to 'None'
[0.242s] Level 5:colcon.colcon_core.verb:set package 'pcl' build argument 'cmake_target' from command line to 'None'
[0.242s] Level 5:colcon.colcon_core.verb:set package 'pcl' build argument 'cmake_target_skip_unavailable' from command line to 'False'
[0.242s] Level 5:colcon.colcon_core.verb:set package 'pcl' build argument 'cmake_clean_cache' from command line to 'False'
[0.242s] Level 5:colcon.colcon_core.verb:set package 'pcl' build argument 'cmake_clean_first' from command line to 'False'
[0.242s] Level 5:colcon.colcon_core.verb:set package 'pcl' build argument 'cmake_force_configure' from command line to 'False'
[0.242s] Level 5:colcon.colcon_core.verb:set package 'pcl' build argument 'ament_cmake_args' from command line to 'None'
[0.243s] Level 5:colcon.colcon_core.verb:set package 'pcl' build argument 'catkin_cmake_args' from command line to 'None'
[0.243s] Level 5:colcon.colcon_core.verb:set package 'pcl' build argument 'catkin_skip_building_tests' from command line to 'False'
[0.243s] DEBUG:colcon.colcon_core.verb:Building package 'pcl' with the following arguments: {'ament_cmake_args': None, 'build_base': '/home/mete/catkin_ws/build/pcl', 'catkin_cmake_args': None, 'catkin_skip_building_tests': False, 'cmake_args': None, 'cmake_clean_cache': False, 'cmake_clean_first': False, 'cmake_force_configure': False, 'cmake_target': None, 'cmake_target_skip_unavailable': False, 'install_base': '/home/mete/catkin_ws/install/pcl', 'merge_install': False, 'path': '/home/mete/catkin_ws/src/pcl', 'symlink_install': False, 'test_result_base': None}
[0.243s] Level 5:colcon.colcon_core.verb:set package 'pcl_ros' build argument 'cmake_args' from command line to 'None'
[0.243s] Level 5:colcon.colcon_core.verb:set package 'pcl_ros' build argument 'cmake_target' from command line to 'None'
[0.243s] Level 5:colcon.colcon_core.verb:set package 'pcl_ros' build argument 'cmake_target_skip_unavailable' from command line to 'False'
[0.243s] Level 5:colcon.colcon_core.verb:set package 'pcl_ros' build argument 'cmake_clean_cache' from command line to 'False'
[0.243s] Level 5:colcon.colcon_core.verb:set package 'pcl_ros' build argument 'cmake_clean_first' from command line to 'False'
[0.243s] Level 5:colcon.colcon_core.verb:set package 'pcl_ros' build argument 'cmake_force_configure' from command line to 'False'
[0.243s] Level 5:colcon.colcon_core.verb:set package 'pcl_ros' build argument 'ament_cmake_args' from command line to 'None'
[0.244s] Level 5:colcon.colcon_core.verb:set package 'pcl_ros' build argument 'catkin_cmake_args' from command line to 'None'
[0.244s] Level 5:colcon.colcon_core.verb:set package 'pcl_ros' build argument 'catkin_skip_building_tests' from command line to 'False'
[0.244s] DEBUG:colcon.colcon_core.verb:Building package 'pcl_ros' with the following arguments: {'ament_cmake_args': None, 'build_base': '/home/mete/catkin_ws/build/pcl_ros', 'catkin_cmake_args': None, 'catkin_skip_building_tests': False, 'cmake_args': None, 'cmake_clean_cache': False, 'cmake_clean_first': False, 'cmake_force_configure': False, 'cmake_target': None, 'cmake_target_skip_unavailable': False, 'install_base': '/home/mete/catkin_ws/install/pcl_ros', 'merge_install': False, 'path': '/home/mete/catkin_ws/src/perception_pcl/pcl_ros', 'symlink_install': False, 'test_result_base': None}
[0.244s] Level 5:colcon.colcon_core.verb:set package 'perception_pcl' build argument 'cmake_args' from command line to 'None'
[0.244s] Level 5:colcon.colcon_core.verb:set package 'perception_pcl' build argument 'cmake_target' from command line to 'None'
[0.244s] Level 5:colcon.colcon_core.verb:set package 'perception_pcl' build argument 'cmake_target_skip_unavailable' from command line to 'False'
[0.245s] Level 5:colcon.colcon_core.verb:set package 'perception_pcl' build argument 'cmake_clean_cache' from command line to 'False'
[0.245s] Level 5:colcon.colcon_core.verb:set package 'perception_pcl' build argument 'cmake_clean_first' from command line to 'False'
[0.245s] Level 5:colcon.colcon_core.verb:set package 'perception_pcl' build argument 'cmake_force_configure' from command line to 'False'
[0.245s] Level 5:colcon.colcon_core.verb:set package 'perception_pcl' build argument 'ament_cmake_args' from command line to 'None'
[0.245s] Level 5:colcon.colcon_core.verb:set package 'perception_pcl' build argument 'catkin_cmake_args' from command line to 'None'
[0.245s] Level 5:colcon.colcon_core.verb:set package 'perception_pcl' build argument 'catkin_skip_building_tests' from command line to 'False'
[0.245s] DEBUG:colcon.colcon_core.verb:Building package 'perception_pcl' with the following arguments: {'ament_cmake_args': None, 'build_base': '/home/mete/catkin_ws/build/perception_pcl', 'catkin_cmake_args': None, 'catkin_skip_building_tests': False, 'cmake_args': None, 'cmake_clean_cache': False, 'cmake_clean_first': False, 'cmake_force_configure': False, 'cmake_target': None, 'cmake_target_skip_unavailable': False, 'install_base': '/home/mete/catkin_ws/install/perception_pcl', 'merge_install': False, 'path': '/home/mete/catkin_ws/src/perception_pcl/perception_pcl', 'symlink_install': False, 'test_result_base': None}
[0.245s] INFO:colcon.colcon_core.executor:Executing jobs using 'parallel' executor
[0.249s] DEBUG:colcon.colcon_parallel_executor.executor.parallel:run_until_complete
[0.250s] INFO:colcon.colcon_ros.task.ament_cmake.build:Building ROS package in '/home/mete/catkin_ws/src/perception_pcl/pcl_conversions' with build type 'ament_cmake'
[0.250s] INFO:colcon.colcon_cmake.task.cmake.build:Building CMake package in '/home/mete/catkin_ws/src/perception_pcl/pcl_conversions'
[0.253s] INFO:colcon.colcon_core.plugin_system:Skipping extension 'colcon_core.shell.bat': Not used on non-Windows systems
[0.253s] INFO:colcon.colcon_core.shell:Skip shell extension 'powershell' for command environment: Not usable outside of PowerShell
[0.253s] DEBUG:colcon.colcon_core.shell:Skip shell extension 'dsv' for command environment
[0.258s] INFO:colcon.colcon_ros.task.ament_cmake.build:Building ROS package in '/home/mete/catkin_ws/src/localization' with build type 'ament_cmake'
[0.258s] INFO:colcon.colcon_cmake.task.cmake.build:Building CMake package in '/home/mete/catkin_ws/src/localization'
[0.259s] INFO:colcon.colcon_core.shell:Skip shell extension 'powershell' for command environment: Not usable outside of PowerShell
[0.259s] DEBUG:colcon.colcon_core.shell:Skip shell extension 'dsv' for command environment
[0.270s] DEBUG:colcon.colcon_core.event_handler.log_command:Invoking command in '/home/mete/catkin_ws/build/pcl_conversions': CMAKE_PREFIX_PATH=${CMAKE_PREFIX_PATH}:/opt/ros/foxy /usr/bin/cmake --build /home/mete/catkin_ws/build/pcl_conversions -- -j12 -l12
[0.275s] DEBUG:colcon.colcon_core.event_handler.log_command:Invoking command in '/home/mete/catkin_ws/build/localization': CMAKE_PREFIX_PATH=${CMAKE_PREFIX_PATH}:/opt/ros/foxy /usr/bin/cmake --build /home/mete/catkin_ws/build/localization -- -j12 -l12
[0.307s] DEBUG:colcon.colcon_core.event_handler.log_command:Invoked command in '/home/mete/catkin_ws/build/localization' returned '0': CMAKE_PREFIX_PATH=${CMAKE_PREFIX_PATH}:/opt/ros/foxy /usr/bin/cmake --build /home/mete/catkin_ws/build/localization -- -j12 -l12
[0.332s] DEBUG:colcon.colcon_core.event_handler.log_command:Invoking command in '/home/mete/catkin_ws/build/localization': CMAKE_PREFIX_PATH=${CMAKE_PREFIX_PATH}:/opt/ros/foxy /usr/bin/cmake --install /home/mete/catkin_ws/build/localization
[0.340s] Level 1:colcon.colcon_core.environment:create_environment_scripts_only(localization)
[0.342s] DEBUG:colcon.colcon_core.event_handler.log_command:Invoked command in '/home/mete/catkin_ws/build/localization' returned '0': CMAKE_PREFIX_PATH=${CMAKE_PREFIX_PATH}:/opt/ros/foxy /usr/bin/cmake --install /home/mete/catkin_ws/build/localization
[0.345s] Level 1:colcon.colcon_core.environment:checking '/home/mete/catkin_ws/install/localization' for CMake module files
[0.346s] Level 1:colcon.colcon_core.environment:checking '/home/mete/catkin_ws/install/localization' for CMake config files
[0.346s] Level 1:colcon.colcon_core.shell:create_environment_hook('localization', 'cmake_prefix_path')
[0.347s] INFO:colcon.colcon_core.shell:Creating environment hook '/home/mete/catkin_ws/install/localization/share/localization/hook/cmake_prefix_path.ps1'
[0.347s] INFO:colcon.colcon_core.shell:Creating environment descriptor '/home/mete/catkin_ws/install/localization/share/localization/hook/cmake_prefix_path.dsv'
[0.348s] INFO:colcon.colcon_core.shell:Creating environment hook '/home/mete/catkin_ws/install/localization/share/localization/hook/cmake_prefix_path.sh'
[0.348s] Level 1:colcon.colcon_core.environment:checking '/home/mete/catkin_ws/install/localization/bin'
[0.348s] Level 1:colcon.colcon_core.environment:checking '/home/mete/catkin_ws/install/localization/lib/pkgconfig/localization.pc'
[0.349s] Level 1:colcon.colcon_core.environment:checking '/home/mete/catkin_ws/install/localization/lib/python3.8/site-packages'
[0.349s] Level 1:colcon.colcon_core.environment:checking '/home/mete/catkin_ws/install/localization/bin'
[0.350s] INFO:colcon.colcon_core.shell:Creating package script '/home/mete/catkin_ws/install/localization/share/localization/package.ps1'
[0.351s] INFO:colcon.colcon_core.shell:Creating package descriptor '/home/mete/catkin_ws/install/localization/share/localization/package.dsv'
[0.351s] INFO:colcon.colcon_core.shell:Creating package script '/home/mete/catkin_ws/install/localization/share/localization/package.sh'
[0.351s] INFO:colcon.colcon_core.shell:Creating package script '/home/mete/catkin_ws/install/localization/share/localization/package.bash'
[0.352s] INFO:colcon.colcon_core.shell:Creating package script '/home/mete/catkin_ws/install/localization/share/localization/package.zsh'
[0.352s] Level 1:colcon.colcon_core.environment:create_file_with_runtime_dependencies(/home/mete/catkin_ws/install/localization/share/colcon-core/packages/localization)
[0.356s] DEBUG:colcon.colcon_core.event_handler.log_command:Invoked command in '/home/mete/catkin_ws/build/pcl_conversions' returned '0': CMAKE_PREFIX_PATH=${CMAKE_PREFIX_PATH}:/opt/ros/foxy /usr/bin/cmake --build /home/mete/catkin_ws/build/pcl_conversions -- -j12 -l12
[0.370s] Level 1:colcon.colcon_core.environment:create_environment_scripts_only(localization)
[0.371s] Level 1:colcon.colcon_core.environment:checking '/home/mete/catkin_ws/install/localization' for CMake module files
[0.372s] Level 1:colcon.colcon_core.environment:checking '/home/mete/catkin_ws/install/localization' for CMake config files
[0.372s] Level 1:colcon.colcon_core.shell:create_environment_hook('localization', 'cmake_prefix_path')
[0.373s] INFO:colcon.colcon_core.shell:Creating environment hook '/home/mete/catkin_ws/install/localization/share/localization/hook/cmake_prefix_path.ps1'
[0.374s] INFO:colcon.colcon_core.shell:Creating environment descriptor '/home/mete/catkin_ws/install/localization/share/localization/hook/cmake_prefix_path.dsv'
[0.374s] INFO:colcon.colcon_core.shell:Creating environment hook '/home/mete/catkin_ws/install/localization/share/localization/hook/cmake_prefix_path.sh'
[0.374s] Level 1:colcon.colcon_core.environment:checking '/home/mete/catkin_ws/install/localization/bin'
[0.374s] Level 1:colcon.colcon_core.environment:checking '/home/mete/catkin_ws/install/localization/lib/pkgconfig/localization.pc'
[0.374s] Level 1:colcon.colcon_core.environment:checking '/home/mete/catkin_ws/install/localization/lib/python3.8/site-packages'
[0.375s] Level 1:colcon.colcon_core.environment:checking '/home/mete/catkin_ws/install/localization/bin'
[0.376s] INFO:colcon.colcon_core.shell:Creating package script '/home/mete/catkin_ws/install/localization/share/localization/package.ps1'
[0.376s] INFO:colcon.colcon_core.shell:Creating package descriptor '/home/mete/catkin_ws/install/localization/share/localization/package.dsv'
[0.376s] INFO:colcon.colcon_core.shell:Creating package script '/home/mete/catkin_ws/install/localization/share/localization/package.sh'
[0.377s] INFO:colcon.colcon_core.shell:Creating package script '/home/mete/catkin_ws/install/localization/share/localization/package.bash'
[0.377s] INFO:colcon.colcon_core.shell:Creating package script '/home/mete/catkin_ws/install/localization/share/localization/package.zsh'
[0.377s] Level 1:colcon.colcon_core.environment:create_file_with_runtime_dependencies(/home/mete/catkin_ws/install/localization/share/colcon-core/packages/localization)
[0.381s] DEBUG:colcon.colcon_core.event_handler.log_command:Invoking command in '/home/mete/catkin_ws/build/pcl_conversions': CMAKE_PREFIX_PATH=${CMAKE_PREFIX_PATH}:/opt/ros/foxy /usr/bin/cmake --install /home/mete/catkin_ws/build/pcl_conversions
[0.388s] Level 1:colcon.colcon_core.environment:create_environment_scripts_only(pcl_conversions)
[0.390s] Level 1:colcon.colcon_core.environment:checking '/home/mete/catkin_ws/install/pcl_conversions' for CMake module files
[0.390s] DEBUG:colcon.colcon_core.event_handler.log_command:Invoked command in '/home/mete/catkin_ws/build/pcl_conversions' returned '0': CMAKE_PREFIX_PATH=${CMAKE_PREFIX_PATH}:/opt/ros/foxy /usr/bin/cmake --install /home/mete/catkin_ws/build/pcl_conversions
[0.390s] Level 1:colcon.colcon_core.environment:checking '/home/mete/catkin_ws/install/pcl_conversions' for CMake config files
[0.390s] Level 1:colcon.colcon_core.shell:create_environment_hook('pcl_conversions', 'cmake_prefix_path')
[0.392s] INFO:colcon.colcon_core.shell:Creating environment hook '/home/mete/catkin_ws/install/pcl_conversions/share/pcl_conversions/hook/cmake_prefix_path.ps1'
[0.392s] INFO:colcon.colcon_core.shell:Creating environment descriptor '/home/mete/catkin_ws/install/pcl_conversions/share/pcl_conversions/hook/cmake_prefix_path.dsv'
[0.392s] INFO:colcon.colcon_core.shell:Creating environment hook '/home/mete/catkin_ws/install/pcl_conversions/share/pcl_conversions/hook/cmake_prefix_path.sh'
[0.393s] Level 1:colcon.colcon_core.environment:checking '/home/mete/catkin_ws/install/pcl_conversions/bin'
[0.393s] Level 1:colcon.colcon_core.environment:checking '/home/mete/catkin_ws/install/pcl_conversions/lib/pkgconfig/pcl_conversions.pc'
[0.393s] Level 1:colcon.colcon_core.environment:checking '/home/mete/catkin_ws/install/pcl_conversions/lib/python3.8/site-packages'
[0.393s] Level 1:colcon.colcon_core.environment:checking '/home/mete/catkin_ws/install/pcl_conversions/bin'
[0.394s] INFO:colcon.colcon_core.shell:Creating package script '/home/mete/catkin_ws/install/pcl_conversions/share/pcl_conversions/package.ps1'
[0.394s] INFO:colcon.colcon_core.shell:Creating package descriptor '/home/mete/catkin_ws/install/pcl_conversions/share/pcl_conversions/package.dsv'
[0.395s] INFO:colcon.colcon_core.shell:Creating package script '/home/mete/catkin_ws/install/pcl_conversions/share/pcl_conversions/package.sh'
[0.395s] INFO:colcon.colcon_core.shell:Creating package script '/home/mete/catkin_ws/install/pcl_conversions/share/pcl_conversions/package.bash'
[0.395s] INFO:colcon.colcon_core.shell:Creating package script '/home/mete/catkin_ws/install/pcl_conversions/share/pcl_conversions/package.zsh'
[0.395s] Level 1:colcon.colcon_core.environment:create_file_with_runtime_dependencies(/home/mete/catkin_ws/install/pcl_conversions/share/colcon-core/packages/pcl_conversions)
[0.415s] Level 1:colcon.colcon_core.environment:create_environment_scripts_only(pcl_conversions)
[0.417s] Level 1:colcon.colcon_core.environment:checking '/home/mete/catkin_ws/install/pcl_conversions' for CMake module files
[0.417s] Level 1:colcon.colcon_core.environment:checking '/home/mete/catkin_ws/install/pcl_conversions' for CMake config files
[0.417s] Level 1:colcon.colcon_core.shell:create_environment_hook('pcl_conversions', 'cmake_prefix_path')
[0.418s] INFO:colcon.colcon_core.shell:Creating environment hook '/home/mete/catkin_ws/install/pcl_conversions/share/pcl_conversions/hook/cmake_prefix_path.ps1'
[0.419s] INFO:colcon.colcon_core.shell:Creating environment descriptor '/home/mete/catkin_ws/install/pcl_conversions/share/pcl_conversions/hook/cmake_prefix_path.dsv'
[0.419s] INFO:colcon.colcon_core.shell:Creating environment hook '/home/mete/catkin_ws/install/pcl_conversions/share/pcl_conversions/hook/cmake_prefix_path.sh'
[0.419s] Level 1:colcon.colcon_core.environment:checking '/home/mete/catkin_ws/install/pcl_conversions/bin'
[0.419s] Level 1:colcon.colcon_core.environment:checking '/home/mete/catkin_ws/install/pcl_conversions/lib/pkgconfig/pcl_conversions.pc'
[0.420s] Level 1:colcon.colcon_core.environment:checking '/home/mete/catkin_ws/install/pcl_conversions/lib/python3.8/site-packages'
[0.420s] Level 1:colcon.colcon_core.environment:checking '/home/mete/catkin_ws/install/pcl_conversions/bin'
[0.421s] INFO:colcon.colcon_core.shell:Creating package script '/home/mete/catkin_ws/install/pcl_conversions/share/pcl_conversions/package.ps1'
[0.421s] INFO:colcon.colcon_core.shell:Creating package descriptor '/home/mete/catkin_ws/install/pcl_conversions/share/pcl_conversions/package.dsv'
[0.421s] INFO:colcon.colcon_core.shell:Creating package script '/home/mete/catkin_ws/install/pcl_conversions/share/pcl_conversions/package.sh'
[0.422s] INFO:colcon.colcon_core.shell:Creating package script '/home/mete/catkin_ws/install/pcl_conversions/share/pcl_conversions/package.bash'
[0.422s] INFO:colcon.colcon_core.shell:Creating package script '/home/mete/catkin_ws/install/pcl_conversions/share/pcl_conversions/package.zsh'
[0.422s] Level 1:colcon.colcon_core.environment:create_file_with_runtime_dependencies(/home/mete/catkin_ws/install/pcl_conversions/share/colcon-core/packages/pcl_conversions)
[0.423s] INFO:colcon.colcon_ros.task.ament_cmake.build:Building ROS package in '/home/mete/catkin_ws/src/perception_pcl/pcl_ros' with build type 'ament_cmake'
[0.423s] INFO:colcon.colcon_cmake.task.cmake.build:Building CMake package in '/home/mete/catkin_ws/src/perception_pcl/pcl_ros'
[0.424s] INFO:colcon.colcon_core.shell:Skip shell extension 'powershell' for command environment: Not usable outside of PowerShell
[0.424s] DEBUG:colcon.colcon_core.shell:Skip shell extension 'dsv' for command environment
[0.429s] INFO:colcon.colcon_ros.task.ament_cmake.build:Building ROS package in '/home/mete/catkin_ws/src/pcl' with build type 'ament_cmake'
[0.429s] INFO:colcon.colcon_cmake.task.cmake.build:Building CMake package in '/home/mete/catkin_ws/src/pcl'
[0.430s] INFO:colcon.colcon_core.shell:Skip shell extension 'powershell' for command environment: Not usable outside of PowerShell
[0.430s] DEBUG:colcon.colcon_core.shell:Skip shell extension 'dsv' for command environment
[0.439s] DEBUG:colcon.colcon_core.event_handler.log_command:Invoking command in '/home/mete/catkin_ws/build/pcl_ros': CMAKE_PREFIX_PATH=/home/mete/catkin_ws/install/pcl_conversions:/home/mete/catkin_ws/install/pcl:/home/mete/catkin_ws/install/localization:/opt/ros/foxy /usr/bin/cmake --build /home/mete/catkin_ws/build/pcl_ros -- -j12 -l12
[0.444s] DEBUG:colcon.colcon_core.event_handler.log_command:Invoking command in '/home/mete/catkin_ws/build/pcl': CMAKE_PREFIX_PATH=/home/mete/catkin_ws/install/pcl_conversions:/home/mete/catkin_ws/install/pcl:/home/mete/catkin_ws/install/localization:/opt/ros/foxy /usr/bin/cmake --build /home/mete/catkin_ws/build/pcl -- -j12 -l12
[0.508s] DEBUG:colcon.colcon_core.event_handler.log_command:Invoked command in '/home/mete/catkin_ws/build/pcl' returned '0': CMAKE_PREFIX_PATH=/home/mete/catkin_ws/install/pcl_conversions:/home/mete/catkin_ws/install/pcl:/home/mete/catkin_ws/install/localization:/opt/ros/foxy /usr/bin/cmake --build /home/mete/catkin_ws/build/pcl -- -j12 -l12
[0.526s] DEBUG:colcon.colcon_core.event_handler.log_command:Invoking command in '/home/mete/catkin_ws/build/pcl': CMAKE_PREFIX_PATH=/home/mete/catkin_ws/install/pcl_conversions:/home/mete/catkin_ws/install/pcl:/home/mete/catkin_ws/install/localization:/opt/ros/foxy /usr/bin/cmake --install /home/mete/catkin_ws/build/pcl
[0.533s] Level 1:colcon.colcon_core.environment:create_environment_scripts_only(pcl)
[0.535s] Level 1:colcon.colcon_core.environment:checking '/home/mete/catkin_ws/install/pcl' for CMake module files
[0.536s] DEBUG:colcon.colcon_core.event_handler.log_command:Invoked command in '/home/mete/catkin_ws/build/pcl' returned '0': CMAKE_PREFIX_PATH=/home/mete/catkin_ws/install/pcl_conversions:/home/mete/catkin_ws/install/pcl:/home/mete/catkin_ws/install/localization:/opt/ros/foxy /usr/bin/cmake --install /home/mete/catkin_ws/build/pcl
[0.536s] Level 1:colcon.colcon_core.environment:checking '/home/mete/catkin_ws/install/pcl' for CMake config files
[0.536s] Level 1:colcon.colcon_core.shell:create_environment_hook('pcl', 'cmake_prefix_path')
[0.537s] INFO:colcon.colcon_core.shell:Creating environment hook '/home/mete/catkin_ws/install/pcl/share/pcl/hook/cmake_prefix_path.ps1'
[0.538s] INFO:colcon.colcon_core.shell:Creating environment descriptor '/home/mete/catkin_ws/install/pcl/share/pcl/hook/cmake_prefix_path.dsv'
[0.538s] INFO:colcon.colcon_core.shell:Creating environment hook '/home/mete/catkin_ws/install/pcl/share/pcl/hook/cmake_prefix_path.sh'
[0.538s] Level 1:colcon.colcon_core.environment:checking '/home/mete/catkin_ws/install/pcl/lib'
[0.538s] Level 1:colcon.colcon_core.environment:checking '/home/mete/catkin_ws/install/pcl/bin'
[0.538s] Level 1:colcon.colcon_core.environment:checking '/home/mete/catkin_ws/install/pcl/lib/pkgconfig/pcl.pc'
[0.539s] Level 1:colcon.colcon_core.environment:checking '/home/mete/catkin_ws/install/pcl/lib/python3.8/site-packages'
[0.539s] Level 1:colcon.colcon_core.environment:checking '/home/mete/catkin_ws/install/pcl/bin'
[0.540s] INFO:colcon.colcon_core.shell:Creating package script '/home/mete/catkin_ws/install/pcl/share/pcl/package.ps1'
[0.540s] INFO:colcon.colcon_core.shell:Creating package descriptor '/home/mete/catkin_ws/install/pcl/share/pcl/package.dsv'
[0.540s] INFO:colcon.colcon_core.shell:Creating package script '/home/mete/catkin_ws/install/pcl/share/pcl/package.sh'
[0.541s] INFO:colcon.colcon_core.shell:Creating package script '/home/mete/catkin_ws/install/pcl/share/pcl/package.bash'
[0.541s] INFO:colcon.colcon_core.shell:Creating package script '/home/mete/catkin_ws/install/pcl/share/pcl/package.zsh'
[0.541s] Level 1:colcon.colcon_core.environment:create_file_with_runtime_dependencies(/home/mete/catkin_ws/install/pcl/share/colcon-core/packages/pcl)
[0.560s] Level 1:colcon.colcon_core.environment:create_environment_scripts_only(pcl)
[0.562s] Level 1:colcon.colcon_core.environment:checking '/home/mete/catkin_ws/install/pcl' for CMake module files
[0.562s] Level 1:colcon.colcon_core.environment:checking '/home/mete/catkin_ws/install/pcl' for CMake config files
[0.562s] Level 1:colcon.colcon_core.shell:create_environment_hook('pcl', 'cmake_prefix_path')
[0.563s] INFO:colcon.colcon_core.shell:Creating environment hook '/home/mete/catkin_ws/install/pcl/share/pcl/hook/cmake_prefix_path.ps1'
[0.564s] INFO:colcon.colcon_core.shell:Creating environment descriptor '/home/mete/catkin_ws/install/pcl/share/pcl/hook/cmake_prefix_path.dsv'
[0.564s] INFO:colcon.colcon_core.shell:Creating environment hook '/home/mete/catkin_ws/install/pcl/share/pcl/hook/cmake_prefix_path.sh'
[0.564s] Level 1:colcon.colcon_core.environment:checking '/home/mete/catkin_ws/install/pcl/lib'
[0.565s] Level 1:colcon.colcon_core.environment:checking '/home/mete/catkin_ws/install/pcl/bin'
[0.565s] Level 1:colcon.colcon_core.environment:checking '/home/mete/catkin_ws/install/pcl/lib/pkgconfig/pcl.pc'
[0.565s] Level 1:colcon.colcon_core.environment:checking '/home/mete/catkin_ws/install/pcl/lib/python3.8/site-packages'
[0.565s] Level 1:colcon.colcon_core.environment:checking '/home/mete/catkin_ws/install/pcl/bin'
[0.566s] INFO:colcon.colcon_core.shell:Creating package script '/home/mete/catkin_ws/install/pcl/share/pcl/package.ps1'
[0.566s] INFO:colcon.colcon_core.shell:Creating package descriptor '/home/mete/catkin_ws/install/pcl/share/pcl/package.dsv'
[0.567s] INFO:colcon.colcon_core.shell:Creating package script '/home/mete/catkin_ws/install/pcl/share/pcl/package.sh'
[0.567s] INFO:colcon.colcon_core.shell:Creating package script '/home/mete/catkin_ws/install/pcl/share/pcl/package.bash'
[0.567s] INFO:colcon.colcon_core.shell:Creating package script '/home/mete/catkin_ws/install/pcl/share/pcl/package.zsh'
[0.568s] Level 1:colcon.colcon_core.environment:create_file_with_runtime_dependencies(/home/mete/catkin_ws/install/pcl/share/colcon-core/packages/pcl)
[1.719s] DEBUG:colcon.colcon_core.event_handler.log_command:Invoked command in '/home/mete/catkin_ws/build/pcl_ros' returned '2': CMAKE_PREFIX_PATH=/home/mete/catkin_ws/install/pcl_conversions:/home/mete/catkin_ws/install/pcl:/home/mete/catkin_ws/install/localization:/opt/ros/foxy /usr/bin/cmake --build /home/mete/catkin_ws/build/pcl_ros -- -j12 -l12
[1.738s] Level 1:colcon.colcon_core.environment:create_environment_scripts_only(pcl_ros)
[1.739s] Level 1:colcon.colcon_core.environment:checking '/home/mete/catkin_ws/install/pcl_ros' for CMake module files
[1.740s] Level 1:colcon.colcon_core.environment:checking '/home/mete/catkin_ws/install/pcl_ros' for CMake config files
[1.740s] Level 1:colcon.colcon_core.environment:checking '/home/mete/catkin_ws/install/pcl_ros/bin'
[1.740s] Level 1:colcon.colcon_core.environment:checking '/home/mete/catkin_ws/install/pcl_ros/lib/pkgconfig/pcl_ros.pc'
[1.740s] Level 1:colcon.colcon_core.environment:checking '/home/mete/catkin_ws/install/pcl_ros/lib/python3.8/site-packages'
[1.740s] Level 1:colcon.colcon_core.environment:checking '/home/mete/catkin_ws/install/pcl_ros/bin'
[1.741s] INFO:colcon.colcon_core.shell:Creating package script '/home/mete/catkin_ws/install/pcl_ros/share/pcl_ros/package.ps1'
[1.742s] INFO:colcon.colcon_core.shell:Creating package descriptor '/home/mete/catkin_ws/install/pcl_ros/share/pcl_ros/package.dsv'
[1.742s] INFO:colcon.colcon_core.shell:Creating package script '/home/mete/catkin_ws/install/pcl_ros/share/pcl_ros/package.sh'
[1.742s] INFO:colcon.colcon_core.shell:Creating package script '/home/mete/catkin_ws/install/pcl_ros/share/pcl_ros/package.bash'
[1.743s] INFO:colcon.colcon_core.shell:Creating package script '/home/mete/catkin_ws/install/pcl_ros/share/pcl_ros/package.zsh'
[1.743s] Level 1:colcon.colcon_core.environment:create_file_with_runtime_dependencies(/home/mete/catkin_ws/install/pcl_ros/share/colcon-core/packages/pcl_ros)
[1.754s] DEBUG:colcon.colcon_parallel_executor.executor.parallel:closing loop
[1.754s] DEBUG:colcon.colcon_parallel_executor.executor.parallel:loop closed
[1.754s] DEBUG:colcon.colcon_parallel_executor.executor.parallel:run_until_complete finished with '2'
[1.755s] DEBUG:colcon.colcon_core.event_reactor:joining thread
[1.766s] INFO:colcon.colcon_core.plugin_system:Skipping extension 'colcon_notification.desktop_notification.terminal_notifier': Not used on non-Darwin systems
[1.766s] INFO:colcon.colcon_core.plugin_system:Skipping extension 'colcon_notification.desktop_notification.win32': Not used on non-Windows systems
[1.766s] INFO:colcon.colcon_notification.desktop_notification:Sending desktop notification using 'notify2'
[1.775s] DEBUG:colcon.colcon_core.event_reactor:joined thread
[1.776s] INFO:colcon.colcon_core.shell:Creating prefix script '/home/mete/catkin_ws/install/local_setup.ps1'
[1.777s] INFO:colcon.colcon_core.shell:Creating prefix util module '/home/mete/catkin_ws/install/_local_setup_util_ps1.py'
[1.777s] INFO:colcon.colcon_core.shell:Creating prefix chain script '/home/mete/catkin_ws/install/setup.ps1'
[1.779s] INFO:colcon.colcon_core.shell:Creating prefix script '/home/mete/catkin_ws/install/local_setup.sh'
[1.779s] INFO:colcon.colcon_core.shell:Creating prefix util module '/home/mete/catkin_ws/install/_local_setup_util_sh.py'
[1.779s] INFO:colcon.colcon_core.shell:Creating prefix chain script '/home/mete/catkin_ws/install/setup.sh'
[1.780s] INFO:colcon.colcon_core.shell:Creating prefix script '/home/mete/catkin_ws/install/local_setup.bash'
[1.781s] INFO:colcon.colcon_core.shell:Creating prefix chain script '/home/mete/catkin_ws/install/setup.bash'
[1.782s] INFO:colcon.colcon_core.shell:Creating prefix script '/home/mete/catkin_ws/install/local_setup.zsh'
[1.782s] INFO:colcon.colcon_core.shell:Creating prefix chain script '/home/mete/catkin_ws/install/setup.zsh'
