[0.020s] Invoking command in '/home/mete/catkin_ws/build/pcl': CMAKE_PREFIX_PATH=${CMAKE_PREFIX_PATH}:/opt/ros/foxy /usr/bin/cmake --build /home/mete/catkin_ws/build/pcl -- -j12 -l12
[0.039s] -- Found ament_cmake: 0.9.9 (/opt/ros/foxy/share/ament_cmake/cmake)
[0.059s] -- Using PYTHON_EXECUTABLE: /usr/bin/python3
[0.228s] -- Eigen found (include: /usr/include/eigen3, version: 3.3.7)
[0.309s] -- The imported target "vtkParseOGLExt" references the file
[0.309s]    "/usr/bin/vtkParseOGLExt-7.1"
[0.309s] but this file does not exist.  Possible reasons include:
[0.309s] * The file was deleted, renamed, or moved to another location.
[0.309s] * An install or uninstall procedure did not complete successfully.
[0.310s] * The installation package was faulty and contained
[0.310s]    "/usr/lib/cmake/vtk-7.1/VTKTargets.cmake"
[0.310s] but not all the files it references.
[0.310s] 
[0.310s] -- The imported target "vtkRenderingPythonTkWidgets" references the file
[0.310s]    "/usr/lib/x86_64-linux-gnu/libvtkRenderingPythonTkWidgets.so"
[0.310s] but this file does not exist.  Possible reasons include:
[0.310s] * The file was deleted, renamed, or moved to another location.
[0.310s] * An install or uninstall procedure did not complete successfully.
[0.310s] * The installation package was faulty and contained
[0.310s]    "/usr/lib/cmake/vtk-7.1/VTKTargets.cmake"
[0.310s] but not all the files it references.
[0.311s] 
[0.311s] -- The imported target "vtk" references the file
[0.311s]    "/usr/bin/vtk"
[0.311s] but this file does not exist.  Possible reasons include:
[0.311s] * The file was deleted, renamed, or moved to another location.
[0.311s] * An install or uninstall procedure did not complete successfully.
[0.311s] * The installation package was faulty and contained
[0.311s]    "/usr/lib/cmake/vtk-7.1/VTKTargets.cmake"
[0.311s] but not all the files it references.
[0.311s] 
[0.312s] -- The imported target "pvtk" references the file
[0.312s]    "/usr/bin/pvtk"
[0.312s] but this file does not exist.  Possible reasons include:
[0.312s] * The file was deleted, renamed, or moved to another location.
[0.312s] * An install or uninstall procedure did not complete successfully.
[0.312s] * The installation package was faulty and contained
[0.312s]    "/usr/lib/cmake/vtk-7.1/VTKTargets.cmake"
[0.312s] but not all the files it references.
[0.312s] 
[0.329s] -- Checking for module 'libusb-1.0'
[0.331s] --   No package 'libusb-1.0' found
[0.333s] -- Could NOT find USB_10 (missing: USB_10_LIBRARY USB_10_INCLUDE_DIR) 
[0.334s] -- OpenNI disabled because libusb-1.0 not found.
[0.334s] ** WARNING ** io features related to openni will be disabled
[0.337s] -- Checking for module 'libusb-1.0'
[0.339s] --   No package 'libusb-1.0' found
[0.342s] -- Could NOT find USB_10 (missing: USB_10_LIBRARY USB_10_INCLUDE_DIR) 
[0.342s] -- OpenNI 2 disabled because libusb-1.0 not found.
[0.342s] ** WARNING ** io features related to openni2 will be disabled
[0.342s] ** WARNING ** io features related to pcap will be disabled
[0.342s] ** WARNING ** io features related to png will be disabled
[0.354s] -- LIBUSB_1_LIBRARY (missing: LIBUSB_1_INCLUDE_DIR) 
[0.354s] ** WARNING ** io features related to libusb-1.0 will be disabled
[0.357s] -- Checking for module 'libusb-1.0'
[0.359s] --   No package 'libusb-1.0' found
[0.362s] -- Could NOT find USB_10 (missing: USB_10_LIBRARY USB_10_INCLUDE_DIR) 
[0.362s] -- OpenNI disabled because libusb-1.0 not found.
[0.362s] ** WARNING ** visualization features related to openni will be disabled
[0.365s] -- Checking for module 'libusb-1.0'
[0.367s] --   No package 'libusb-1.0' found
[0.369s] -- Could NOT find USB_10 (missing: USB_10_LIBRARY USB_10_INCLUDE_DIR) 
[0.370s] -- OpenNI 2 disabled because libusb-1.0 not found.
[0.370s] ** WARNING ** visualization features related to openni2 will be disabled
[0.381s] -- QHULL found (include: /usr/include, lib: optimized;/usr/lib/x86_64-linux-gnu/libqhull.so;debug;/usr/lib/x86_64-linux-gnu/libqhull.so)
[0.384s] -- Checking for module 'libusb-1.0'
[0.387s] --   No package 'libusb-1.0' found
[0.389s] -- Could NOT find USB_10 (missing: USB_10_LIBRARY USB_10_INCLUDE_DIR) 
[0.389s] -- OpenNI disabled because libusb-1.0 not found.
[0.389s] ** WARNING ** apps features related to openni will be disabled
[0.399s] -- looking for PCL_COMMON
[0.400s] -- looking for PCL_KDTREE
[0.401s] -- looking for PCL_OCTREE
[0.401s] -- looking for PCL_SEARCH
[0.402s] -- looking for PCL_SAMPLE_CONSENSUS
[0.402s] -- looking for PCL_FILTERS
[0.403s] -- looking for PCL_2D
[0.403s] -- looking for PCL_GEOMETRY
[0.404s] -- looking for PCL_IO
[0.404s] -- looking for PCL_FEATURES
[0.405s] -- looking for PCL_ML
[0.405s] -- looking for PCL_SEGMENTATION
[0.406s] -- looking for PCL_VISUALIZATION
[0.407s] -- looking for PCL_SURFACE
[0.407s] -- looking for PCL_REGISTRATION
[0.408s] -- looking for PCL_KEYPOINTS
[0.409s] -- looking for PCL_TRACKING
[0.409s] -- looking for PCL_RECOGNITION
[0.410s] -- looking for PCL_STEREO
[0.411s] -- looking for PCL_APPS
[0.412s] -- looking for PCL_IN_HAND_SCANNER
[0.413s] -- looking for PCL_POINT_CLOUD_EDITOR
[0.413s] -- looking for PCL_OUTOFCORE
[0.414s] -- looking for PCL_PEOPLE
[0.416s] -- Found ament_lint_auto: 0.9.6 (/opt/ros/foxy/share/ament_lint_auto/cmake)
[0.467s] -- Added test 'copyright' to check source files copyright and LICENSE
[0.468s] -- Added test 'cppcheck' to perform static code analysis on C / C++ code
[0.469s] -- Configured cppcheck include dirs: 
[0.469s] -- Configured cppcheck exclude dirs and/or files: 
[0.469s] -- Added test 'cpplint' to check C / C++ code against the Google style
[0.469s] -- Configured cpplint exclude dirs and/or files: 
[0.470s] -- Added test 'lint_cmake' to check CMake code style
[0.471s] -- Added test 'uncrustify' to check C / C++ code style
[0.471s] -- Configured uncrustify additional arguments: 
[0.471s] -- Added test 'xmllint' to check XML markup files
[0.472s] -- Configuring done
[0.494s] -- Generating done
[0.495s] -- Build files have been written to: /home/mete/catkin_ws/build/pcl
[0.515s] [35m[1mScanning dependencies of target pcd_read[0m
[0.531s] [ 50%] [32mBuilding CXX object CMakeFiles/pcd_read.dir/src/pcd_read.cpp.o[0m
[4.403s] [100%] [32m[1mLinking CXX executable pcd_read[0m
[4.683s] [100%] Built target pcd_read
[4.691s] Invoked command in '/home/mete/catkin_ws/build/pcl' returned '0': CMAKE_PREFIX_PATH=${CMAKE_PREFIX_PATH}:/opt/ros/foxy /usr/bin/cmake --build /home/mete/catkin_ws/build/pcl -- -j12 -l12
[4.711s] Invoking command in '/home/mete/catkin_ws/build/pcl': CMAKE_PREFIX_PATH=${CMAKE_PREFIX_PATH}:/opt/ros/foxy /usr/bin/cmake --install /home/mete/catkin_ws/build/pcl
[4.718s] -- Install configuration: ""
[4.718s] -- Installing: /home/mete/catkin_ws/install/pcl/lib/pcl/pcd_read
[4.719s] -- Up-to-date: /home/mete/catkin_ws/install/pcl/share/ament_index/resource_index/package_run_dependencies/pcl
[4.719s] -- Installing: /home/mete/catkin_ws/install/pcl/share/ament_index/resource_index/parent_prefix_path/pcl
[4.719s] -- Up-to-date: /home/mete/catkin_ws/install/pcl/share/pcl/environment/ament_prefix_path.sh
[4.719s] -- Installing: /home/mete/catkin_ws/install/pcl/share/pcl/environment/ament_prefix_path.dsv
[4.720s] -- Up-to-date: /home/mete/catkin_ws/install/pcl/share/pcl/environment/path.sh
[4.720s] -- Installing: /home/mete/catkin_ws/install/pcl/share/pcl/environment/path.dsv
[4.720s] -- Up-to-date: /home/mete/catkin_ws/install/pcl/share/pcl/local_setup.bash
[4.720s] -- Up-to-date: /home/mete/catkin_ws/install/pcl/share/pcl/local_setup.sh
[4.720s] -- Up-to-date: /home/mete/catkin_ws/install/pcl/share/pcl/local_setup.zsh
[4.720s] -- Installing: /home/mete/catkin_ws/install/pcl/share/pcl/local_setup.dsv
[4.721s] -- Installing: /home/mete/catkin_ws/install/pcl/share/pcl/package.dsv
[4.721s] -- Up-to-date: /home/mete/catkin_ws/install/pcl/share/ament_index/resource_index/packages/pcl
[4.721s] -- Up-to-date: /home/mete/catkin_ws/install/pcl/share/pcl/cmake/pclConfig.cmake
[4.721s] -- Up-to-date: /home/mete/catkin_ws/install/pcl/share/pcl/cmake/pclConfig-version.cmake
[4.721s] -- Up-to-date: /home/mete/catkin_ws/install/pcl/share/pcl/package.xml
[4.722s] Invoked command in '/home/mete/catkin_ws/build/pcl' returned '0': CMAKE_PREFIX_PATH=${CMAKE_PREFIX_PATH}:/opt/ros/foxy /usr/bin/cmake --install /home/mete/catkin_ws/build/pcl
