[0.016s] Invoking command in '/home/mete/catkin_ws/build/pcl_ros': CMAKE_PREFIX_PATH=/home/mete/catkin_ws/install/pcl_conversions:/home/mete/catkin_ws/install/pcl:/home/mete/catkin_ws/install/localization:/opt/ros/foxy /usr/bin/cmake --build /home/mete/catkin_ws/build/pcl_ros -- -j12 -l12
[0.047s] -- Eigen found (include: /usr/include/eigen3, version: 3.3.7)
[0.125s] -- The imported target "vtkParseOGLExt" references the file
[0.125s]    "/usr/bin/vtkParseOGLExt-7.1"
[0.125s] but this file does not exist.  Possible reasons include:
[0.125s] * The file was deleted, renamed, or moved to another location.
[0.125s] * An install or uninstall procedure did not complete successfully.
[0.125s] * The installation package was faulty and contained
[0.125s]    "/usr/lib/cmake/vtk-7.1/VTKTargets.cmake"
[0.125s] but not all the files it references.
[0.126s] 
[0.126s] -- The imported target "vtkRenderingPythonTkWidgets" references the file
[0.126s]    "/usr/lib/x86_64-linux-gnu/libvtkRenderingPythonTkWidgets.so"
[0.126s] but this file does not exist.  Possible reasons include:
[0.126s] * The file was deleted, renamed, or moved to another location.
[0.126s] * An install or uninstall procedure did not complete successfully.
[0.126s] * The installation package was faulty and contained
[0.126s]    "/usr/lib/cmake/vtk-7.1/VTKTargets.cmake"
[0.126s] but not all the files it references.
[0.126s] 
[0.126s] -- The imported target "vtk" references the file
[0.127s]    "/usr/bin/vtk"
[0.127s] but this file does not exist.  Possible reasons include:
[0.127s] * The file was deleted, renamed, or moved to another location.
[0.127s] * An install or uninstall procedure did not complete successfully.
[0.127s] * The installation package was faulty and contained
[0.127s]    "/usr/lib/cmake/vtk-7.1/VTKTargets.cmake"
[0.127s] but not all the files it references.
[0.127s] 
[0.127s] -- The imported target "pvtk" references the file
[0.127s]    "/usr/bin/pvtk"
[0.127s] but this file does not exist.  Possible reasons include:
[0.127s] * The file was deleted, renamed, or moved to another location.
[0.127s] * An install or uninstall procedure did not complete successfully.
[0.127s] * The installation package was faulty and contained
[0.127s]    "/usr/lib/cmake/vtk-7.1/VTKTargets.cmake"
[0.127s] but not all the files it references.
[0.127s] 
[0.153s] -- Checking for module 'libusb-1.0'
[0.155s] --   No package 'libusb-1.0' found
[0.157s] -- Could NOT find USB_10 (missing: USB_10_LIBRARY USB_10_INCLUDE_DIR) 
[0.157s] -- OpenNI disabled because libusb-1.0 not found.
[0.161s] -- Checking for module 'libusb-1.0'
[0.163s] --   No package 'libusb-1.0' found
[0.165s] -- Could NOT find USB_10 (missing: USB_10_LIBRARY USB_10_INCLUDE_DIR) 
[0.165s] -- OpenNI 2 disabled because libusb-1.0 not found.
[0.176s] -- LIBUSB_1_LIBRARY (missing: LIBUSB_1_INCLUDE_DIR) 
[0.177s] -- QHULL found (include: /usr/include, lib: optimized;/usr/lib/x86_64-linux-gnu/libqhull.so;debug;/usr/lib/x86_64-linux-gnu/libqhull.so)
[0.178s] -- Could NOT find PCL_CORE (missing: PCL_CORE_LIBRARY PCL_CORE_INCLUDE_DIR) 
[0.185s] -- Found ament_cmake: 0.9.9 (/opt/ros/foxy/share/ament_cmake/cmake)
[0.201s] -- Using PYTHON_EXECUTABLE: /usr/bin/python3
[0.340s] -- Found pcl_conversions: 2.4.1 (/home/mete/catkin_ws/install/pcl_conversions/share/pcl_conversions/cmake)
[0.356s] -- Using all available rosidl_typesupport_c: rosidl_typesupport_fastrtps_c;rosidl_typesupport_introspection_c
[0.358s] -- Found rosidl_adapter: 1.2.1 (/opt/ros/foxy/share/rosidl_adapter/cmake)
[0.446s] -- Using all available rosidl_typesupport_cpp: rosidl_typesupport_fastrtps_cpp;rosidl_typesupport_introspection_cpp
[0.730s] -- Found rmw_implementation_cmake: 1.0.3 (/opt/ros/foxy/share/rmw_implementation_cmake/cmake)
[0.731s] -- Using RMW implementation 'rmw_fastrtps_cpp' as default
[0.862s] -- Found rclcpp_components: 2.4.1 (/opt/ros/foxy/share/rclcpp_components/cmake)
[0.906s] -- Found tf2: 0.13.13 (/opt/ros/foxy/share/tf2/cmake)
[0.913s] -- Found tf2_geometry_msgs: 0.13.13 (/opt/ros/foxy/share/tf2_geometry_msgs/cmake)
[0.918s] -- Found eigen3_cmake_module: 0.1.1 (/opt/ros/foxy/share/eigen3_cmake_module/cmake)
[1.247s] -- Found ament_lint_auto: 0.9.6 (/opt/ros/foxy/share/ament_lint_auto/cmake)
[1.302s] -- Added test 'cppcheck' to perform static code analysis on C / C++ code
[1.303s] -- Configured cppcheck include dirs: $<BUILD_INTERFACE:/home/mete/catkin_ws/src/perception_pcl/pcl_ros/include>
[1.303s] -- Configured cppcheck exclude dirs and/or files: 
[1.307s] -- Added test 'cpplint' to check C / C++ code against the Google style
[1.307s] -- Configured cpplint exclude dirs and/or files: 
[1.308s] -- Added test 'flake8' to check Python code syntax and style conventions
[1.309s] -- Added test 'lint_cmake' to check CMake code style
[1.310s] -- Added test 'pep257' to check Python code against some of the style conventions in PEP 257
[1.314s] -- Added test 'uncrustify' to check C / C++ code style
[1.314s] -- Configured uncrustify additional arguments: 
[1.314s] -- Added test 'xmllint' to check XML markup files
[1.318s] -- Configuring done
[1.365s] -- Generating done
[1.366s] -- Build files have been written to: /home/mete/catkin_ws/build/pcl_ros
[1.391s] [35m[1mScanning dependencies of target pcl_ros_tf[0m
[1.404s] [ 33%] Built target pcd_to_pointcloud
[1.405s] [ 50%] [32mBuilding CXX object CMakeFiles/pcd_to_pointcloud_lib.dir/tools/pcd_to_pointcloud.cpp.o[0m
[1.425s] [ 66%] [32mBuilding CXX object CMakeFiles/pcl_ros_tf.dir/transforms.cpp.o[0m
[2.716s] In file included from [01m[K/home/mete/catkin_ws/src/perception_pcl/pcl_ros/transforms.cpp:38[m[K:
[2.716s] [01m[K/home/mete/catkin_ws/src/perception_pcl/pcl_ros/include/pcl_ros/impl/transforms.hpp:48:10:[m[K [01;31m[Kfatal error: [m[Ktf2_geometry_msgs/tf2_geometry_msgs.hpp: No such file or directory
[2.716s]    48 | #include [01;31m[K<tf2_geometry_msgs/tf2_geometry_msgs.hpp>[m[K
[2.716s]       |          [01;31m[K^~~~~~~~~~~~~~~~~~~~~~~~~~~~~~~~~~~~~~~~~[m[K
[2.716s] compilation terminated.
[2.731s] make[2]: *** [CMakeFiles/pcl_ros_tf.dir/build.make:63: CMakeFiles/pcl_ros_tf.dir/transforms.cpp.o] Error 1
[2.732s] make[1]: *** [CMakeFiles/Makefile2:136: CMakeFiles/pcl_ros_tf.dir/all] Error 2
[2.732s] make[1]: *** Waiting for unfinished jobs....
[5.060s] [01m[K/home/mete/catkin_ws/src/perception_pcl/pcl_ros/tools/pcd_to_pointcloud.cpp:[m[K In constructor ‘[01m[Kpcl_ros::PCDPublisher::PCDPublisher(const rclcpp::NodeOptions&)[m[K’:
[5.060s] [01m[K/home/mete/catkin_ws/src/perception_pcl/pcl_ros/tools/pcd_to_pointcloud.cpp:88:66:[m[K [01;31m[Kerror: [m[Kno matching function for call to ‘[01m[Kpcl_ros::PCDPublisher::declare_parameter<std::string>(const char [10])[m[K’
[5.060s]    88 |     file_name_ = this->declare_parameter<std::string>("file_name"[01;31m[K)[m[K;
[5.060s]       |                                                                  [01;31m[K^[m[K
[5.060s] In file included from [01m[K/opt/ros/foxy/include/rclcpp/node.hpp:1224[m[K,
[5.060s]                  from [01m[K/opt/ros/foxy/include/rclcpp/executors/single_threaded_executor.hpp:28[m[K,
[5.060s]                  from [01m[K/opt/ros/foxy/include/rclcpp/executors.hpp:22[m[K,
[5.060s]                  from [01m[K/opt/ros/foxy/include/rclcpp/rclcpp.hpp:146[m[K,
[5.060s]                  from [01m[K/home/mete/catkin_ws/src/perception_pcl/pcl_ros/tools/pcd_to_pointcloud.cpp:57[m[K:
[5.060s] [01m[K/opt/ros/foxy/include/rclcpp/node_impl.hpp:157:1:[m[K [01;36m[Knote: [m[Kcandidate: ‘[01m[Kauto rclcpp::Node::declare_parameter(const string&, const ParameterT&, const ParameterDescriptor&, bool) [with ParameterT = std::__cxx11::basic_string<char>; std::string = std::__cxx11::basic_string<char>; rcl_interfaces::msg::ParameterDescriptor = rcl_interfaces::msg::ParameterDescriptor_<std::allocator<void> >][m[K’
[5.060s]   157 | [01;36m[KNode[m[K::declare_parameter(
[5.060s]       | [01;36m[K^~~~[m[K
[5.060s] [01m[K/opt/ros/foxy/include/rclcpp/node_impl.hpp:157:1:[m[K [01;36m[Knote: [m[K  candidate expects 4 arguments, 1 provided
[5.060s] [01m[K/home/mete/catkin_ws/src/perception_pcl/pcl_ros/tools/pcd_to_pointcloud.cpp:99:42:[m[K [01;31m[Kerror: [m[K‘[01m[Kusing element_type = class rclcpp::node_interfaces::NodeTopicsInterface[m[K’ {aka ‘[01m[Kclass rclcpp::node_interfaces::NodeTopicsInterface[m[K’} has no member named ‘[01m[Kresolve_topic_name[m[K’
[5.060s]    99 |       this->get_node_topics_interface()->[01;31m[Kresolve_topic_name[m[K(cloud_topic_);
[5.060s]       |                                          [01;31m[K^~~~~~~~~~~~~~~~~~[m[K
[6.031s] make[2]: *** [CMakeFiles/pcd_to_pointcloud_lib.dir/build.make:63: CMakeFiles/pcd_to_pointcloud_lib.dir/tools/pcd_to_pointcloud.cpp.o] Error 1
[6.031s] make[1]: *** [CMakeFiles/Makefile2:109: CMakeFiles/pcd_to_pointcloud_lib.dir/all] Error 2
[6.031s] make: *** [Makefile:141: all] Error 2
[6.034s] Invoked command in '/home/mete/catkin_ws/build/pcl_ros' returned '2': CMAKE_PREFIX_PATH=/home/mete/catkin_ws/install/pcl_conversions:/home/mete/catkin_ws/install/pcl:/home/mete/catkin_ws/install/localization:/opt/ros/foxy /usr/bin/cmake --build /home/mete/catkin_ws/build/pcl_ros -- -j12 -l12
