[01m[K/home/mete/catkin_ws/src/perception_pcl/pcl_ros/tools/pcd_to_pointcloud_2.cpp:80:60:[m[K [01;31m[Kerror: [m[KISO C++ forbids declaration of ‘[01m[KPCDPublisher[m[K’ with no type [[01;31m[K-fpermissive[m[K]
   80 |   explicit PCDPublisher(const rclcpp::NodeOptions & options[01;31m[K)[m[K
      |                                                            [01;31m[K^[m[K
[01m[K/home/mete/catkin_ws/src/perception_pcl/pcl_ros/tools/pcd_to_pointcloud_2.cpp:80:3:[m[K [01;31m[Kerror: [m[Konly declarations of constructors and conversion operators can be ‘[01m[Kexplicit[m[K’
   80 |   [01;31m[Kexplicit[m[K PCDPublisher(const rclcpp::NodeOptions & options)
      |   [01;31m[K^~~~~~~~[m[K
[01m[K/home/mete/catkin_ws/src/perception_pcl/pcl_ros/tools/pcd_to_pointcloud_2.cpp:[m[K In member function ‘[01m[Kint pcl_ros_2::PCDPublisher_2::PCDPublisher(const rclcpp::NodeOptions&)[m[K’:
[01m[K/home/mete/catkin_ws/src/perception_pcl/pcl_ros/tools/pcd_to_pointcloud_2.cpp:81:5:[m[K [01;31m[Kerror: [m[Konly constructors take member initializers
   81 |   : [01;31m[Krclcpp[m[K::Node("pcd_publisher_2", options), tf_frame_("/map")
      |     [01;31m[K^~~~~~[m[K
In file included from [01m[K/opt/ros/foxy/include/class_loader/class_loader.hpp:56[m[K,
                 from [01m[K/opt/ros/foxy/include/rclcpp_components/register_node_macro.hpp:18[m[K,
                 from [01m[K/home/mete/catkin_ws/src/perception_pcl/pcl_ros/tools/pcd_to_pointcloud_2.cpp:58[m[K:
[01m[K/home/mete/catkin_ws/src/perception_pcl/pcl_ros/tools/pcd_to_pointcloud_2.cpp:[m[K At global scope:
[01m[K/home/mete/catkin_ws/src/perception_pcl/pcl_ros/tools/pcd_to_pointcloud_2.cpp:127:33:[m[K [01;31m[Kerror: [m[K‘[01m[Kpcl_ros[m[K’ was not declared in this scope; did you mean ‘[01m[Kpcl_ros_2[m[K’?
  127 | RCLCPP_COMPONENTS_REGISTER_NODE([01;31m[Kpcl_ros[m[K::PCDPublisher)
      |                                 [01;31m[K^~~~~~~[m[K
[01m[K/home/mete/catkin_ws/src/perception_pcl/pcl_ros/tools/pcd_to_pointcloud_2.cpp:127:1:[m[K [01;31m[Kerror: [m[Ktemplate argument 1 is invalid
  127 | [01;31m[KRCLCPP_COMPONENTS_REGISTER_NODE[m[K(pcl_ros::PCDPublisher)
      | [01;31m[K^~~~~~~~~~~~~~~~~~~~~~~~~~~~~~~[m[K
In file included from [01m[K/opt/ros/foxy/include/class_loader/class_loader_core.hpp:57[m[K,
                 from [01m[K/opt/ros/foxy/include/class_loader/class_loader.hpp:55[m[K,
                 from [01m[K/opt/ros/foxy/include/rclcpp_components/register_node_macro.hpp:18[m[K,
                 from [01m[K/home/mete/catkin_ws/src/perception_pcl/pcl_ros/tools/pcd_to_pointcloud_2.cpp:58[m[K:
/opt/ros/foxy/include/class_loader/meta_object.hpp: In instantiation of ‘[01m[KB* class_loader::impl::MetaObject<C, B>::create() const [with C = int; B = rclcpp_components::NodeFactory][m[K’:
[01m[K/opt/ros/foxy/include/class_loader/meta_object.hpp:216:7:[m[K   required from here
[01m[K/opt/ros/foxy/include/class_loader/meta_object.hpp:218:12:[m[K [01;31m[Kerror: [m[Kcannot convert ‘[01m[Kint*[m[K’ to ‘[01m[Krclcpp_components::NodeFactory*[m[K’ in return
  218 |     return [01;31m[Knew C[m[K;
      |            [01;31m[K^~~~~[m[K
      |            [01;31m[K|[m[K
      |            [01;31m[Kint*[m[K
make[2]: *** [CMakeFiles/pcd_to_pointcloud_lib.dir/build.make:76: CMakeFiles/pcd_to_pointcloud_lib.dir/tools/pcd_to_pointcloud_2.cpp.o] Error 1
make[1]: *** [CMakeFiles/Makefile2:138: CMakeFiles/pcd_to_pointcloud_lib.dir/all] Error 2
make: *** [Makefile:141: all] Error 2
