[0.015s] Invoking command in '/home/mete/catkin_ws/build/pcl_ros': CMAKE_PREFIX_PATH=/home/mete/catkin_ws/install/pcl_conversions:/home/mete/catkin_ws/install/pcl:/home/mete/catkin_ws/install/localization:/opt/ros/foxy /usr/bin/cmake --build /home/mete/catkin_ws/build/pcl_ros -- -j12 -l12
[0.048s] -- Eigen found (include: /usr/include/eigen3, version: 3.3.7)
[0.128s] -- The imported target "vtkParseOGLExt" references the file
[0.128s]    "/usr/bin/vtkParseOGLExt-7.1"
[0.128s] but this file does not exist.  Possible reasons include:
[0.128s] * The file was deleted, renamed, or moved to another location.
[0.128s] * An install or uninstall procedure did not complete successfully.
[0.128s] * The installation package was faulty and contained
[0.128s]    "/usr/lib/cmake/vtk-7.1/VTKTargets.cmake"
[0.128s] but not all the files it references.
[0.128s] 
[0.128s] -- The imported target "vtkRenderingPythonTkWidgets" references the file
[0.128s]    "/usr/lib/x86_64-linux-gnu/libvtkRenderingPythonTkWidgets.so"
[0.128s] but this file does not exist.  Possible reasons include:
[0.128s] * The file was deleted, renamed, or moved to another location.
[0.129s] * An install or uninstall procedure did not complete successfully.
[0.129s] * The installation package was faulty and contained
[0.129s]    "/usr/lib/cmake/vtk-7.1/VTKTargets.cmake"
[0.129s] but not all the files it references.
[0.129s] 
[0.129s] -- The imported target "vtk" references the file
[0.129s]    "/usr/bin/vtk"
[0.129s] but this file does not exist.  Possible reasons include:
[0.129s] * The file was deleted, renamed, or moved to another location.
[0.129s] * An install or uninstall procedure did not complete successfully.
[0.129s] * The installation package was faulty and contained
[0.129s]    "/usr/lib/cmake/vtk-7.1/VTKTargets.cmake"
[0.129s] but not all the files it references.
[0.129s] 
[0.129s] -- The imported target "pvtk" references the file
[0.129s]    "/usr/bin/pvtk"
[0.130s] but this file does not exist.  Possible reasons include:
[0.130s] * The file was deleted, renamed, or moved to another location.
[0.130s] * An install or uninstall procedure did not complete successfully.
[0.130s] * The installation package was faulty and contained
[0.130s]    "/usr/lib/cmake/vtk-7.1/VTKTargets.cmake"
[0.130s] but not all the files it references.
[0.130s] 
[0.156s] -- Checking for module 'libusb-1.0'
[0.158s] --   No package 'libusb-1.0' found
[0.160s] -- Could NOT find USB_10 (missing: USB_10_LIBRARY USB_10_INCLUDE_DIR) 
[0.160s] -- OpenNI disabled because libusb-1.0 not found.
[0.164s] -- Checking for module 'libusb-1.0'
[0.166s] --   No package 'libusb-1.0' found
[0.168s] -- Could NOT find USB_10 (missing: USB_10_LIBRARY USB_10_INCLUDE_DIR) 
[0.168s] -- OpenNI 2 disabled because libusb-1.0 not found.
[0.180s] -- LIBUSB_1_LIBRARY (missing: LIBUSB_1_INCLUDE_DIR) 
[0.181s] -- QHULL found (include: /usr/include, lib: optimized;/usr/lib/x86_64-linux-gnu/libqhull.so;debug;/usr/lib/x86_64-linux-gnu/libqhull.so)
[0.182s] -- Could NOT find PCL_CORE (missing: PCL_CORE_LIBRARY PCL_CORE_INCLUDE_DIR) 
[0.188s] -- Found ament_cmake: 0.9.9 (/opt/ros/foxy/share/ament_cmake/cmake)
[0.205s] -- Using PYTHON_EXECUTABLE: /usr/bin/python3
[0.343s] -- Found pcl_conversions: 2.4.1 (/home/mete/catkin_ws/install/pcl_conversions/share/pcl_conversions/cmake)
[0.358s] -- Using all available rosidl_typesupport_c: rosidl_typesupport_fastrtps_c;rosidl_typesupport_introspection_c
[0.361s] -- Found rosidl_adapter: 1.2.1 (/opt/ros/foxy/share/rosidl_adapter/cmake)
[0.449s] -- Using all available rosidl_typesupport_cpp: rosidl_typesupport_fastrtps_cpp;rosidl_typesupport_introspection_cpp
[0.739s] -- Found rmw_implementation_cmake: 1.0.3 (/opt/ros/foxy/share/rmw_implementation_cmake/cmake)
[0.741s] -- Using RMW implementation 'rmw_fastrtps_cpp' as default
[0.873s] -- Found rclcpp_components: 2.4.1 (/opt/ros/foxy/share/rclcpp_components/cmake)
[0.919s] -- Found tf2: 0.13.13 (/opt/ros/foxy/share/tf2/cmake)
[0.927s] -- Found tf2_geometry_msgs: 0.13.13 (/opt/ros/foxy/share/tf2_geometry_msgs/cmake)
[0.932s] -- Found eigen3_cmake_module: 0.1.1 (/opt/ros/foxy/share/eigen3_cmake_module/cmake)
[1.240s] CMake Error at CMakeLists.txt:59 (target_link_libraries):
[1.240s]   Cannot specify link libraries for target "pcl_ros_io" which is not built by
[1.240s]   this project.
[1.240s] 
[1.240s] 
[1.241s] -- Configuring incomplete, errors occurred!
[1.241s] See also "/home/mete/catkin_ws/build/pcl_ros/CMakeFiles/CMakeOutput.log".
[1.241s] See also "/home/mete/catkin_ws/build/pcl_ros/CMakeFiles/CMakeError.log".
[1.249s] make: *** [Makefile:354: cmake_check_build_system] Error 1
[1.250s] Invoked command in '/home/mete/catkin_ws/build/pcl_ros' returned '2': CMAKE_PREFIX_PATH=/home/mete/catkin_ws/install/pcl_conversions:/home/mete/catkin_ws/install/pcl:/home/mete/catkin_ws/install/localization:/opt/ros/foxy /usr/bin/cmake --build /home/mete/catkin_ws/build/pcl_ros -- -j12 -l12
