[0.020s] Invoking command in '/home/mete/catkin_ws/build/pcl_conversions': CMAKE_PREFIX_PATH=${CMAKE_PREFIX_PATH}:/opt/ros/foxy /usr/bin/cmake /home/mete/catkin_ws/src/perception_pcl/pcl_conversions -DCMAKE_INSTALL_PREFIX=/home/mete/catkin_ws/install/pcl_conversions
[0.099s] -- The C compiler identification is GNU 9.4.0
[0.142s] -- The CXX compiler identification is GNU 9.4.0
[0.147s] -- Check for working C compiler: /usr/bin/cc
[0.201s] -- Check for working C compiler: /usr/bin/cc -- works
[0.202s] -- Detecting C compiler ABI info
[0.258s] -- Detecting C compiler ABI info - done
[0.268s] -- Detecting C compile features
[0.268s] -- Detecting C compile features - done
[0.271s] -- Check for working CXX compiler: /usr/bin/c++
[0.333s] -- Check for working CXX compiler: /usr/bin/c++ -- works
[0.333s] -- Detecting CXX compiler ABI info
[0.396s] -- Detecting CXX compiler ABI info - done
[0.406s] -- Detecting CXX compile features
[0.406s] -- Detecting CXX compile features - done
[0.409s] -- Found ament_cmake: 0.9.9 (/opt/ros/foxy/share/ament_cmake/cmake)
[0.430s] -- Found PythonInterp: /usr/bin/python3 (found suitable version "3.8.10", minimum required is "3") 
[0.430s] -- Using PYTHON_EXECUTABLE: /usr/bin/python3
[0.601s] -- Found Boost: /usr/lib/x86_64-linux-gnu/cmake/Boost-1.71.0/BoostConfig.cmake (found version "1.71.0")  
[0.604s] -- Found message_filters: 3.2.5 (/opt/ros/foxy/share/message_filters/cmake)
[0.616s] -- Checking for module 'eigen3'
[0.627s] --   Found eigen3, version 3.3.7
[0.652s] -- Found Eigen: /usr/include/eigen3 (Required is at least version "3.1") 
[0.652s] -- Eigen found (include: /usr/include/eigen3, version: 3.3.7)
[0.692s] -- Checking for module 'libusb-1.0'
[0.694s] --   No package 'libusb-1.0' found
[0.699s] -- Could NOT find USB_10 (missing: USB_10_LIBRARY USB_10_INCLUDE_DIR) 
[0.700s] -- OpenNI disabled because libusb-1.0 not found.
[0.703s] -- Checking for module 'libusb-1.0'
[0.705s] --   No package 'libusb-1.0' found
[0.707s] -- Could NOT find USB_10 (missing: USB_10_LIBRARY USB_10_INCLUDE_DIR) 
[0.707s] -- OpenNI 2 disabled because libusb-1.0 not found.
[0.756s] -- The imported target "vtkParseOGLExt" references the file
[0.756s]    "/usr/bin/vtkParseOGLExt-7.1"
[0.756s] but this file does not exist.  Possible reasons include:
[0.756s] * The file was deleted, renamed, or moved to another location.
[0.756s] * An install or uninstall procedure did not complete successfully.
[0.756s] * The installation package was faulty and contained
[0.756s]    "/usr/lib/cmake/vtk-7.1/VTKTargets.cmake"
[0.756s] but not all the files it references.
[0.756s] 
[0.757s] -- The imported target "vtkRenderingPythonTkWidgets" references the file
[0.757s]    "/usr/lib/x86_64-linux-gnu/libvtkRenderingPythonTkWidgets.so"
[0.757s] but this file does not exist.  Possible reasons include:
[0.757s] * The file was deleted, renamed, or moved to another location.
[0.757s] * An install or uninstall procedure did not complete successfully.
[0.757s] * The installation package was faulty and contained
[0.757s]    "/usr/lib/cmake/vtk-7.1/VTKTargets.cmake"
[0.757s] but not all the files it references.
[0.757s] 
[0.757s] -- The imported target "vtk" references the file
[0.757s]    "/usr/bin/vtk"
[0.758s] but this file does not exist.  Possible reasons include:
[0.758s] * The file was deleted, renamed, or moved to another location.
[0.758s] * An install or uninstall procedure did not complete successfully.
[0.758s] * The installation package was faulty and contained
[0.758s]    "/usr/lib/cmake/vtk-7.1/VTKTargets.cmake"
[0.758s] but not all the files it references.
[0.758s] 
[0.758s] -- The imported target "pvtk" references the file
[0.758s]    "/usr/bin/pvtk"
[0.758s] but this file does not exist.  Possible reasons include:
[0.759s] * The file was deleted, renamed, or moved to another location.
[0.759s] * An install or uninstall procedure did not complete successfully.
[0.759s] * The installation package was faulty and contained
[0.759s]    "/usr/lib/cmake/vtk-7.1/VTKTargets.cmake"
[0.759s] but not all the files it references.
[0.759s] 
[0.778s] -- LIBUSB_1_LIBRARY (missing: LIBUSB_1_INCLUDE_DIR) 
[0.778s] -- Found PCL_COMMON: /usr/lib/x86_64-linux-gnu/libpcl_common.so  
[0.779s] -- Found PCL_OCTREE: /usr/lib/x86_64-linux-gnu/libpcl_octree.so  
[0.780s] -- Found PCL_IO: /usr/lib/x86_64-linux-gnu/libpcl_io.so  
[0.782s] -- Found pcl_msgs: 1.0.0 (/opt/ros/foxy/share/pcl_msgs/cmake)
[0.805s] -- Using all available rosidl_typesupport_c: rosidl_typesupport_fastrtps_c;rosidl_typesupport_introspection_c
[0.811s] -- Found rosidl_adapter: 1.2.1 (/opt/ros/foxy/share/rosidl_adapter/cmake)
[0.871s] -- Found OpenSSL: /usr/lib/x86_64-linux-gnu/libcrypto.so (found version "1.1.1f")  
[0.891s] -- Found FastRTPS: /opt/ros/foxy/include  
[0.957s] -- Using all available rosidl_typesupport_cpp: rosidl_typesupport_fastrtps_cpp;rosidl_typesupport_introspection_cpp
[1.217s] -- Found rclcpp: 2.4.1 (/opt/ros/foxy/share/rclcpp/cmake)
[1.258s] -- Found rmw_implementation_cmake: 1.0.3 (/opt/ros/foxy/share/rmw_implementation_cmake/cmake)
[1.260s] -- Using RMW implementation 'rmw_fastrtps_cpp' as default
[1.261s] -- Looking for pthread.h
[1.316s] -- Looking for pthread.h - found
[1.316s] -- Performing Test CMAKE_HAVE_LIBC_PTHREAD
[1.375s] -- Performing Test CMAKE_HAVE_LIBC_PTHREAD - Failed
[1.375s] -- Looking for pthread_create in pthreads
[1.421s] -- Looking for pthread_create in pthreads - not found
[1.421s] -- Looking for pthread_create in pthread
[1.474s] -- Looking for pthread_create in pthread - found
[1.475s] -- Found Threads: TRUE  
[1.599s] -- Found ament_cmake_gtest: 0.9.9 (/opt/ros/foxy/share/ament_cmake_gtest/cmake)
[1.602s] -- Found gtest sources under '/opt/ros/foxy/src/gtest_vendor': C++ tests using 'Google Test' will be built
[1.604s] -- Check if compiler accepts -pthread
[1.661s] -- Check if compiler accepts -pthread - yes
[1.714s] -- Configuring done
[1.734s] -- Generating done
[1.736s] -- Build files have been written to: /home/mete/catkin_ws/build/pcl_conversions
[1.745s] Invoked command in '/home/mete/catkin_ws/build/pcl_conversions' returned '0': CMAKE_PREFIX_PATH=${CMAKE_PREFIX_PATH}:/opt/ros/foxy /usr/bin/cmake /home/mete/catkin_ws/src/perception_pcl/pcl_conversions -DCMAKE_INSTALL_PREFIX=/home/mete/catkin_ws/install/pcl_conversions
[1.747s] Invoking command in '/home/mete/catkin_ws/build/pcl_conversions': CMAKE_PREFIX_PATH=${CMAKE_PREFIX_PATH}:/opt/ros/foxy /usr/bin/cmake --build /home/mete/catkin_ws/build/pcl_conversions -- -j12 -l12
[1.779s] [35m[1mScanning dependencies of target gtest_main[0m
[1.779s] [35m[1mScanning dependencies of target gtest[0m
[1.794s] [ 16%] [32mBuilding CXX object gtest/CMakeFiles/gtest_main.dir/src/gtest_main.cc.o[0m
[1.794s] [ 33%] [32mBuilding CXX object gtest/CMakeFiles/gtest.dir/src/gtest-all.cc.o[0m
[2.335s] [ 50%] [32m[1mLinking CXX static library libgtest_main.a[0m
[2.360s] [ 50%] Built target gtest_main
[4.179s] [ 66%] [32m[1mLinking CXX static library libgtest.a[0m
[4.220s] [ 66%] Built target gtest
[4.227s] [35m[1mScanning dependencies of target pcl_conversions-test[0m
[4.285s] [ 83%] [32mBuilding CXX object CMakeFiles/pcl_conversions-test.dir/test/test_pcl_conversions.cpp.o[0m
[9.441s] [100%] [32m[1mLinking CXX executable pcl_conversions-test[0m
[9.659s] [100%] Built target pcl_conversions-test
[9.667s] Invoked command in '/home/mete/catkin_ws/build/pcl_conversions' returned '0': CMAKE_PREFIX_PATH=${CMAKE_PREFIX_PATH}:/opt/ros/foxy /usr/bin/cmake --build /home/mete/catkin_ws/build/pcl_conversions -- -j12 -l12
[9.686s] Invoking command in '/home/mete/catkin_ws/build/pcl_conversions': CMAKE_PREFIX_PATH=${CMAKE_PREFIX_PATH}:/opt/ros/foxy /usr/bin/cmake --install /home/mete/catkin_ws/build/pcl_conversions
[9.692s] -- Install configuration: ""
[9.692s] -- Installing: /home/mete/catkin_ws/install/pcl_conversions/include/pcl_conversions
[9.692s] -- Installing: /home/mete/catkin_ws/install/pcl_conversions/include/pcl_conversions/pcl_conversions
[9.692s] -- Installing: /home/mete/catkin_ws/install/pcl_conversions/include/pcl_conversions/pcl_conversions/pcl_conversions.h
[9.693s] -- Installing: /home/mete/catkin_ws/install/pcl_conversions/share/ament_index/resource_index/package_run_dependencies/pcl_conversions
[9.693s] -- Installing: /home/mete/catkin_ws/install/pcl_conversions/share/ament_index/resource_index/parent_prefix_path/pcl_conversions
[9.693s] -- Installing: /home/mete/catkin_ws/install/pcl_conversions/share/pcl_conversions/environment/ament_prefix_path.sh
[9.693s] -- Installing: /home/mete/catkin_ws/install/pcl_conversions/share/pcl_conversions/environment/ament_prefix_path.dsv
[9.693s] -- Installing: /home/mete/catkin_ws/install/pcl_conversions/share/pcl_conversions/environment/path.sh
[9.693s] -- Installing: /home/mete/catkin_ws/install/pcl_conversions/share/pcl_conversions/environment/path.dsv
[9.693s] -- Installing: /home/mete/catkin_ws/install/pcl_conversions/share/pcl_conversions/local_setup.bash
[9.693s] -- Installing: /home/mete/catkin_ws/install/pcl_conversions/share/pcl_conversions/local_setup.sh
[9.693s] -- Installing: /home/mete/catkin_ws/install/pcl_conversions/share/pcl_conversions/local_setup.zsh
[9.693s] -- Installing: /home/mete/catkin_ws/install/pcl_conversions/share/pcl_conversions/local_setup.dsv
[9.694s] -- Installing: /home/mete/catkin_ws/install/pcl_conversions/share/pcl_conversions/package.dsv
[9.694s] -- Installing: /home/mete/catkin_ws/install/pcl_conversions/share/ament_index/resource_index/packages/pcl_conversions
[9.694s] -- Installing: /home/mete/catkin_ws/install/pcl_conversions/share/pcl_conversions/cmake/ament_cmake_export_include_directories-extras.cmake
[9.694s] -- Installing: /home/mete/catkin_ws/install/pcl_conversions/share/pcl_conversions/cmake/ament_cmake_export_dependencies-extras.cmake
[9.694s] -- Installing: /home/mete/catkin_ws/install/pcl_conversions/share/pcl_conversions/cmake/pcl_conversionsConfig.cmake
[9.694s] -- Installing: /home/mete/catkin_ws/install/pcl_conversions/share/pcl_conversions/cmake/pcl_conversionsConfig-version.cmake
[9.694s] -- Installing: /home/mete/catkin_ws/install/pcl_conversions/share/pcl_conversions/package.xml
[9.696s] Invoked command in '/home/mete/catkin_ws/build/pcl_conversions' returned '0': CMAKE_PREFIX_PATH=${CMAKE_PREFIX_PATH}:/opt/ros/foxy /usr/bin/cmake --install /home/mete/catkin_ws/build/pcl_conversions
