[35m[1mScanning dependencies of target pcd_read[0m
[ 33%] Built target register
[ 66%] Built target matrix_transform
[ 83%] [32mBuilding CXX object CMakeFiles/pcd_read.dir/src/pcd_read.cpp.o[0m
[01m[K/home/mete/catkin_ws/src/pcl/src/pcd_read.cpp:85:107:[m[K [01;35m[Kwarning: [m[K"/*" within comment [[01;35m[K-Wcomment[m[K]
   85 |   /*if (pcl::io::loadPCDFile<pcl::PointXYZ> ("../catkin_ws/src/pcl/doc/capture0002.pcd", *cloud2) == -1) //* load the file
      |                                                                                                            
[100%] [32m[1mLinking CXX executable pcd_read[0m
[100%] Built target pcd_read
-- Install configuration: ""
-- Installing: /home/mete/catkin_ws/install/pcl/lib/pcl/pcd_read
-- Set runtime path of "/home/mete/catkin_ws/install/pcl/lib/pcl/pcd_read" to ""
-- Up-to-date: /home/mete/catkin_ws/install/pcl/lib/pcl/matrix_transform
-- Up-to-date: /home/mete/catkin_ws/install/pcl/lib/pcl/register
-- Up-to-date: /home/mete/catkin_ws/install/pcl/share/ament_index/resource_index/package_run_dependencies/pcl
-- Up-to-date: /home/mete/catkin_ws/install/pcl/share/ament_index/resource_index/parent_prefix_path/pcl
-- Up-to-date: /home/mete/catkin_ws/install/pcl/share/pcl/environment/ament_prefix_path.sh
-- Up-to-date: /home/mete/catkin_ws/install/pcl/share/pcl/environment/ament_prefix_path.dsv
-- Up-to-date: /home/mete/catkin_ws/install/pcl/share/pcl/environment/path.sh
-- Up-to-date: /home/mete/catkin_ws/install/pcl/share/pcl/environment/path.dsv
-- Up-to-date: /home/mete/catkin_ws/install/pcl/share/pcl/local_setup.bash
-- Up-to-date: /home/mete/catkin_ws/install/pcl/share/pcl/local_setup.sh
-- Up-to-date: /home/mete/catkin_ws/install/pcl/share/pcl/local_setup.zsh
-- Up-to-date: /home/mete/catkin_ws/install/pcl/share/pcl/local_setup.dsv
-- Installing: /home/mete/catkin_ws/install/pcl/share/pcl/package.dsv
-- Up-to-date: /home/mete/catkin_ws/install/pcl/share/ament_index/resource_index/packages/pcl
-- Up-to-date: /home/mete/catkin_ws/install/pcl/share/pcl/cmake/pclConfig.cmake
-- Up-to-date: /home/mete/catkin_ws/install/pcl/share/pcl/cmake/pclConfig-version.cmake
-- Up-to-date: /home/mete/catkin_ws/install/pcl/share/pcl/package.xml
