[0.023s] Invoking command in '/home/mete/catkin_ws/build/pcl': CMAKE_PREFIX_PATH=${CMAKE_PREFIX_PATH}:/opt/ros/foxy /usr/bin/cmake --build /home/mete/catkin_ws/build/pcl -- -j12 -l12
[0.049s] -- Found ament_cmake: 0.9.9 (/opt/ros/foxy/share/ament_cmake/cmake)
[0.074s] -- Using PYTHON_EXECUTABLE: /usr/bin/python3
[0.262s] -- Eigen found (include: /usr/include/eigen3, version: 3.3.7)
[0.347s] -- The imported target "vtkParseOGLExt" references the file
[0.347s]    "/usr/bin/vtkParseOGLExt-7.1"
[0.347s] but this file does not exist.  Possible reasons include:
[0.347s] * The file was deleted, renamed, or moved to another location.
[0.347s] * An install or uninstall procedure did not complete successfully.
[0.347s] * The installation package was faulty and contained
[0.347s]    "/usr/lib/cmake/vtk-7.1/VTKTargets.cmake"
[0.347s] but not all the files it references.
[0.347s] 
[0.348s] -- The imported target "vtkRenderingPythonTkWidgets" references the file
[0.348s]    "/usr/lib/x86_64-linux-gnu/libvtkRenderingPythonTkWidgets.so"
[0.348s] but this file does not exist.  Possible reasons include:
[0.348s] * The file was deleted, renamed, or moved to another location.
[0.348s] * An install or uninstall procedure did not complete successfully.
[0.348s] * The installation package was faulty and contained
[0.348s]    "/usr/lib/cmake/vtk-7.1/VTKTargets.cmake"
[0.348s] but not all the files it references.
[0.348s] 
[0.348s] -- The imported target "vtk" references the file
[0.349s]    "/usr/bin/vtk"
[0.349s] but this file does not exist.  Possible reasons include:
[0.349s] * The file was deleted, renamed, or moved to another location.
[0.349s] * An install or uninstall procedure did not complete successfully.
[0.349s] * The installation package was faulty and contained
[0.349s]    "/usr/lib/cmake/vtk-7.1/VTKTargets.cmake"
[0.349s] but not all the files it references.
[0.349s] 
[0.349s] -- The imported target "pvtk" references the file
[0.349s]    "/usr/bin/pvtk"
[0.349s] but this file does not exist.  Possible reasons include:
[0.349s] * The file was deleted, renamed, or moved to another location.
[0.349s] * An install or uninstall procedure did not complete successfully.
[0.350s] * The installation package was faulty and contained
[0.350s]    "/usr/lib/cmake/vtk-7.1/VTKTargets.cmake"
[0.350s] but not all the files it references.
[0.350s] 
[0.366s] -- Checking for module 'libusb-1.0'
[0.368s] --   No package 'libusb-1.0' found
[0.371s] -- Could NOT find USB_10 (missing: USB_10_LIBRARY USB_10_INCLUDE_DIR) 
[0.371s] -- OpenNI disabled because libusb-1.0 not found.
[0.371s] ** WARNING ** io features related to openni will be disabled
[0.374s] -- Checking for module 'libusb-1.0'
[0.377s] --   No package 'libusb-1.0' found
[0.379s] -- Could NOT find USB_10 (missing: USB_10_LIBRARY USB_10_INCLUDE_DIR) 
[0.379s] -- OpenNI 2 disabled because libusb-1.0 not found.
[0.379s] ** WARNING ** io features related to openni2 will be disabled
[0.379s] ** WARNING ** io features related to pcap will be disabled
[0.379s] ** WARNING ** io features related to png will be disabled
[0.391s] -- LIBUSB_1_LIBRARY (missing: LIBUSB_1_INCLUDE_DIR) 
[0.391s] ** WARNING ** io features related to libusb-1.0 will be disabled
[0.395s] -- Checking for module 'libusb-1.0'
[0.397s] --   No package 'libusb-1.0' found
[0.399s] -- Could NOT find USB_10 (missing: USB_10_LIBRARY USB_10_INCLUDE_DIR) 
[0.399s] -- OpenNI disabled because libusb-1.0 not found.
[0.400s] ** WARNING ** visualization features related to openni will be disabled
[0.403s] -- Checking for module 'libusb-1.0'
[0.405s] --   No package 'libusb-1.0' found
[0.407s] -- Could NOT find USB_10 (missing: USB_10_LIBRARY USB_10_INCLUDE_DIR) 
[0.407s] -- OpenNI 2 disabled because libusb-1.0 not found.
[0.407s] ** WARNING ** visualization features related to openni2 will be disabled
[0.420s] -- QHULL found (include: /usr/include, lib: optimized;/usr/lib/x86_64-linux-gnu/libqhull.so;debug;/usr/lib/x86_64-linux-gnu/libqhull.so)
[0.424s] -- Checking for module 'libusb-1.0'
[0.426s] --   No package 'libusb-1.0' found
[0.429s] -- Could NOT find USB_10 (missing: USB_10_LIBRARY USB_10_INCLUDE_DIR) 
[0.429s] -- OpenNI disabled because libusb-1.0 not found.
[0.429s] ** WARNING ** apps features related to openni will be disabled
[0.439s] -- looking for PCL_COMMON
[0.440s] -- looking for PCL_KDTREE
[0.441s] -- looking for PCL_OCTREE
[0.441s] -- looking for PCL_SEARCH
[0.442s] -- looking for PCL_SAMPLE_CONSENSUS
[0.442s] -- looking for PCL_FILTERS
[0.443s] -- looking for PCL_2D
[0.443s] -- looking for PCL_GEOMETRY
[0.444s] -- looking for PCL_IO
[0.444s] -- looking for PCL_FEATURES
[0.445s] -- looking for PCL_ML
[0.446s] -- looking for PCL_SEGMENTATION
[0.446s] -- looking for PCL_VISUALIZATION
[0.447s] -- looking for PCL_SURFACE
[0.448s] -- looking for PCL_REGISTRATION
[0.448s] -- looking for PCL_KEYPOINTS
[0.449s] -- looking for PCL_TRACKING
[0.450s] -- looking for PCL_RECOGNITION
[0.451s] -- looking for PCL_STEREO
[0.451s] -- looking for PCL_APPS
[0.452s] -- looking for PCL_IN_HAND_SCANNER
[0.453s] -- looking for PCL_POINT_CLOUD_EDITOR
[0.453s] -- looking for PCL_OUTOFCORE
[0.454s] -- looking for PCL_PEOPLE
[0.456s] -- Found pcl_conversions: 2.2.1 (/opt/ros/foxy/share/pcl_conversions/cmake)
[0.472s] -- Using all available rosidl_typesupport_c: rosidl_typesupport_fastrtps_c;rosidl_typesupport_introspection_c
[0.475s] -- Found rosidl_adapter: 1.2.1 (/opt/ros/foxy/share/rosidl_adapter/cmake)
[0.572s] -- Using all available rosidl_typesupport_cpp: rosidl_typesupport_fastrtps_cpp;rosidl_typesupport_introspection_cpp
[0.883s] -- Found rmw_implementation_cmake: 1.0.3 (/opt/ros/foxy/share/rmw_implementation_cmake/cmake)
[0.884s] -- Using RMW implementation 'rmw_fastrtps_cpp' as default
[1.037s] -- Found tf2: 0.13.13 (/opt/ros/foxy/share/tf2/cmake)
[1.048s] -- Found tf2_geometry_msgs: 0.13.13 (/opt/ros/foxy/share/tf2_geometry_msgs/cmake)
[1.056s] -- Found eigen3_cmake_module: 0.1.1 (/opt/ros/foxy/share/eigen3_cmake_module/cmake)
[1.059s] -- Found Eigen3: TRUE (found version "3.3.7") 
[1.443s] -- Found ament_lint_auto: 0.9.6 (/opt/ros/foxy/share/ament_lint_auto/cmake)
[1.494s] -- Added test 'copyright' to check source files copyright and LICENSE
[1.495s] -- Added test 'cppcheck' to perform static code analysis on C / C++ code
[1.495s] -- Configured cppcheck include dirs: 
[1.495s] -- Configured cppcheck exclude dirs and/or files: 
[1.496s] -- Added test 'cpplint' to check C / C++ code against the Google style
[1.496s] -- Configured cpplint exclude dirs and/or files: 
[1.496s] -- Added test 'lint_cmake' to check CMake code style
[1.497s] -- Added test 'uncrustify' to check C / C++ code style
[1.497s] -- Configured uncrustify additional arguments: 
[1.498s] -- Added test 'xmllint' to check XML markup files
[1.500s] -- Configuring done
[1.550s] -- Generating done
[1.552s] -- Build files have been written to: /home/mete/catkin_ws/build/pcl
[1.589s] [ 50%] [32m[1mLinking CXX executable pcd_read[0m
[1.948s] [100%] Built target pcd_read
[1.956s] Invoked command in '/home/mete/catkin_ws/build/pcl' returned '0': CMAKE_PREFIX_PATH=${CMAKE_PREFIX_PATH}:/opt/ros/foxy /usr/bin/cmake --build /home/mete/catkin_ws/build/pcl -- -j12 -l12
[1.977s] Invoking command in '/home/mete/catkin_ws/build/pcl': CMAKE_PREFIX_PATH=${CMAKE_PREFIX_PATH}:/opt/ros/foxy /usr/bin/cmake --install /home/mete/catkin_ws/build/pcl
[1.984s] -- Install configuration: ""
[1.985s] -- Installing: /home/mete/catkin_ws/install/pcl/lib/pcl/pcd_read
[1.985s] -- Set runtime path of "/home/mete/catkin_ws/install/pcl/lib/pcl/pcd_read" to ""
[1.985s] -- Up-to-date: /home/mete/catkin_ws/install/pcl/share/ament_index/resource_index/package_run_dependencies/pcl
[1.986s] -- Up-to-date: /home/mete/catkin_ws/install/pcl/share/ament_index/resource_index/parent_prefix_path/pcl
[1.986s] -- Up-to-date: /home/mete/catkin_ws/install/pcl/share/pcl/environment/ament_prefix_path.sh
[1.986s] -- Installing: /home/mete/catkin_ws/install/pcl/share/pcl/environment/ament_prefix_path.dsv
[1.986s] -- Up-to-date: /home/mete/catkin_ws/install/pcl/share/pcl/environment/path.sh
[1.986s] -- Installing: /home/mete/catkin_ws/install/pcl/share/pcl/environment/path.dsv
[1.986s] -- Up-to-date: /home/mete/catkin_ws/install/pcl/share/pcl/local_setup.bash
[1.986s] -- Up-to-date: /home/mete/catkin_ws/install/pcl/share/pcl/local_setup.sh
[1.986s] -- Up-to-date: /home/mete/catkin_ws/install/pcl/share/pcl/local_setup.zsh
[1.986s] -- Installing: /home/mete/catkin_ws/install/pcl/share/pcl/local_setup.dsv
[1.986s] -- Installing: /home/mete/catkin_ws/install/pcl/share/pcl/package.dsv
[1.987s] -- Up-to-date: /home/mete/catkin_ws/install/pcl/share/ament_index/resource_index/packages/pcl
[1.987s] -- Up-to-date: /home/mete/catkin_ws/install/pcl/share/pcl/cmake/pclConfig.cmake
[1.987s] -- Up-to-date: /home/mete/catkin_ws/install/pcl/share/pcl/cmake/pclConfig-version.cmake
[1.987s] -- Up-to-date: /home/mete/catkin_ws/install/pcl/share/pcl/package.xml
[1.990s] Invoked command in '/home/mete/catkin_ws/build/pcl' returned '0': CMAKE_PREFIX_PATH=${CMAKE_PREFIX_PATH}:/opt/ros/foxy /usr/bin/cmake --install /home/mete/catkin_ws/build/pcl
