[0.017s] Invoking command in '/home/mete/catkin_ws/build/pcl_ros': CMAKE_PREFIX_PATH=/home/mete/catkin_ws/install/pcl_conversions:/home/mete/catkin_ws/install/pcl:/home/mete/catkin_ws/install/localization:/opt/ros/foxy /usr/bin/cmake --build /home/mete/catkin_ws/build/pcl_ros -- -j12 -l12
[0.048s] -- Eigen found (include: /usr/include/eigen3, version: 3.3.7)
[0.130s] -- The imported target "vtkParseOGLExt" references the file
[0.130s]    "/usr/bin/vtkParseOGLExt-7.1"
[0.130s] but this file does not exist.  Possible reasons include:
[0.130s] * The file was deleted, renamed, or moved to another location.
[0.130s] * An install or uninstall procedure did not complete successfully.
[0.130s] * The installation package was faulty and contained
[0.130s]    "/usr/lib/cmake/vtk-7.1/VTKTargets.cmake"
[0.130s] but not all the files it references.
[0.131s] 
[0.131s] -- The imported target "vtkRenderingPythonTkWidgets" references the file
[0.131s]    "/usr/lib/x86_64-linux-gnu/libvtkRenderingPythonTkWidgets.so"
[0.131s] but this file does not exist.  Possible reasons include:
[0.131s] * The file was deleted, renamed, or moved to another location.
[0.131s] * An install or uninstall procedure did not complete successfully.
[0.131s] * The installation package was faulty and contained
[0.131s]    "/usr/lib/cmake/vtk-7.1/VTKTargets.cmake"
[0.131s] but not all the files it references.
[0.131s] 
[0.131s] -- The imported target "vtk" references the file
[0.131s]    "/usr/bin/vtk"
[0.132s] but this file does not exist.  Possible reasons include:
[0.132s] * The file was deleted, renamed, or moved to another location.
[0.132s] * An install or uninstall procedure did not complete successfully.
[0.132s] * The installation package was faulty and contained
[0.132s]    "/usr/lib/cmake/vtk-7.1/VTKTargets.cmake"
[0.132s] but not all the files it references.
[0.132s] 
[0.132s] -- The imported target "pvtk" references the file
[0.132s]    "/usr/bin/pvtk"
[0.132s] but this file does not exist.  Possible reasons include:
[0.132s] * The file was deleted, renamed, or moved to another location.
[0.132s] * An install or uninstall procedure did not complete successfully.
[0.132s] * The installation package was faulty and contained
[0.132s]    "/usr/lib/cmake/vtk-7.1/VTKTargets.cmake"
[0.132s] but not all the files it references.
[0.132s] 
[0.161s] -- Checking for module 'libusb-1.0'
[0.163s] --   No package 'libusb-1.0' found
[0.165s] -- Could NOT find USB_10 (missing: USB_10_LIBRARY USB_10_INCLUDE_DIR) 
[0.165s] -- OpenNI disabled because libusb-1.0 not found.
[0.169s] -- Checking for module 'libusb-1.0'
[0.172s] --   No package 'libusb-1.0' found
[0.174s] -- Could NOT find USB_10 (missing: USB_10_LIBRARY USB_10_INCLUDE_DIR) 
[0.174s] -- OpenNI 2 disabled because libusb-1.0 not found.
[0.186s] -- LIBUSB_1_LIBRARY (missing: LIBUSB_1_INCLUDE_DIR) 
[0.187s] -- QHULL found (include: /usr/include, lib: optimized;/usr/lib/x86_64-linux-gnu/libqhull.so;debug;/usr/lib/x86_64-linux-gnu/libqhull.so)
[0.188s] -- Could NOT find PCL_CORE (missing: PCL_CORE_LIBRARY PCL_CORE_INCLUDE_DIR) 
[0.195s] -- Found ament_cmake: 0.9.9 (/opt/ros/foxy/share/ament_cmake/cmake)
[0.212s] -- Using PYTHON_EXECUTABLE: /usr/bin/python3
[0.352s] -- Found pcl_conversions: 2.4.1 (/home/mete/catkin_ws/install/pcl_conversions/share/pcl_conversions/cmake)
[0.368s] -- Using all available rosidl_typesupport_c: rosidl_typesupport_fastrtps_c;rosidl_typesupport_introspection_c
[0.371s] -- Found rosidl_adapter: 1.2.1 (/opt/ros/foxy/share/rosidl_adapter/cmake)
[0.462s] -- Using all available rosidl_typesupport_cpp: rosidl_typesupport_fastrtps_cpp;rosidl_typesupport_introspection_cpp
[0.753s] -- Found rmw_implementation_cmake: 1.0.3 (/opt/ros/foxy/share/rmw_implementation_cmake/cmake)
[0.754s] -- Using RMW implementation 'rmw_fastrtps_cpp' as default
[0.886s] -- Found rclcpp_components: 2.4.1 (/opt/ros/foxy/share/rclcpp_components/cmake)
[0.932s] -- Found tf2: 0.13.13 (/opt/ros/foxy/share/tf2/cmake)
[0.939s] -- Found tf2_geometry_msgs: 0.13.13 (/opt/ros/foxy/share/tf2_geometry_msgs/cmake)
[0.944s] -- Found eigen3_cmake_module: 0.1.1 (/opt/ros/foxy/share/eigen3_cmake_module/cmake)
[1.276s] CMake Error at /opt/ros/foxy/share/rclcpp_components/cmake/rclcpp_components_register_node.cmake:65 (add_executable):
[1.276s]   add_executable cannot create target "deneme" because another target with
[1.277s]   the same name already exists.  The existing target is a shared library
[1.277s]   created in source directory
[1.277s]   "/home/mete/catkin_ws/src/perception_pcl/pcl_ros".  See documentation for
[1.277s]   policy CMP0002 for more details.
[1.277s] Call Stack (most recent call first):
[1.277s]   CMakeLists.txt:133 (rclcpp_components_register_node)
[1.277s] 
[1.277s] 
[1.306s] -- Found ament_lint_auto: 0.9.6 (/opt/ros/foxy/share/ament_lint_auto/cmake)
[1.362s] -- Added test 'cppcheck' to perform static code analysis on C / C++ code
[1.362s] -- Configured cppcheck include dirs: $<BUILD_INTERFACE:/home/mete/catkin_ws/src/perception_pcl/pcl_ros/include>
[1.362s] -- Configured cppcheck exclude dirs and/or files: 
[1.366s] -- Added test 'cpplint' to check C / C++ code against the Google style
[1.367s] -- Configured cpplint exclude dirs and/or files: 
[1.367s] -- Added test 'flake8' to check Python code syntax and style conventions
[1.368s] -- Added test 'lint_cmake' to check CMake code style
[1.369s] -- Added test 'pep257' to check Python code against some of the style conventions in PEP 257
[1.373s] -- Added test 'uncrustify' to check C / C++ code style
[1.373s] -- Configured uncrustify additional arguments: 
[1.374s] -- Added test 'xmllint' to check XML markup files
[1.378s] -- Configuring incomplete, errors occurred!
[1.378s] See also "/home/mete/catkin_ws/build/pcl_ros/CMakeFiles/CMakeOutput.log".
[1.378s] See also "/home/mete/catkin_ws/build/pcl_ros/CMakeFiles/CMakeError.log".
[1.385s] make: *** [Makefile:398: cmake_check_build_system] Error 1
[1.387s] Invoked command in '/home/mete/catkin_ws/build/pcl_ros' returned '2': CMAKE_PREFIX_PATH=/home/mete/catkin_ws/install/pcl_conversions:/home/mete/catkin_ws/install/pcl:/home/mete/catkin_ws/install/localization:/opt/ros/foxy /usr/bin/cmake --build /home/mete/catkin_ws/build/pcl_ros -- -j12 -l12
