[35m[1mScanning dependencies of target register[0m
[35m[1mScanning dependencies of target matrix_transform[0m
[ 33%] Built target pcd_read
[ 50%] [32mBuilding CXX object CMakeFiles/matrix_transform.dir/src/matrix_transform.cpp.o[0m
[ 66%] [32mBuilding CXX object CMakeFiles/register.dir/src/register.cpp.o[0m
[ 83%] [32m[1mLinking CXX executable matrix_transform[0m
[ 83%] Built target matrix_transform
[100%] [32m[1mLinking CXX executable register[0m
[100%] Built target register
-- Install configuration: ""
-- Up-to-date: /home/mete/catkin_ws/install/pcl/lib/pcl/pcd_read
-- Installing: /home/mete/catkin_ws/install/pcl/lib/pcl/matrix_transform
-- Installing: /home/mete/catkin_ws/install/pcl/lib/pcl/register
-- Up-to-date: /home/mete/catkin_ws/install/pcl/share/ament_index/resource_index/package_run_dependencies/pcl
-- Up-to-date: /home/mete/catkin_ws/install/pcl/share/ament_index/resource_index/parent_prefix_path/pcl
-- Up-to-date: /home/mete/catkin_ws/install/pcl/share/pcl/environment/ament_prefix_path.sh
-- Up-to-date: /home/mete/catkin_ws/install/pcl/share/pcl/environment/ament_prefix_path.dsv
-- Up-to-date: /home/mete/catkin_ws/install/pcl/share/pcl/environment/path.sh
-- Up-to-date: /home/mete/catkin_ws/install/pcl/share/pcl/environment/path.dsv
-- Up-to-date: /home/mete/catkin_ws/install/pcl/share/pcl/local_setup.bash
-- Up-to-date: /home/mete/catkin_ws/install/pcl/share/pcl/local_setup.sh
-- Up-to-date: /home/mete/catkin_ws/install/pcl/share/pcl/local_setup.zsh
-- Up-to-date: /home/mete/catkin_ws/install/pcl/share/pcl/local_setup.dsv
-- Installing: /home/mete/catkin_ws/install/pcl/share/pcl/package.dsv
-- Up-to-date: /home/mete/catkin_ws/install/pcl/share/ament_index/resource_index/packages/pcl
-- Up-to-date: /home/mete/catkin_ws/install/pcl/share/pcl/cmake/pclConfig.cmake
-- Up-to-date: /home/mete/catkin_ws/install/pcl/share/pcl/cmake/pclConfig-version.cmake
-- Up-to-date: /home/mete/catkin_ws/install/pcl/share/pcl/package.xml
