[0.016s] Invoking command in '/home/mete/catkin_ws/build/pcl': CMAKE_PREFIX_PATH=/home/mete/catkin_ws/install/pcl_conversions:/home/mete/catkin_ws3/install/assignment:/home/mete/catkin_ws/install/perception_pcl:/home/mete/catkin_ws/install/pcl_ros:/home/mete/catkin_ws/install/pcl:/home/mete/catkin_ws/install/localization:/home/mete/catkin_ws2/install/pugixml:/home/mete/catkin_ws2/install/parser:/home/mete/catkin_ws2/install/localization:/home/mete/catkin_ws2/install/LibKML:/home/mete/catkin_ws2/install/GeographicLib:/opt/ros/foxy /usr/bin/cmake --build /home/mete/catkin_ws/build/pcl -- -j12 -l12
[0.065s] [35m[1mScanning dependencies of target register[0m
[0.065s] [35m[1mScanning dependencies of target matrix_transform[0m
[0.078s] [ 33%] Built target pcd_read
[0.091s] [ 50%] [32mBuilding CXX object CMakeFiles/matrix_transform.dir/src/matrix_transform.cpp.o[0m
[0.094s] [ 66%] [32mBuilding CXX object CMakeFiles/register.dir/src/register.cpp.o[0m
[8.715s] [ 83%] [32m[1mLinking CXX executable matrix_transform[0m
[9.278s] [ 83%] Built target matrix_transform
[18.901s] [100%] [32m[1mLinking CXX executable register[0m
[21.704s] [100%] Built target register
[21.715s] Invoked command in '/home/mete/catkin_ws/build/pcl' returned '0': CMAKE_PREFIX_PATH=/home/mete/catkin_ws/install/pcl_conversions:/home/mete/catkin_ws3/install/assignment:/home/mete/catkin_ws/install/perception_pcl:/home/mete/catkin_ws/install/pcl_ros:/home/mete/catkin_ws/install/pcl:/home/mete/catkin_ws/install/localization:/home/mete/catkin_ws2/install/pugixml:/home/mete/catkin_ws2/install/parser:/home/mete/catkin_ws2/install/localization:/home/mete/catkin_ws2/install/LibKML:/home/mete/catkin_ws2/install/GeographicLib:/opt/ros/foxy /usr/bin/cmake --build /home/mete/catkin_ws/build/pcl -- -j12 -l12
[21.739s] Invoking command in '/home/mete/catkin_ws/build/pcl': CMAKE_PREFIX_PATH=/home/mete/catkin_ws/install/pcl_conversions:/home/mete/catkin_ws3/install/assignment:/home/mete/catkin_ws/install/perception_pcl:/home/mete/catkin_ws/install/pcl_ros:/home/mete/catkin_ws/install/pcl:/home/mete/catkin_ws/install/localization:/home/mete/catkin_ws2/install/pugixml:/home/mete/catkin_ws2/install/parser:/home/mete/catkin_ws2/install/localization:/home/mete/catkin_ws2/install/LibKML:/home/mete/catkin_ws2/install/GeographicLib:/opt/ros/foxy /usr/bin/cmake --install /home/mete/catkin_ws/build/pcl
[21.746s] -- Install configuration: ""
[21.746s] -- Up-to-date: /home/mete/catkin_ws/install/pcl/lib/pcl/pcd_read
[21.747s] -- Installing: /home/mete/catkin_ws/install/pcl/lib/pcl/matrix_transform
[21.748s] -- Installing: /home/mete/catkin_ws/install/pcl/lib/pcl/register
[21.753s] -- Up-to-date: /home/mete/catkin_ws/install/pcl/share/ament_index/resource_index/package_run_dependencies/pcl
[21.753s] -- Up-to-date: /home/mete/catkin_ws/install/pcl/share/ament_index/resource_index/parent_prefix_path/pcl
[21.753s] -- Up-to-date: /home/mete/catkin_ws/install/pcl/share/pcl/environment/ament_prefix_path.sh
[21.753s] -- Up-to-date: /home/mete/catkin_ws/install/pcl/share/pcl/environment/ament_prefix_path.dsv
[21.754s] -- Up-to-date: /home/mete/catkin_ws/install/pcl/share/pcl/environment/path.sh
[21.754s] -- Up-to-date: /home/mete/catkin_ws/install/pcl/share/pcl/environment/path.dsv
[21.754s] -- Up-to-date: /home/mete/catkin_ws/install/pcl/share/pcl/local_setup.bash
[21.754s] -- Up-to-date: /home/mete/catkin_ws/install/pcl/share/pcl/local_setup.sh
[21.754s] -- Up-to-date: /home/mete/catkin_ws/install/pcl/share/pcl/local_setup.zsh
[21.754s] -- Up-to-date: /home/mete/catkin_ws/install/pcl/share/pcl/local_setup.dsv
[21.754s] -- Installing: /home/mete/catkin_ws/install/pcl/share/pcl/package.dsv
[21.754s] -- Up-to-date: /home/mete/catkin_ws/install/pcl/share/ament_index/resource_index/packages/pcl
[21.754s] -- Up-to-date: /home/mete/catkin_ws/install/pcl/share/pcl/cmake/pclConfig.cmake
[21.754s] -- Up-to-date: /home/mete/catkin_ws/install/pcl/share/pcl/cmake/pclConfig-version.cmake
[21.754s] -- Up-to-date: /home/mete/catkin_ws/install/pcl/share/pcl/package.xml
[21.757s] Invoked command in '/home/mete/catkin_ws/build/pcl' returned '0': CMAKE_PREFIX_PATH=/home/mete/catkin_ws/install/pcl_conversions:/home/mete/catkin_ws3/install/assignment:/home/mete/catkin_ws/install/perception_pcl:/home/mete/catkin_ws/install/pcl_ros:/home/mete/catkin_ws/install/pcl:/home/mete/catkin_ws/install/localization:/home/mete/catkin_ws2/install/pugixml:/home/mete/catkin_ws2/install/parser:/home/mete/catkin_ws2/install/localization:/home/mete/catkin_ws2/install/LibKML:/home/mete/catkin_ws2/install/GeographicLib:/opt/ros/foxy /usr/bin/cmake --install /home/mete/catkin_ws/build/pcl
