[0.022s] Invoking command in '/home/mete/catkin_ws/build/localization': CMAKE_PREFIX_PATH=${CMAKE_PREFIX_PATH}:/opt/ros/foxy /usr/bin/cmake /home/mete/catkin_ws/src/localization -DCMAKE_INSTALL_PREFIX=/home/mete/catkin_ws/install/localization
[0.076s] -- The C compiler identification is GNU 9.4.0
[0.134s] -- The CXX compiler identification is GNU 9.4.0
[0.139s] -- Check for working C compiler: /usr/bin/cc
[0.199s] -- Check for working C compiler: /usr/bin/cc -- works
[0.200s] -- Detecting C compiler ABI info
[0.262s] -- Detecting C compiler ABI info - done
[0.272s] -- Detecting C compile features
[0.273s] -- Detecting C compile features - done
[0.275s] -- Check for working CXX compiler: /usr/bin/c++
[0.359s] -- Check for working CXX compiler: /usr/bin/c++ -- works
[0.360s] -- Detecting CXX compiler ABI info
[0.433s] -- Detecting CXX compiler ABI info - done
[0.443s] -- Detecting CXX compile features
[0.444s] -- Detecting CXX compile features - done
[0.446s] -- Found ament_cmake: 0.9.9 (/opt/ros/foxy/share/ament_cmake/cmake)
[0.465s] -- Found PythonInterp: /usr/bin/python3 (found suitable version "3.8.10", minimum required is "3") 
[0.465s] -- Using PYTHON_EXECUTABLE: /usr/bin/python3
[0.620s] -- Found ament_lint_auto: 0.9.6 (/opt/ros/foxy/share/ament_lint_auto/cmake)
[0.683s] -- Added test 'copyright' to check source files copyright and LICENSE
[0.684s] -- Added test 'lint_cmake' to check CMake code style
[0.685s] -- Added test 'xmllint' to check XML markup files
[0.687s] -- Configuring done
[0.688s] -- Generating done
[0.689s] -- Build files have been written to: /home/mete/catkin_ws/build/localization
[0.692s] Invoked command in '/home/mete/catkin_ws/build/localization' returned '0': CMAKE_PREFIX_PATH=${CMAKE_PREFIX_PATH}:/opt/ros/foxy /usr/bin/cmake /home/mete/catkin_ws/src/localization -DCMAKE_INSTALL_PREFIX=/home/mete/catkin_ws/install/localization
[0.695s] Invoking command in '/home/mete/catkin_ws/build/localization': CMAKE_PREFIX_PATH=${CMAKE_PREFIX_PATH}:/opt/ros/foxy /usr/bin/cmake --build /home/mete/catkin_ws/build/localization -- -j12 -l12
[0.727s] Invoked command in '/home/mete/catkin_ws/build/localization' returned '0': CMAKE_PREFIX_PATH=${CMAKE_PREFIX_PATH}:/opt/ros/foxy /usr/bin/cmake --build /home/mete/catkin_ws/build/localization -- -j12 -l12
[0.757s] Invoking command in '/home/mete/catkin_ws/build/localization': CMAKE_PREFIX_PATH=${CMAKE_PREFIX_PATH}:/opt/ros/foxy /usr/bin/cmake --install /home/mete/catkin_ws/build/localization
[0.765s] -- Install configuration: ""
[0.766s] -- Installing: /home/mete/catkin_ws/install/localization/share/ament_index/resource_index/package_run_dependencies/localization
[0.766s] -- Installing: /home/mete/catkin_ws/install/localization/share/ament_index/resource_index/parent_prefix_path/localization
[0.766s] -- Installing: /home/mete/catkin_ws/install/localization/share/localization/environment/ament_prefix_path.sh
[0.766s] -- Installing: /home/mete/catkin_ws/install/localization/share/localization/environment/ament_prefix_path.dsv
[0.766s] -- Installing: /home/mete/catkin_ws/install/localization/share/localization/environment/path.sh
[0.767s] -- Installing: /home/mete/catkin_ws/install/localization/share/localization/environment/path.dsv
[0.767s] -- Installing: /home/mete/catkin_ws/install/localization/share/localization/local_setup.bash
[0.767s] -- Installing: /home/mete/catkin_ws/install/localization/share/localization/local_setup.sh
[0.767s] -- Installing: /home/mete/catkin_ws/install/localization/share/localization/local_setup.zsh
[0.767s] -- Installing: /home/mete/catkin_ws/install/localization/share/localization/local_setup.dsv
[0.767s] -- Installing: /home/mete/catkin_ws/install/localization/share/localization/package.dsv
[0.767s] -- Installing: /home/mete/catkin_ws/install/localization/share/ament_index/resource_index/packages/localization
[0.767s] -- Installing: /home/mete/catkin_ws/install/localization/share/localization/cmake/localizationConfig.cmake
[0.768s] -- Installing: /home/mete/catkin_ws/install/localization/share/localization/cmake/localizationConfig-version.cmake
[0.768s] -- Installing: /home/mete/catkin_ws/install/localization/share/localization/package.xml
[0.770s] Invoked command in '/home/mete/catkin_ws/build/localization' returned '0': CMAKE_PREFIX_PATH=${CMAKE_PREFIX_PATH}:/opt/ros/foxy /usr/bin/cmake --install /home/mete/catkin_ws/build/localization
