[0.016s] Invoking command in '/home/mete/catkin_ws/build/pcl': CMAKE_PREFIX_PATH=/home/mete/catkin_ws/install/pcl_conversions:/home/mete/catkin_ws/install/perception_pcl:/home/mete/catkin_ws/install/pcl_ros:/home/mete/catkin_ws/install/pcl:/home/mete/catkin_ws/install/localization:/home/mete/catkin_ws2/install/pugixml:/home/mete/catkin_ws2/install/parser:/home/mete/catkin_ws2/install/localization:/home/mete/catkin_ws2/install/LibKML:/home/mete/catkin_ws2/install/GeographicLib:/opt/ros/foxy /usr/bin/cmake --build /home/mete/catkin_ws/build/pcl -- -j12 -l12
[0.054s] [35m[1mScanning dependencies of target register[0m
[0.072s] [ 50%] Built target matrix_transform
[0.097s] [ 75%] [32mBuilding CXX object CMakeFiles/register.dir/src/register.cpp.o[0m
[5.371s] [01m[K/home/mete/catkin_ws/src/pcl/src/register.cpp:[m[K In function ‘[01m[Kvoid pairAlign(pcl::PointCloud<pcl::PointXYZ>::Ptr, pcl::PointCloud<pcl::PointXYZ>::Ptr, pcl::PointCloud<pcl::PointXYZ>::Ptr, Eigen::Matrix4f&, bool)[m[K’:
[5.371s] [01m[K/home/mete/catkin_ws/src/pcl/src/register.cpp:123:19:[m[K [01;35m[Kwarning: [m[Kvariable ‘[01m[Ktransform_matrix[m[K’ set but not used [[01;35m[K-Wunused-but-set-variable[m[K]
[5.371s]   123 |   Eigen::Matrix4f [01;35m[Ktransform_matrix[m[K   = reg.getFinalTransformation();
[5.371s]       |                   [01;35m[K^~~~~~~~~~~~~~~~[m[K
[5.423s] [01m[K/home/mete/catkin_ws/src/pcl/src/register.cpp:[m[K In function ‘[01m[Kint main(int, char**)[m[K’:
[5.423s] [01m[K/home/mete/catkin_ws/src/pcl/src/register.cpp:263:19:[m[K [01;35m[Kwarning: [m[Kvariable ‘[01m[KGlobalTransform[m[K’ set but not used [[01;35m[K-Wunused-but-set-variable[m[K]
[5.423s]   263 |   Eigen::Matrix4f [01;35m[KGlobalTransform[m[K = Eigen::Matrix4f::Identity (), pairTransform;
[5.423s]       |                   [01;35m[K^~~~~~~~~~~~~~~[m[K
[20.794s] [100%] [32m[1mLinking CXX executable register[0m
[26.352s] [100%] Built target register
[26.361s] Invoked command in '/home/mete/catkin_ws/build/pcl' returned '0': CMAKE_PREFIX_PATH=/home/mete/catkin_ws/install/pcl_conversions:/home/mete/catkin_ws/install/perception_pcl:/home/mete/catkin_ws/install/pcl_ros:/home/mete/catkin_ws/install/pcl:/home/mete/catkin_ws/install/localization:/home/mete/catkin_ws2/install/pugixml:/home/mete/catkin_ws2/install/parser:/home/mete/catkin_ws2/install/localization:/home/mete/catkin_ws2/install/LibKML:/home/mete/catkin_ws2/install/GeographicLib:/opt/ros/foxy /usr/bin/cmake --build /home/mete/catkin_ws/build/pcl -- -j12 -l12
[26.382s] Invoking command in '/home/mete/catkin_ws/build/pcl': CMAKE_PREFIX_PATH=/home/mete/catkin_ws/install/pcl_conversions:/home/mete/catkin_ws/install/perception_pcl:/home/mete/catkin_ws/install/pcl_ros:/home/mete/catkin_ws/install/pcl:/home/mete/catkin_ws/install/localization:/home/mete/catkin_ws2/install/pugixml:/home/mete/catkin_ws2/install/parser:/home/mete/catkin_ws2/install/localization:/home/mete/catkin_ws2/install/LibKML:/home/mete/catkin_ws2/install/GeographicLib:/opt/ros/foxy /usr/bin/cmake --install /home/mete/catkin_ws/build/pcl
[26.389s] -- Install configuration: ""
[26.389s] -- Installing: /home/mete/catkin_ws/install/pcl/lib/pcl/register
[26.393s] -- Set runtime path of "/home/mete/catkin_ws/install/pcl/lib/pcl/register" to ""
[26.394s] -- Up-to-date: /home/mete/catkin_ws/install/pcl/share/ament_index/resource_index/package_run_dependencies/pcl
[26.394s] -- Up-to-date: /home/mete/catkin_ws/install/pcl/share/ament_index/resource_index/parent_prefix_path/pcl
[26.394s] -- Up-to-date: /home/mete/catkin_ws/install/pcl/share/pcl/environment/ament_prefix_path.sh
[26.394s] -- Installing: /home/mete/catkin_ws/install/pcl/share/pcl/environment/ament_prefix_path.dsv
[26.394s] -- Up-to-date: /home/mete/catkin_ws/install/pcl/share/pcl/environment/path.sh
[26.394s] -- Installing: /home/mete/catkin_ws/install/pcl/share/pcl/environment/path.dsv
[26.394s] -- Up-to-date: /home/mete/catkin_ws/install/pcl/share/pcl/local_setup.bash
[26.395s] -- Up-to-date: /home/mete/catkin_ws/install/pcl/share/pcl/local_setup.sh
[26.395s] -- Up-to-date: /home/mete/catkin_ws/install/pcl/share/pcl/local_setup.zsh
[26.395s] -- Installing: /home/mete/catkin_ws/install/pcl/share/pcl/local_setup.dsv
[26.395s] -- Installing: /home/mete/catkin_ws/install/pcl/share/pcl/package.dsv
[26.395s] -- Up-to-date: /home/mete/catkin_ws/install/pcl/share/ament_index/resource_index/packages/pcl
[26.395s] -- Up-to-date: /home/mete/catkin_ws/install/pcl/share/pcl/cmake/pclConfig.cmake
[26.395s] -- Up-to-date: /home/mete/catkin_ws/install/pcl/share/pcl/cmake/pclConfig-version.cmake
[26.395s] -- Up-to-date: /home/mete/catkin_ws/install/pcl/share/pcl/package.xml
[26.398s] Invoked command in '/home/mete/catkin_ws/build/pcl' returned '0': CMAKE_PREFIX_PATH=/home/mete/catkin_ws/install/pcl_conversions:/home/mete/catkin_ws/install/perception_pcl:/home/mete/catkin_ws/install/pcl_ros:/home/mete/catkin_ws/install/pcl:/home/mete/catkin_ws/install/localization:/home/mete/catkin_ws2/install/pugixml:/home/mete/catkin_ws2/install/parser:/home/mete/catkin_ws2/install/localization:/home/mete/catkin_ws2/install/LibKML:/home/mete/catkin_ws2/install/GeographicLib:/opt/ros/foxy /usr/bin/cmake --install /home/mete/catkin_ws/build/pcl
