[0.016s] Invoking command in '/home/mete/catkin_ws/build/pcl_ros': CMAKE_PREFIX_PATH=/home/mete/catkin_ws/install/pcl_conversions:/home/mete/catkin_ws/install/pcl:/home/mete/catkin_ws/install/localization:/opt/ros/foxy /usr/bin/cmake --build /home/mete/catkin_ws/build/pcl_ros -- -j12 -l12
[0.050s] -- Eigen found (include: /usr/include/eigen3, version: 3.3.7)
[0.132s] -- The imported target "vtkParseOGLExt" references the file
[0.132s]    "/usr/bin/vtkParseOGLExt-7.1"
[0.132s] but this file does not exist.  Possible reasons include:
[0.132s] * The file was deleted, renamed, or moved to another location.
[0.132s] * An install or uninstall procedure did not complete successfully.
[0.132s] * The installation package was faulty and contained
[0.132s]    "/usr/lib/cmake/vtk-7.1/VTKTargets.cmake"
[0.132s] but not all the files it references.
[0.132s] 
[0.132s] -- The imported target "vtkRenderingPythonTkWidgets" references the file
[0.132s]    "/usr/lib/x86_64-linux-gnu/libvtkRenderingPythonTkWidgets.so"
[0.132s] but this file does not exist.  Possible reasons include:
[0.133s] * The file was deleted, renamed, or moved to another location.
[0.133s] * An install or uninstall procedure did not complete successfully.
[0.133s] * The installation package was faulty and contained
[0.133s]    "/usr/lib/cmake/vtk-7.1/VTKTargets.cmake"
[0.133s] but not all the files it references.
[0.133s] 
[0.133s] -- The imported target "vtk" references the file
[0.133s]    "/usr/bin/vtk"
[0.133s] but this file does not exist.  Possible reasons include:
[0.133s] * The file was deleted, renamed, or moved to another location.
[0.133s] * An install or uninstall procedure did not complete successfully.
[0.133s] * The installation package was faulty and contained
[0.134s]    "/usr/lib/cmake/vtk-7.1/VTKTargets.cmake"
[0.134s] but not all the files it references.
[0.134s] 
[0.134s] -- The imported target "pvtk" references the file
[0.134s]    "/usr/bin/pvtk"
[0.134s] but this file does not exist.  Possible reasons include:
[0.134s] * The file was deleted, renamed, or moved to another location.
[0.135s] * An install or uninstall procedure did not complete successfully.
[0.135s] * The installation package was faulty and contained
[0.135s]    "/usr/lib/cmake/vtk-7.1/VTKTargets.cmake"
[0.135s] but not all the files it references.
[0.135s] 
[0.161s] -- Checking for module 'libusb-1.0'
[0.163s] --   No package 'libusb-1.0' found
[0.166s] -- Could NOT find USB_10 (missing: USB_10_LIBRARY USB_10_INCLUDE_DIR) 
[0.166s] -- OpenNI disabled because libusb-1.0 not found.
[0.170s] -- Checking for module 'libusb-1.0'
[0.173s] --   No package 'libusb-1.0' found
[0.175s] -- Could NOT find USB_10 (missing: USB_10_LIBRARY USB_10_INCLUDE_DIR) 
[0.175s] -- OpenNI 2 disabled because libusb-1.0 not found.
[0.188s] -- LIBUSB_1_LIBRARY (missing: LIBUSB_1_INCLUDE_DIR) 
[0.189s] -- QHULL found (include: /usr/include, lib: optimized;/usr/lib/x86_64-linux-gnu/libqhull.so;debug;/usr/lib/x86_64-linux-gnu/libqhull.so)
[0.190s] -- Could NOT find PCL_CORE (missing: PCL_CORE_LIBRARY PCL_CORE_INCLUDE_DIR) 
[0.197s] -- Found ament_cmake: 0.9.9 (/opt/ros/foxy/share/ament_cmake/cmake)
[0.214s] -- Using PYTHON_EXECUTABLE: /usr/bin/python3
[0.353s] -- Found pcl_conversions: 2.4.1 (/home/mete/catkin_ws/install/pcl_conversions/share/pcl_conversions/cmake)
[0.368s] -- Using all available rosidl_typesupport_c: rosidl_typesupport_fastrtps_c;rosidl_typesupport_introspection_c
[0.371s] -- Found rosidl_adapter: 1.2.1 (/opt/ros/foxy/share/rosidl_adapter/cmake)
[0.459s] -- Using all available rosidl_typesupport_cpp: rosidl_typesupport_fastrtps_cpp;rosidl_typesupport_introspection_cpp
[0.741s] -- Found rmw_implementation_cmake: 1.0.3 (/opt/ros/foxy/share/rmw_implementation_cmake/cmake)
[0.742s] -- Using RMW implementation 'rmw_fastrtps_cpp' as default
[0.874s] -- Found rclcpp_components: 2.4.1 (/opt/ros/foxy/share/rclcpp_components/cmake)
[0.918s] -- Found tf2: 0.13.13 (/opt/ros/foxy/share/tf2/cmake)
[0.925s] -- Found tf2_geometry_msgs: 0.13.13 (/opt/ros/foxy/share/tf2_geometry_msgs/cmake)
[0.930s] -- Found eigen3_cmake_module: 0.1.1 (/opt/ros/foxy/share/eigen3_cmake_module/cmake)
[1.231s] CMake Error at CMakeLists.txt:93 (target_link_libraries):
[1.231s]   Cannot specify link libraries for target "pcl_ros_filters" which is not
[1.231s]   built by this project.
[1.231s] 
[1.231s] 
[1.232s] -- Configuring incomplete, errors occurred!
[1.233s] See also "/home/mete/catkin_ws/build/pcl_ros/CMakeFiles/CMakeOutput.log".
[1.233s] See also "/home/mete/catkin_ws/build/pcl_ros/CMakeFiles/CMakeError.log".
[1.239s] make: *** [Makefile:354: cmake_check_build_system] Error 1
[1.240s] Invoked command in '/home/mete/catkin_ws/build/pcl_ros' returned '2': CMAKE_PREFIX_PATH=/home/mete/catkin_ws/install/pcl_conversions:/home/mete/catkin_ws/install/pcl:/home/mete/catkin_ws/install/localization:/opt/ros/foxy /usr/bin/cmake --build /home/mete/catkin_ws/build/pcl_ros -- -j12 -l12
